#
# There is insufficient memory for the Java Runtime Environment to continue.
# Native memory allocation (malloc) failed to allocate 1794336 bytes for Chunk::new
# Possible reasons:
#   The system is out of physical RAM or swap space
#   The process is running with CompressedOops enabled, and the Java Heap may be blocking the growth of the native heap
# Possible solutions:
#   Reduce memory load on the system
#   Increase physical memory or swap space
#   Check if swap backing store is full
#   Decrease Java heap size (-Xmx/-Xms)
#   Decrease number of Java threads
#   Decrease Java thread stack sizes (-Xss)
#   Set larger code cache with -XX:ReservedCodeCacheSize=
#   JVM is running with Unscaled Compressed Oops mode in which the Java heap is
#     placed in the first 4GB address space. The Java Heap base address is the
#     maximum limit for the native heap growth. Please use -XX:HeapBaseMinAddress
#     to set the Java Heap base and to place the Java Heap above 4GB virtual address.
# This output file may be truncated or incomplete.
#
#  Out of Memory Error (arena.cpp:191), pid=9596, tid=4120
#
# JRE version: OpenJDK Runtime Environment Temurin-17.0.9+9 (17.0.9+9) (build 17.0.9+9)
# Java VM: OpenJDK 64-Bit Server VM Temurin-17.0.9+9 (17.0.9+9, mixed mode, tiered, compressed oops, compressed class ptrs, parallel gc, windows-amd64)
# No core dump will be written. Minidumps are not enabled by default on client versions of Windows
#

---------------  S U M M A R Y ------------

Command Line: --add-modules=ALL-SYSTEM --add-opens=java.base/java.util=ALL-UNNAMED --add-opens=java.base/java.lang=ALL-UNNAMED --add-opens=java.base/sun.nio.fs=ALL-UNNAMED -Declipse.application=org.eclipse.jdt.ls.core.id1 -Dosgi.bundles.defaultStartLevel=4 -Declipse.product=org.eclipse.jdt.ls.core.product -Djava.import.generatesMetadataFilesAtProjectRoot=false -DDetectVMInstallationsJob.disabled=true -Dfile.encoding=utf8 -XX:+UseParallelGC -XX:GCTimeRatio=4 -XX:AdaptiveSizePolicyWeight=90 -Dsun.zip.disableMemoryMapping=true -Xmx1G -Xms100m -Xlog:disable -javaagent:c:\Users\HP\.vscode\extensions\redhat.java-1.25.0-win32-x64\lombok\lombok-1.18.30.jar c:\Users\HP\.vscode\extensions\redhat.java-1.25.0-win32-x64\server\plugins\org.eclipse.equinox.launcher_1.6.600.v20231012-1237.jar -configuration c:\Users\HP\AppData\Roaming\Code\User\globalStorage\redhat.java\1.25.0\config_ss_win -data c:\Users\HP\AppData\Roaming\Code\User\workspaceStorage\7145003809ee5229b52fc69e90d06eaa\redhat.java\ss_ws --stdio

Host: Intel(R) Core(TM) i5-3437U CPU @ 1.90GHz, 4 cores, 3G,  Windows 10 , 64 bit Build 19041 (10.0.19041.1)
Time: Fri Dec  1 16:23:47 2023 SE Asia Standard Time elapsed time: 15.277050 seconds (0d 0h 0m 15s)

---------------  T H R E A D  ---------------

Current thread (0x000002967d9d9090):  JavaThread "C2 CompilerThread1" daemon [_thread_in_native, id=4120, stack(0x000000ac90000000,0x000000ac90100000)]


Current CompileTask:
C2:  15277 4236 %     4       org.lombokweb.asm.SymbolTable::<init> @ 98 (536 bytes)

Stack: [0x000000ac90000000,0x000000ac90100000]
Native frames: (J=compiled Java code, j=interpreted, Vv=VM code, C=native code)
V  [jvm.dll+0x67cf49]
V  [jvm.dll+0x83478a]
V  [jvm.dll+0x83624e]
V  [jvm.dll+0x8368b3]
V  [jvm.dll+0x247f1f]
V  [jvm.dll+0xac43c]
V  [jvm.dll+0xaca8c]
V  [jvm.dll+0x367067]
V  [jvm.dll+0x1bd536]
V  [jvm.dll+0x21a709]
V  [jvm.dll+0x2199d1]
V  [jvm.dll+0x1a57cd]
V  [jvm.dll+0x2297ae]
V  [jvm.dll+0x22797c]
V  [jvm.dll+0x7e9877]
V  [jvm.dll+0x7e3c3a]
V  [jvm.dll+0x67be35]
C  [ucrtbase.dll+0x21542]
C  [KERNEL32.DLL+0x16fd4]
C  [ntdll.dll+0x4cf31]


---------------  P R O C E S S  ---------------

Threads class SMR info:
_java_thread_list=0x000002967d0f73a0, length=27, elements={
0x00000296623f8a30, 0x00000296624b8970, 0x00000296624ba990, 0x0000029676282050,
0x0000029676282de0, 0x0000029676285980, 0x00000296762873c0, 0x0000029676287fc0,
0x000002967629e890, 0x000002967b47fbc0, 0x000002966245ac30, 0x000002967b7f1ec0,
0x000002967b904df0, 0x000002967c2923d0, 0x000002967bf10320, 0x000002967bef1090,
0x000002967c28c130, 0x000002967c28a7e0, 0x000002967c2893a0, 0x000002967c288980,
0x000002967c289dc0, 0x000002967c28a2d0, 0x000002967c2898b0, 0x000002967c28b200,
0x000002967c28b710, 0x000002967c28bc20, 0x000002967d9d9090
}

Java Threads: ( => current thread )
  0x00000296623f8a30 JavaThread "main" [_thread_blocked, id=9308, stack(0x000000ac8e100000,0x000000ac8e200000)]
  0x00000296624b8970 JavaThread "Reference Handler" daemon [_thread_blocked, id=9776, stack(0x000000ac8e400000,0x000000ac8e500000)]
  0x00000296624ba990 JavaThread "Finalizer" daemon [_thread_blocked, id=9248, stack(0x000000ac8e500000,0x000000ac8e600000)]
  0x0000029676282050 JavaThread "Signal Dispatcher" daemon [_thread_blocked, id=11720, stack(0x000000ac8e600000,0x000000ac8e700000)]
  0x0000029676282de0 JavaThread "Attach Listener" daemon [_thread_blocked, id=536, stack(0x000000ac8e700000,0x000000ac8e800000)]
  0x0000029676285980 JavaThread "Service Thread" daemon [_thread_blocked, id=7908, stack(0x000000ac8e800000,0x000000ac8e900000)]
  0x00000296762873c0 JavaThread "Monitor Deflation Thread" daemon [_thread_blocked, id=6064, stack(0x000000ac8e900000,0x000000ac8ea00000)]
  0x0000029676287fc0 JavaThread "C2 CompilerThread0" daemon [_thread_in_native, id=12096, stack(0x000000ac8ea00000,0x000000ac8eb00000)]
  0x000002967629e890 JavaThread "C1 CompilerThread0" daemon [_thread_blocked, id=12128, stack(0x000000ac8eb00000,0x000000ac8ec00000)]
  0x000002967b47fbc0 JavaThread "Sweeper thread" daemon [_thread_blocked, id=6792, stack(0x000000ac8ec00000,0x000000ac8ed00000)]
  0x000002966245ac30 JavaThread "Common-Cleaner" daemon [_thread_blocked, id=11576, stack(0x000000ac8ed00000,0x000000ac8ee00000)]
  0x000002967b7f1ec0 JavaThread "Notification Thread" daemon [_thread_blocked, id=120, stack(0x000000ac8ee00000,0x000000ac8ef00000)]
  0x000002967b904df0 JavaThread "Active Thread: Equinox Container: 74448c63-37a1-45ec-8c3e-f7105b3064b6" [_thread_blocked, id=8280, stack(0x000000ac8f400000,0x000000ac8f500000)]
  0x000002967c2923d0 JavaThread "Framework Event Dispatcher: Equinox Container: 74448c63-37a1-45ec-8c3e-f7105b3064b6" daemon [_thread_blocked, id=7604, stack(0x000000ac8f500000,0x000000ac8f600000)]
  0x000002967bf10320 JavaThread "Start Level: Equinox Container: 74448c63-37a1-45ec-8c3e-f7105b3064b6" daemon [_thread_blocked, id=2524, stack(0x000000ac8f600000,0x000000ac8f700000)]
  0x000002967bef1090 JavaThread "SCR Component Actor" daemon [_thread_blocked, id=10136, stack(0x000000ac8f700000,0x000000ac8f800000)]
  0x000002967c28c130 JavaThread "Worker-JM" [_thread_blocked, id=10512, stack(0x000000ac8f800000,0x000000ac8f900000)]
  0x000002967c28a7e0 JavaThread "Worker-0" [_thread_blocked, id=10844, stack(0x000000ac8f900000,0x000000ac8fa00000)]
  0x000002967c2893a0 JavaThread "Worker-1" [_thread_blocked, id=11288, stack(0x000000ac8fa00000,0x000000ac8fb00000)]
  0x000002967c288980 JavaThread "JNA Cleaner" daemon [_thread_blocked, id=8988, stack(0x000000ac8fb00000,0x000000ac8fc00000)]
  0x000002967c289dc0 JavaThread "pool-2-thread-1" [_thread_blocked, id=9964, stack(0x000000ac8fc00000,0x000000ac8fd00000)]
  0x000002967c28a2d0 JavaThread "WorkspaceEventsHandler" [_thread_blocked, id=5544, stack(0x000000ac8fd00000,0x000000ac8fe00000)]
  0x000002967c2898b0 JavaThread "pool-1-thread-1" [_thread_in_native, id=6460, stack(0x000000ac8fe00000,0x000000ac8ff00000)]
  0x000002967c28b200 JavaThread "Worker-2" [_thread_blocked, id=8708, stack(0x000000ac8ff00000,0x000000ac90000000)]
  0x000002967c28b710 JavaThread "ForkJoinPool.commonPool-worker-1" daemon [_thread_blocked, id=192, stack(0x000000ac90100000,0x000000ac90200000)]
  0x000002967c28bc20 JavaThread "ForkJoinPool.commonPool-worker-2" daemon [_thread_in_native, id=11448, stack(0x000000ac8f300000,0x000000ac8f400000)]
=>0x000002967d9d9090 JavaThread "C2 CompilerThread1" daemon [_thread_in_native, id=4120, stack(0x000000ac90000000,0x000000ac90100000)]

Other Threads:
  0x000002967622c170 VMThread "VM Thread" [stack: 0x000000ac8e300000,0x000000ac8e400000] [id=7276]
  0x000002967b7f23a0 WatcherThread [stack: 0x000000ac8ef00000,0x000000ac8f000000] [id=32]
  0x000002966240e590 GCTaskThread "GC Thread#0" [stack: 0x000000ac8e200000,0x000000ac8e300000] [id=2740]
  0x000002967bf60d40 GCTaskThread "GC Thread#1" [stack: 0x000000ac8f000000,0x000000ac8f100000] [id=10460]
  0x000002967bf61000 GCTaskThread "GC Thread#2" [stack: 0x000000ac8f100000,0x000000ac8f200000] [id=320]
  0x000002967bd1d060 GCTaskThread "GC Thread#3" [stack: 0x000000ac8f200000,0x000000ac8f300000] [id=10580]

Threads with active compile tasks:
C2 CompilerThread0    15312 4253       4       lombok.patcher.PatchScript$MethodPatcher::visitMethod (158 bytes)
C2 CompilerThread1    15312 4236 %     4       org.lombokweb.asm.SymbolTable::<init> @ 98 (536 bytes)

VM state: not at safepoint (normal execution)

VM Mutex/Monitor currently owned by a thread: None

Heap address: 0x00000000c0000000, size: 1024 MB, Compressed Oops mode: 32-bit

CDS archive(s) not mapped
Compressed class space mapped at: 0x0000000100000000-0x0000000140000000, reserved size: 1073741824
Narrow klass base: 0x0000000000000000, Narrow klass shift: 3, Narrow klass range: 0x140000000

GC Precious Log:
 CPUs: 4 total, 4 available
 Memory: 3959M
 Large Page Support: Disabled
 NUMA Support: Disabled
 Compressed Oops: Enabled (32-bit)
 Alignments: Space 512K, Generation 512K, Heap 2M
 Heap Min Capacity: 100M
 Heap Initial Capacity: 100M
 Heap Max Capacity: 1G
 Pre-touch: Disabled
 Parallel Workers: 4

Heap:
 PSYoungGen      total 24064K, used 2979K [0x00000000eab00000, 0x00000000ec400000, 0x0000000100000000)
  eden space 21504K, 13% used [0x00000000eab00000,0x00000000eadc8c18,0x00000000ec000000)
  from space 2560K, 5% used [0x00000000ec000000,0x00000000ec020000,0x00000000ec280000)
  to   space 1024K, 0% used [0x00000000ec300000,0x00000000ec300000,0x00000000ec400000)
 ParOldGen       total 68608K, used 18987K [0x00000000c0000000, 0x00000000c4300000, 0x00000000eab00000)
  object space 68608K, 27% used [0x00000000c0000000,0x00000000c128ac50,0x00000000c4300000)
 Metaspace       used 45675K, committed 46528K, reserved 1114112K
  class space    used 4608K, committed 4992K, reserved 1048576K

Card table byte_map: [0x0000029661da0000,0x0000029661fb0000] _byte_map_base: 0x00000296617a0000

Marking Bits: (ParMarkBitMap*) 0x00007ff96886d0b0
 Begin Bits: [0x00000296740a0000, 0x00000296750a0000)
 End Bits:   [0x00000296750a0000, 0x00000296760a0000)

Polling page: 0x00000296601d0000

Metaspace:

Usage:
  Non-class:     40.10 MB used.
      Class:      4.50 MB used.
       Both:     44.60 MB used.

Virtual space:
  Non-class space:       64.00 MB reserved,      40.56 MB ( 63%) committed,  1 nodes.
      Class space:        1.00 GB reserved,       4.88 MB ( <1%) committed,  1 nodes.
             Both:        1.06 GB reserved,      45.44 MB (  4%) committed. 

Chunk freelists:
   Non-Class:  6.66 MB
       Class:  11.05 MB
        Both:  17.70 MB

MaxMetaspaceSize: unlimited
CompressedClassSpaceSize: 1.00 GB
Initial GC threshold: 21.00 MB
Current GC threshold: 58.38 MB
CDS: off
MetaspaceReclaimPolicy: balanced
 - commit_granule_bytes: 65536.
 - commit_granule_words: 8192.
 - virtual_space_node_default_size: 8388608.
 - enlarge_chunks_in_place: 1.
 - new_chunks_are_fully_committed: 0.
 - uncommit_free_chunks: 1.
 - use_allocation_guard: 0.
 - handle_deallocations: 1.


Internal statistics:

num_allocs_failed_limit: 6.
num_arena_births: 408.
num_arena_deaths: 14.
num_vsnodes_births: 2.
num_vsnodes_deaths: 0.
num_space_committed: 727.
num_space_uncommitted: 0.
num_chunks_returned_to_freelist: 20.
num_chunks_taken_from_freelist: 1921.
num_chunk_merges: 8.
num_chunk_splits: 1272.
num_chunks_enlarged: 849.
num_inconsistent_stats: 0.

CodeHeap 'non-profiled nmethods': size=120000Kb used=2143Kb max_used=2143Kb free=117856Kb
 bounds [0x000002966cb70000, 0x000002966cde0000, 0x00000296740a0000]
CodeHeap 'profiled nmethods': size=120000Kb used=9549Kb max_used=9549Kb free=110450Kb
 bounds [0x00000296650a0000, 0x0000029665a00000, 0x000002966c5d0000]
CodeHeap 'non-nmethods': size=5760Kb used=1319Kb max_used=1376Kb free=4440Kb
 bounds [0x000002966c5d0000, 0x000002966c840000, 0x000002966cb70000]
 total_blobs=4916 nmethods=4257 adapters=571
 compilation: enabled
              stopped_count=0, restarted_count=0
 full_count=0

Compilation events (20 events):
Event: 14.940 Thread 0x000002967629e890 4254       3       lombok.patcher.MethodLogistics::loadOpcodeFor (145 bytes)
Event: 14.941 Thread 0x000002967629e890 nmethod 4254 0x00000296659ed910 code [0x00000296659edbc0, 0x00000296659ee8f8]
Event: 14.996 Thread 0x000002967629e890 4255       3       org.lombokweb.asm.SymbolTable::hash (23 bytes)
Event: 14.996 Thread 0x000002967629e890 nmethod 4255 0x00000296659eed90 code [0x00000296659eef40, 0x00000296659ef128]
Event: 14.998 Thread 0x000002967629e890 4256       3       org.lombokweb.asm.MethodWriter::visitLdcInsn (215 bytes)
Event: 14.999 Thread 0x000002967629e890 nmethod 4256 0x00000296659ef290 code [0x00000296659ef500, 0x00000296659f0088]
Event: 15.035 Thread 0x000002967629e890 4257       3       org.lombokweb.asm.Handler::putExceptionTable (63 bytes)
Event: 15.036 Thread 0x000002967629e890 nmethod 4257 0x00000296659f0510 code [0x00000296659f0720, 0x00000296659f0b48]
Event: 15.059 Thread 0x000002967629e890 4258       3       org.lombokweb.asm.MethodVisitor::visitCode (15 bytes)
Event: 15.059 Thread 0x000002967629e890 nmethod 4258 0x00000296659f0e10 code [0x00000296659f0fc0, 0x00000296659f11c8]
Event: 15.060 Thread 0x000002967629e890 4259       3       org.lombokweb.asm.MethodVisitor::visitMaxs (17 bytes)
Event: 15.060 Thread 0x000002967629e890 nmethod 4259 0x00000296659f1290 code [0x00000296659f1440, 0x00000296659f1648]
Event: 15.060 Thread 0x000002967629e890 4260       3       org.lombokweb.asm.MethodVisitor::visitEnd (15 bytes)
Event: 15.060 Thread 0x000002967629e890 nmethod 4260 0x00000296659f1710 code [0x00000296659f18c0, 0x00000296659f1ac8]
Event: 15.074 Thread 0x000002967629e890 4262       3       org.lombokweb.asm.SymbolTable::addConstantMethodHandle (41 bytes)
Event: 15.075 Thread 0x000002967629e890 nmethod 4262 0x00000296659f1b90 code [0x00000296659f1d80, 0x00000296659f2128]
Event: 15.266 Thread 0x000002967629e890 4263       1       org.eclipse.jdt.core.dom.StructuralPropertyDescriptor::getNodeClass (5 bytes)
Event: 15.266 Thread 0x000002967629e890 nmethod 4263 0x000002966cd76f10 code [0x000002966cd770a0, 0x000002966cd77178]
Event: 15.267 Thread 0x000002967629e890 4264       3       jdk.internal.reflect.UnsafeObjectFieldAccessorImpl::get (17 bytes)
Event: 15.267 Thread 0x000002967629e890 nmethod 4264 0x00000296659f2410 code [0x00000296659f2600, 0x00000296659f2bc8]

GC Heap History (20 events):
Event: 9.344 GC heap before
{Heap before GC invocations=8 (full 1):
 PSYoungGen      total 26112K, used 25722K [0x00000000eab00000, 0x00000000ec780000, 0x0000000100000000)
  eden space 24576K, 100% used [0x00000000eab00000,0x00000000ec300000,0x00000000ec300000)
  from space 1536K, 74% used [0x00000000ec600000,0x00000000ec71ea88,0x00000000ec780000)
  to   space 1536K, 0% used [0x00000000ec480000,0x00000000ec480000,0x00000000ec600000)
 ParOldGen       total 68608K, used 6693K [0x00000000c0000000, 0x00000000c4300000, 0x00000000eab00000)
  object space 68608K, 9% used [0x00000000c0000000,0x00000000c06897b8,0x00000000c4300000)
 Metaspace       used 31345K, committed 31936K, reserved 1114112K
  class space    used 3073K, committed 3328K, reserved 1048576K
}
Event: 9.348 GC heap after
{Heap after GC invocations=8 (full 1):
 PSYoungGen      total 25600K, used 1529K [0x00000000eab00000, 0x00000000ec980000, 0x0000000100000000)
  eden space 24064K, 0% used [0x00000000eab00000,0x00000000eab00000,0x00000000ec280000)
  from space 1536K, 99% used [0x00000000ec480000,0x00000000ec5fe5f0,0x00000000ec600000)
  to   space 3584K, 0% used [0x00000000ec600000,0x00000000ec600000,0x00000000ec980000)
 ParOldGen       total 68608K, used 8195K [0x00000000c0000000, 0x00000000c4300000, 0x00000000eab00000)
  object space 68608K, 11% used [0x00000000c0000000,0x00000000c0800d58,0x00000000c4300000)
 Metaspace       used 31345K, committed 31936K, reserved 1114112K
  class space    used 3073K, committed 3328K, reserved 1048576K
}
Event: 10.562 GC heap before
{Heap before GC invocations=9 (full 1):
 PSYoungGen      total 25600K, used 25163K [0x00000000eab00000, 0x00000000ec980000, 0x0000000100000000)
  eden space 24064K, 98% used [0x00000000eab00000,0x00000000ec2148a0,0x00000000ec280000)
  from space 1536K, 99% used [0x00000000ec480000,0x00000000ec5fe5f0,0x00000000ec600000)
  to   space 3584K, 0% used [0x00000000ec600000,0x00000000ec600000,0x00000000ec980000)
 ParOldGen       total 68608K, used 8195K [0x00000000c0000000, 0x00000000c4300000, 0x00000000eab00000)
  object space 68608K, 11% used [0x00000000c0000000,0x00000000c0800d58,0x00000000c4300000)
 Metaspace       used 35166K, committed 35840K, reserved 1114112K
  class space    used 3550K, committed 3840K, reserved 1048576K
}
Event: 10.566 GC heap after
{Heap after GC invocations=9 (full 1):
 PSYoungGen      total 27648K, used 3279K [0x00000000eab00000, 0x00000000ec980000, 0x0000000100000000)
  eden space 24064K, 0% used [0x00000000eab00000,0x00000000eab00000,0x00000000ec280000)
  from space 3584K, 91% used [0x00000000ec600000,0x00000000ec933d58,0x00000000ec980000)
  to   space 3584K, 0% used [0x00000000ec280000,0x00000000ec280000,0x00000000ec600000)
 ParOldGen       total 68608K, used 8203K [0x00000000c0000000, 0x00000000c4300000, 0x00000000eab00000)
  object space 68608K, 11% used [0x00000000c0000000,0x00000000c0802d58,0x00000000c4300000)
 Metaspace       used 35166K, committed 35840K, reserved 1114112K
  class space    used 3550K, committed 3840K, reserved 1048576K
}
Event: 10.567 GC heap before
{Heap before GC invocations=10 (full 2):
 PSYoungGen      total 27648K, used 3279K [0x00000000eab00000, 0x00000000ec980000, 0x0000000100000000)
  eden space 24064K, 0% used [0x00000000eab00000,0x00000000eab00000,0x00000000ec280000)
  from space 3584K, 91% used [0x00000000ec600000,0x00000000ec933d58,0x00000000ec980000)
  to   space 3584K, 0% used [0x00000000ec280000,0x00000000ec280000,0x00000000ec600000)
 ParOldGen       total 68608K, used 8203K [0x00000000c0000000, 0x00000000c4300000, 0x00000000eab00000)
  object space 68608K, 11% used [0x00000000c0000000,0x00000000c0802d58,0x00000000c4300000)
 Metaspace       used 35166K, committed 35840K, reserved 1114112K
  class space    used 3550K, committed 3840K, reserved 1048576K
}
Event: 10.607 GC heap after
{Heap after GC invocations=10 (full 2):
 PSYoungGen      total 27648K, used 0K [0x00000000eab00000, 0x00000000ec980000, 0x0000000100000000)
  eden space 24064K, 0% used [0x00000000eab00000,0x00000000eab00000,0x00000000ec280000)
  from space 3584K, 0% used [0x00000000ec600000,0x00000000ec600000,0x00000000ec980000)
  to   space 3584K, 0% used [0x00000000ec280000,0x00000000ec280000,0x00000000ec600000)
 ParOldGen       total 68608K, used 11215K [0x00000000c0000000, 0x00000000c4300000, 0x00000000eab00000)
  object space 68608K, 16% used [0x00000000c0000000,0x00000000c0af3d80,0x00000000c4300000)
 Metaspace       used 35166K, committed 35840K, reserved 1114112K
  class space    used 3550K, committed 3840K, reserved 1048576K
}
Event: 11.117 GC heap before
{Heap before GC invocations=11 (full 2):
 PSYoungGen      total 27648K, used 24064K [0x00000000eab00000, 0x00000000ec980000, 0x0000000100000000)
  eden space 24064K, 100% used [0x00000000eab00000,0x00000000ec280000,0x00000000ec280000)
  from space 3584K, 0% used [0x00000000ec600000,0x00000000ec600000,0x00000000ec980000)
  to   space 3584K, 0% used [0x00000000ec280000,0x00000000ec280000,0x00000000ec600000)
 ParOldGen       total 68608K, used 11215K [0x00000000c0000000, 0x00000000c4300000, 0x00000000eab00000)
  object space 68608K, 16% used [0x00000000c0000000,0x00000000c0af3d80,0x00000000c4300000)
 Metaspace       used 35975K, committed 36736K, reserved 1114112K
  class space    used 3647K, committed 3968K, reserved 1048576K
}
Event: 11.120 GC heap after
{Heap after GC invocations=11 (full 2):
 PSYoungGen      total 26624K, used 3065K [0x00000000eab00000, 0x00000000ec900000, 0x0000000100000000)
  eden space 23552K, 0% used [0x00000000eab00000,0x00000000eab00000,0x00000000ec200000)
  from space 3072K, 99% used [0x00000000ec280000,0x00000000ec57e798,0x00000000ec580000)
  to   space 3584K, 0% used [0x00000000ec580000,0x00000000ec580000,0x00000000ec900000)
 ParOldGen       total 68608K, used 11223K [0x00000000c0000000, 0x00000000c4300000, 0x00000000eab00000)
  object space 68608K, 16% used [0x00000000c0000000,0x00000000c0af5d80,0x00000000c4300000)
 Metaspace       used 35975K, committed 36736K, reserved 1114112K
  class space    used 3647K, committed 3968K, reserved 1048576K
}
Event: 11.803 GC heap before
{Heap before GC invocations=12 (full 2):
 PSYoungGen      total 26624K, used 26617K [0x00000000eab00000, 0x00000000ec900000, 0x0000000100000000)
  eden space 23552K, 100% used [0x00000000eab00000,0x00000000ec200000,0x00000000ec200000)
  from space 3072K, 99% used [0x00000000ec280000,0x00000000ec57e798,0x00000000ec580000)
  to   space 3584K, 0% used [0x00000000ec580000,0x00000000ec580000,0x00000000ec900000)
 ParOldGen       total 68608K, used 11223K [0x00000000c0000000, 0x00000000c4300000, 0x00000000eab00000)
  object space 68608K, 16% used [0x00000000c0000000,0x00000000c0af5d80,0x00000000c4300000)
 Metaspace       used 38197K, committed 38912K, reserved 1114112K
  class space    used 3906K, committed 4224K, reserved 1048576K
}
Event: 11.810 GC heap after
{Heap after GC invocations=12 (full 2):
 PSYoungGen      total 25088K, used 3559K [0x00000000eab00000, 0x00000000ecc80000, 0x0000000100000000)
  eden space 21504K, 0% used [0x00000000eab00000,0x00000000eab00000,0x00000000ec000000)
  from space 3584K, 99% used [0x00000000ec580000,0x00000000ec8f9d28,0x00000000ec900000)
  to   space 5632K, 0% used [0x00000000ec000000,0x00000000ec000000,0x00000000ec580000)
 ParOldGen       total 68608K, used 12617K [0x00000000c0000000, 0x00000000c4300000, 0x00000000eab00000)
  object space 68608K, 18% used [0x00000000c0000000,0x00000000c0c52680,0x00000000c4300000)
 Metaspace       used 38197K, committed 38912K, reserved 1114112K
  class space    used 3906K, committed 4224K, reserved 1048576K
}
Event: 12.398 GC heap before
{Heap before GC invocations=13 (full 2):
 PSYoungGen      total 25088K, used 25063K [0x00000000eab00000, 0x00000000ecc80000, 0x0000000100000000)
  eden space 21504K, 100% used [0x00000000eab00000,0x00000000ec000000,0x00000000ec000000)
  from space 3584K, 99% used [0x00000000ec580000,0x00000000ec8f9d28,0x00000000ec900000)
  to   space 5632K, 0% used [0x00000000ec000000,0x00000000ec000000,0x00000000ec580000)
 ParOldGen       total 68608K, used 12617K [0x00000000c0000000, 0x00000000c4300000, 0x00000000eab00000)
  object space 68608K, 18% used [0x00000000c0000000,0x00000000c0c52680,0x00000000c4300000)
 Metaspace       used 39434K, committed 40128K, reserved 1114112K
  class space    used 4058K, committed 4352K, reserved 1048576K
}
Event: 12.405 GC heap after
{Heap after GC invocations=13 (full 2):
 PSYoungGen      total 22016K, used 320K [0x00000000eab00000, 0x00000000ec600000, 0x0000000100000000)
  eden space 21504K, 0% used [0x00000000eab00000,0x00000000eab00000,0x00000000ec000000)
  from space 512K, 62% used [0x00000000ec000000,0x00000000ec050000,0x00000000ec080000)
  to   space 2048K, 0% used [0x00000000ec400000,0x00000000ec400000,0x00000000ec600000)
 ParOldGen       total 68608K, used 16157K [0x00000000c0000000, 0x00000000c4300000, 0x00000000eab00000)
  object space 68608K, 23% used [0x00000000c0000000,0x00000000c0fc76f8,0x00000000c4300000)
 Metaspace       used 39434K, committed 40128K, reserved 1114112K
  class space    used 4058K, committed 4352K, reserved 1048576K
}
Event: 13.757 GC heap before
{Heap before GC invocations=14 (full 2):
 PSYoungGen      total 22016K, used 21824K [0x00000000eab00000, 0x00000000ec600000, 0x0000000100000000)
  eden space 21504K, 100% used [0x00000000eab00000,0x00000000ec000000,0x00000000ec000000)
  from space 512K, 62% used [0x00000000ec000000,0x00000000ec050000,0x00000000ec080000)
  to   space 2048K, 0% used [0x00000000ec400000,0x00000000ec400000,0x00000000ec600000)
 ParOldGen       total 68608K, used 16157K [0x00000000c0000000, 0x00000000c4300000, 0x00000000eab00000)
  object space 68608K, 23% used [0x00000000c0000000,0x00000000c0fc76f8,0x00000000c4300000)
 Metaspace       used 42072K, committed 42816K, reserved 1114112K
  class space    used 4270K, committed 4608K, reserved 1048576K
}
Event: 13.760 GC heap after
{Heap after GC invocations=14 (full 2):
 PSYoungGen      total 22528K, used 992K [0x00000000eab00000, 0x00000000ec500000, 0x0000000100000000)
  eden space 21504K, 0% used [0x00000000eab00000,0x00000000eab00000,0x00000000ec000000)
  from space 1024K, 96% used [0x00000000ec400000,0x00000000ec4f8010,0x00000000ec500000)
  to   space 1536K, 0% used [0x00000000ec200000,0x00000000ec200000,0x00000000ec380000)
 ParOldGen       total 68608K, used 16413K [0x00000000c0000000, 0x00000000c4300000, 0x00000000eab00000)
  object space 68608K, 23% used [0x00000000c0000000,0x00000000c10076f8,0x00000000c4300000)
 Metaspace       used 42072K, committed 42816K, reserved 1114112K
  class space    used 4270K, committed 4608K, reserved 1048576K
}
Event: 14.478 GC heap before
{Heap before GC invocations=15 (full 2):
 PSYoungGen      total 22528K, used 22495K [0x00000000eab00000, 0x00000000ec500000, 0x0000000100000000)
  eden space 21504K, 99% used [0x00000000eab00000,0x00000000ebffff10,0x00000000ec000000)
  from space 1024K, 96% used [0x00000000ec400000,0x00000000ec4f8010,0x00000000ec500000)
  to   space 1536K, 0% used [0x00000000ec200000,0x00000000ec200000,0x00000000ec380000)
 ParOldGen       total 68608K, used 16413K [0x00000000c0000000, 0x00000000c4300000, 0x00000000eab00000)
  object space 68608K, 23% used [0x00000000c0000000,0x00000000c10076f8,0x00000000c4300000)
 Metaspace       used 43965K, committed 44736K, reserved 1114112K
  class space    used 4444K, committed 4800K, reserved 1048576K
}
Event: 14.481 GC heap after
{Heap after GC invocations=15 (full 2):
 PSYoungGen      total 23040K, used 1072K [0x00000000eab00000, 0x00000000ec480000, 0x0000000100000000)
  eden space 21504K, 0% used [0x00000000eab00000,0x00000000eab00000,0x00000000ec000000)
  from space 1536K, 69% used [0x00000000ec200000,0x00000000ec30c010,0x00000000ec380000)
  to   space 1024K, 0% used [0x00000000ec380000,0x00000000ec380000,0x00000000ec480000)
 ParOldGen       total 68608K, used 17341K [0x00000000c0000000, 0x00000000c4300000, 0x00000000eab00000)
  object space 68608K, 25% used [0x00000000c0000000,0x00000000c10ef718,0x00000000c4300000)
 Metaspace       used 43965K, committed 44736K, reserved 1114112K
  class space    used 4444K, committed 4800K, reserved 1048576K
}
Event: 14.845 GC heap before
{Heap before GC invocations=16 (full 2):
 PSYoungGen      total 23040K, used 22522K [0x00000000eab00000, 0x00000000ec480000, 0x0000000100000000)
  eden space 21504K, 99% used [0x00000000eab00000,0x00000000ebff2840,0x00000000ec000000)
  from space 1536K, 69% used [0x00000000ec200000,0x00000000ec30c010,0x00000000ec380000)
  to   space 1024K, 0% used [0x00000000ec380000,0x00000000ec380000,0x00000000ec480000)
 ParOldGen       total 68608K, used 17341K [0x00000000c0000000, 0x00000000c4300000, 0x00000000eab00000)
  object space 68608K, 25% used [0x00000000c0000000,0x00000000c10ef718,0x00000000c4300000)
 Metaspace       used 44309K, committed 45120K, reserved 1114112K
  class space    used 4482K, committed 4864K, reserved 1048576K
}
Event: 14.848 GC heap after
{Heap after GC invocations=16 (full 2):
 PSYoungGen      total 22528K, used 1023K [0x00000000eab00000, 0x00000000ec500000, 0x0000000100000000)
  eden space 21504K, 0% used [0x00000000eab00000,0x00000000eab00000,0x00000000ec000000)
  from space 1024K, 99% used [0x00000000ec380000,0x00000000ec47fe68,0x00000000ec480000)
  to   space 2560K, 0% used [0x00000000ec000000,0x00000000ec000000,0x00000000ec280000)
 ParOldGen       total 68608K, used 18577K [0x00000000c0000000, 0x00000000c4300000, 0x00000000eab00000)
  object space 68608K, 27% used [0x00000000c0000000,0x00000000c12247e0,0x00000000c4300000)
 Metaspace       used 44309K, committed 45120K, reserved 1114112K
  class space    used 4482K, committed 4864K, reserved 1048576K
}
Event: 15.183 GC heap before
{Heap before GC invocations=17 (full 2):
 PSYoungGen      total 22528K, used 22527K [0x00000000eab00000, 0x00000000ec500000, 0x0000000100000000)
  eden space 21504K, 100% used [0x00000000eab00000,0x00000000ec000000,0x00000000ec000000)
  from space 1024K, 99% used [0x00000000ec380000,0x00000000ec47fe68,0x00000000ec480000)
  to   space 2560K, 0% used [0x00000000ec000000,0x00000000ec000000,0x00000000ec280000)
 ParOldGen       total 68608K, used 18577K [0x00000000c0000000, 0x00000000c4300000, 0x00000000eab00000)
  object space 68608K, 27% used [0x00000000c0000000,0x00000000c12247e0,0x00000000c4300000)
 Metaspace       used 45128K, committed 45952K, reserved 1114112K
  class space    used 4561K, committed 4928K, reserved 1048576K
}
Event: 15.185 GC heap after
{Heap after GC invocations=17 (full 2):
 PSYoungGen      total 24064K, used 128K [0x00000000eab00000, 0x00000000ec400000, 0x0000000100000000)
  eden space 21504K, 0% used [0x00000000eab00000,0x00000000eab00000,0x00000000ec000000)
  from space 2560K, 5% used [0x00000000ec000000,0x00000000ec020000,0x00000000ec280000)
  to   space 1024K, 0% used [0x00000000ec300000,0x00000000ec300000,0x00000000ec400000)
 ParOldGen       total 68608K, used 18987K [0x00000000c0000000, 0x00000000c4300000, 0x00000000eab00000)
  object space 68608K, 27% used [0x00000000c0000000,0x00000000c128ac50,0x00000000c4300000)
 Metaspace       used 45128K, committed 45952K, reserved 1114112K
  class space    used 4561K, committed 4928K, reserved 1048576K
}

Dll operation events (10 events):
Event: 0.016 Loaded shared library c:\Users\HP\.vscode\extensions\redhat.java-1.25.0-win32-x64\jre\17.0.9-win32-x86_64\bin\java.dll
Event: 0.569 Loaded shared library c:\Users\HP\.vscode\extensions\redhat.java-1.25.0-win32-x64\jre\17.0.9-win32-x86_64\bin\zip.dll
Event: 0.585 Loaded shared library C:\Users\HP\.vscode\extensions\redhat.java-1.25.0-win32-x64\jre\17.0.9-win32-x86_64\bin\instrument.dll
Event: 0.630 Loaded shared library C:\Users\HP\.vscode\extensions\redhat.java-1.25.0-win32-x64\jre\17.0.9-win32-x86_64\bin\net.dll
Event: 0.633 Loaded shared library C:\Users\HP\.vscode\extensions\redhat.java-1.25.0-win32-x64\jre\17.0.9-win32-x86_64\bin\nio.dll
Event: 0.679 Loaded shared library C:\Users\HP\.vscode\extensions\redhat.java-1.25.0-win32-x64\jre\17.0.9-win32-x86_64\bin\zip.dll
Event: 0.735 Loaded shared library C:\Users\HP\.vscode\extensions\redhat.java-1.25.0-win32-x64\jre\17.0.9-win32-x86_64\bin\jimage.dll
Event: 1.020 Loaded shared library c:\Users\HP\.vscode\extensions\redhat.java-1.25.0-win32-x64\jre\17.0.9-win32-x86_64\bin\verify.dll
Event: 4.348 Loaded shared library C:\Users\HP\AppData\Roaming\Code\User\globalStorage\redhat.java\1.25.0\config_ss_win\org.eclipse.equinox.launcher\org.eclipse.equinox.launcher.win32.win32.x86_64_1.2.800.v20231003-1442\eclipse_11802.dll
Event: 9.317 Loaded shared library C:\Users\HP\AppData\Local\Temp\jna-2312\jna3615209795146615385.dll

Deoptimization events (20 events):
Event: 14.756 Thread 0x000002967c28bc20 Uncommon trap: trap_request=0xffffffde fr.pc=0x000002966cc5a930 relative=0x0000000000002810
Event: 14.756 Thread 0x000002967c28bc20 Uncommon trap: reason=class_check action=maybe_recompile pc=0x000002966cc5a930 method=lombok.patcher.PatchScript$MethodPatcher.visitMethod(ILjava/lang/String;Ljava/lang/String;Ljava/lang/String;[Ljava/lang/String;)Lorg/lombokweb/asm/MethodVisitor; @ 101 c
Event: 14.756 Thread 0x000002967c28bc20 DEOPT PACKING pc=0x000002966cc5a930 sp=0x000000ac8f3fba10
Event: 14.756 Thread 0x000002967c28bc20 DEOPT UNPACKING pc=0x000002966c6266a3 sp=0x000000ac8f3fb9e8 mode 2
Event: 14.756 Thread 0x000002967c28bc20 Uncommon trap: trap_request=0xffffffde fr.pc=0x000002966cc5a930 relative=0x0000000000002810
Event: 14.756 Thread 0x000002967c28bc20 Uncommon trap: reason=class_check action=maybe_recompile pc=0x000002966cc5a930 method=lombok.patcher.PatchScript$MethodPatcher.visitMethod(ILjava/lang/String;Ljava/lang/String;Ljava/lang/String;[Ljava/lang/String;)Lorg/lombokweb/asm/MethodVisitor; @ 101 c
Event: 14.756 Thread 0x000002967c28bc20 DEOPT PACKING pc=0x000002966cc5a930 sp=0x000000ac8f3fba10
Event: 14.756 Thread 0x000002967c28bc20 DEOPT UNPACKING pc=0x000002966c6266a3 sp=0x000000ac8f3fb9e8 mode 2
Event: 14.757 Thread 0x000002967c28bc20 Uncommon trap: trap_request=0xffffffde fr.pc=0x000002966cc5a930 relative=0x0000000000002810
Event: 14.757 Thread 0x000002967c28bc20 Uncommon trap: reason=class_check action=maybe_recompile pc=0x000002966cc5a930 method=lombok.patcher.PatchScript$MethodPatcher.visitMethod(ILjava/lang/String;Ljava/lang/String;Ljava/lang/String;[Ljava/lang/String;)Lorg/lombokweb/asm/MethodVisitor; @ 101 c
Event: 14.757 Thread 0x000002967c28bc20 DEOPT PACKING pc=0x000002966cc5a930 sp=0x000000ac8f3fba10
Event: 14.757 Thread 0x000002967c28bc20 DEOPT UNPACKING pc=0x000002966c6266a3 sp=0x000000ac8f3fb9e8 mode 2
Event: 14.920 Thread 0x000002967c28bc20 Uncommon trap: trap_request=0xffffff45 fr.pc=0x000002966cd6ea68 relative=0x0000000000000348
Event: 14.920 Thread 0x000002967c28bc20 Uncommon trap: reason=unstable_if action=reinterpret pc=0x000002966cd6ea68 method=org.lombokweb.asm.MethodWriter.computeMethodInfoSize()I @ 228 c2
Event: 14.920 Thread 0x000002967c28bc20 DEOPT PACKING pc=0x000002966cd6ea68 sp=0x000000ac8f3fbd10
Event: 14.920 Thread 0x000002967c28bc20 DEOPT UNPACKING pc=0x000002966c6266a3 sp=0x000000ac8f3fbcb0 mode 2
Event: 14.924 Thread 0x000002967c28bc20 Uncommon trap: trap_request=0xffffff45 fr.pc=0x000002966cd6cdc8 relative=0x0000000000000de8
Event: 14.924 Thread 0x000002967c28bc20 Uncommon trap: reason=unstable_if action=reinterpret pc=0x000002966cd6cdc8 method=org.lombokweb.asm.MethodWriter.putMethodInfo(Lorg/lombokweb/asm/ByteVector;)V @ 374 c2
Event: 14.924 Thread 0x000002967c28bc20 DEOPT PACKING pc=0x000002966cd6cdc8 sp=0x000000ac8f3fbcd0
Event: 14.924 Thread 0x000002967c28bc20 DEOPT UNPACKING pc=0x000002966c6266a3 sp=0x000000ac8f3fbc88 mode 2

Classes unloaded (7 events):
Event: 6.441 Thread 0x000002967622c170 Unloading class 0x000000010021a400 'java/lang/invoke/LambdaForm$MH+0x000000010021a400'
Event: 6.441 Thread 0x000002967622c170 Unloading class 0x000000010021a000 'java/lang/invoke/LambdaForm$MH+0x000000010021a000'
Event: 6.441 Thread 0x000002967622c170 Unloading class 0x0000000100219c00 'java/lang/invoke/LambdaForm$MH+0x0000000100219c00'
Event: 6.441 Thread 0x000002967622c170 Unloading class 0x0000000100219800 'java/lang/invoke/LambdaForm$MH+0x0000000100219800'
Event: 6.441 Thread 0x000002967622c170 Unloading class 0x0000000100219400 'java/lang/invoke/LambdaForm$BMH+0x0000000100219400'
Event: 6.441 Thread 0x000002967622c170 Unloading class 0x0000000100219000 'java/lang/invoke/LambdaForm$DMH+0x0000000100219000'
Event: 6.441 Thread 0x000002967622c170 Unloading class 0x0000000100214400 'java/lang/invoke/LambdaForm$DMH+0x0000000100214400'

Classes redefined (0 events):
No events

Internal exceptions (20 events):
Event: 10.445 Thread 0x000002967c2898b0 Exception <a 'java/io/FileNotFoundException'{0x00000000ebf4c4f0}> (0x00000000ebf4c4f0) 
thrown [s\src\hotspot\share\prims\jni.cpp, line 516]
Event: 10.515 Thread 0x000002967c2898b0 Exception <a 'sun/nio/fs/WindowsException'{0x00000000ec0faf68}> (0x00000000ec0faf68) 
thrown [s\src\hotspot\share\prims\jni.cpp, line 516]
Event: 10.518 Thread 0x000002967c2893a0 Exception <a 'java/io/FileNotFoundException'{0x00000000ead55880}> (0x00000000ead55880) 
thrown [s\src\hotspot\share\prims\jni.cpp, line 516]
Event: 10.518 Thread 0x000002967c2893a0 Exception <a 'java/io/FileNotFoundException'{0x00000000ead56868}> (0x00000000ead56868) 
thrown [s\src\hotspot\share\prims\jni.cpp, line 516]
Event: 10.661 Thread 0x000002967c2893a0 Exception <a 'java/io/FileNotFoundException'{0x00000000ead54138}> (0x00000000ead54138) 
thrown [s\src\hotspot\share\prims\jni.cpp, line 516]
Event: 10.662 Thread 0x000002967c2893a0 Exception <a 'java/io/FileNotFoundException'{0x00000000ead55660}> (0x00000000ead55660) 
thrown [s\src\hotspot\share\prims\jni.cpp, line 516]
Event: 10.664 Thread 0x000002967c2893a0 Exception <a 'java/lang/NoSuchMethodError'{0x00000000ead61a48}: 'void java.lang.invoke.DirectMethodHandle$Holder.invokeStaticInit(java.lang.Object, java.lang.Object, java.lang.Object)'> (0x00000000ead61a48) 
thrown [s\src\hotspot\share\interpreter\linkResolver.cpp, line 759]
Event: 10.684 Thread 0x000002967c2898b0 Exception <a 'java/lang/NoSuchMethodError'{0x00000000eae04130}: 'int java.lang.invoke.DirectMethodHandle$Holder.invokeVirtual(java.lang.Object, java.lang.Object)'> (0x00000000eae04130) 
thrown [s\src\hotspot\share\interpreter\linkResolver.cpp, line 759]
Event: 11.462 Thread 0x000002967c28b710 Exception <a 'java/lang/NoSuchMethodError'{0x00000000eb34e420}: 'java.lang.Object java.lang.invoke.DirectMethodHandle$Holder.invokeInterface(java.lang.Object, java.lang.Object, java.lang.Object)'> (0x00000000eb34e420) 
thrown [s\src\hotspot\share\interpreter\linkResolver.cpp, line 759]
Event: 11.462 Thread 0x000002967c2898b0 Exception <a 'java/lang/NoSuchMethodError'{0x00000000eb36d750}: 'java.lang.Object java.lang.invoke.DirectMethodHandle$Holder.invokeInterface(java.lang.Object, java.lang.Object, java.lang.Object)'> (0x00000000eb36d750) 
thrown [s\src\hotspot\share\interpreter\linkResolver.cpp, line 759]
Event: 11.843 Thread 0x000002967c2893a0 Exception <a 'java/io/FileNotFoundException'{0x00000000eac91310}> (0x00000000eac91310) 
thrown [s\src\hotspot\share\prims\jni.cpp, line 516]
Event: 11.858 Thread 0x000002967c28bc20 Exception <a 'java/lang/LinkageError'{0x00000000ead93428}: loader lombok.launch.ShadowClassLoader @3afa332 attempted duplicate class definition for lombok.launch.PatchFixesHider$Transform. (lombok.launch.PatchFixesHider$Transform is in unnamed module of loader lombok.launch.ShadowClassLoader @3afa332, parent loader org.eclipse.osgi.internal.loader.EquinoxClassLoader @44dc1e30)> (0x00000000ead93428) 
thrown [s\src\hotspot\share\classfile\systemDictionary.cpp, line 1724]
Event: 11.864 Thread 0x000002967c28b710 Exception <a 'java/lang/LinkageError'{0x00000000eacc8a70}: loader lombok.launch.ShadowClassLoader @3afa332 attempted duplicate class definition for lombok.launch.PatchFixesHider$Transform. (lombok.launch.PatchFixesHider$Transform is in unnamed module of loader lombok.launch.ShadowClassLoader @3afa332, parent loader org.eclipse.osgi.internal.loader.EquinoxClassLoader @44dc1e30)> (0x00000000eacc8a70) 
thrown [s\src\hotspot\share\classfile\systemDictionary.cpp, line 1724]
Event: 12.519 Thread 0x000002967c28b710 Implicit null exception at 0x000002966ccbbcd0 to 0x000002966ccbc9c8
Event: 13.254 Thread 0x000002967c2898b0 Exception <a 'java/lang/ClassNotFoundException'{0x00000000ebe2e0f0}: sun/util/logging/resources/spi/loggingProvider> (0x00000000ebe2e0f0) 
thrown [s\src\hotspot\share\classfile\systemDictionary.cpp, line 256]
Event: 14.057 Thread 0x000002967c28bc20 Exception <a 'java/lang/NoSuchMethodError'{0x00000000eb338770}: 'int java.lang.invoke.DirectMethodHandle$Holder.invokeSpecialIFC(java.lang.Object, java.lang.Object, java.lang.Object)'> (0x00000000eb338770) 
thrown [s\src\hotspot\share\interpreter\linkResolver.cpp, line 759]
Event: 14.060 Thread 0x000002967c28bc20 Exception <a 'java/lang/NoSuchMethodError'{0x00000000eb34c880}: 'int java.lang.invoke.DirectMethodHandle$Holder.invokeStatic(java.lang.Object, java.lang.Object, java.lang.Object, int)'> (0x00000000eb34c880) 
thrown [s\src\hotspot\share\interpreter\linkResolver.cpp, line 759]
Event: 14.140 Thread 0x000002967c28bc20 Exception <a 'java/io/FileNotFoundException'{0x00000000eb4b9d80}> (0x00000000eb4b9d80) 
thrown [s\src\hotspot\share\prims\jni.cpp, line 516]
Event: 14.642 Thread 0x000002967c28b200 Exception <a 'java/io/FileNotFoundException'{0x00000000eb605568}> (0x00000000eb605568) 
thrown [s\src\hotspot\share\prims\jni.cpp, line 516]
Event: 14.643 Thread 0x000002967c28b200 Exception <a 'java/io/FileNotFoundException'{0x00000000eb606820}> (0x00000000eb606820) 
thrown [s\src\hotspot\share\prims\jni.cpp, line 516]

VM Operations (20 events):
Event: 13.726 Executing VM operation: Cleanup
Event: 13.726 Executing VM operation: Cleanup done
Event: 13.757 Executing VM operation: ParallelGCFailedAllocation
Event: 13.760 Executing VM operation: ParallelGCFailedAllocation done
Event: 13.777 Executing VM operation: HandshakeAllThreads
Event: 13.777 Executing VM operation: HandshakeAllThreads done
Event: 13.873 Executing VM operation: HandshakeAllThreads
Event: 13.873 Executing VM operation: HandshakeAllThreads done
Event: 13.891 Executing VM operation: HandshakeAllThreads
Event: 13.891 Executing VM operation: HandshakeAllThreads done
Event: 14.068 Executing VM operation: HandshakeAllThreads
Event: 14.068 Executing VM operation: HandshakeAllThreads done
Event: 14.266 Executing VM operation: HandshakeAllThreads
Event: 14.266 Executing VM operation: HandshakeAllThreads done
Event: 14.478 Executing VM operation: ParallelGCFailedAllocation
Event: 14.481 Executing VM operation: ParallelGCFailedAllocation done
Event: 14.845 Executing VM operation: ParallelGCFailedAllocation
Event: 14.848 Executing VM operation: ParallelGCFailedAllocation done
Event: 15.183 Executing VM operation: ParallelGCFailedAllocation
Event: 15.185 Executing VM operation: ParallelGCFailedAllocation done

Events (20 events):
Event: 13.257 loading class java/time/LocalDate$1
Event: 13.257 loading class java/time/LocalDate$1 done
Event: 13.257 loading class java/time/LocalTime$1
Event: 13.258 loading class java/time/LocalTime$1 done
Event: 13.711 Thread 0x000002967cf5fcd0 Thread exited: 0x000002967cf5fcd0
Event: 13.794 loading class java/lang/UnsupportedClassVersionError
Event: 13.794 loading class java/lang/UnsupportedClassVersionError done
Event: 13.803 loading class jdk/internal/reflect/UnsafeQualifiedStaticIntegerFieldAccessorImpl
Event: 13.803 loading class jdk/internal/reflect/UnsafeQualifiedStaticIntegerFieldAccessorImpl done
Event: 13.868 loading class java/util/stream/MatchOps$MatchKind
Event: 13.868 loading class java/util/stream/MatchOps$MatchKind done
Event: 13.869 loading class java/util/stream/MatchOps
Event: 13.869 loading class java/util/stream/MatchOps done
Event: 13.869 loading class java/util/stream/MatchOps$MatchOp
Event: 13.869 loading class java/util/stream/MatchOps$MatchOp done
Event: 13.869 loading class java/util/stream/MatchOps$BooleanTerminalSink
Event: 13.869 loading class java/util/stream/MatchOps$BooleanTerminalSink done
Event: 13.870 loading class java/util/stream/MatchOps$1MatchSink
Event: 13.871 loading class java/util/stream/MatchOps$1MatchSink done
Event: 14.368 Thread 0x000002967d9d9090 Thread added: 0x000002967d9d9090


Dynamic libraries:
0x00007ff745b00000 - 0x00007ff745b0e000 	c:\Users\HP\.vscode\extensions\redhat.java-1.25.0-win32-x64\jre\17.0.9-win32-x86_64\bin\java.exe
0x00007ff9aa410000 - 0x00007ff9aa604000 	C:\WINDOWS\SYSTEM32\ntdll.dll
0x00007ff9a8e50000 - 0x00007ff9a8f0d000 	C:\WINDOWS\System32\KERNEL32.DLL
0x00007ff9a7c50000 - 0x00007ff9a7f17000 	C:\WINDOWS\System32\KERNELBASE.dll
0x00007ff9a7b50000 - 0x00007ff9a7c50000 	C:\WINDOWS\System32\ucrtbase.dll
0x00007ff99b2e0000 - 0x00007ff99b2f7000 	c:\Users\HP\.vscode\extensions\redhat.java-1.25.0-win32-x64\jre\17.0.9-win32-x86_64\bin\jli.dll
0x00007ff9a8c80000 - 0x00007ff9a8e20000 	C:\WINDOWS\System32\USER32.dll
0x00007ff9a83a0000 - 0x00007ff9a83c2000 	C:\WINDOWS\System32\win32u.dll
0x00007ff9a8e20000 - 0x00007ff9a8e4a000 	C:\WINDOWS\System32\GDI32.dll
0x00007ff9a8290000 - 0x00007ff9a839a000 	C:\WINDOWS\System32\gdi32full.dll
0x00007ff9a83d0000 - 0x00007ff9a846d000 	C:\WINDOWS\System32\msvcp_win.dll
0x00007ff992e00000 - 0x00007ff992e1b000 	c:\Users\HP\.vscode\extensions\redhat.java-1.25.0-win32-x64\jre\17.0.9-win32-x86_64\bin\VCRUNTIME140.dll
0x00007ff98fa70000 - 0x00007ff98fd0a000 	C:\WINDOWS\WinSxS\amd64_microsoft.windows.common-controls_6595b64144ccf1df_6.0.19041.1_none_b555e41d4684ddec\COMCTL32.dll
0x00007ff9a9f20000 - 0x00007ff9a9fbe000 	C:\WINDOWS\System32\msvcrt.dll
0x00007ff9aa160000 - 0x00007ff9aa190000 	C:\WINDOWS\System32\IMM32.DLL
0x00007ff9a1aa0000 - 0x00007ff9a1aac000 	c:\Users\HP\.vscode\extensions\redhat.java-1.25.0-win32-x64\jre\17.0.9-win32-x86_64\bin\vcruntime140_1.dll
0x00007ff976070000 - 0x00007ff9760fd000 	c:\Users\HP\.vscode\extensions\redhat.java-1.25.0-win32-x64\jre\17.0.9-win32-x86_64\bin\msvcp140.dll
0x00007ff967cd0000 - 0x00007ff968931000 	c:\Users\HP\.vscode\extensions\redhat.java-1.25.0-win32-x64\jre\17.0.9-win32-x86_64\bin\server\jvm.dll
0x00007ff9a8f10000 - 0x00007ff9a8fba000 	C:\WINDOWS\System32\ADVAPI32.dll
0x00007ff9a9d10000 - 0x00007ff9a9dab000 	C:\WINDOWS\System32\sechost.dll
0x00007ff9a9fc0000 - 0x00007ff9aa0e3000 	C:\WINDOWS\System32\RPCRT4.dll
0x00007ff9a7160000 - 0x00007ff9a71ab000 	C:\WINDOWS\SYSTEM32\POWRPROF.dll
0x00007ff99b370000 - 0x00007ff99b379000 	C:\WINDOWS\SYSTEM32\WSOCK32.dll
0x00007ff9a8c10000 - 0x00007ff9a8c7b000 	C:\WINDOWS\System32\WS2_32.dll
0x00007ff99f890000 - 0x00007ff99f8b7000 	C:\WINDOWS\SYSTEM32\WINMM.dll
0x00007ff999bb0000 - 0x00007ff999bba000 	C:\WINDOWS\SYSTEM32\VERSION.dll
0x00007ff9a6fd0000 - 0x00007ff9a6fe2000 	C:\WINDOWS\SYSTEM32\UMPDC.dll
0x00007ff9a5ae0000 - 0x00007ff9a5af3000 	C:\WINDOWS\SYSTEM32\kernel.appcore.dll
0x00007ff999de0000 - 0x00007ff999dea000 	c:\Users\HP\.vscode\extensions\redhat.java-1.25.0-win32-x64\jre\17.0.9-win32-x86_64\bin\jimage.dll
0x00007ff998610000 - 0x00007ff9987f4000 	C:\WINDOWS\SYSTEM32\DBGHELP.DLL
0x00007ff999b80000 - 0x00007ff999bac000 	C:\WINDOWS\SYSTEM32\dbgcore.DLL
0x00007ff9a8030000 - 0x00007ff9a80af000 	C:\WINDOWS\System32\bcryptPrimitives.dll
0x00007ff991cc0000 - 0x00007ff991cce000 	c:\Users\HP\.vscode\extensions\redhat.java-1.25.0-win32-x64\jre\17.0.9-win32-x86_64\bin\instrument.dll
0x00007ff988a40000 - 0x00007ff988a65000 	c:\Users\HP\.vscode\extensions\redhat.java-1.25.0-win32-x64\jre\17.0.9-win32-x86_64\bin\java.dll
0x00007ff9906d0000 - 0x00007ff9906e8000 	c:\Users\HP\.vscode\extensions\redhat.java-1.25.0-win32-x64\jre\17.0.9-win32-x86_64\bin\zip.dll
0x00007ff9a84d0000 - 0x00007ff9a8c01000 	C:\WINDOWS\System32\SHELL32.dll
0x00007ff9a5ce0000 - 0x00007ff9a646a000 	C:\WINDOWS\SYSTEM32\windows.storage.dll
0x00007ff9a8fc0000 - 0x00007ff9a9314000 	C:\WINDOWS\System32\combase.dll
0x00007ff9a75d0000 - 0x00007ff9a75fb000 	C:\WINDOWS\SYSTEM32\Wldp.dll
0x00007ff9a9430000 - 0x00007ff9a94de000 	C:\WINDOWS\System32\SHCORE.dll
0x00007ff9a8470000 - 0x00007ff9a84c5000 	C:\WINDOWS\System32\shlwapi.dll
0x00007ff9a7a90000 - 0x00007ff9a7aaf000 	C:\WINDOWS\SYSTEM32\profapi.dll
0x00007ff987d30000 - 0x00007ff987d49000 	C:\Users\HP\.vscode\extensions\redhat.java-1.25.0-win32-x64\jre\17.0.9-win32-x86_64\bin\net.dll
0x00007ff99f2e0000 - 0x00007ff99f3e2000 	C:\WINDOWS\SYSTEM32\WINHTTP.dll
0x00007ff9a7350000 - 0x00007ff9a73ba000 	C:\WINDOWS\system32\mswsock.dll
0x00007ff986ba0000 - 0x00007ff986bb6000 	C:\Users\HP\.vscode\extensions\redhat.java-1.25.0-win32-x64\jre\17.0.9-win32-x86_64\bin\nio.dll
0x00007ff991cb0000 - 0x00007ff991cc0000 	c:\Users\HP\.vscode\extensions\redhat.java-1.25.0-win32-x64\jre\17.0.9-win32-x86_64\bin\verify.dll
0x00007ff983260000 - 0x00007ff98329e000 	C:\Users\HP\AppData\Roaming\Code\User\globalStorage\redhat.java\1.25.0\config_ss_win\org.eclipse.equinox.launcher\org.eclipse.equinox.launcher.win32.win32.x86_64_1.2.800.v20231003-1442\eclipse_11802.dll
0x00007ff9aa2a0000 - 0x00007ff9aa3cb000 	C:\WINDOWS\System32\ole32.dll
0x00007ff9a7520000 - 0x00007ff9a7538000 	C:\WINDOWS\SYSTEM32\CRYPTSP.dll
0x00007ff9a6c70000 - 0x00007ff9a6ca4000 	C:\WINDOWS\system32\rsaenh.dll
0x00007ff9a8260000 - 0x00007ff9a8287000 	C:\WINDOWS\System32\bcrypt.dll
0x00007ff9a7a50000 - 0x00007ff9a7a7e000 	C:\WINDOWS\SYSTEM32\USERENV.dll
0x00007ff9a7540000 - 0x00007ff9a754c000 	C:\WINDOWS\SYSTEM32\CRYPTBASE.dll
0x00007ff9a6ff0000 - 0x00007ff9a702b000 	C:\WINDOWS\SYSTEM32\IPHLPAPI.DLL
0x00007ff9aa150000 - 0x00007ff9aa159000 	C:\WINDOWS\System32\NSI.dll
0x00007ff99f8c0000 - 0x00007ff99f8d7000 	C:\WINDOWS\SYSTEM32\dhcpcsvc6.DLL
0x00007ff99fab0000 - 0x00007ff99facd000 	C:\WINDOWS\SYSTEM32\dhcpcsvc.DLL
0x00007ff9a7040000 - 0x00007ff9a710a000 	C:\WINDOWS\SYSTEM32\DNSAPI.dll
0x00007ff979910000 - 0x00007ff979955000 	C:\Users\HP\AppData\Local\Temp\jna-2312\jna3615209795146615385.dll
0x00007ff9a9b50000 - 0x00007ff9a9b58000 	C:\WINDOWS\System32\PSAPI.DLL

dbghelp: loaded successfully - version: 4.0.5 - missing functions: none
symbol engine: initialized successfully - sym options: 0x614 - pdb path: .;c:\Users\HP\.vscode\extensions\redhat.java-1.25.0-win32-x64\jre\17.0.9-win32-x86_64\bin;C:\WINDOWS\SYSTEM32;C:\WINDOWS\WinSxS\amd64_microsoft.windows.common-controls_6595b64144ccf1df_6.0.19041.1_none_b555e41d4684ddec;c:\Users\HP\.vscode\extensions\redhat.java-1.25.0-win32-x64\jre\17.0.9-win32-x86_64\bin\server;C:\Users\HP\AppData\Roaming\Code\User\globalStorage\redhat.java\1.25.0\config_ss_win\org.eclipse.equinox.launcher\org.eclipse.equinox.launcher.win32.win32.x86_64_1.2.800.v20231003-1442;C:\Users\HP\AppData\Local\Temp\jna-2312

VM Arguments:
jvm_args: --add-modules=ALL-SYSTEM --add-opens=java.base/java.util=ALL-UNNAMED --add-opens=java.base/java.lang=ALL-UNNAMED --add-opens=java.base/sun.nio.fs=ALL-UNNAMED -Declipse.application=org.eclipse.jdt.ls.core.id1 -Dosgi.bundles.defaultStartLevel=4 -Declipse.product=org.eclipse.jdt.ls.core.product -Djava.import.generatesMetadataFilesAtProjectRoot=false -DDetectVMInstallationsJob.disabled=true -Dfile.encoding=utf8 -XX:+UseParallelGC -XX:GCTimeRatio=4 -XX:AdaptiveSizePolicyWeight=90 -Dsun.zip.disableMemoryMapping=true -Xmx1G -Xms100m -Xlog:disable -javaagent:c:\Users\HP\.vscode\extensions\redhat.java-1.25.0-win32-x64\lombok\lombok-1.18.30.jar 
java_command: c:\Users\HP\.vscode\extensions\redhat.java-1.25.0-win32-x64\server\plugins\org.eclipse.equinox.launcher_1.6.600.v20231012-1237.jar -configuration c:\Users\HP\AppData\Roaming\Code\User\globalStorage\redhat.java\1.25.0\config_ss_win -data c:\Users\HP\AppData\Roaming\Code\User\workspaceStorage\7145003809ee5229b52fc69e90d06eaa\redhat.java\ss_ws --stdio
java_class_path (initial): c:\Users\HP\.vscode\extensions\redhat.java-1.25.0-win32-x64\server\plugins\org.eclipse.equinox.launcher_1.6.600.v20231012-1237.jar
Launcher Type: SUN_STANDARD

[Global flags]
    uintx AdaptiveSizePolicyWeight                 = 90                                        {product} {command line}
     intx CICompilerCount                          = 3                                         {product} {ergonomic}
    uintx GCTimeRatio                              = 4                                         {product} {command line}
   size_t InitialHeapSize                          = 104857600                                 {product} {command line}
   size_t MaxHeapSize                              = 1073741824                                {product} {command line}
   size_t MaxNewSize                               = 357564416                                 {product} {ergonomic}
   size_t MinHeapDeltaBytes                        = 524288                                    {product} {ergonomic}
   size_t MinHeapSize                              = 104857600                                 {product} {command line}
   size_t NewSize                                  = 34603008                                  {product} {ergonomic}
    uintx NonNMethodCodeHeapSize                   = 5832780                                {pd product} {ergonomic}
    uintx NonProfiledCodeHeapSize                  = 122912730                              {pd product} {ergonomic}
   size_t OldSize                                  = 70254592                                  {product} {ergonomic}
    uintx ProfiledCodeHeapSize                     = 122912730                              {pd product} {ergonomic}
    uintx ReservedCodeCacheSize                    = 251658240                              {pd product} {ergonomic}
     bool SegmentedCodeCache                       = true                                      {product} {ergonomic}
   size_t SoftMaxHeapSize                          = 1073741824                             {manageable} {ergonomic}
     bool UseCompressedClassPointers               = true                           {product lp64_product} {ergonomic}
     bool UseCompressedOops                        = true                           {product lp64_product} {ergonomic}
     bool UseLargePagesIndividualAllocation        = false                                  {pd product} {ergonomic}
     bool UseParallelGC                            = true                                      {product} {command line}

Logging:
Log output configuration:
 #0: stdout all=off uptime,level,tags
 #1: stderr all=off uptime,level,tags

Environment Variables:
JAVA_HOME=C:\Program Files\Java\jdk1.8.0_45
CLASSPATH=%CLASSPATH%;%JUNIT_HOME%\junit-4.13.2.jar;hamcrest-core-1.3.jar;;E:\kiemthunangcao\junit\junit-4.13.2.jar;hamcrest-core-1.3.jar;;E:\kiemthunangcao\junit\junit-4.13.2.jar;hamcrest-core-1.3.jar;
PATH=C:\ProgramData\Oracle\Java\javapath;C:\Program Files (x86)\Common Files\Oracle\Java\javapath;C:\WINDOWS\system32;C:\WINDOWS;C:\WINDOWS\System32\Wbem;C:\WINDOWS\System32\WindowsPowerShell\v1.0\;C:\Users\HP\Downloads\winlibs-x86_64-posix-seh-gcc-11.2.0-llvm-12.0.1-mingw-w64-9.0.0-r1\mingw64\bin;C:\WINDOWS\System32\OpenSSH\;C:\Program Files\Broadcom\Broadcom 802.11\Driver;C:\Program Files\Azure Data Studio\bin;C:\Program Files\Java\jdk1.8.0_45;C:\Program Files\Java\jdbc\sqljdbc42.jar;d:\Program Files(x86)\100\Tools\Binn\;d:\Program Files\100\Tools\Binn\;d:\Program Files\100\DTS\Binn\;C:\Program Files (x86)\Microsoft SQL Server\100\Tools\Binn\;C:\Program Files (x86)\Microsoft SQL Server\100\Tools\Binn\VSShell\Common7\IDE\;C:\Program Files (x86)\Microsoft SQL Server\100\DTS\Binn\;C:\Program Files (x86)\Microsoft SQL Server\110\Tools\Binn\;C:\Program Files (x86)\Microsoft SQL Server\110\DTS\Binn\;C:\Program Files\nodejs\;C:\Program Files (x86)\Microsoft SQL Server\160\Tools\Binn\;C:\Program Files\Microsoft SQL Server\160\Tools\Binn\;C:\Program Files\Microsoft SQL Server\Client SDK\ODBC\170\Tools\Binn\;C:\Program Files\Microsoft SQL Server\160\DTS\Binn\;C:\Program Files (x86)\Microsoft SQL Server\160\DTS\Binn\;C:\Program Files\Java\jdk1.8.0_45\bin;E:\vs\Git\cmd;C:\Users\HP\AppData\Local\Microsoft\WindowsApps;C:\Users\HP\Downloads\winlibs-x86_64-posix-seh-gcc-11.2.0-llvm-12.0.1-mingw-w64-9.0.0-r1\mingw64\bin;;C:\Program Files\Azure Data Studio\bin;E:\vs\Microsoft VS Code\bin;C:\Users\HP\AppData\Roaming\npm
USERNAME=HP
OS=Windows_NT
PROCESSOR_IDENTIFIER=Intel64 Family 6 Model 58 Stepping 9, GenuineIntel
TMP=C:\Users\HP\AppData\Local\Temp
TEMP=D:\



Periodic native trim disabled


---------------  S Y S T E M  ---------------

OS:
 Windows 10 , 64 bit Build 19041 (10.0.19041.1)
OS uptime: 0 days 1:09 hours

CPU: total 4 (initial active 4) (2 cores per cpu, 2 threads per core) family 6 model 58 stepping 9 microcode 0x21, cx8, cmov, fxsr, ht, mmx, sse, sse2, sse3, ssse3, sse4.1, sse4.2, popcnt, tsc, tscinvbit, avx, aes, erms, clmul, vzeroupper, clflush
Processor Information for all 4 processors :
  Max Mhz: 2401, Current Mhz: 2401, Mhz Limit: 2401

Memory: 4k page, system-wide physical 3959M (749M free)
TotalPageFile size 4137M (AvailPageFile size 13M)
current process WorkingSet (physical memory assigned to process): 188M, peak: 197M
current process commit charge ("private bytes"): 271M, peak: 279M

vm_info: OpenJDK 64-Bit Server VM (17.0.9+9) for windows-amd64 JRE (17.0.9+9), built on Oct 26 2023 14:01:42 by "admin" with MS VC++ 16.10 / 16.11 (VS2019)

END.
