#
# There is insufficient memory for the Java Runtime Environment to continue.
# Native memory allocation (malloc) failed to allocate 1175216 bytes for Chunk::new
# Possible reasons:
#   The system is out of physical RAM or swap space
#   The process is running with CompressedOops enabled, and the Java Heap may be blocking the growth of the native heap
# Possible solutions:
#   Reduce memory load on the system
#   Increase physical memory or swap space
#   Check if swap backing store is full
#   Decrease Java heap size (-Xmx/-Xms)
#   Decrease number of Java threads
#   Decrease Java thread stack sizes (-Xss)
#   Set larger code cache with -XX:ReservedCodeCacheSize=
#   JVM is running with Unscaled Compressed Oops mode in which the Java heap is
#     placed in the first 4GB address space. The Java Heap base address is the
#     maximum limit for the native heap growth. Please use -XX:HeapBaseMinAddress
#     to set the Java Heap base and to place the Java Heap above 4GB virtual address.
# This output file may be truncated or incomplete.
#
#  Out of Memory Error (arena.cpp:191), pid=9948, tid=8436
#
# JRE version: OpenJDK Runtime Environment Temurin-17.0.9+9 (17.0.9+9) (build 17.0.9+9)
# Java VM: OpenJDK 64-Bit Server VM Temurin-17.0.9+9 (17.0.9+9, mixed mode, tiered, compressed oops, compressed class ptrs, parallel gc, windows-amd64)
# No core dump will be written. Minidumps are not enabled by default on client versions of Windows
#

---------------  S U M M A R Y ------------

Command Line: --add-modules=ALL-SYSTEM --add-opens=java.base/java.util=ALL-UNNAMED --add-opens=java.base/java.lang=ALL-UNNAMED --add-opens=java.base/sun.nio.fs=ALL-UNNAMED -Declipse.application=org.eclipse.jdt.ls.core.id1 -Dosgi.bundles.defaultStartLevel=4 -Declipse.product=org.eclipse.jdt.ls.core.product -Djava.import.generatesMetadataFilesAtProjectRoot=false -DDetectVMInstallationsJob.disabled=true -Dfile.encoding=utf8 -XX:+UseParallelGC -XX:GCTimeRatio=4 -XX:AdaptiveSizePolicyWeight=90 -Dsun.zip.disableMemoryMapping=true -Xmx1G -Xms100m -Xlog:disable -javaagent:c:\Users\HP\.vscode\extensions\redhat.java-1.25.0-win32-x64\lombok\lombok-1.18.30.jar -XX:+HeapDumpOnOutOfMemoryError -XX:HeapDumpPath=c:\Users\HP\AppData\Roaming\Code\User\workspaceStorage\7145003809ee5229b52fc69e90d06eaa\redhat.java -Daether.dependencyCollector.impl=bf c:\Users\HP\.vscode\extensions\redhat.java-1.25.0-win32-x64\server\plugins\org.eclipse.equinox.launcher_1.6.600.v20231012-1237.jar -configuration c:\Users\HP\AppData\Roaming\Code\User\globalStorage\redhat.java\1.25.0\config_win -data c:\Users\HP\AppData\Roaming\Code\User\workspaceStorage\7145003809ee5229b52fc69e90d06eaa\redhat.java\jdt_ws --stdio

Host: Intel(R) Core(TM) i5-3437U CPU @ 1.90GHz, 4 cores, 3G,  Windows 10 , 64 bit Build 19041 (10.0.19041.1)
Time: Fri Dec  1 16:24:20 2023 SE Asia Standard Time elapsed time: 24.627138 seconds (0d 0h 0m 24s)

---------------  T H R E A D  ---------------

Current thread (0x00000213e4a6b2c0):  JavaThread "C2 CompilerThread0" daemon [_thread_in_native, id=8436, stack(0x000000cf59e00000,0x000000cf59f00000)]


Current CompileTask:
C2:  24627 8051       4       org.lombokweb.asm.ClassReader::readMethod (1066 bytes)

Stack: [0x000000cf59e00000,0x000000cf59f00000]
Native frames: (J=compiled Java code, j=interpreted, Vv=VM code, C=native code)
V  [jvm.dll+0x67cf49]
V  [jvm.dll+0x83478a]
V  [jvm.dll+0x83624e]
V  [jvm.dll+0x8368b3]
V  [jvm.dll+0x247f1f]
V  [jvm.dll+0xac43c]
V  [jvm.dll+0xaca8c]
V  [jvm.dll+0x2af45f]
V  [jvm.dll+0x5853f7]
V  [jvm.dll+0x222f62]
V  [jvm.dll+0x22334f]
V  [jvm.dll+0x21c476]
V  [jvm.dll+0x2198c1]
V  [jvm.dll+0x1a57cd]
V  [jvm.dll+0x2297ae]
V  [jvm.dll+0x22797c]
V  [jvm.dll+0x7e9877]
V  [jvm.dll+0x7e3c3a]
V  [jvm.dll+0x67be35]
C  [ucrtbase.dll+0x21542]
C  [KERNEL32.DLL+0x16fd4]
C  [ntdll.dll+0x4cf31]


---------------  P R O C E S S  ---------------

Threads class SMR info:
_java_thread_list=0x00000213ea7566d0, length=37, elements={
0x00000213d0bfe490, 0x00000213e4a39740, 0x00000213e4a3aef0, 0x00000213e4a65150,
0x00000213e4a65ee0, 0x00000213e4a66c70, 0x00000213e4a6a6c0, 0x00000213e4a6b2c0,
0x00000213e4a9e580, 0x00000213e9bf2130, 0x00000213e9cb4d40, 0x00000213e9eaa000,
0x00000213ea693ce0, 0x00000213ea5a24d0, 0x00000213ea5c0bd0, 0x00000213ea7a1160,
0x00000213eac3c020, 0x00000213eafcf490, 0x00000213eafcfeb0, 0x00000213eafd2730,
0x00000213eafd2220, 0x00000213eafd1800, 0x00000213eafd08d0, 0x00000213eafd0de0,
0x00000213ebcfbce0, 0x00000213ebcfb7d0, 0x00000213ebcf8a40, 0x00000213ebcf9e80,
0x00000213ebcfdb40, 0x00000213ebcfa390, 0x00000213ebcfa8a0, 0x00000213ec0b2480,
0x00000213ebcf9460, 0x00000213ebcff490, 0x00000213ebcfd120, 0x00000213ebcfadb0,
0x00000213ebcfc700
}

Java Threads: ( => current thread )
  0x00000213d0bfe490 JavaThread "main" [_thread_blocked, id=11304, stack(0x000000cf59500000,0x000000cf59600000)]
  0x00000213e4a39740 JavaThread "Reference Handler" daemon [_thread_blocked, id=7128, stack(0x000000cf59800000,0x000000cf59900000)]
  0x00000213e4a3aef0 JavaThread "Finalizer" daemon [_thread_blocked, id=11484, stack(0x000000cf59900000,0x000000cf59a00000)]
  0x00000213e4a65150 JavaThread "Signal Dispatcher" daemon [_thread_blocked, id=12236, stack(0x000000cf59a00000,0x000000cf59b00000)]
  0x00000213e4a65ee0 JavaThread "Attach Listener" daemon [_thread_blocked, id=7432, stack(0x000000cf59b00000,0x000000cf59c00000)]
  0x00000213e4a66c70 JavaThread "Service Thread" daemon [_thread_blocked, id=11996, stack(0x000000cf59c00000,0x000000cf59d00000)]
  0x00000213e4a6a6c0 JavaThread "Monitor Deflation Thread" daemon [_thread_blocked, id=7584, stack(0x000000cf59d00000,0x000000cf59e00000)]
=>0x00000213e4a6b2c0 JavaThread "C2 CompilerThread0" daemon [_thread_in_native, id=8436, stack(0x000000cf59e00000,0x000000cf59f00000)]
  0x00000213e4a9e580 JavaThread "C1 CompilerThread0" daemon [_thread_blocked, id=7904, stack(0x000000cf59f00000,0x000000cf5a000000)]
  0x00000213e9bf2130 JavaThread "Sweeper thread" daemon [_thread_blocked, id=11956, stack(0x000000cf5a000000,0x000000cf5a100000)]
  0x00000213e9cb4d40 JavaThread "Common-Cleaner" daemon [_thread_blocked, id=2112, stack(0x000000cf5a100000,0x000000cf5a200000)]
  0x00000213e9eaa000 JavaThread "Notification Thread" daemon [_thread_blocked, id=1552, stack(0x000000cf5a200000,0x000000cf5a300000)]
  0x00000213ea693ce0 JavaThread "Active Thread: Equinox Container: bb9e92c2-3e0b-4ea8-aa51-13bd30845c10" [_thread_blocked, id=3324, stack(0x000000cf5a800000,0x000000cf5a900000)]
  0x00000213ea5a24d0 JavaThread "Framework Event Dispatcher: Equinox Container: bb9e92c2-3e0b-4ea8-aa51-13bd30845c10" daemon [_thread_blocked, id=6164, stack(0x000000cf5a900000,0x000000cf5aa00000)]
  0x00000213ea5c0bd0 JavaThread "Start Level: Equinox Container: bb9e92c2-3e0b-4ea8-aa51-13bd30845c10" daemon [_thread_blocked, id=2184, stack(0x000000cf5aa00000,0x000000cf5ab00000)]
  0x00000213ea7a1160 JavaThread "Bundle File Closer" daemon [_thread_blocked, id=11496, stack(0x000000cf5ab00000,0x000000cf5ac00000)]
  0x00000213eac3c020 JavaThread "SCR Component Actor" daemon [_thread_blocked, id=6936, stack(0x000000cf5a700000,0x000000cf5a800000)]
  0x00000213eafcf490 JavaThread "Worker-JM" [_thread_blocked, id=2668, stack(0x000000cf5ad00000,0x000000cf5ae00000)]
  0x00000213eafcfeb0 JavaThread "Worker-0: Update project postgres-demo" [_thread_blocked, id=3336, stack(0x000000cf5ae00000,0x000000cf5af00000)]
  0x00000213eafd2730 JavaThread "Worker-1: Synchronizing projects" [_thread_blocked, id=8296, stack(0x000000cf5af00000,0x000000cf5b000000)]
  0x00000213eafd2220 JavaThread "Worker-2: Synchronizing projects" [_thread_blocked, id=7216, stack(0x000000cf5b000000,0x000000cf5b100000)]
  0x00000213eafd1800 JavaThread "Java indexing" daemon [_thread_blocked, id=236, stack(0x000000cf5b200000,0x000000cf5b300000)]
  0x00000213eafd08d0 JavaThread "JNA Cleaner" daemon [_thread_blocked, id=10768, stack(0x000000cf5b300000,0x000000cf5b400000)]
  0x00000213eafd0de0 JavaThread "pool-2-thread-1" [_thread_blocked, id=108, stack(0x000000cf5b400000,0x000000cf5b500000)]
  0x00000213ebcfbce0 JavaThread "WorkspaceEventsHandler" [_thread_blocked, id=9716, stack(0x000000cf5b500000,0x000000cf5b600000)]
  0x00000213ebcfb7d0 JavaThread "pool-1-thread-1" [_thread_blocked, id=11548, stack(0x000000cf5b600000,0x000000cf5b700000)]
  0x00000213ebcf8a40 JavaThread "Worker-3: Initialize Workspace" [_thread_blocked, id=8672, stack(0x000000cf5b700000,0x000000cf5b800000)]
  0x00000213ebcf9e80 JavaThread "Worker-4: Refreshing workspace" [_thread_blocked, id=8292, stack(0x000000cf5b100000,0x000000cf5b200000)]
  0x00000213ebcfdb40 JavaThread "Worker-5" [_thread_blocked, id=1200, stack(0x000000cf5b800000,0x000000cf5b900000)]
  0x00000213ebcfa390 JavaThread "Worker-6" [_thread_blocked, id=1516, stack(0x000000cf5b900000,0x000000cf5ba00000)]
  0x00000213ebcfa8a0 JavaThread "Worker-7" [_thread_blocked, id=6416, stack(0x000000cf5ba00000,0x000000cf5bb00000)]
  0x00000213ec0b2480 JavaThread "C2 CompilerThread1" daemon [_thread_in_native, id=6168, stack(0x000000cf5ac00000,0x000000cf5ad00000)]
  0x00000213ebcf9460 JavaThread "ParallelDescriptorResolver-1-0" daemon [_thread_in_native, id=2356, stack(0x000000cf5bb00000,0x000000cf5bc00000)]
  0x00000213ebcff490 JavaThread "ParallelDescriptorResolver-1-1" daemon [_thread_in_native, id=5500, stack(0x000000cf5bc00000,0x000000cf5bd00000)]
  0x00000213ebcfd120 JavaThread "ParallelDescriptorResolver-1-2" daemon [_thread_in_native, id=9832, stack(0x000000cf5bd00000,0x000000cf5be00000)]
  0x00000213ebcfadb0 JavaThread "ParallelDescriptorResolver-1-3" daemon [_thread_in_native, id=9944, stack(0x000000cf5be00000,0x000000cf5bf00000)]
  0x00000213ebcfc700 JavaThread "ParallelDescriptorResolver-1-4" daemon [_thread_in_native, id=10248, stack(0x000000cf5bf00000,0x000000cf5c000000)]

Other Threads:
  0x00000213d0cbe8e0 VMThread "VM Thread" [stack: 0x000000cf59700000,0x000000cf59800000] [id=2512]
  0x00000213e9ea8400 WatcherThread [stack: 0x000000cf5a300000,0x000000cf5a400000] [id=11968]
  0x00000213d0c0c930 GCTaskThread "GC Thread#0" [stack: 0x000000cf59600000,0x000000cf59700000] [id=6876]
  0x00000213ea74f960 GCTaskThread "GC Thread#1" [stack: 0x000000cf5a400000,0x000000cf5a500000] [id=3712]
  0x00000213ea750030 GCTaskThread "GC Thread#2" [stack: 0x000000cf5a500000,0x000000cf5a600000] [id=10096]
  0x00000213ea77f6f0 GCTaskThread "GC Thread#3" [stack: 0x000000cf5a600000,0x000000cf5a700000] [id=7520]

Threads with active compile tasks:
C2 CompilerThread0    24657 8051       4       org.lombokweb.asm.ClassReader::readMethod (1066 bytes)
C2 CompilerThread1    24657 8238   !   4       java.util.concurrent.ConcurrentHashMap::putVal (433 bytes)

VM state: not at safepoint (normal execution)

VM Mutex/Monitor currently owned by a thread: None

Heap address: 0x00000000c0000000, size: 1024 MB, Compressed Oops mode: 32-bit

CDS archive(s) not mapped
Compressed class space mapped at: 0x0000000100000000-0x0000000140000000, reserved size: 1073741824
Narrow klass base: 0x0000000000000000, Narrow klass shift: 3, Narrow klass range: 0x140000000

GC Precious Log:
 CPUs: 4 total, 4 available
 Memory: 3959M
 Large Page Support: Disabled
 NUMA Support: Disabled
 Compressed Oops: Enabled (32-bit)
 Alignments: Space 512K, Generation 512K, Heap 2M
 Heap Min Capacity: 100M
 Heap Initial Capacity: 100M
 Heap Max Capacity: 1G
 Pre-touch: Disabled
 Parallel Workers: 4

Heap:
 PSYoungGen      total 23040K, used 8490K [0x00000000eab00000, 0x00000000ec300000, 0x0000000100000000)
  eden space 22016K, 35% used [0x00000000eab00000,0x00000000eb2b6a10,0x00000000ec080000)
  from space 1024K, 57% used [0x00000000ec200000,0x00000000ec293fc0,0x00000000ec300000)
  to   space 1024K, 0% used [0x00000000ec100000,0x00000000ec100000,0x00000000ec200000)
 ParOldGen       total 68608K, used 30182K [0x00000000c0000000, 0x00000000c4300000, 0x00000000eab00000)
  object space 68608K, 43% used [0x00000000c0000000,0x00000000c1d79a68,0x00000000c4300000)
 Metaspace       used 60946K, committed 62016K, reserved 1114112K
  class space    used 6499K, committed 6976K, reserved 1048576K

Card table byte_map: [0x00000213d05d0000,0x00000213d07e0000] _byte_map_base: 0x00000213cffd0000

Marking Bits: (ParMarkBitMap*) 0x00007ff96886d0b0
 Begin Bits: [0x00000213e28a0000, 0x00000213e38a0000)
 End Bits:   [0x00000213e38a0000, 0x00000213e48a0000)

Polling page: 0x00000213d03c0000

Metaspace:

Usage:
  Non-class:     53.17 MB used.
      Class:      6.35 MB used.
       Both:     59.52 MB used.

Virtual space:
  Non-class space:       64.00 MB reserved,      53.75 MB ( 84%) committed,  1 nodes.
      Class space:        1.00 GB reserved,       6.81 MB ( <1%) committed,  1 nodes.
             Both:        1.06 GB reserved,      60.56 MB (  6%) committed. 

Chunk freelists:
   Non-Class:  9.83 MB
       Class:  9.13 MB
        Both:  18.96 MB

MaxMetaspaceSize: unlimited
CompressedClassSpaceSize: 1.00 GB
Initial GC threshold: 21.00 MB
Current GC threshold: 97.31 MB
CDS: off
MetaspaceReclaimPolicy: balanced
 - commit_granule_bytes: 65536.
 - commit_granule_words: 8192.
 - virtual_space_node_default_size: 8388608.
 - enlarge_chunks_in_place: 1.
 - new_chunks_are_fully_committed: 0.
 - uncommit_free_chunks: 1.
 - use_allocation_guard: 0.
 - handle_deallocations: 1.


Internal statistics:

num_allocs_failed_limit: 9.
num_arena_births: 778.
num_arena_deaths: 18.
num_vsnodes_births: 2.
num_vsnodes_deaths: 0.
num_space_committed: 969.
num_space_uncommitted: 0.
num_chunks_returned_to_freelist: 28.
num_chunks_taken_from_freelist: 3256.
num_chunk_merges: 10.
num_chunk_splits: 1981.
num_chunks_enlarged: 1080.
num_inconsistent_stats: 0.

CodeHeap 'non-profiled nmethods': size=120000Kb used=4123Kb max_used=4123Kb free=115876Kb
 bounds [0x00000213db370000, 0x00000213db780000, 0x00000213e28a0000]
CodeHeap 'profiled nmethods': size=120000Kb used=16154Kb max_used=16154Kb free=103845Kb
 bounds [0x00000213d38a0000, 0x00000213d4870000, 0x00000213dadd0000]
CodeHeap 'non-nmethods': size=5760Kb used=1318Kb max_used=1369Kb free=4441Kb
 bounds [0x00000213dadd0000, 0x00000213db040000, 0x00000213db370000]
 total_blobs=8070 nmethods=7417 adapters=565
 compilation: enabled
              stopped_count=0, restarted_count=0
 full_count=0

Compilation events (20 events):
Event: 24.549 Thread 0x00000213ec0b2480 nmethod 8189 0x00000213db771490 code [0x00000213db771640, 0x00000213db771a48]
Event: 24.549 Thread 0x00000213ec0b2480 8028       4       java.util.regex.Pattern$Branch::match (66 bytes)
Event: 24.551 Thread 0x00000213e4a9e580 8229   !   3       org.eclipse.aether.internal.impl.DefaultTrackingFileManager::getMutex (29 bytes)
Event: 24.552 Thread 0x00000213e4a9e580 nmethod 8229 0x00000213d485cb90 code [0x00000213d485cdc0, 0x00000213d485d298]
Event: 24.552 Thread 0x00000213e4a9e580 8230   !   3       org.eclipse.aether.internal.impl.DefaultTrackingFileManager::fileLock (83 bytes)
Event: 24.552 Thread 0x00000213ec0b2480 nmethod 8028 0x00000213db771d90 code [0x00000213db771f20, 0x00000213db7720b8]
Event: 24.552 Thread 0x00000213ec0b2480 8050       4       lombok.patcher.Hook::convertType (64 bytes)
Event: 24.553 Thread 0x00000213e4a9e580 nmethod 8230 0x00000213d485d610 code [0x00000213d485d820, 0x00000213d485dcf8]
Event: 24.553 Thread 0x00000213e4a9e580 8231   !   3       sun.nio.ch.FileChannelImpl::lock (323 bytes)
Event: 24.555 Thread 0x00000213e4a9e580 nmethod 8231 0x00000213d485df90 code [0x00000213d485e340, 0x00000213d485f8c8]
Event: 24.556 Thread 0x00000213e4a9e580 8232       3       java.nio.channels.FileLock::close (5 bytes)
Event: 24.556 Thread 0x00000213e4a9e580 nmethod 8232 0x00000213d4860310 code [0x00000213d48604c0, 0x00000213d4860608]
Event: 24.556 Thread 0x00000213e4a9e580 8233       3       org.eclipse.aether.internal.impl.SimpleLocalRepositoryManager::getRepositoryKey (176 bytes)
Event: 24.558 Thread 0x00000213e4a9e580 nmethod 8233 0x00000213d4860710 code [0x00000213d4860aa0, 0x00000213d48620f8]
Event: 24.558 Thread 0x00000213e4a9e580 8234       3       org.apache.maven.model.inheritance.DefaultInheritanceAssembler$InheritanceModelMerger::mergeReporting_Plugins (253 bytes)
Event: 24.561 Thread 0x00000213e4a9e580 nmethod 8234 0x00000213d4862910 code [0x00000213d4862e40, 0x00000213d4865978]
Event: 24.561 Thread 0x00000213e4a9e580 8235       3       org.apache.maven.model.merge.ModelMerger::mergeModel_ChildProjectUrlInheritAppendPath (41 bytes)
Event: 24.562 Thread 0x00000213e4a9e580 nmethod 8235 0x00000213d4866910 code [0x00000213d4866ae0, 0x00000213d4866ed8]
Event: 24.585 Thread 0x00000213ec0b2480 nmethod 8050 0x00000213db772210 code [0x00000213db772400, 0x00000213db773338]
Event: 24.585 Thread 0x00000213ec0b2480 8038       4       org.lombokweb.asm.SymbolTable::addConstantMemberReference (147 bytes)

GC Heap History (20 events):
Event: 14.018 GC heap before
{Heap before GC invocations=20 (full 2):
 PSYoungGen      total 24064K, used 24034K [0x00000000eab00000, 0x00000000ec980000, 0x0000000100000000)
  eden space 22016K, 100% used [0x00000000eab00000,0x00000000ec080000,0x00000000ec080000)
  from space 2048K, 98% used [0x00000000ec180000,0x00000000ec378870,0x00000000ec380000)
  to   space 4608K, 0% used [0x00000000ec500000,0x00000000ec500000,0x00000000ec980000)
 ParOldGen       total 68608K, used 21836K [0x00000000c0000000, 0x00000000c4300000, 0x00000000eab00000)
  object space 68608K, 31% used [0x00000000c0000000,0x00000000c1553340,0x00000000c4300000)
 Metaspace       used 51727K, committed 52864K, reserved 1114112K
  class space    used 5584K, committed 6080K, reserved 1048576K
}
Event: 14.024 GC heap after
{Heap after GC invocations=20 (full 2):
 PSYoungGen      total 25088K, used 2912K [0x00000000eab00000, 0x00000000ec800000, 0x0000000100000000)
  eden space 22016K, 0% used [0x00000000eab00000,0x00000000eab00000,0x00000000ec080000)
  from space 3072K, 94% used [0x00000000ec500000,0x00000000ec7d8000,0x00000000ec800000)
  to   space 3584K, 0% used [0x00000000ec100000,0x00000000ec100000,0x00000000ec480000)
 ParOldGen       total 68608K, used 21972K [0x00000000c0000000, 0x00000000c4300000, 0x00000000eab00000)
  object space 68608K, 32% used [0x00000000c0000000,0x00000000c1575340,0x00000000c4300000)
 Metaspace       used 51727K, committed 52864K, reserved 1114112K
  class space    used 5584K, committed 6080K, reserved 1048576K
}
Event: 15.051 GC heap before
{Heap before GC invocations=21 (full 2):
 PSYoungGen      total 25088K, used 24928K [0x00000000eab00000, 0x00000000ec800000, 0x0000000100000000)
  eden space 22016K, 100% used [0x00000000eab00000,0x00000000ec080000,0x00000000ec080000)
  from space 3072K, 94% used [0x00000000ec500000,0x00000000ec7d8000,0x00000000ec800000)
  to   space 3584K, 0% used [0x00000000ec100000,0x00000000ec100000,0x00000000ec480000)
 ParOldGen       total 68608K, used 21972K [0x00000000c0000000, 0x00000000c4300000, 0x00000000eab00000)
  object space 68608K, 32% used [0x00000000c0000000,0x00000000c1575340,0x00000000c4300000)
 Metaspace       used 54048K, committed 55168K, reserved 1114112K
  class space    used 5822K, committed 6336K, reserved 1048576K
}
Event: 15.060 GC heap after
{Heap after GC invocations=21 (full 2):
 PSYoungGen      total 25088K, used 2688K [0x00000000eab00000, 0x00000000ec680000, 0x0000000100000000)
  eden space 22016K, 0% used [0x00000000eab00000,0x00000000eab00000,0x00000000ec080000)
  from space 3072K, 87% used [0x00000000ec100000,0x00000000ec3a0000,0x00000000ec400000)
  to   space 2560K, 0% used [0x00000000ec400000,0x00000000ec400000,0x00000000ec680000)
 ParOldGen       total 68608K, used 24788K [0x00000000c0000000, 0x00000000c4300000, 0x00000000eab00000)
  object space 68608K, 36% used [0x00000000c0000000,0x00000000c1835060,0x00000000c4300000)
 Metaspace       used 54048K, committed 55168K, reserved 1114112K
  class space    used 5822K, committed 6336K, reserved 1048576K
}
Event: 17.538 GC heap before
{Heap before GC invocations=22 (full 2):
 PSYoungGen      total 25088K, used 24704K [0x00000000eab00000, 0x00000000ec680000, 0x0000000100000000)
  eden space 22016K, 100% used [0x00000000eab00000,0x00000000ec080000,0x00000000ec080000)
  from space 3072K, 87% used [0x00000000ec100000,0x00000000ec3a0000,0x00000000ec400000)
  to   space 2560K, 0% used [0x00000000ec400000,0x00000000ec400000,0x00000000ec680000)
 ParOldGen       total 68608K, used 24788K [0x00000000c0000000, 0x00000000c4300000, 0x00000000eab00000)
  object space 68608K, 36% used [0x00000000c0000000,0x00000000c1835060,0x00000000c4300000)
 Metaspace       used 55642K, committed 56640K, reserved 1114112K
  class space    used 5997K, committed 6464K, reserved 1048576K
}
Event: 17.544 GC heap after
{Heap after GC invocations=22 (full 2):
 PSYoungGen      total 24576K, used 2343K [0x00000000eab00000, 0x00000000ec680000, 0x0000000100000000)
  eden space 22016K, 0% used [0x00000000eab00000,0x00000000eab00000,0x00000000ec080000)
  from space 2560K, 91% used [0x00000000ec400000,0x00000000ec649d28,0x00000000ec680000)
  to   space 2560K, 0% used [0x00000000ec180000,0x00000000ec180000,0x00000000ec400000)
 ParOldGen       total 68608K, used 27323K [0x00000000c0000000, 0x00000000c4300000, 0x00000000eab00000)
  object space 68608K, 39% used [0x00000000c0000000,0x00000000c1aaee48,0x00000000c4300000)
 Metaspace       used 55642K, committed 56640K, reserved 1114112K
  class space    used 5997K, committed 6464K, reserved 1048576K
}
Event: 19.647 GC heap before
{Heap before GC invocations=23 (full 2):
 PSYoungGen      total 24576K, used 24359K [0x00000000eab00000, 0x00000000ec680000, 0x0000000100000000)
  eden space 22016K, 100% used [0x00000000eab00000,0x00000000ec080000,0x00000000ec080000)
  from space 2560K, 91% used [0x00000000ec400000,0x00000000ec649d28,0x00000000ec680000)
  to   space 2560K, 0% used [0x00000000ec180000,0x00000000ec180000,0x00000000ec400000)
 ParOldGen       total 68608K, used 27323K [0x00000000c0000000, 0x00000000c4300000, 0x00000000eab00000)
  object space 68608K, 39% used [0x00000000c0000000,0x00000000c1aaee48,0x00000000c4300000)
 Metaspace       used 56276K, committed 57344K, reserved 1114112K
  class space    used 6068K, committed 6528K, reserved 1048576K
}
Event: 19.652 GC heap after
{Heap after GC invocations=23 (full 2):
 PSYoungGen      total 23552K, used 1408K [0x00000000eab00000, 0x00000000ec480000, 0x0000000100000000)
  eden space 22016K, 0% used [0x00000000eab00000,0x00000000eab00000,0x00000000ec080000)
  from space 1536K, 91% used [0x00000000ec180000,0x00000000ec2e0000,0x00000000ec300000)
  to   space 1536K, 0% used [0x00000000ec300000,0x00000000ec300000,0x00000000ec480000)
 ParOldGen       total 68608K, used 29401K [0x00000000c0000000, 0x00000000c4300000, 0x00000000eab00000)
  object space 68608K, 42% used [0x00000000c0000000,0x00000000c1cb6728,0x00000000c4300000)
 Metaspace       used 56276K, committed 57344K, reserved 1114112K
  class space    used 6068K, committed 6528K, reserved 1048576K
}
Event: 21.500 GC heap before
{Heap before GC invocations=24 (full 2):
 PSYoungGen      total 23552K, used 23424K [0x00000000eab00000, 0x00000000ec480000, 0x0000000100000000)
  eden space 22016K, 100% used [0x00000000eab00000,0x00000000ec080000,0x00000000ec080000)
  from space 1536K, 91% used [0x00000000ec180000,0x00000000ec2e0000,0x00000000ec300000)
  to   space 1536K, 0% used [0x00000000ec300000,0x00000000ec300000,0x00000000ec480000)
 ParOldGen       total 68608K, used 29401K [0x00000000c0000000, 0x00000000c4300000, 0x00000000eab00000)
  object space 68608K, 42% used [0x00000000c0000000,0x00000000c1cb6728,0x00000000c4300000)
 Metaspace       used 56806K, committed 57920K, reserved 1114112K
  class space    used 6156K, committed 6592K, reserved 1048576K
}
Event: 21.504 GC heap after
{Heap after GC invocations=24 (full 2):
 PSYoungGen      total 23552K, used 1120K [0x00000000eab00000, 0x00000000ec480000, 0x0000000100000000)
  eden space 22016K, 0% used [0x00000000eab00000,0x00000000eab00000,0x00000000ec080000)
  from space 1536K, 72% used [0x00000000ec300000,0x00000000ec418020,0x00000000ec480000)
  to   space 1536K, 0% used [0x00000000ec180000,0x00000000ec180000,0x00000000ec300000)
 ParOldGen       total 68608K, used 30726K [0x00000000c0000000, 0x00000000c4300000, 0x00000000eab00000)
  object space 68608K, 44% used [0x00000000c0000000,0x00000000c1e01b50,0x00000000c4300000)
 Metaspace       used 56806K, committed 57920K, reserved 1114112K
  class space    used 6156K, committed 6592K, reserved 1048576K
}
Event: 22.598 GC heap before
{Heap before GC invocations=25 (full 2):
 PSYoungGen      total 23552K, used 23136K [0x00000000eab00000, 0x00000000ec480000, 0x0000000100000000)
  eden space 22016K, 100% used [0x00000000eab00000,0x00000000ec080000,0x00000000ec080000)
  from space 1536K, 72% used [0x00000000ec300000,0x00000000ec418020,0x00000000ec480000)
  to   space 1536K, 0% used [0x00000000ec180000,0x00000000ec180000,0x00000000ec300000)
 ParOldGen       total 68608K, used 30726K [0x00000000c0000000, 0x00000000c4300000, 0x00000000eab00000)
  object space 68608K, 44% used [0x00000000c0000000,0x00000000c1e01b50,0x00000000c4300000)
 Metaspace       used 57321K, committed 58368K, reserved 1114112K
  class space    used 6200K, committed 6656K, reserved 1048576K
}
Event: 22.601 GC heap after
{Heap after GC invocations=25 (full 2):
 PSYoungGen      total 23040K, used 960K [0x00000000eab00000, 0x00000000ec380000, 0x0000000100000000)
  eden space 22016K, 0% used [0x00000000eab00000,0x00000000eab00000,0x00000000ec080000)
  from space 1024K, 93% used [0x00000000ec180000,0x00000000ec270000,0x00000000ec280000)
  to   space 1024K, 0% used [0x00000000ec280000,0x00000000ec280000,0x00000000ec380000)
 ParOldGen       total 68608K, used 31566K [0x00000000c0000000, 0x00000000c4300000, 0x00000000eab00000)
  object space 68608K, 46% used [0x00000000c0000000,0x00000000c1ed3b50,0x00000000c4300000)
 Metaspace       used 57321K, committed 58368K, reserved 1114112K
  class space    used 6200K, committed 6656K, reserved 1048576K
}
Event: 23.255 GC heap before
{Heap before GC invocations=26 (full 2):
 PSYoungGen      total 23040K, used 19839K [0x00000000eab00000, 0x00000000ec380000, 0x0000000100000000)
  eden space 22016K, 85% used [0x00000000eab00000,0x00000000ebd6fd98,0x00000000ec080000)
  from space 1024K, 93% used [0x00000000ec180000,0x00000000ec270000,0x00000000ec280000)
  to   space 1024K, 0% used [0x00000000ec280000,0x00000000ec280000,0x00000000ec380000)
 ParOldGen       total 68608K, used 31566K [0x00000000c0000000, 0x00000000c4300000, 0x00000000eab00000)
  object space 68608K, 46% used [0x00000000c0000000,0x00000000c1ed3b50,0x00000000c4300000)
 Metaspace       used 58711K, committed 59776K, reserved 1114112K
  class space    used 6321K, committed 6784K, reserved 1048576K
}
Event: 23.257 GC heap after
{Heap after GC invocations=26 (full 2):
 PSYoungGen      total 22528K, used 320K [0x00000000eab00000, 0x00000000ec300000, 0x0000000100000000)
  eden space 22016K, 0% used [0x00000000eab00000,0x00000000eab00000,0x00000000ec080000)
  from space 512K, 62% used [0x00000000ec280000,0x00000000ec2d0000,0x00000000ec300000)
  to   space 1024K, 0% used [0x00000000ec100000,0x00000000ec100000,0x00000000ec200000)
 ParOldGen       total 68608K, used 32478K [0x00000000c0000000, 0x00000000c4300000, 0x00000000eab00000)
  object space 68608K, 47% used [0x00000000c0000000,0x00000000c1fb7b60,0x00000000c4300000)
 Metaspace       used 58711K, committed 59776K, reserved 1114112K
  class space    used 6321K, committed 6784K, reserved 1048576K
}
Event: 23.257 GC heap before
{Heap before GC invocations=27 (full 3):
 PSYoungGen      total 22528K, used 320K [0x00000000eab00000, 0x00000000ec300000, 0x0000000100000000)
  eden space 22016K, 0% used [0x00000000eab00000,0x00000000eab00000,0x00000000ec080000)
  from space 512K, 62% used [0x00000000ec280000,0x00000000ec2d0000,0x00000000ec300000)
  to   space 1024K, 0% used [0x00000000ec100000,0x00000000ec100000,0x00000000ec200000)
 ParOldGen       total 68608K, used 32478K [0x00000000c0000000, 0x00000000c4300000, 0x00000000eab00000)
  object space 68608K, 47% used [0x00000000c0000000,0x00000000c1fb7b60,0x00000000c4300000)
 Metaspace       used 58711K, committed 59776K, reserved 1114112K
  class space    used 6321K, committed 6784K, reserved 1048576K
}
Event: 23.389 GC heap after
{Heap after GC invocations=27 (full 3):
 PSYoungGen      total 22528K, used 0K [0x00000000eab00000, 0x00000000ec300000, 0x0000000100000000)
  eden space 22016K, 0% used [0x00000000eab00000,0x00000000eab00000,0x00000000ec080000)
  from space 512K, 0% used [0x00000000ec280000,0x00000000ec280000,0x00000000ec300000)
  to   space 1024K, 0% used [0x00000000ec100000,0x00000000ec100000,0x00000000ec200000)
 ParOldGen       total 68608K, used 30110K [0x00000000c0000000, 0x00000000c4300000, 0x00000000eab00000)
  object space 68608K, 43% used [0x00000000c0000000,0x00000000c1d67a68,0x00000000c4300000)
 Metaspace       used 58708K, committed 59776K, reserved 1114112K
  class space    used 6320K, committed 6784K, reserved 1048576K
}
Event: 23.717 GC heap before
{Heap before GC invocations=28 (full 3):
 PSYoungGen      total 22528K, used 21944K [0x00000000eab00000, 0x00000000ec300000, 0x0000000100000000)
  eden space 22016K, 99% used [0x00000000eab00000,0x00000000ec06e370,0x00000000ec080000)
  from space 512K, 0% used [0x00000000ec280000,0x00000000ec280000,0x00000000ec300000)
  to   space 1024K, 0% used [0x00000000ec100000,0x00000000ec100000,0x00000000ec200000)
 ParOldGen       total 68608K, used 30110K [0x00000000c0000000, 0x00000000c4300000, 0x00000000eab00000)
  object space 68608K, 43% used [0x00000000c0000000,0x00000000c1d67a68,0x00000000c4300000)
 Metaspace       used 59292K, committed 60416K, reserved 1114112K
  class space    used 6345K, committed 6848K, reserved 1048576K
}
Event: 23.719 GC heap after
{Heap after GC invocations=28 (full 3):
 PSYoungGen      total 23040K, used 858K [0x00000000eab00000, 0x00000000ec300000, 0x0000000100000000)
  eden space 22016K, 0% used [0x00000000eab00000,0x00000000eab00000,0x00000000ec080000)
  from space 1024K, 83% used [0x00000000ec100000,0x00000000ec1d6980,0x00000000ec200000)
  to   space 1024K, 0% used [0x00000000ec200000,0x00000000ec200000,0x00000000ec300000)
 ParOldGen       total 68608K, used 30110K [0x00000000c0000000, 0x00000000c4300000, 0x00000000eab00000)
  object space 68608K, 43% used [0x00000000c0000000,0x00000000c1d67a68,0x00000000c4300000)
 Metaspace       used 59292K, committed 60416K, reserved 1114112K
  class space    used 6345K, committed 6848K, reserved 1048576K
}
Event: 24.289 GC heap before
{Heap before GC invocations=29 (full 3):
 PSYoungGen      total 23040K, used 22874K [0x00000000eab00000, 0x00000000ec300000, 0x0000000100000000)
  eden space 22016K, 99% used [0x00000000eab00000,0x00000000ec07ffe8,0x00000000ec080000)
  from space 1024K, 83% used [0x00000000ec100000,0x00000000ec1d6980,0x00000000ec200000)
  to   space 1024K, 0% used [0x00000000ec200000,0x00000000ec200000,0x00000000ec300000)
 ParOldGen       total 68608K, used 30110K [0x00000000c0000000, 0x00000000c4300000, 0x00000000eab00000)
  object space 68608K, 43% used [0x00000000c0000000,0x00000000c1d67a68,0x00000000c4300000)
 Metaspace       used 60575K, committed 61696K, reserved 1114112K
  class space    used 6463K, committed 6976K, reserved 1048576K
}
Event: 24.290 GC heap after
{Heap after GC invocations=29 (full 3):
 PSYoungGen      total 23040K, used 591K [0x00000000eab00000, 0x00000000ec300000, 0x0000000100000000)
  eden space 22016K, 0% used [0x00000000eab00000,0x00000000eab00000,0x00000000ec080000)
  from space 1024K, 57% used [0x00000000ec200000,0x00000000ec293fc0,0x00000000ec300000)
  to   space 1024K, 0% used [0x00000000ec100000,0x00000000ec100000,0x00000000ec200000)
 ParOldGen       total 68608K, used 30182K [0x00000000c0000000, 0x00000000c4300000, 0x00000000eab00000)
  object space 68608K, 43% used [0x00000000c0000000,0x00000000c1d79a68,0x00000000c4300000)
 Metaspace       used 60575K, committed 61696K, reserved 1114112K
  class space    used 6463K, committed 6976K, reserved 1048576K
}

Dll operation events (10 events):
Event: 0.014 Loaded shared library c:\Users\HP\.vscode\extensions\redhat.java-1.25.0-win32-x64\jre\17.0.9-win32-x86_64\bin\java.dll
Event: 0.260 Loaded shared library c:\Users\HP\.vscode\extensions\redhat.java-1.25.0-win32-x64\jre\17.0.9-win32-x86_64\bin\zip.dll
Event: 0.265 Loaded shared library C:\Users\HP\.vscode\extensions\redhat.java-1.25.0-win32-x64\jre\17.0.9-win32-x86_64\bin\instrument.dll
Event: 0.289 Loaded shared library C:\Users\HP\.vscode\extensions\redhat.java-1.25.0-win32-x64\jre\17.0.9-win32-x86_64\bin\net.dll
Event: 0.294 Loaded shared library C:\Users\HP\.vscode\extensions\redhat.java-1.25.0-win32-x64\jre\17.0.9-win32-x86_64\bin\nio.dll
Event: 0.307 Loaded shared library C:\Users\HP\.vscode\extensions\redhat.java-1.25.0-win32-x64\jre\17.0.9-win32-x86_64\bin\zip.dll
Event: 0.334 Loaded shared library C:\Users\HP\.vscode\extensions\redhat.java-1.25.0-win32-x64\jre\17.0.9-win32-x86_64\bin\jimage.dll
Event: 0.447 Loaded shared library c:\Users\HP\.vscode\extensions\redhat.java-1.25.0-win32-x64\jre\17.0.9-win32-x86_64\bin\verify.dll
Event: 2.663 Loaded shared library C:\Users\HP\AppData\Roaming\Code\User\globalStorage\redhat.java\1.25.0\config_win\org.eclipse.equinox.launcher\org.eclipse.equinox.launcher.win32.win32.x86_64_1.2.800.v20231003-1442\eclipse_11802.dll
Event: 10.511 Loaded shared library C:\Users\HP\AppData\Local\Temp\jna-2312\jna13824114752775329071.dll

Deoptimization events (20 events):
Event: 24.302 Thread 0x00000213eafcfeb0 Uncommon trap: trap_request=0xffffffbe fr.pc=0x00000213db62d0bc relative=0x000000000000511c
Event: 24.302 Thread 0x00000213eafcfeb0 Uncommon trap: reason=profile_predicate action=maybe_recompile pc=0x00000213db62d0bc method=com.google.common.collect.LexicographicalOrdering.compare(Ljava/lang/Iterable;Ljava/lang/Iterable;)I @ 21 c2
Event: 24.302 Thread 0x00000213eafcfeb0 DEOPT PACKING pc=0x00000213db62d0bc sp=0x000000cf5aefc850
Event: 24.302 Thread 0x00000213eafcfeb0 DEOPT UNPACKING pc=0x00000213dae266a3 sp=0x000000cf5aefc400 mode 2
Event: 24.319 Thread 0x00000213eafcfeb0 Uncommon trap: trap_request=0xffffff54 fr.pc=0x00000213db6c1fc8 relative=0x0000000000000328
Event: 24.319 Thread 0x00000213eafcfeb0 Uncommon trap: reason=speculate_null_assert action=make_not_entrant pc=0x00000213db6c1fc8 method=org.eclipse.sisu.inject.RankedBindings$Itr.hasNext()Z @ 80 c2
Event: 24.319 Thread 0x00000213eafcfeb0 DEOPT PACKING pc=0x00000213db6c1fc8 sp=0x000000cf5aefd8c0
Event: 24.319 Thread 0x00000213eafcfeb0 DEOPT UNPACKING pc=0x00000213dae266a3 sp=0x000000cf5aefd898 mode 2
Event: 24.392 Thread 0x00000213eafcfeb0 Uncommon trap: trap_request=0xffffff45 fr.pc=0x00000213db466620 relative=0x00000000000003e0
Event: 24.392 Thread 0x00000213eafcfeb0 Uncommon trap: reason=unstable_if action=reinterpret pc=0x00000213db466620 method=java.util.HashMap.getNode(Ljava/lang/Object;)Ljava/util/HashMap$Node; @ 131 c2
Event: 24.392 Thread 0x00000213eafcfeb0 DEOPT PACKING pc=0x00000213db466620 sp=0x000000cf5aefd910
Event: 24.392 Thread 0x00000213eafcfeb0 DEOPT UNPACKING pc=0x00000213dae266a3 sp=0x000000cf5aefd828 mode 2
Event: 24.392 Thread 0x00000213eafcfeb0 Uncommon trap: trap_request=0xffffff45 fr.pc=0x00000213db51e60c relative=0x00000000000003cc
Event: 24.392 Thread 0x00000213eafcfeb0 Uncommon trap: reason=unstable_if action=reinterpret pc=0x00000213db51e60c method=java.util.HashMap.getNode(Ljava/lang/Object;)Ljava/util/HashMap$Node; @ 131 c2
Event: 24.392 Thread 0x00000213eafcfeb0 DEOPT PACKING pc=0x00000213db51e60c sp=0x000000cf5aefd8a0
Event: 24.392 Thread 0x00000213eafcfeb0 DEOPT UNPACKING pc=0x00000213dae266a3 sp=0x000000cf5aefd830 mode 2
Event: 24.392 Thread 0x00000213eafcfeb0 Uncommon trap: trap_request=0xffffff45 fr.pc=0x00000213db63a5c4 relative=0x00000000000006e4
Event: 24.392 Thread 0x00000213eafcfeb0 Uncommon trap: reason=unstable_if action=reinterpret pc=0x00000213db63a5c4 method=java.util.HashMap.putVal(ILjava/lang/Object;Ljava/lang/Object;ZZ)Ljava/lang/Object; @ 94 c2
Event: 24.392 Thread 0x00000213eafcfeb0 DEOPT PACKING pc=0x00000213db63a5c4 sp=0x000000cf5aefd8b0
Event: 24.392 Thread 0x00000213eafcfeb0 DEOPT UNPACKING pc=0x00000213dae266a3 sp=0x000000cf5aefd828 mode 2

Classes unloaded (9 events):
Event: 5.174 Thread 0x00000213d0cbe8e0 Unloading class 0x0000000100250000 'java/lang/invoke/LambdaForm$MH+0x0000000100250000'
Event: 5.174 Thread 0x00000213d0cbe8e0 Unloading class 0x000000010024fc00 'java/lang/invoke/LambdaForm$MH+0x000000010024fc00'
Event: 5.174 Thread 0x00000213d0cbe8e0 Unloading class 0x000000010024f800 'java/lang/invoke/LambdaForm$MH+0x000000010024f800'
Event: 5.174 Thread 0x00000213d0cbe8e0 Unloading class 0x000000010024f400 'java/lang/invoke/LambdaForm$MH+0x000000010024f400'
Event: 5.174 Thread 0x00000213d0cbe8e0 Unloading class 0x000000010024f000 'java/lang/invoke/LambdaForm$BMH+0x000000010024f000'
Event: 5.174 Thread 0x00000213d0cbe8e0 Unloading class 0x000000010024ec00 'java/lang/invoke/LambdaForm$DMH+0x000000010024ec00'
Event: 5.174 Thread 0x00000213d0cbe8e0 Unloading class 0x000000010024c000 'java/lang/invoke/LambdaForm$DMH+0x000000010024c000'
Event: 23.284 Thread 0x00000213d0cbe8e0 Unloading class 0x0000000100679000 'java/lang/invoke/LambdaForm$DMH+0x0000000100679000'
Event: 23.284 Thread 0x00000213d0cbe8e0 Unloading class 0x0000000100678c00 'java/lang/invoke/LambdaForm$DMH+0x0000000100678c00'

Classes redefined (0 events):
No events

Internal exceptions (20 events):
Event: 15.977 Thread 0x00000213ebcfdb40 Exception <a 'java/io/FileNotFoundException'{0x00000000eb510950}> (0x00000000eb510950) 
thrown [s\src\hotspot\share\prims\jni.cpp, line 516]
Event: 15.985 Thread 0x00000213ebcfdb40 Exception <a 'java/io/FileNotFoundException'{0x00000000eb5f8ac8}> (0x00000000eb5f8ac8) 
thrown [s\src\hotspot\share\prims\jni.cpp, line 516]
Event: 15.985 Thread 0x00000213ebcfdb40 Exception <a 'java/io/FileNotFoundException'{0x00000000eb5f9ac8}> (0x00000000eb5f9ac8) 
thrown [s\src\hotspot\share\prims\jni.cpp, line 516]
Event: 18.279 Thread 0x00000213eafcfeb0 Exception <a 'java/lang/NoSuchMethodError'{0x00000000ebafbfd8}: 'java.lang.Object java.lang.invoke.DirectMethodHandle$Holder.invokeStatic(java.lang.Object, int, java.lang.Object, java.lang.Object)'> (0x00000000ebafbfd8) 
thrown [s\src\hotspot\share\interpreter\linkResolver.cpp, line 759]
Event: 18.282 Thread 0x00000213eafcfeb0 Exception <a 'java/lang/NoSuchMethodError'{0x00000000ebaffdc0}: 'java.lang.Object java.lang.invoke.DelegatingMethodHandle$Holder.delegate(java.lang.Object, int, java.lang.Object, java.lang.Object)'> (0x00000000ebaffdc0) 
thrown [s\src\hotspot\share\interpreter\linkResolver.cpp, line 759]
Event: 18.304 Thread 0x00000213eafcfeb0 Exception <a 'java/lang/NoSuchMethodError'{0x00000000ebb15130}: 'int java.lang.invoke.Invokers$Holder.linkToTargetMethod(java.lang.Object, java.lang.Object, java.lang.Object)'> (0x00000000ebb15130) 
thrown [s\src\hotspot\share\interpreter\linkResolver.cpp, line 759]
Event: 18.321 Thread 0x00000213eafcfeb0 Exception <a 'java/lang/NoSuchMethodError'{0x00000000ebb68a20}: 'java.lang.Object java.lang.invoke.DirectMethodHandle$Holder.newInvokeSpecial(java.lang.Object, java.lang.Object, java.lang.Object, java.lang.Object, java.lang.Object, java.lang.Object, java.lang.Object, java.lang.Object)'> (0x00000000ebb68a20) 
thrown [s\src\hotspot\share\interpreter\linkResolver.cpp, line 759]
Event: 18.322 Thread 0x00000213eafcfeb0 Exception <a 'java/lang/NoSuchMethodError'{0x00000000ebb6d480}: 'java.lang.Object java.lang.invoke.Invokers$Holder.linkToTargetMethod(java.lang.Object, java.lang.Object, java.lang.Object, java.lang.Object, java.lang.Object, java.lang.Object, java.lang.Object, java.lang.Object)'> (0x00000000ebb6d480) 
thrown [s\src\hotspot\share\interpreter\linkResolver.cpp, line 759]
Event: 18.325 Thread 0x00000213eafcfeb0 Exception <a 'java/lang/NoSuchMethodError'{0x00000000ebb807f8}: 'java.lang.Object java.lang.invoke.DirectMethodHandle$Holder.invokeStatic(java.lang.Object, java.lang.Object, int, java.lang.Object, java.lang.Object)'> (0x00000000ebb807f8) 
thrown [s\src\hotspot\share\interpreter\linkResolver.cpp, line 759]
Event: 18.326 Thread 0x00000213eafcfeb0 Exception <a 'java/lang/NoSuchMethodError'{0x00000000ebb87a80}: 'java.lang.Object java.lang.invoke.DirectMethodHandle$Holder.newInvokeSpecial(java.lang.Object, java.lang.Object, int)'> (0x00000000ebb87a80) 
thrown [s\src\hotspot\share\interpreter\linkResolver.cpp, line 759]
Event: 18.384 Thread 0x00000213eafcfeb0 Exception <a 'java/lang/NoSuchMethodError'{0x00000000ebbf4608}: 'void java.lang.invoke.DirectMethodHandle$Holder.invokeStatic(java.lang.Object, int)'> (0x00000000ebbf4608) 
thrown [s\src\hotspot\share\interpreter\linkResolver.cpp, line 759]
Event: 18.628 Thread 0x00000213eafcfeb0 Exception <a 'java/io/FileNotFoundException'{0x00000000ebff9230}> (0x00000000ebff9230) 
thrown [s\src\hotspot\share\prims\jni.cpp, line 516]
Event: 20.934 Thread 0x00000213eafcfeb0 Exception <a 'java/lang/NoSuchMethodError'{0x00000000eafad5a8}: 'java.lang.Object java.lang.invoke.DirectMethodHandle$Holder.invokeInterface(java.lang.Object, java.lang.Object, java.lang.Object)'> (0x00000000eafad5a8) 
thrown [s\src\hotspot\share\interpreter\linkResolver.cpp, line 759]
Event: 20.940 Thread 0x00000213eafcfeb0 Exception <a 'java/lang/NoSuchMethodError'{0x00000000eafd9538}: 'int java.lang.invoke.DirectMethodHandle$Holder.invokeSpecialIFC(java.lang.Object, java.lang.Object, java.lang.Object)'> (0x00000000eafd9538) 
thrown [s\src\hotspot\share\interpreter\linkResolver.cpp, line 759]
Event: 21.112 Thread 0x00000213eafcfeb0 Exception <a 'java/lang/NoSuchMethodError'{0x00000000eb5f9a10}: 'java.lang.Object java.lang.invoke.Invokers$Holder.linkToTargetMethod(java.lang.Object, java.lang.Object, java.lang.Object, java.lang.Object, java.lang.Object, java.lang.Object, java.lang.Object)'> (0x00000000eb5f9a10) 
thrown [s\src\hotspot\share\interpreter\linkResolver.cpp, line 759]
Event: 21.130 Thread 0x00000213eafcfeb0 Exception <a 'java/lang/NoSuchMethodError'{0x00000000eb72c800}: 'void java.lang.invoke.DirectMethodHandle$Holder.invokeInterface(java.lang.Object, java.lang.Object)'> (0x00000000eb72c800) 
thrown [s\src\hotspot\share\interpreter\linkResolver.cpp, line 759]
Event: 21.137 Thread 0x00000213eafcfeb0 Exception <a 'java/lang/NoSuchMethodError'{0x00000000eb7d0520}: 'java.lang.Object java.lang.invoke.DirectMethodHandle$Holder.newInvokeSpecial(java.lang.Object, java.lang.Object, java.lang.Object, java.lang.Object, java.lang.Object, java.lang.Object)'> (0x00000000eb7d0520) 
thrown [s\src\hotspot\share\interpreter\linkResolver.cpp, line 759]
Event: 21.142 Thread 0x00000213ebcfe560 Exception <a 'java/lang/NoSuchMethodError'{0x00000000eb86ef60}: 'void java.lang.invoke.DirectMethodHandle$Holder.invokeSpecial(java.lang.Object, java.lang.Object, java.lang.Object, java.lang.Object, java.lang.Object, java.lang.Object, java.lang.Object, java.lang.Object)'> (0x00000000eb86ef60) 
thrown [s\src\hotspot\share\interpreter\linkResolver.cpp, line 759]
Event: 21.142 Thread 0x00000213ebcfd630 Exception <a 'java/lang/NoSuchMethodError'{0x00000000eb841c30}: 'void java.lang.invoke.DirectMethodHandle$Holder.invokeSpecial(java.lang.Object, java.lang.Object, java.lang.Object, java.lang.Object, java.lang.Object, java.lang.Object, java.lang.Object, java.lang.Object)'> (0x00000000eb841c30) 
thrown [s\src\hotspot\share\interpreter\linkResolver.cpp, line 759]
Event: 21.142 Thread 0x00000213ebcfadb0 Exception <a 'java/lang/NoSuchMethodError'{0x00000000eb85b1f0}: 'void java.lang.invoke.DirectMethodHandle$Holder.invokeSpecial(java.lang.Object, java.lang.Object, java.lang.Object, java.lang.Object, java.lang.Object, java.lang.Object, java.lang.Object, java.lang.Object)'> (0x00000000eb85b1f0) 
thrown [s\src\hotspot\share\interpreter\linkResolver.cpp, line 759]

VM Operations (20 events):
Event: 19.535 Executing VM operation: Cleanup
Event: 19.535 Executing VM operation: Cleanup done
Event: 19.647 Executing VM operation: ParallelGCFailedAllocation
Event: 19.652 Executing VM operation: ParallelGCFailedAllocation done
Event: 20.660 Executing VM operation: Cleanup
Event: 20.682 Executing VM operation: Cleanup done
Event: 21.140 Executing VM operation: HandshakeAllThreads
Event: 21.141 Executing VM operation: HandshakeAllThreads done
Event: 21.500 Executing VM operation: ParallelGCFailedAllocation
Event: 21.505 Executing VM operation: ParallelGCFailedAllocation done
Event: 22.516 Executing VM operation: Cleanup
Event: 22.516 Executing VM operation: Cleanup done
Event: 22.598 Executing VM operation: ParallelGCFailedAllocation
Event: 22.601 Executing VM operation: ParallelGCFailedAllocation done
Event: 23.255 Executing VM operation: CollectForMetadataAllocation
Event: 23.393 Executing VM operation: CollectForMetadataAllocation done
Event: 23.717 Executing VM operation: ParallelGCFailedAllocation
Event: 23.719 Executing VM operation: ParallelGCFailedAllocation done
Event: 24.289 Executing VM operation: ParallelGCFailedAllocation
Event: 24.290 Executing VM operation: ParallelGCFailedAllocation done

Events (20 events):
Event: 22.344 Thread 0x00000213ebcfadb0 Thread exited: 0x00000213ebcfadb0
Event: 22.344 Thread 0x00000213ebcfea70 Thread exited: 0x00000213ebcfea70
Event: 22.344 Thread 0x00000213ebcfe560 Thread exited: 0x00000213ebcfe560
Event: 22.344 Thread 0x00000213ebcfd630 Thread exited: 0x00000213ebcfd630
Event: 22.344 Thread 0x00000213ebcfe050 Thread exited: 0x00000213ebcfe050
Event: 22.552 Thread 0x00000213ed952ec0 Thread exited: 0x00000213ed952ec0
Event: 22.598 loading class java/util/Vector$1
Event: 22.601 loading class java/util/Vector$1 done
Event: 23.098 loading class java/util/Collections$UnmodifiableSortedSet
Event: 23.098 loading class java/util/Collections$UnmodifiableSortedSet done
Event: 23.155 loading class java/util/regex/Pattern$Caret
Event: 23.155 loading class java/util/regex/Pattern$Caret done
Event: 23.227 loading class jdk/internal/reflect/UnsafeIntegerFieldAccessorImpl
Event: 23.227 loading class jdk/internal/reflect/UnsafeIntegerFieldAccessorImpl done
Event: 23.670 Thread 0x00000213ec0b2480 Thread added: 0x00000213ec0b2480
Event: 24.395 Thread 0x00000213ebcf9460 Thread added: 0x00000213ebcf9460
Event: 24.395 Thread 0x00000213ebcff490 Thread added: 0x00000213ebcff490
Event: 24.395 Thread 0x00000213ebcfd120 Thread added: 0x00000213ebcfd120
Event: 24.395 Thread 0x00000213ebcfadb0 Thread added: 0x00000213ebcfadb0
Event: 24.395 Thread 0x00000213ebcfc700 Thread added: 0x00000213ebcfc700


Dynamic libraries:
0x00007ff745b00000 - 0x00007ff745b0e000 	c:\Users\HP\.vscode\extensions\redhat.java-1.25.0-win32-x64\jre\17.0.9-win32-x86_64\bin\java.exe
0x00007ff9aa410000 - 0x00007ff9aa604000 	C:\WINDOWS\SYSTEM32\ntdll.dll
0x00007ff9a8e50000 - 0x00007ff9a8f0d000 	C:\WINDOWS\System32\KERNEL32.DLL
0x00007ff9a7c50000 - 0x00007ff9a7f17000 	C:\WINDOWS\System32\KERNELBASE.dll
0x00007ff9a7b50000 - 0x00007ff9a7c50000 	C:\WINDOWS\System32\ucrtbase.dll
0x00007ff99b2e0000 - 0x00007ff99b2f7000 	c:\Users\HP\.vscode\extensions\redhat.java-1.25.0-win32-x64\jre\17.0.9-win32-x86_64\bin\jli.dll
0x00007ff9a8c80000 - 0x00007ff9a8e20000 	C:\WINDOWS\System32\USER32.dll
0x00007ff9a83a0000 - 0x00007ff9a83c2000 	C:\WINDOWS\System32\win32u.dll
0x00007ff9a8e20000 - 0x00007ff9a8e4a000 	C:\WINDOWS\System32\GDI32.dll
0x00007ff9a8290000 - 0x00007ff9a839a000 	C:\WINDOWS\System32\gdi32full.dll
0x00007ff9a83d0000 - 0x00007ff9a846d000 	C:\WINDOWS\System32\msvcp_win.dll
0x00007ff992e00000 - 0x00007ff992e1b000 	c:\Users\HP\.vscode\extensions\redhat.java-1.25.0-win32-x64\jre\17.0.9-win32-x86_64\bin\VCRUNTIME140.dll
0x00007ff98fa70000 - 0x00007ff98fd0a000 	C:\WINDOWS\WinSxS\amd64_microsoft.windows.common-controls_6595b64144ccf1df_6.0.19041.1_none_b555e41d4684ddec\COMCTL32.dll
0x00007ff9a9f20000 - 0x00007ff9a9fbe000 	C:\WINDOWS\System32\msvcrt.dll
0x00007ff9aa160000 - 0x00007ff9aa190000 	C:\WINDOWS\System32\IMM32.DLL
0x00007ff9a2e10000 - 0x00007ff9a2e1c000 	c:\Users\HP\.vscode\extensions\redhat.java-1.25.0-win32-x64\jre\17.0.9-win32-x86_64\bin\vcruntime140_1.dll
0x00007ff986b30000 - 0x00007ff986bbd000 	c:\Users\HP\.vscode\extensions\redhat.java-1.25.0-win32-x64\jre\17.0.9-win32-x86_64\bin\msvcp140.dll
0x00007ff967cd0000 - 0x00007ff968931000 	c:\Users\HP\.vscode\extensions\redhat.java-1.25.0-win32-x64\jre\17.0.9-win32-x86_64\bin\server\jvm.dll
0x00007ff9a8f10000 - 0x00007ff9a8fba000 	C:\WINDOWS\System32\ADVAPI32.dll
0x00007ff9a9d10000 - 0x00007ff9a9dab000 	C:\WINDOWS\System32\sechost.dll
0x00007ff9a9fc0000 - 0x00007ff9aa0e3000 	C:\WINDOWS\System32\RPCRT4.dll
0x00007ff9a7160000 - 0x00007ff9a71ab000 	C:\WINDOWS\SYSTEM32\POWRPROF.dll
0x00007ff9a1aa0000 - 0x00007ff9a1aa9000 	C:\WINDOWS\SYSTEM32\WSOCK32.dll
0x00007ff9a8c10000 - 0x00007ff9a8c7b000 	C:\WINDOWS\System32\WS2_32.dll
0x00007ff99f890000 - 0x00007ff99f8b7000 	C:\WINDOWS\SYSTEM32\WINMM.dll
0x00007ff999bb0000 - 0x00007ff999bba000 	C:\WINDOWS\SYSTEM32\VERSION.dll
0x00007ff9a6fd0000 - 0x00007ff9a6fe2000 	C:\WINDOWS\SYSTEM32\UMPDC.dll
0x00007ff9a5ae0000 - 0x00007ff9a5af3000 	C:\WINDOWS\SYSTEM32\kernel.appcore.dll
0x00007ff99b370000 - 0x00007ff99b37a000 	c:\Users\HP\.vscode\extensions\redhat.java-1.25.0-win32-x64\jre\17.0.9-win32-x86_64\bin\jimage.dll
0x00007ff998610000 - 0x00007ff9987f4000 	C:\WINDOWS\SYSTEM32\DBGHELP.DLL
0x00007ff999b80000 - 0x00007ff999bac000 	C:\WINDOWS\SYSTEM32\dbgcore.DLL
0x00007ff9a8030000 - 0x00007ff9a80af000 	C:\WINDOWS\System32\bcryptPrimitives.dll
0x00007ff999de0000 - 0x00007ff999dee000 	c:\Users\HP\.vscode\extensions\redhat.java-1.25.0-win32-x64\jre\17.0.9-win32-x86_64\bin\instrument.dll
0x00007ff987d20000 - 0x00007ff987d45000 	c:\Users\HP\.vscode\extensions\redhat.java-1.25.0-win32-x64\jre\17.0.9-win32-x86_64\bin\java.dll
0x00007ff991cb0000 - 0x00007ff991cc8000 	c:\Users\HP\.vscode\extensions\redhat.java-1.25.0-win32-x64\jre\17.0.9-win32-x86_64\bin\zip.dll
0x00007ff9a84d0000 - 0x00007ff9a8c01000 	C:\WINDOWS\System32\SHELL32.dll
0x00007ff9a5ce0000 - 0x00007ff9a646a000 	C:\WINDOWS\SYSTEM32\windows.storage.dll
0x00007ff9a8fc0000 - 0x00007ff9a9314000 	C:\WINDOWS\System32\combase.dll
0x00007ff9a75d0000 - 0x00007ff9a75fb000 	C:\WINDOWS\SYSTEM32\Wldp.dll
0x00007ff9a9430000 - 0x00007ff9a94de000 	C:\WINDOWS\System32\SHCORE.dll
0x00007ff9a8470000 - 0x00007ff9a84c5000 	C:\WINDOWS\System32\shlwapi.dll
0x00007ff9a7a90000 - 0x00007ff9a7aaf000 	C:\WINDOWS\SYSTEM32\profapi.dll
0x00007ff9a3b40000 - 0x00007ff9a3b59000 	C:\Users\HP\.vscode\extensions\redhat.java-1.25.0-win32-x64\jre\17.0.9-win32-x86_64\bin\net.dll
0x00007ff99f2e0000 - 0x00007ff99f3e2000 	C:\WINDOWS\SYSTEM32\WINHTTP.dll
0x00007ff9a7350000 - 0x00007ff9a73ba000 	C:\WINDOWS\system32\mswsock.dll
0x00007ff99b3e0000 - 0x00007ff99b3f6000 	C:\Users\HP\.vscode\extensions\redhat.java-1.25.0-win32-x64\jre\17.0.9-win32-x86_64\bin\nio.dll
0x00007ff9a2590000 - 0x00007ff9a25a0000 	c:\Users\HP\.vscode\extensions\redhat.java-1.25.0-win32-x64\jre\17.0.9-win32-x86_64\bin\verify.dll
0x00007ff99b160000 - 0x00007ff99b19e000 	C:\Users\HP\AppData\Roaming\Code\User\globalStorage\redhat.java\1.25.0\config_win\org.eclipse.equinox.launcher\org.eclipse.equinox.launcher.win32.win32.x86_64_1.2.800.v20231003-1442\eclipse_11802.dll
0x00007ff9aa2a0000 - 0x00007ff9aa3cb000 	C:\WINDOWS\System32\ole32.dll
0x00007ff9a7520000 - 0x00007ff9a7538000 	C:\WINDOWS\SYSTEM32\CRYPTSP.dll
0x00007ff9a6c70000 - 0x00007ff9a6ca4000 	C:\WINDOWS\system32\rsaenh.dll
0x00007ff9a8260000 - 0x00007ff9a8287000 	C:\WINDOWS\System32\bcrypt.dll
0x00007ff9a7a50000 - 0x00007ff9a7a7e000 	C:\WINDOWS\SYSTEM32\USERENV.dll
0x00007ff9a7540000 - 0x00007ff9a754c000 	C:\WINDOWS\SYSTEM32\CRYPTBASE.dll
0x00007ff9a6ff0000 - 0x00007ff9a702b000 	C:\WINDOWS\SYSTEM32\IPHLPAPI.DLL
0x00007ff9aa150000 - 0x00007ff9aa159000 	C:\WINDOWS\System32\NSI.dll
0x00007ff99f8c0000 - 0x00007ff99f8d7000 	C:\WINDOWS\SYSTEM32\dhcpcsvc6.DLL
0x00007ff99fab0000 - 0x00007ff99facd000 	C:\WINDOWS\SYSTEM32\dhcpcsvc.DLL
0x00007ff9a7040000 - 0x00007ff9a710a000 	C:\WINDOWS\SYSTEM32\DNSAPI.dll
0x00007ff979910000 - 0x00007ff979955000 	C:\Users\HP\AppData\Local\Temp\jna-2312\jna13824114752775329071.dll
0x00007ff9a9b50000 - 0x00007ff9a9b58000 	C:\WINDOWS\System32\PSAPI.DLL

dbghelp: loaded successfully - version: 4.0.5 - missing functions: none
symbol engine: initialized successfully - sym options: 0x614 - pdb path: .;c:\Users\HP\.vscode\extensions\redhat.java-1.25.0-win32-x64\jre\17.0.9-win32-x86_64\bin;C:\WINDOWS\SYSTEM32;C:\WINDOWS\WinSxS\amd64_microsoft.windows.common-controls_6595b64144ccf1df_6.0.19041.1_none_b555e41d4684ddec;c:\Users\HP\.vscode\extensions\redhat.java-1.25.0-win32-x64\jre\17.0.9-win32-x86_64\bin\server;C:\Users\HP\AppData\Roaming\Code\User\globalStorage\redhat.java\1.25.0\config_win\org.eclipse.equinox.launcher\org.eclipse.equinox.launcher.win32.win32.x86_64_1.2.800.v20231003-1442;C:\Users\HP\AppData\Local\Temp\jna-2312

VM Arguments:
jvm_args: --add-modules=ALL-SYSTEM --add-opens=java.base/java.util=ALL-UNNAMED --add-opens=java.base/java.lang=ALL-UNNAMED --add-opens=java.base/sun.nio.fs=ALL-UNNAMED -Declipse.application=org.eclipse.jdt.ls.core.id1 -Dosgi.bundles.defaultStartLevel=4 -Declipse.product=org.eclipse.jdt.ls.core.product -Djava.import.generatesMetadataFilesAtProjectRoot=false -DDetectVMInstallationsJob.disabled=true -Dfile.encoding=utf8 -XX:+UseParallelGC -XX:GCTimeRatio=4 -XX:AdaptiveSizePolicyWeight=90 -Dsun.zip.disableMemoryMapping=true -Xmx1G -Xms100m -Xlog:disable -javaagent:c:\Users\HP\.vscode\extensions\redhat.java-1.25.0-win32-x64\lombok\lombok-1.18.30.jar -XX:+HeapDumpOnOutOfMemoryError -XX:HeapDumpPath=c:\Users\HP\AppData\Roaming\Code\User\workspaceStorage\7145003809ee5229b52fc69e90d06eaa\redhat.java -Daether.dependencyCollector.impl=bf 
java_command: c:\Users\HP\.vscode\extensions\redhat.java-1.25.0-win32-x64\server\plugins\org.eclipse.equinox.launcher_1.6.600.v20231012-1237.jar -configuration c:\Users\HP\AppData\Roaming\Code\User\globalStorage\redhat.java\1.25.0\config_win -data c:\Users\HP\AppData\Roaming\Code\User\workspaceStorage\7145003809ee5229b52fc69e90d06eaa\redhat.java\jdt_ws --stdio
java_class_path (initial): c:\Users\HP\.vscode\extensions\redhat.java-1.25.0-win32-x64\server\plugins\org.eclipse.equinox.launcher_1.6.600.v20231012-1237.jar
Launcher Type: SUN_STANDARD

[Global flags]
    uintx AdaptiveSizePolicyWeight                 = 90                                        {product} {command line}
     intx CICompilerCount                          = 3                                         {product} {ergonomic}
    uintx GCTimeRatio                              = 4                                         {product} {command line}
     bool HeapDumpOnOutOfMemoryError               = true                                   {manageable} {command line}
    ccstr HeapDumpPath                             = c:\Users\HP\AppData\Roaming\Code\User\workspaceStorage\7145003809ee5229b52fc69e90d06eaa\redhat.java         {manageable} {command line}
   size_t InitialHeapSize                          = 104857600                                 {product} {command line}
   size_t MaxHeapSize                              = 1073741824                                {product} {command line}
   size_t MaxNewSize                               = 357564416                                 {product} {ergonomic}
   size_t MinHeapDeltaBytes                        = 524288                                    {product} {ergonomic}
   size_t MinHeapSize                              = 104857600                                 {product} {command line}
   size_t NewSize                                  = 34603008                                  {product} {ergonomic}
    uintx NonNMethodCodeHeapSize                   = 5832780                                {pd product} {ergonomic}
    uintx NonProfiledCodeHeapSize                  = 122912730                              {pd product} {ergonomic}
   size_t OldSize                                  = 70254592                                  {product} {ergonomic}
    uintx ProfiledCodeHeapSize                     = 122912730                              {pd product} {ergonomic}
    uintx ReservedCodeCacheSize                    = 251658240                              {pd product} {ergonomic}
     bool SegmentedCodeCache                       = true                                      {product} {ergonomic}
   size_t SoftMaxHeapSize                          = 1073741824                             {manageable} {ergonomic}
     bool UseCompressedClassPointers               = true                           {product lp64_product} {ergonomic}
     bool UseCompressedOops                        = true                           {product lp64_product} {ergonomic}
     bool UseLargePagesIndividualAllocation        = false                                  {pd product} {ergonomic}
     bool UseParallelGC                            = true                                      {product} {command line}

Logging:
Log output configuration:
 #0: stdout all=off uptime,level,tags
 #1: stderr all=off uptime,level,tags

Environment Variables:
JAVA_HOME=C:\Program Files\Java\jdk1.8.0_45
CLASSPATH=%CLASSPATH%;%JUNIT_HOME%\junit-4.13.2.jar;hamcrest-core-1.3.jar;;E:\kiemthunangcao\junit\junit-4.13.2.jar;hamcrest-core-1.3.jar;;E:\kiemthunangcao\junit\junit-4.13.2.jar;hamcrest-core-1.3.jar;
PATH=C:\ProgramData\Oracle\Java\javapath;C:\Program Files (x86)\Common Files\Oracle\Java\javapath;C:\WINDOWS\system32;C:\WINDOWS;C:\WINDOWS\System32\Wbem;C:\WINDOWS\System32\WindowsPowerShell\v1.0\;C:\Users\HP\Downloads\winlibs-x86_64-posix-seh-gcc-11.2.0-llvm-12.0.1-mingw-w64-9.0.0-r1\mingw64\bin;C:\WINDOWS\System32\OpenSSH\;C:\Program Files\Broadcom\Broadcom 802.11\Driver;C:\Program Files\Azure Data Studio\bin;C:\Program Files\Java\jdk1.8.0_45;C:\Program Files\Java\jdbc\sqljdbc42.jar;d:\Program Files(x86)\100\Tools\Binn\;d:\Program Files\100\Tools\Binn\;d:\Program Files\100\DTS\Binn\;C:\Program Files (x86)\Microsoft SQL Server\100\Tools\Binn\;C:\Program Files (x86)\Microsoft SQL Server\100\Tools\Binn\VSShell\Common7\IDE\;C:\Program Files (x86)\Microsoft SQL Server\100\DTS\Binn\;C:\Program Files (x86)\Microsoft SQL Server\110\Tools\Binn\;C:\Program Files (x86)\Microsoft SQL Server\110\DTS\Binn\;C:\Program Files\nodejs\;C:\Program Files (x86)\Microsoft SQL Server\160\Tools\Binn\;C:\Program Files\Microsoft SQL Server\160\Tools\Binn\;C:\Program Files\Microsoft SQL Server\Client SDK\ODBC\170\Tools\Binn\;C:\Program Files\Microsoft SQL Server\160\DTS\Binn\;C:\Program Files (x86)\Microsoft SQL Server\160\DTS\Binn\;C:\Program Files\Java\jdk1.8.0_45\bin;E:\vs\Git\cmd;C:\Users\HP\AppData\Local\Microsoft\WindowsApps;C:\Users\HP\Downloads\winlibs-x86_64-posix-seh-gcc-11.2.0-llvm-12.0.1-mingw-w64-9.0.0-r1\mingw64\bin;;C:\Program Files\Azure Data Studio\bin;E:\vs\Microsoft VS Code\bin;C:\Users\HP\AppData\Roaming\npm
USERNAME=HP
OS=Windows_NT
PROCESSOR_IDENTIFIER=Intel64 Family 6 Model 58 Stepping 9, GenuineIntel
TMP=C:\Users\HP\AppData\Local\Temp
TEMP=D:\



Periodic native trim disabled


---------------  S Y S T E M  ---------------

OS:
 Windows 10 , 64 bit Build 19041 (10.0.19041.1)
OS uptime: 0 days 1:10 hours

CPU: total 4 (initial active 4) (2 cores per cpu, 2 threads per core) family 6 model 58 stepping 9 microcode 0x21, cx8, cmov, fxsr, ht, mmx, sse, sse2, sse3, ssse3, sse4.1, sse4.2, popcnt, tsc, tscinvbit, avx, aes, erms, clmul, vzeroupper, clflush
Processor Information for all 4 processors :
  Max Mhz: 2401, Current Mhz: 2401, Mhz Limit: 2401

Memory: 4k page, system-wide physical 3959M (738M free)
TotalPageFile size 4137M (AvailPageFile size 9M)
current process WorkingSet (physical memory assigned to process): 236M, peak: 245M
current process commit charge ("private bytes"): 304M, peak: 313M

vm_info: OpenJDK 64-Bit Server VM (17.0.9+9) for windows-amd64 JRE (17.0.9+9), built on Oct 26 2023 14:01:42 by "admin" with MS VC++ 16.10 / 16.11 (VS2019)

END.
