#
# There is insufficient memory for the Java Runtime Environment to continue.
# Native memory allocation (malloc) failed to allocate 1048576 bytes for AllocateHeap
# Possible reasons:
#   The system is out of physical RAM or swap space
#   The process is running with CompressedOops enabled, and the Java Heap may be blocking the growth of the native heap
# Possible solutions:
#   Reduce memory load on the system
#   Increase physical memory or swap space
#   Check if swap backing store is full
#   Decrease Java heap size (-Xmx/-Xms)
#   Decrease number of Java threads
#   Decrease Java thread stack sizes (-Xss)
#   Set larger code cache with -XX:ReservedCodeCacheSize=
#   JVM is running with Unscaled Compressed Oops mode in which the Java heap is
#     placed in the first 4GB address space. The Java Heap base address is the
#     maximum limit for the native heap growth. Please use -XX:HeapBaseMinAddress
#     to set the Java Heap base and to place the Java Heap above 4GB virtual address.
# This output file may be truncated or incomplete.
#
#  Out of Memory Error (allocation.cpp:44), pid=9108, tid=3872
#
# JRE version: OpenJDK Runtime Environment Temurin-17.0.9+9 (17.0.9+9) (build 17.0.9+9)
# Java VM: OpenJDK 64-Bit Server VM Temurin-17.0.9+9 (17.0.9+9, mixed mode, emulated-client, tiered, compressed oops, compressed class ptrs, g1 gc, windows-amd64)
# No core dump will be written. Minidumps are not enabled by default on client versions of Windows
#

---------------  S U M M A R Y ------------

Command Line: -XX:+HeapDumpOnOutOfMemoryError -Xmx1024m -Dsts.lsp.client=vscode -Dsts.log.file=/dev/null -XX:TieredStopAtLevel=1 -Xlog:jni+resolve=off -Dspring.config.location=file:c:\Users\HP\.vscode\extensions\vmware.vscode-spring-boot-1.50.0\language-server\BOOT-INF\classes\application.properties org.springframework.ide.vscode.boot.app.BootLanguageServerBootApp

Host: Intel(R) Core(TM) i5-3437U CPU @ 1.90GHz, 4 cores, 3G,  Windows 10 , 64 bit Build 19041 (10.0.19041.1)
Time: Fri Dec  1 15:09:29 2023 SE Asia Standard Time elapsed time: 387.952921 seconds (0d 0h 6m 27s)

---------------  T H R E A D  ---------------

Current thread (0x000001cd34968420):  VMThread "VM Thread" [stack: 0x000000bad3800000,0x000000bad3900000] [id=3872]

Stack: [0x000000bad3800000,0x000000bad3900000]
Native frames: (J=compiled Java code, j=interpreted, Vv=VM code, C=native code)
V  [jvm.dll+0x67cf49]
V  [jvm.dll+0x83478a]
V  [jvm.dll+0x83624e]
V  [jvm.dll+0x8368b3]
V  [jvm.dll+0x247f1f]
V  [jvm.dll+0xa6b4b]
V  [jvm.dll+0x2f8e73]
V  [jvm.dll+0x2f4af0]
V  [jvm.dll+0x2dd0d7]
V  [jvm.dll+0x320357]
V  [jvm.dll+0x83adab]
V  [jvm.dll+0x83baf1]
V  [jvm.dll+0x83c00d]
V  [jvm.dll+0x83c3e4]
V  [jvm.dll+0x83c4b0]
V  [jvm.dll+0x7e3c3a]
V  [jvm.dll+0x67be35]
C  [ucrtbase.dll+0x21542]
C  [KERNEL32.DLL+0x16fd4]
C  [ntdll.dll+0x4cf31]

VM_Operation (0x000000bad4afef50): G1CollectFull, mode: safepoint, requested by thread 0x000001cd3a277540


---------------  P R O C E S S  ---------------

Threads class SMR info:
_java_thread_list=0x000001cd3a84a9b0, length=25, elements={
0x000001cd3497f750, 0x000001cd349804e0, 0x000001cd349ad920, 0x000001cd349b05c0,
0x000001cd349b1ea0, 0x000001cd349b2770, 0x000001cd349b30f0, 0x000001cd349de0d0,
0x000001cd34cf7a10, 0x000001cd34d03780, 0x000001cd34b9aa20, 0x000001cd3a277540,
0x000001cd3a17ae70, 0x000001cd2a432e70, 0x000001cd3a27bea0, 0x000001cd3a436020,
0x000001cd3a0271a0, 0x000001cd3a026c90, 0x000001cd3a025850, 0x000001cd3a026270,
0x000001cd3a024e30, 0x000001cd3a024920, 0x000001cd3a026780, 0x000001cd3a70fc20,
0x000001cd3a70a100
}

Java Threads: ( => current thread )
  0x000001cd3497f750 JavaThread "Reference Handler" daemon [_thread_blocked, id=7248, stack(0x000000bad3900000,0x000000bad3a00000)]
  0x000001cd349804e0 JavaThread "Finalizer" daemon [_thread_blocked, id=7080, stack(0x000000bad3a00000,0x000000bad3b00000)]
  0x000001cd349ad920 JavaThread "Signal Dispatcher" daemon [_thread_blocked, id=12088, stack(0x000000bad3b00000,0x000000bad3c00000)]
  0x000001cd349b05c0 JavaThread "Attach Listener" daemon [_thread_blocked, id=9888, stack(0x000000bad3c00000,0x000000bad3d00000)]
  0x000001cd349b1ea0 JavaThread "Service Thread" daemon [_thread_blocked, id=12124, stack(0x000000bad3d00000,0x000000bad3e00000)]
  0x000001cd349b2770 JavaThread "Monitor Deflation Thread" daemon [_thread_blocked, id=6876, stack(0x000000bad3e00000,0x000000bad3f00000)]
  0x000001cd349b30f0 JavaThread "C1 CompilerThread0" daemon [_thread_blocked, id=5768, stack(0x000000bad3f00000,0x000000bad4000000)]
  0x000001cd349de0d0 JavaThread "Sweeper thread" daemon [_thread_blocked, id=2484, stack(0x000000bad4000000,0x000000bad4100000)]
  0x000001cd34cf7a10 JavaThread "Notification Thread" daemon [_thread_blocked, id=3852, stack(0x000000bad4200000,0x000000bad4300000)]
  0x000001cd34d03780 JavaThread "Common-Cleaner" daemon [_thread_blocked, id=3208, stack(0x000000bad4400000,0x000000bad4500000)]
  0x000001cd34b9aa20 JavaThread "boundedElastic-evictor-1" daemon [_thread_blocked, id=492, stack(0x000000bad4800000,0x000000bad4900000)]
  0x000001cd3a277540 JavaThread "pool-11-thread-1" [_thread_blocked, id=5244, stack(0x000000bad4a00000,0x000000bad4b00000)]
  0x000001cd3a17ae70 JavaThread "LanguageServerApp-lifecycle" [_thread_blocked, id=12380, stack(0x000000bad4b00000,0x000000bad4c00000)]
  0x000001cd2a432e70 JavaThread "DestroyJavaVM" [_thread_blocked, id=12840, stack(0x000000bad3100000,0x000000bad3200000)]
  0x000001cd3a27bea0 JavaThread "pool-12-thread-1" [_thread_in_native, id=10440, stack(0x000000bad4c00000,0x000000bad4d00000)]
  0x000001cd3a436020 JavaThread "Simple-Language-Server main thread" daemon [_thread_blocked, id=3644, stack(0x000000bad4d00000,0x000000bad4e00000)]
  0x000001cd3a0271a0 JavaThread "pool-7-thread-1" [_thread_blocked, id=6280, stack(0x000000bad5100000,0x000000bad5200000)]
  0x000001cd3a026c90 JavaThread "parallel-1" daemon [_thread_blocked, id=1832, stack(0x000000bad5200000,0x000000bad5300000)]
  0x000001cd3a025850 JavaThread "Reconciler-1" daemon [_thread_blocked, id=8944, stack(0x000000bad5700000,0x000000bad5800000)]
  0x000001cd3a026270 JavaThread "parallel-2" daemon [_thread_blocked, id=3488, stack(0x000000bad5800000,0x000000bad5900000)]
  0x000001cd3a024e30 JavaThread "pool-5-thread-1" [_thread_blocked, id=6868, stack(0x000000bad5900000,0x000000bad5a00000)]
  0x000001cd3a024920 JavaThread "parallel-3" daemon [_thread_blocked, id=5860, stack(0x000000bad5a00000,0x000000bad5b00000)]
  0x000001cd3a026780 JavaThread "parallel-4" daemon [_thread_blocked, id=12524, stack(0x000000bad4100000,0x000000bad4200000)]
  0x000001cd3a70fc20 JavaThread "OkHttp TaskRunner" daemon [_thread_blocked, id=2208, stack(0x000000bad5f00000,0x000000bad6000000)]
  0x000001cd3a70a100 JavaThread "OkHttp TaskRunner" daemon [_thread_blocked, id=11260, stack(0x000000bad6300000,0x000000bad6400000)]

Other Threads:
=>0x000001cd34968420 VMThread "VM Thread" [stack: 0x000000bad3800000,0x000000bad3900000] [id=3872]
  0x000001cd34cf7ef0 WatcherThread [stack: 0x000000bad4300000,0x000000bad4400000] [id=2424]
  0x000001cd2a471b10 GCTaskThread "GC Thread#0" [stack: 0x000000bad3300000,0x000000bad3400000] [id=4640]
  0x000001cd3944c020 GCTaskThread "GC Thread#1" [stack: 0x000000bad4500000,0x000000bad4600000] [id=6500]
  0x000001cd3950f530 GCTaskThread "GC Thread#2" [stack: 0x000000bad4600000,0x000000bad4700000] [id=1064]
  0x000001cd39a2a4b0 GCTaskThread "GC Thread#3" [stack: 0x000000bad4700000,0x000000bad4800000] [id=12244]
  0x000001cd2a47a970 ConcurrentGCThread "G1 Main Marker" [stack: 0x000000bad3400000,0x000000bad3500000] [id=10340]
  0x000001cd2a47b2a0 ConcurrentGCThread "G1 Conc#0" [stack: 0x000000bad3500000,0x000000bad3600000] [id=10548]
  0x000001cd2a4b6de0 ConcurrentGCThread "G1 Refine#0" [stack: 0x000000bad3600000,0x000000bad3700000] [id=12404]
  0x000001cd2a4b7720 ConcurrentGCThread "G1 Service" [stack: 0x000000bad3700000,0x000000bad3800000] [id=2104]

Threads with active compile tasks:

VM state: at safepoint (normal execution)

VM Mutex/Monitor currently owned by a thread:  ([mutex/lock_event])
[0x000001cd2829dd70] Threads_lock - owner thread: 0x000001cd34968420
[0x000001cd2a431b70] Heap_lock - owner thread: 0x000001cd3a277540

Heap address: 0x00000000c0000000, size: 1024 MB, Compressed Oops mode: 32-bit

CDS archive(s) not mapped
Compressed class space mapped at: 0x0000000100000000-0x0000000140000000, reserved size: 1073741824
Narrow klass base: 0x0000000000000000, Narrow klass shift: 3, Narrow klass range: 0x140000000

GC Precious Log:
 CPUs: 4 total, 4 available
 Memory: 3959M
 Large Page Support: Disabled
 NUMA Support: Disabled
 Compressed Oops: Enabled (32-bit)
 Heap Region Size: 1M
 Heap Min Capacity: 8M
 Heap Initial Capacity: 62M
 Heap Max Capacity: 1G
 Pre-touch: Disabled
 Parallel Workers: 4
 Concurrent Workers: 1
 Concurrent Refinement Workers: 4
 Periodic GC: Disabled

Heap:
 garbage-first heap   total 89088K, used 30192K [0x00000000c0000000, 0x0000000100000000)
  region size 1024K, 1 young (1024K), 0 survivors (0K)
 Metaspace       used 57989K, committed 58368K, reserved 1114112K
  class space    used 7185K, committed 7360K, reserved 1048576K

Heap Regions: E=young(eden), S=young(survivor), O=old, HS=humongous(starts), HC=humongous(continues), CS=collection set, F=free, OA=open archive, CA=closed archive, TAMS=top-at-mark-start (previous, next)
|   0|0x00000000c0000000, 0x00000000c0100000, 0x00000000c0100000|100%| O|  |TAMS 0x00000000c0100000, 0x00000000c0000000| Untracked 
|   1|0x00000000c0100000, 0x00000000c0200000, 0x00000000c0200000|100%| O|  |TAMS 0x00000000c0200000, 0x00000000c0100000| Untracked 
|   2|0x00000000c0200000, 0x00000000c0300000, 0x00000000c0300000|100%| O|  |TAMS 0x00000000c0300000, 0x00000000c0200000| Untracked 
|   3|0x00000000c0300000, 0x00000000c0400000, 0x00000000c0400000|100%| O|  |TAMS 0x00000000c0400000, 0x00000000c0300000| Untracked 
|   4|0x00000000c0400000, 0x00000000c04fee60, 0x00000000c0500000| 99%| O|  |TAMS 0x00000000c04fee60, 0x00000000c0400000| Untracked 
|   5|0x00000000c0500000, 0x00000000c0600000, 0x00000000c0600000|100%| O|  |TAMS 0x00000000c0600000, 0x00000000c0500000| Untracked 
|   6|0x00000000c0600000, 0x00000000c0700000, 0x00000000c0700000|100%| O|  |TAMS 0x00000000c0700000, 0x00000000c0600000| Untracked 
|   7|0x00000000c0700000, 0x00000000c07ffff0, 0x00000000c0800000| 99%| O|  |TAMS 0x00000000c07ffff0, 0x00000000c0700000| Untracked 
|   8|0x00000000c0800000, 0x00000000c08f52a0, 0x00000000c0900000| 95%| O|  |TAMS 0x00000000c08f52a0, 0x00000000c0800000| Untracked 
|   9|0x00000000c0900000, 0x00000000c09ffff8, 0x00000000c0a00000| 99%| O|  |TAMS 0x00000000c09ffff8, 0x00000000c0900000| Untracked 
|  10|0x00000000c0a00000, 0x00000000c0afffc0, 0x00000000c0b00000| 99%| O|  |TAMS 0x00000000c0afffc0, 0x00000000c0a00000| Untracked 
|  11|0x00000000c0b00000, 0x00000000c0bffff8, 0x00000000c0c00000| 99%| O|  |TAMS 0x00000000c0bffff8, 0x00000000c0b00000| Untracked 
|  12|0x00000000c0c00000, 0x00000000c0d00000, 0x00000000c0d00000|100%| O|  |TAMS 0x00000000c0d00000, 0x00000000c0c00000| Untracked 
|  13|0x00000000c0d00000, 0x00000000c0dff3c0, 0x00000000c0e00000| 99%| O|  |TAMS 0x00000000c0dff3c0, 0x00000000c0d00000| Untracked 
|  14|0x00000000c0e00000, 0x00000000c0efffc8, 0x00000000c0f00000| 99%| O|  |TAMS 0x00000000c0efffc8, 0x00000000c0e00000| Untracked 
|  15|0x00000000c0f00000, 0x00000000c0ffffe8, 0x00000000c1000000| 99%| O|  |TAMS 0x00000000c0ffffe8, 0x00000000c0f00000| Untracked 
|  16|0x00000000c1000000, 0x00000000c10ffff0, 0x00000000c1100000| 99%| O|  |TAMS 0x00000000c10ffff0, 0x00000000c1000000| Untracked 
|  17|0x00000000c1100000, 0x00000000c11fffd8, 0x00000000c1200000| 99%| O|  |TAMS 0x00000000c11fffd8, 0x00000000c1100000| Untracked 
|  18|0x00000000c1200000, 0x00000000c12feda8, 0x00000000c1300000| 99%| O|  |TAMS 0x00000000c12feda8, 0x00000000c1200000| Untracked 
|  19|0x00000000c1300000, 0x00000000c13ffff8, 0x00000000c1400000| 99%| O|  |TAMS 0x00000000c13ffff8, 0x00000000c1300000| Untracked 
|  20|0x00000000c1400000, 0x00000000c1500000, 0x00000000c1500000|100%| O|  |TAMS 0x00000000c1500000, 0x00000000c1400000| Untracked 
|  21|0x00000000c1500000, 0x00000000c1600000, 0x00000000c1600000|100%| O|  |TAMS 0x00000000c1600000, 0x00000000c1500000| Untracked 
|  22|0x00000000c1600000, 0x00000000c16fffe8, 0x00000000c1700000| 99%| O|  |TAMS 0x00000000c16fffe8, 0x00000000c1600000| Untracked 
|  23|0x00000000c1700000, 0x00000000c17ffff0, 0x00000000c1800000| 99%| O|  |TAMS 0x00000000c17ffff0, 0x00000000c1700000| Untracked 
|  24|0x00000000c1800000, 0x00000000c185e248, 0x00000000c1900000| 36%| O|  |TAMS 0x00000000c1800000, 0x00000000c1800000| Untracked 
|  25|0x00000000c1900000, 0x00000000c1a00000, 0x00000000c1a00000|100%|HS|  |TAMS 0x00000000c1a00000, 0x00000000c1900000| Untracked 
|  26|0x00000000c1a00000, 0x00000000c1ad87f8, 0x00000000c1b00000| 84%| O|  |TAMS 0x00000000c1a00000, 0x00000000c1a00000| Untracked 
|  27|0x00000000c1b00000, 0x00000000c1b54748, 0x00000000c1c00000| 32%| O|  |TAMS 0x00000000c1b00000, 0x00000000c1b00000| Untracked 
|  28|0x00000000c1c00000, 0x00000000c1c00000, 0x00000000c1d00000|  0%| F|  |TAMS 0x00000000c1c00000, 0x00000000c1c00000| Untracked 
|  29|0x00000000c1d00000, 0x00000000c1dfeff0, 0x00000000c1e00000| 99%| O|  |TAMS 0x00000000c1dfeff0, 0x00000000c1d00000| Untracked 
|  30|0x00000000c1e00000, 0x00000000c1e00000, 0x00000000c1f00000|  0%| F|  |TAMS 0x00000000c1e00000, 0x00000000c1e00000| Untracked 
|  31|0x00000000c1f00000, 0x00000000c1f00000, 0x00000000c2000000|  0%| F|  |TAMS 0x00000000c1f00000, 0x00000000c1f00000| Untracked 
|  32|0x00000000c2000000, 0x00000000c2000000, 0x00000000c2100000|  0%| F|  |TAMS 0x00000000c2000000, 0x00000000c2000000| Untracked 
|  33|0x00000000c2100000, 0x00000000c2100000, 0x00000000c2200000|  0%| F|  |TAMS 0x00000000c2100000, 0x00000000c2100000| Untracked 
|  34|0x00000000c2200000, 0x00000000c2200000, 0x00000000c2300000|  0%| F|  |TAMS 0x00000000c2200000, 0x00000000c2200000| Untracked 
|  35|0x00000000c2300000, 0x00000000c2300000, 0x00000000c2400000|  0%| F|  |TAMS 0x00000000c2300000, 0x00000000c2300000| Untracked 
|  36|0x00000000c2400000, 0x00000000c2400000, 0x00000000c2500000|  0%| F|  |TAMS 0x00000000c2400000, 0x00000000c2400000| Untracked 
|  37|0x00000000c2500000, 0x00000000c2500000, 0x00000000c2600000|  0%| F|  |TAMS 0x00000000c2500000, 0x00000000c2500000| Untracked 
|  38|0x00000000c2600000, 0x00000000c2600000, 0x00000000c2700000|  0%| F|  |TAMS 0x00000000c2600000, 0x00000000c2600000| Untracked 
|  39|0x00000000c2700000, 0x00000000c2700000, 0x00000000c2800000|  0%| F|  |TAMS 0x00000000c2700000, 0x00000000c2700000| Untracked 
|  40|0x00000000c2800000, 0x00000000c2800000, 0x00000000c2900000|  0%| F|  |TAMS 0x00000000c2800000, 0x00000000c2800000| Untracked 
|  41|0x00000000c2900000, 0x00000000c2900000, 0x00000000c2a00000|  0%| F|  |TAMS 0x00000000c2900000, 0x00000000c2900000| Untracked 
|  42|0x00000000c2a00000, 0x00000000c2a00000, 0x00000000c2b00000|  0%| F|  |TAMS 0x00000000c2a00000, 0x00000000c2a00000| Untracked 
|  43|0x00000000c2b00000, 0x00000000c2b00000, 0x00000000c2c00000|  0%| F|  |TAMS 0x00000000c2b00000, 0x00000000c2b00000| Untracked 
|  44|0x00000000c2c00000, 0x00000000c2c00000, 0x00000000c2d00000|  0%| F|  |TAMS 0x00000000c2c00000, 0x00000000c2c00000| Untracked 
|  45|0x00000000c2d00000, 0x00000000c2d00000, 0x00000000c2e00000|  0%| F|  |TAMS 0x00000000c2d00000, 0x00000000c2d00000| Untracked 
|  46|0x00000000c2e00000, 0x00000000c2e00000, 0x00000000c2f00000|  0%| F|  |TAMS 0x00000000c2e00000, 0x00000000c2e00000| Untracked 
|  47|0x00000000c2f00000, 0x00000000c2f00000, 0x00000000c3000000|  0%| F|  |TAMS 0x00000000c2f00000, 0x00000000c2f00000| Untracked 
|  48|0x00000000c3000000, 0x00000000c3000000, 0x00000000c3100000|  0%| F|  |TAMS 0x00000000c3000000, 0x00000000c3000000| Untracked 
|  49|0x00000000c3100000, 0x00000000c3100000, 0x00000000c3200000|  0%| F|  |TAMS 0x00000000c3100000, 0x00000000c3100000| Untracked 
|  50|0x00000000c3200000, 0x00000000c3200000, 0x00000000c3300000|  0%| F|  |TAMS 0x00000000c3200000, 0x00000000c3200000| Untracked 
|  51|0x00000000c3300000, 0x00000000c3300000, 0x00000000c3400000|  0%| F|  |TAMS 0x00000000c3300000, 0x00000000c3300000| Untracked 
|  52|0x00000000c3400000, 0x00000000c3400000, 0x00000000c3500000|  0%| F|  |TAMS 0x00000000c3400000, 0x00000000c3400000| Untracked 
|  53|0x00000000c3500000, 0x00000000c3500000, 0x00000000c3600000|  0%| F|  |TAMS 0x00000000c3500000, 0x00000000c3500000| Untracked 
|  54|0x00000000c3600000, 0x00000000c3600000, 0x00000000c3700000|  0%| F|  |TAMS 0x00000000c3600000, 0x00000000c3600000| Untracked 
|  55|0x00000000c3700000, 0x00000000c3700000, 0x00000000c3800000|  0%| F|  |TAMS 0x00000000c3700000, 0x00000000c3700000| Untracked 
|  56|0x00000000c3800000, 0x00000000c3800000, 0x00000000c3900000|  0%| F|  |TAMS 0x00000000c3800000, 0x00000000c3800000| Untracked 
|  57|0x00000000c3900000, 0x00000000c3900000, 0x00000000c3a00000|  0%| F|  |TAMS 0x00000000c3900000, 0x00000000c3900000| Untracked 
|  58|0x00000000c3a00000, 0x00000000c3a00000, 0x00000000c3b00000|  0%| F|  |TAMS 0x00000000c3a00000, 0x00000000c3a00000| Untracked 
|  59|0x00000000c3b00000, 0x00000000c3b00000, 0x00000000c3c00000|  0%| F|  |TAMS 0x00000000c3b00000, 0x00000000c3b00000| Untracked 
|  60|0x00000000c3c00000, 0x00000000c3c00000, 0x00000000c3d00000|  0%| F|  |TAMS 0x00000000c3c00000, 0x00000000c3c00000| Untracked 
|  61|0x00000000c3d00000, 0x00000000c3d00000, 0x00000000c3e00000|  0%| F|  |TAMS 0x00000000c3d00000, 0x00000000c3d00000| Untracked 
|  62|0x00000000c3e00000, 0x00000000c3e00000, 0x00000000c3f00000|  0%| F|  |TAMS 0x00000000c3e00000, 0x00000000c3e00000| Untracked 
|  63|0x00000000c3f00000, 0x00000000c3f00000, 0x00000000c4000000|  0%| F|  |TAMS 0x00000000c3f00000, 0x00000000c3f00000| Untracked 
|  64|0x00000000c4000000, 0x00000000c4000000, 0x00000000c4100000|  0%| F|  |TAMS 0x00000000c4000000, 0x00000000c4000000| Untracked 
|  65|0x00000000c4100000, 0x00000000c4100000, 0x00000000c4200000|  0%| F|  |TAMS 0x00000000c4100000, 0x00000000c4100000| Untracked 
|  66|0x00000000c4200000, 0x00000000c4200000, 0x00000000c4300000|  0%| F|  |TAMS 0x00000000c4200000, 0x00000000c4200000| Untracked 
|  67|0x00000000c4300000, 0x00000000c4300000, 0x00000000c4400000|  0%| F|  |TAMS 0x00000000c4300000, 0x00000000c4300000| Untracked 
|  68|0x00000000c4400000, 0x00000000c4400000, 0x00000000c4500000|  0%| F|  |TAMS 0x00000000c4400000, 0x00000000c4400000| Untracked 
|  69|0x00000000c4500000, 0x00000000c4500000, 0x00000000c4600000|  0%| F|  |TAMS 0x00000000c4500000, 0x00000000c4500000| Untracked 
|  70|0x00000000c4600000, 0x00000000c4600000, 0x00000000c4700000|  0%| F|  |TAMS 0x00000000c4600000, 0x00000000c4600000| Untracked 
|  71|0x00000000c4700000, 0x00000000c47ffe58, 0x00000000c4800000| 99%| O|  |TAMS 0x00000000c47ffe58, 0x00000000c4700000| Untracked 
|  72|0x00000000c4800000, 0x00000000c4800000, 0x00000000c4900000|  0%| F|  |TAMS 0x00000000c4800000, 0x00000000c4800000| Untracked 
|  73|0x00000000c4900000, 0x00000000c4900000, 0x00000000c4a00000|  0%| F|  |TAMS 0x00000000c4900000, 0x00000000c4900000| Untracked 
|  74|0x00000000c4a00000, 0x00000000c4a00000, 0x00000000c4b00000|  0%| F|  |TAMS 0x00000000c4a00000, 0x00000000c4a00000| Untracked 
|  75|0x00000000c4b00000, 0x00000000c4b00000, 0x00000000c4c00000|  0%| F|  |TAMS 0x00000000c4b00000, 0x00000000c4b00000| Untracked 
|  76|0x00000000c4c00000, 0x00000000c4c00000, 0x00000000c4d00000|  0%| F|  |TAMS 0x00000000c4c00000, 0x00000000c4c00000| Untracked 
|  77|0x00000000c4d00000, 0x00000000c4d00000, 0x00000000c4e00000|  0%| F|  |TAMS 0x00000000c4d00000, 0x00000000c4d00000| Untracked 
|  78|0x00000000c4e00000, 0x00000000c4e00000, 0x00000000c4f00000|  0%| F|  |TAMS 0x00000000c4e00000, 0x00000000c4e00000| Untracked 
|  79|0x00000000c4f00000, 0x00000000c4f00000, 0x00000000c5000000|  0%| F|  |TAMS 0x00000000c4f00000, 0x00000000c4f00000| Untracked 
|  80|0x00000000c5000000, 0x00000000c5100000, 0x00000000c5100000|100%| O|  |TAMS 0x00000000c5100000, 0x00000000c5000000| Untracked 
|  81|0x00000000c5100000, 0x00000000c5100000, 0x00000000c5200000|  0%| F|  |TAMS 0x00000000c5100000, 0x00000000c5100000| Untracked 
|  82|0x00000000c5200000, 0x00000000c5200000, 0x00000000c5300000|  0%| F|  |TAMS 0x00000000c5200000, 0x00000000c5200000| Untracked 
|  83|0x00000000c5300000, 0x00000000c5300000, 0x00000000c5400000|  0%| F|  |TAMS 0x00000000c5300000, 0x00000000c5300000| Untracked 
|  84|0x00000000c5400000, 0x00000000c5400000, 0x00000000c5500000|  0%| F|  |TAMS 0x00000000c5400000, 0x00000000c5400000| Untracked 
|  85|0x00000000c5500000, 0x00000000c5500000, 0x00000000c5600000|  0%| F|  |TAMS 0x00000000c5500000, 0x00000000c5500000| Untracked 
|  86|0x00000000c5600000, 0x00000000c56121b0, 0x00000000c5700000|  7%| E|  |TAMS 0x00000000c5600000, 0x00000000c5600000| Complete 

Card table byte_map: [0x000001cd300d0000,0x000001cd302d0000] _byte_map_base: 0x000001cd2fad0000

Marking Bits (Prev, Next): (CMBitMap*) 0x000001cd2a472040, (CMBitMap*) 0x000001cd2a472080
 Prev Bits: [0x000001cd304d0000, 0x000001cd314d0000)
 Next Bits: [0x000001cd314d0000, 0x000001cd324d0000)

Polling page: 0x000001cd285c0000

Metaspace:

Usage:
  Non-class:     49.61 MB used.
      Class:      7.02 MB used.
       Both:     56.63 MB used.

Virtual space:
  Non-class space:       64.00 MB reserved,      49.81 MB ( 78%) committed,  1 nodes.
      Class space:        1.00 GB reserved,       7.19 MB ( <1%) committed,  1 nodes.
             Both:        1.06 GB reserved,      57.00 MB (  5%) committed. 

Chunk freelists:
   Non-Class:  13.69 MB
       Class:  8.63 MB
        Both:  22.32 MB

MaxMetaspaceSize: unlimited
CompressedClassSpaceSize: 1.00 GB
Initial GC threshold: 21.00 MB
Current GC threshold: 95.00 MB
CDS: off
MetaspaceReclaimPolicy: balanced
 - commit_granule_bytes: 65536.
 - commit_granule_words: 8192.
 - virtual_space_node_default_size: 8388608.
 - enlarge_chunks_in_place: 1.
 - new_chunks_are_fully_committed: 0.
 - uncommit_free_chunks: 1.
 - use_allocation_guard: 0.
 - handle_deallocations: 1.


Internal statistics:

num_allocs_failed_limit: 8.
num_arena_births: 686.
num_arena_deaths: 244.
num_vsnodes_births: 2.
num_vsnodes_deaths: 0.
num_space_committed: 912.
num_space_uncommitted: 0.
num_chunks_returned_to_freelist: 298.
num_chunks_taken_from_freelist: 2612.
num_chunk_merges: 96.
num_chunk_splits: 1728.
num_chunks_enlarged: 1300.
num_inconsistent_stats: 0.

CodeCache: size=49152Kb used=11650Kb max_used=12209Kb free=37501Kb
 bounds [0x000001cd2d0d0000, 0x000001cd2dd40000, 0x000001cd300d0000]
 total_blobs=7030 nmethods=6360 adapters=597
 compilation: enabled
              stopped_count=0, restarted_count=0
 full_count=0

Compilation events (20 events):
Event: 302.634 Thread 0x000001cd349b30f0 6364       1       org.eclipse.jdt.internal.compiler.ast.SingleTypeReference::getTypeBinding (147 bytes)
Event: 302.635 Thread 0x000001cd349b30f0 nmethod 6364 0x000001cd2dc8ab10 code [0x000001cd2dc8ad20, 0x000001cd2dc8b2d8]
Event: 302.635 Thread 0x000001cd349b30f0 6365       1       org.eclipse.jdt.internal.compiler.ast.TypeReference::resolveType (8 bytes)
Event: 302.635 Thread 0x000001cd349b30f0 nmethod 6365 0x000001cd2dc8a810 code [0x000001cd2dc8a9a0, 0x000001cd2dc8aa88]
Event: 302.635 Thread 0x000001cd349b30f0 6363       1       org.eclipse.jdt.internal.compiler.lookup.ReferenceBinding::getTypeVariable (37 bytes)
Event: 302.635 Thread 0x000001cd39dc5770 6368       1       org.eclipse.jdt.internal.compiler.codegen.VerificationTypeInfo::id (5 bytes)
Event: 302.635 Thread 0x000001cd39dc5770 nmethod 6368 0x000001cd2dc8a510 code [0x000001cd2dc8a6a0, 0x000001cd2dc8a778]
Event: 302.635 Thread 0x000001cd39dc5770 6367       1       org.eclipse.jdt.internal.compiler.ast.ASTNode::isImplicitThis (2 bytes)
Event: 302.636 Thread 0x000001cd39dc5770 nmethod 6367 0x000001cd2dc8a210 code [0x000001cd2dc8a3a0, 0x000001cd2dc8a478]
Event: 302.636 Thread 0x000001cd39dc5770 6369       1       org.eclipse.jdt.core.dom.AST::isPreviewEnabledSet (5 bytes)
Event: 302.636 Thread 0x000001cd349b30f0 nmethod 6363 0x000001cd2dc89d10 code [0x000001cd2dc89ec0, 0x000001cd2dc8a078]
Event: 302.636 Thread 0x000001cd39dc5770 nmethod 6369 0x000001cd2dc89a10 code [0x000001cd2dc89ba0, 0x000001cd2dc89c78]
Event: 317.323 Thread 0x000001cd349b30f0 6370       1       java.util.concurrent.ScheduledThreadPoolExecutor::canRunInCurrentRunState (61 bytes)
Event: 317.324 Thread 0x000001cd349b30f0 nmethod 6370 0x000001cd2dc89410 code [0x000001cd2dc895e0, 0x000001cd2dc898b8]
Event: 328.468 Thread 0x000001cd349b30f0 6371       1       okio._UtilKt::checkOffsetAndCount (71 bytes)
Event: 328.469 Thread 0x000001cd349b30f0 nmethod 6371 0x000001cd2dc88d10 code [0x000001cd2dc88f20, 0x000001cd2dc89228]
Event: 328.469 Thread 0x000001cd349b30f0 6372       1       okio.AsyncTimeout::access$getInQueue$p (5 bytes)
Event: 328.469 Thread 0x000001cd349b30f0 nmethod 6372 0x000001cd2dc88a10 code [0x000001cd2dc88ba0, 0x000001cd2dc88c58]
Event: 386.338 Thread 0x000001cd349b30f0 6373       1       java.util.concurrent.ThreadPoolExecutor::isRunning (10 bytes)
Event: 386.338 Thread 0x000001cd349b30f0 nmethod 6373 0x000001cd2dc88710 code [0x000001cd2dc888a0, 0x000001cd2dc88958]

GC Heap History (20 events):
Event: 260.893 GC heap before
{Heap before GC invocations=42 (full 10):
 garbage-first heap   total 89088K, used 25681K [0x00000000c0000000, 0x0000000100000000)
  region size 1024K, 1 young (1024K), 0 survivors (0K)
 Metaspace       used 57953K, committed 58368K, reserved 1114112K
  class space    used 7179K, committed 7360K, reserved 1048576K
}
Event: 260.949 GC heap after
{Heap after GC invocations=43 (full 11):
 garbage-first heap   total 89088K, used 25306K [0x00000000c0000000, 0x0000000100000000)
  region size 1024K, 0 young (0K), 0 survivors (0K)
 Metaspace       used 57948K, committed 58368K, reserved 1114112K
  class space    used 7177K, committed 7360K, reserved 1048576K
}
Event: 271.121 GC heap before
{Heap before GC invocations=43 (full 11):
 garbage-first heap   total 89088K, used 25306K [0x00000000c0000000, 0x0000000100000000)
  region size 1024K, 1 young (1024K), 0 survivors (0K)
 Metaspace       used 57948K, committed 58368K, reserved 1114112K
  class space    used 7177K, committed 7360K, reserved 1048576K
}
Event: 271.176 GC heap after
{Heap after GC invocations=44 (full 12):
 garbage-first heap   total 89088K, used 25306K [0x00000000c0000000, 0x0000000100000000)
  region size 1024K, 0 young (0K), 0 survivors (0K)
 Metaspace       used 57948K, committed 58368K, reserved 1114112K
  class space    used 7177K, committed 7360K, reserved 1048576K
}
Event: 281.339 GC heap before
{Heap before GC invocations=44 (full 12):
 garbage-first heap   total 89088K, used 25306K [0x00000000c0000000, 0x0000000100000000)
  region size 1024K, 1 young (1024K), 0 survivors (0K)
 Metaspace       used 57948K, committed 58368K, reserved 1114112K
  class space    used 7177K, committed 7360K, reserved 1048576K
}
Event: 281.383 GC heap after
{Heap after GC invocations=45 (full 13):
 garbage-first heap   total 89088K, used 25306K [0x00000000c0000000, 0x0000000100000000)
  region size 1024K, 0 young (0K), 0 survivors (0K)
 Metaspace       used 57948K, committed 58368K, reserved 1114112K
  class space    used 7177K, committed 7360K, reserved 1048576K
}
Event: 291.564 GC heap before
{Heap before GC invocations=45 (full 13):
 garbage-first heap   total 89088K, used 25306K [0x00000000c0000000, 0x0000000100000000)
  region size 1024K, 1 young (1024K), 0 survivors (0K)
 Metaspace       used 57948K, committed 58368K, reserved 1114112K
  class space    used 7177K, committed 7360K, reserved 1048576K
}
Event: 291.612 GC heap after
{Heap after GC invocations=46 (full 14):
 garbage-first heap   total 89088K, used 25306K [0x00000000c0000000, 0x0000000100000000)
  region size 1024K, 0 young (0K), 0 survivors (0K)
 Metaspace       used 57948K, committed 58368K, reserved 1114112K
  class space    used 7177K, committed 7360K, reserved 1048576K
}
Event: 301.798 GC heap before
{Heap before GC invocations=46 (full 14):
 garbage-first heap   total 89088K, used 25306K [0x00000000c0000000, 0x0000000100000000)
  region size 1024K, 1 young (1024K), 0 survivors (0K)
 Metaspace       used 57948K, committed 58368K, reserved 1114112K
  class space    used 7177K, committed 7360K, reserved 1048576K
}
Event: 301.855 GC heap after
{Heap after GC invocations=47 (full 15):
 garbage-first heap   total 89088K, used 25306K [0x00000000c0000000, 0x0000000100000000)
  region size 1024K, 0 young (0K), 0 survivors (0K)
 Metaspace       used 57948K, committed 58368K, reserved 1114112K
  class space    used 7177K, committed 7360K, reserved 1048576K
}
Event: 302.535 GC heap before
{Heap before GC invocations=47 (full 15):
 garbage-first heap   total 89088K, used 27354K [0x00000000c0000000, 0x0000000100000000)
  region size 1024K, 4 young (4096K), 0 survivors (0K)
 Metaspace       used 57948K, committed 58368K, reserved 1114112K
  class space    used 7177K, committed 7360K, reserved 1048576K
}
Event: 302.537 GC heap after
{Heap after GC invocations=48 (full 15):
 garbage-first heap   total 89088K, used 29028K [0x00000000c0000000, 0x0000000100000000)
  region size 1024K, 4 young (4096K), 4 survivors (4096K)
 Metaspace       used 57948K, committed 58368K, reserved 1114112K
  class space    used 7177K, committed 7360K, reserved 1048576K
}
Event: 342.284 GC heap before
{Heap before GC invocations=49 (full 15):
 garbage-first heap   total 89088K, used 43364K [0x00000000c0000000, 0x0000000100000000)
  region size 1024K, 18 young (18432K), 4 survivors (4096K)
 Metaspace       used 57989K, committed 58368K, reserved 1114112K
  class space    used 7185K, committed 7360K, reserved 1048576K
}
Event: 342.343 GC heap after
{Heap after GC invocations=50 (full 16):
 garbage-first heap   total 89088K, used 31216K [0x00000000c0000000, 0x0000000100000000)
  region size 1024K, 0 young (0K), 0 survivors (0K)
 Metaspace       used 57989K, committed 58368K, reserved 1114112K
  class space    used 7185K, committed 7360K, reserved 1048576K
}
Event: 352.622 GC heap before
{Heap before GC invocations=50 (full 16):
 garbage-first heap   total 89088K, used 31216K [0x00000000c0000000, 0x0000000100000000)
  region size 1024K, 1 young (1024K), 0 survivors (0K)
 Metaspace       used 57989K, committed 58368K, reserved 1114112K
  class space    used 7185K, committed 7360K, reserved 1048576K
}
Event: 352.682 GC heap after
{Heap after GC invocations=51 (full 17):
 garbage-first heap   total 89088K, used 30197K [0x00000000c0000000, 0x0000000100000000)
  region size 1024K, 0 young (0K), 0 survivors (0K)
 Metaspace       used 57989K, committed 58368K, reserved 1114112K
  class space    used 7185K, committed 7360K, reserved 1048576K
}
Event: 362.994 GC heap before
{Heap before GC invocations=51 (full 17):
 garbage-first heap   total 89088K, used 30197K [0x00000000c0000000, 0x0000000100000000)
  region size 1024K, 1 young (1024K), 0 survivors (0K)
 Metaspace       used 57989K, committed 58368K, reserved 1114112K
  class space    used 7185K, committed 7360K, reserved 1048576K
}
Event: 363.051 GC heap after
{Heap after GC invocations=52 (full 18):
 garbage-first heap   total 89088K, used 30197K [0x00000000c0000000, 0x0000000100000000)
  region size 1024K, 0 young (0K), 0 survivors (0K)
 Metaspace       used 57989K, committed 58368K, reserved 1114112K
  class space    used 7185K, committed 7360K, reserved 1048576K
}
Event: 373.305 GC heap before
{Heap before GC invocations=52 (full 18):
 garbage-first heap   total 89088K, used 30197K [0x00000000c0000000, 0x0000000100000000)
  region size 1024K, 1 young (1024K), 0 survivors (0K)
 Metaspace       used 57989K, committed 58368K, reserved 1114112K
  class space    used 7185K, committed 7360K, reserved 1048576K
}
Event: 373.363 GC heap after
{Heap after GC invocations=53 (full 19):
 garbage-first heap   total 89088K, used 30192K [0x00000000c0000000, 0x0000000100000000)
  region size 1024K, 0 young (0K), 0 survivors (0K)
 Metaspace       used 57989K, committed 58368K, reserved 1114112K
  class space    used 7185K, committed 7360K, reserved 1048576K
}

Dll operation events (9 events):
Event: 0.015 Loaded shared library c:\Users\HP\.vscode\extensions\redhat.java-1.25.0-win32-x64\jre\17.0.9-win32-x86_64\bin\java.dll
Event: 2.841 Loaded shared library C:\Users\HP\.vscode\extensions\redhat.java-1.25.0-win32-x64\jre\17.0.9-win32-x86_64\bin\net.dll
Event: 2.843 Loaded shared library C:\Users\HP\.vscode\extensions\redhat.java-1.25.0-win32-x64\jre\17.0.9-win32-x86_64\bin\nio.dll
Event: 2.864 Loaded shared library C:\Users\HP\.vscode\extensions\redhat.java-1.25.0-win32-x64\jre\17.0.9-win32-x86_64\bin\zip.dll
Event: 4.919 Loaded shared library C:\Users\HP\.vscode\extensions\redhat.java-1.25.0-win32-x64\jre\17.0.9-win32-x86_64\bin\jimage.dll
Event: 16.218 Loaded shared library c:\Users\HP\.vscode\extensions\redhat.java-1.25.0-win32-x64\jre\17.0.9-win32-x86_64\bin\verify.dll
Event: 17.686 Loaded shared library C:\Users\HP\.vscode\extensions\redhat.java-1.25.0-win32-x64\jre\17.0.9-win32-x86_64\bin\management.dll
Event: 17.692 Loaded shared library C:\Users\HP\.vscode\extensions\redhat.java-1.25.0-win32-x64\jre\17.0.9-win32-x86_64\bin\management_ext.dll
Event: 23.471 Loaded shared library C:\Users\HP\.vscode\extensions\redhat.java-1.25.0-win32-x64\jre\17.0.9-win32-x86_64\bin\sunmscapi.dll

Deoptimization events (20 events):
Event: 24.551 Thread 0x000001cd3a0276b0 DEOPT PACKING pc=0x000001cd2d796ee4 sp=0x000000bad54fcf30
Event: 24.551 Thread 0x000001cd3a0276b0 DEOPT UNPACKING pc=0x000001cd2d127143 sp=0x000000bad54fc3a8 mode 0
Event: 27.874 Thread 0x000001cd3a025d60 DEOPT PACKING pc=0x000001cd2da4bb6e sp=0x000000bad53fd0e0
Event: 27.874 Thread 0x000001cd3a025d60 DEOPT UNPACKING pc=0x000001cd2d127143 sp=0x000000bad53fc5d8 mode 3
Event: 65.757 Thread 0x000001cd3a024e30 DEOPT PACKING pc=0x000001cd2db3d84f sp=0x000000bad59fddd0
Event: 65.757 Thread 0x000001cd3a024e30 DEOPT UNPACKING pc=0x000001cd2d127143 sp=0x000000bad59fd2c0 mode 3
Event: 66.278 Thread 0x000001cd3a024e30 DEOPT PACKING pc=0x000001cd2d21940c sp=0x000000bad59fe550
Event: 66.278 Thread 0x000001cd3a024e30 DEOPT UNPACKING pc=0x000001cd2d127143 sp=0x000000bad59fdab8 mode 0
Event: 66.278 Thread 0x000001cd3a024e30 DEOPT PACKING pc=0x000001cd2d214e4c sp=0x000000bad59fe680
Event: 66.278 Thread 0x000001cd3a024e30 DEOPT UNPACKING pc=0x000001cd2d127143 sp=0x000000bad59fdb60 mode 0
Event: 66.278 Thread 0x000001cd3a024e30 DEOPT PACKING pc=0x000001cd2d21940c sp=0x000000bad59fe7b0
Event: 66.278 Thread 0x000001cd3a024e30 DEOPT UNPACKING pc=0x000001cd2d127143 sp=0x000000bad59fdd18 mode 0
Event: 66.278 Thread 0x000001cd3a024e30 DEOPT PACKING pc=0x000001cd2d214e4c sp=0x000000bad59fe8e0
Event: 66.278 Thread 0x000001cd3a024e30 DEOPT UNPACKING pc=0x000001cd2d127143 sp=0x000000bad59fddd8 mode 0
Event: 66.334 Thread 0x000001cd3a024e30 DEOPT PACKING pc=0x000001cd2d21940c sp=0x000000bad59fec50
Event: 66.334 Thread 0x000001cd3a024e30 DEOPT UNPACKING pc=0x000001cd2d127143 sp=0x000000bad59fe1b8 mode 0
Event: 66.334 Thread 0x000001cd3a024e30 DEOPT PACKING pc=0x000001cd2d214e4c sp=0x000000bad59fed80
Event: 66.334 Thread 0x000001cd3a024e30 DEOPT UNPACKING pc=0x000001cd2d127143 sp=0x000000bad59fe278 mode 0
Event: 181.670 Thread 0x000001cd3a27bea0 DEOPT PACKING pc=0x000001cd2d6dacd4 sp=0x000000bad4cff1c0
Event: 181.670 Thread 0x000001cd3a27bea0 DEOPT UNPACKING pc=0x000001cd2d127143 sp=0x000000bad4cfe648 mode 0

Classes unloaded (20 events):
Event: 62.345 Thread 0x000001cd34968420 Unloading class 0x0000000100089800 'java/lang/invoke/LambdaForm$MH+0x0000000100089800'
Event: 62.345 Thread 0x000001cd34968420 Unloading class 0x0000000100089400 'java/lang/invoke/LambdaForm$MH+0x0000000100089400'
Event: 62.345 Thread 0x000001cd34968420 Unloading class 0x0000000100088c00 'java/lang/invoke/LambdaForm$MH+0x0000000100088c00'
Event: 62.345 Thread 0x000001cd34968420 Unloading class 0x0000000100088400 'java/lang/invoke/LambdaForm$MH+0x0000000100088400'
Event: 159.144 Thread 0x000001cd34968420 Unloading class 0x0000000100096000 'java/lang/invoke/LambdaForm$MH+0x0000000100096000'
Event: 159.144 Thread 0x000001cd34968420 Unloading class 0x0000000100211800 'java/lang/invoke/LambdaForm$MH+0x0000000100211800'
Event: 159.144 Thread 0x000001cd34968420 Unloading class 0x0000000100221800 'java/lang/invoke/LambdaForm$MH+0x0000000100221800'
Event: 159.144 Thread 0x000001cd34968420 Unloading class 0x0000000100222400 'java/lang/invoke/LambdaForm$MH+0x0000000100222400'
Event: 159.144 Thread 0x000001cd34968420 Unloading class 0x0000000100314400 'java/lang/invoke/LambdaForm$MH+0x0000000100314400'
Event: 159.144 Thread 0x000001cd34968420 Unloading class 0x0000000100398000 'java/lang/invoke/LambdaForm$MH+0x0000000100398000'
Event: 159.144 Thread 0x000001cd34968420 Unloading class 0x000000010039b400 'java/lang/invoke/LambdaForm$MH+0x000000010039b400'
Event: 159.144 Thread 0x000001cd34968420 Unloading class 0x000000010039c400 'java/lang/invoke/LambdaForm$MH+0x000000010039c400'
Event: 159.144 Thread 0x000001cd34968420 Unloading class 0x000000010039cc00 'java/lang/invoke/LambdaForm$MH+0x000000010039cc00'
Event: 159.144 Thread 0x000001cd34968420 Unloading class 0x000000010039d400 'java/lang/invoke/LambdaForm$MH+0x000000010039d400'
Event: 159.144 Thread 0x000001cd34968420 Unloading class 0x0000000100510400 'java/lang/invoke/LambdaForm$MH+0x0000000100510400'
Event: 159.144 Thread 0x000001cd34968420 Unloading class 0x000000010053c000 'java/lang/invoke/LambdaForm$MH+0x000000010053c000'
Event: 159.144 Thread 0x000001cd34968420 Unloading class 0x000000010054d000 'java/lang/invoke/LambdaForm$MH+0x000000010054d000'
Event: 260.922 Thread 0x000001cd34968420 Unloading class 0x0000000100758c00 'java/lang/invoke/LambdaForm$MH+0x0000000100758c00'
Event: 260.922 Thread 0x000001cd34968420 Unloading class 0x0000000100758800 'java/lang/invoke/LambdaForm$MH+0x0000000100758800'
Event: 260.922 Thread 0x000001cd34968420 Unloading class 0x0000000100758400 'java/lang/invoke/LambdaForm$MH+0x0000000100758400'

Classes redefined (0 events):
No events

Internal exceptions (20 events):
Event: 27.280 Thread 0x000001cd3a0276b0 Exception <a 'java/lang/NoSuchMethodError'{0x00000000c3f1bc50}: 'int java.lang.invoke.DirectMethodHandle$Holder.invokeStatic(java.lang.Object, int, java.lang.Object)'> (0x00000000c3f1bc50) 
thrown [s\src\hotspot\share\interpreter\linkResolver.cpp, line 759]
Event: 27.874 Thread 0x000001cd3a025d60 Implicit null exception at 0x000001cd2da4b944 to 0x000001cd2da4bb69
Event: 30.038 Thread 0x000001cd3a024e30 Exception <a 'sun/nio/fs/WindowsException'{0x00000000c46dde10}> (0x00000000c46dde10) 
thrown [s\src\hotspot\share\prims\jni.cpp, line 516]
Event: 30.038 Thread 0x000001cd3a024e30 Exception <a 'sun/nio/fs/WindowsException'{0x00000000c46de850}> (0x00000000c46de850) 
thrown [s\src\hotspot\share\prims\jni.cpp, line 516]
Event: 30.039 Thread 0x000001cd3a024e30 Exception <a 'sun/nio/fs/WindowsException'{0x00000000c46df250}> (0x00000000c46df250) 
thrown [s\src\hotspot\share\prims\jni.cpp, line 516]
Event: 30.039 Thread 0x000001cd3a024e30 Exception <a 'sun/nio/fs/WindowsException'{0x00000000c46dfd08}> (0x00000000c46dfd08) 
thrown [s\src\hotspot\share\prims\jni.cpp, line 516]
Event: 30.039 Thread 0x000001cd3a024e30 Exception <a 'sun/nio/fs/WindowsException'{0x00000000c46e0810}> (0x00000000c46e0810) 
thrown [s\src\hotspot\share\prims\jni.cpp, line 516]
Event: 30.039 Thread 0x000001cd3a024e30 Exception <a 'sun/nio/fs/WindowsException'{0x00000000c46e13b8}> (0x00000000c46e13b8) 
thrown [s\src\hotspot\share\prims\jni.cpp, line 516]
Event: 30.042 Thread 0x000001cd3a024e30 Exception <a 'sun/nio/fs/WindowsException'{0x00000000c46e2938}> (0x00000000c46e2938) 
thrown [s\src\hotspot\share\prims\jni.cpp, line 516]
Event: 30.042 Thread 0x000001cd3a024e30 Exception <a 'sun/nio/fs/WindowsException'{0x00000000c46e3378}> (0x00000000c46e3378) 
thrown [s\src\hotspot\share\prims\jni.cpp, line 516]
Event: 30.042 Thread 0x000001cd3a024e30 Exception <a 'sun/nio/fs/WindowsException'{0x00000000c46e3d78}> (0x00000000c46e3d78) 
thrown [s\src\hotspot\share\prims\jni.cpp, line 516]
Event: 30.042 Thread 0x000001cd3a024e30 Exception <a 'sun/nio/fs/WindowsException'{0x00000000c46e47b8}> (0x00000000c46e47b8) 
thrown [s\src\hotspot\share\prims\jni.cpp, line 516]
Event: 30.043 Thread 0x000001cd3a024e30 Exception <a 'sun/nio/fs/WindowsException'{0x00000000c46e52c0}> (0x00000000c46e52c0) 
thrown [s\src\hotspot\share\prims\jni.cpp, line 516]
Event: 30.043 Thread 0x000001cd3a024e30 Exception <a 'sun/nio/fs/WindowsException'{0x00000000c46e5e68}> (0x00000000c46e5e68) 
thrown [s\src\hotspot\share\prims\jni.cpp, line 516]
Event: 65.757 Thread 0x000001cd3a024e30 Implicit null exception at 0x000001cd2db3d290 to 0x000001cd2db3d84a
Event: 117.711 Thread 0x000001cd3a277540 Exception <a 'java/lang/NoSuchMethodError'{0x00000000ca28fd08}: 'void java.lang.invoke.DirectMethodHandle$Holder.invokeStatic(java.lang.Object, long)'> (0x00000000ca28fd08) 
thrown [s\src\hotspot\share\interpreter\linkResolver.cpp, line 759]
Event: 117.712 Thread 0x000001cd3a277540 Exception <a 'java/lang/NoSuchMethodError'{0x00000000ca2950b8}: 'java.lang.Object java.lang.invoke.DirectMethodHandle$Holder.newInvokeSpecial(java.lang.Object, long)'> (0x00000000ca2950b8) 
thrown [s\src\hotspot\share\interpreter\linkResolver.cpp, line 759]
Event: 326.326 Thread 0x000001cd3a70fc20 Exception <a 'java/io/IOException'{0x00000000c4537238}> (0x00000000c4537238) 
thrown [s\src\hotspot\share\prims\jni.cpp, line 516]
Event: 326.930 Thread 0x000001cd3a70c470 Exception <a 'java/io/IOException'{0x00000000c4548c10}> (0x00000000c4548c10) 
thrown [s\src\hotspot\share\prims\jni.cpp, line 516]
Event: 328.468 Thread 0x000001cd3a70a100 Exception <a 'java/io/IOException'{0x00000000c4553930}> (0x00000000c4553930) 
thrown [s\src\hotspot\share\prims\jni.cpp, line 516]

VM Operations (20 events):
Event: 291.612 Executing VM operation: G1CollectFull done
Event: 301.798 Executing VM operation: G1CollectFull
Event: 301.855 Executing VM operation: G1CollectFull done
Event: 302.535 Executing VM operation: G1TryInitiateConcMark
Event: 302.537 Executing VM operation: G1TryInitiateConcMark done
Event: 302.604 Executing VM operation: G1PauseRemark
Event: 302.607 Executing VM operation: G1PauseRemark done
Event: 302.635 Executing VM operation: G1PauseCleanup
Event: 302.635 Executing VM operation: G1PauseCleanup done
Event: 342.284 Executing VM operation: G1CollectFull
Event: 342.343 Executing VM operation: G1CollectFull done
Event: 352.622 Executing VM operation: G1CollectFull
Event: 352.682 Executing VM operation: G1CollectFull done
Event: 361.000 Executing VM operation: HandshakeAllThreads
Event: 361.000 Executing VM operation: HandshakeAllThreads done
Event: 362.994 Executing VM operation: G1CollectFull
Event: 363.051 Executing VM operation: G1CollectFull done
Event: 373.305 Executing VM operation: G1CollectFull
Event: 373.363 Executing VM operation: G1CollectFull done
Event: 387.947 Executing VM operation: G1CollectFull

Events (20 events):
Event: 326.319 loading class sun/nio/ch/SocketOptionRegistry$LazyInitialization done
Event: 326.319 loading class sun/nio/ch/OptionKey
Event: 326.319 loading class sun/nio/ch/OptionKey done
Event: 326.319 loading class sun/nio/ch/ExtendedSocketOption
Event: 326.319 loading class sun/nio/ch/ExtendedSocketOption done
Event: 326.319 loading class sun/nio/ch/ExtendedSocketOption$1
Event: 326.320 loading class sun/nio/ch/ExtendedSocketOption$1 done
Event: 326.320 loading class sun/security/ssl/Alert
Event: 326.320 loading class sun/security/ssl/Alert done
Event: 326.321 loading class sun/security/ssl/Alert$AlertConsumer
Event: 326.321 loading class sun/security/ssl/Alert$AlertConsumer done
Event: 326.321 loading class sun/security/ssl/Alert$Level
Event: 326.321 loading class sun/security/ssl/Alert$Level done
Event: 326.327 loading class sun/net/ConnectionResetException
Event: 326.327 loading class sun/net/ConnectionResetException done
Event: 362.634 Thread 0x000001cd3a7091d0 Thread exited: 0x000001cd3a7091d0
Event: 362.634 Thread 0x000001cd3a70bf60 Thread exited: 0x000001cd3a70bf60
Event: 386.338 Thread 0x000001cd3a709bf0 Thread exited: 0x000001cd3a709bf0
Event: 386.933 Thread 0x000001cd3a70ecf0 Thread exited: 0x000001cd3a70ecf0
Event: 386.946 Thread 0x000001cd3a70c470 Thread exited: 0x000001cd3a70c470


Dynamic libraries:
0x00007ff687290000 - 0x00007ff68729e000 	c:\Users\HP\.vscode\extensions\redhat.java-1.25.0-win32-x64\jre\17.0.9-win32-x86_64\bin\java.exe
0x00007ffdfda90000 - 0x00007ffdfdc84000 	C:\WINDOWS\SYSTEM32\ntdll.dll
0x00007ffdfcaa0000 - 0x00007ffdfcb5d000 	C:\WINDOWS\System32\KERNEL32.DLL
0x00007ffdfb3e0000 - 0x00007ffdfb6a7000 	C:\WINDOWS\System32\KERNELBASE.dll
0x00007ffdfb1d0000 - 0x00007ffdfb2d0000 	C:\WINDOWS\System32\ucrtbase.dll
0x00007ffdf43c0000 - 0x00007ffdf43d7000 	c:\Users\HP\.vscode\extensions\redhat.java-1.25.0-win32-x64\jre\17.0.9-win32-x86_64\bin\jli.dll
0x00007ffdfd5e0000 - 0x00007ffdfd780000 	C:\WINDOWS\System32\USER32.dll
0x00007ffdfb3b0000 - 0x00007ffdfb3d2000 	C:\WINDOWS\System32\win32u.dll
0x00007ffdfd300000 - 0x00007ffdfd32a000 	C:\WINDOWS\System32\GDI32.dll
0x00007ffdfb9e0000 - 0x00007ffdfbaea000 	C:\WINDOWS\System32\gdi32full.dll
0x00007ffdfb940000 - 0x00007ffdfb9dd000 	C:\WINDOWS\System32\msvcp_win.dll
0x00007ffdf4380000 - 0x00007ffdf439b000 	c:\Users\HP\.vscode\extensions\redhat.java-1.25.0-win32-x64\jre\17.0.9-win32-x86_64\bin\VCRUNTIME140.dll
0x00007ffde9f40000 - 0x00007ffdea1da000 	C:\WINDOWS\WinSxS\amd64_microsoft.windows.common-controls_6595b64144ccf1df_6.0.19041.1_none_b555e41d4684ddec\COMCTL32.dll
0x00007ffdfca00000 - 0x00007ffdfca9e000 	C:\WINDOWS\System32\msvcrt.dll
0x00007ffdfbc00000 - 0x00007ffdfbc30000 	C:\WINDOWS\System32\IMM32.DLL
0x00007ffdf5c70000 - 0x00007ffdf5c7c000 	c:\Users\HP\.vscode\extensions\redhat.java-1.25.0-win32-x64\jre\17.0.9-win32-x86_64\bin\vcruntime140_1.dll
0x00007ffdd6790000 - 0x00007ffdd681d000 	c:\Users\HP\.vscode\extensions\redhat.java-1.25.0-win32-x64\jre\17.0.9-win32-x86_64\bin\msvcp140.dll
0x00007ffdb3180000 - 0x00007ffdb3de1000 	c:\Users\HP\.vscode\extensions\redhat.java-1.25.0-win32-x64\jre\17.0.9-win32-x86_64\bin\server\jvm.dll
0x00007ffdfcb60000 - 0x00007ffdfcc0a000 	C:\WINDOWS\System32\ADVAPI32.dll
0x00007ffdfd330000 - 0x00007ffdfd3cb000 	C:\WINDOWS\System32\sechost.dll
0x00007ffdfc450000 - 0x00007ffdfc573000 	C:\WINDOWS\System32\RPCRT4.dll
0x00007ffdfa7e0000 - 0x00007ffdfa82b000 	C:\WINDOWS\SYSTEM32\POWRPROF.dll
0x00007ffdf44b0000 - 0x00007ffdf44b9000 	C:\WINDOWS\SYSTEM32\WSOCK32.dll
0x00007ffdfd930000 - 0x00007ffdfd99b000 	C:\WINDOWS\System32\WS2_32.dll
0x00007ffdf2ae0000 - 0x00007ffdf2b07000 	C:\WINDOWS\SYSTEM32\WINMM.dll
0x00007ffdec960000 - 0x00007ffdec96a000 	C:\WINDOWS\SYSTEM32\VERSION.dll
0x00007ffdfa650000 - 0x00007ffdfa662000 	C:\WINDOWS\SYSTEM32\UMPDC.dll
0x00007ffdf9160000 - 0x00007ffdf9173000 	C:\WINDOWS\SYSTEM32\kernel.appcore.dll
0x00007ffdf4440000 - 0x00007ffdf444a000 	c:\Users\HP\.vscode\extensions\redhat.java-1.25.0-win32-x64\jre\17.0.9-win32-x86_64\bin\jimage.dll
0x00007ffde9be0000 - 0x00007ffde9dc4000 	C:\WINDOWS\SYSTEM32\DBGHELP.DLL
0x00007ffde9bb0000 - 0x00007ffde9bdc000 	C:\WINDOWS\SYSTEM32\dbgcore.DLL
0x00007ffdfb2d0000 - 0x00007ffdfb34f000 	C:\WINDOWS\System32\bcryptPrimitives.dll
0x00007ffdf0460000 - 0x00007ffdf0485000 	c:\Users\HP\.vscode\extensions\redhat.java-1.25.0-win32-x64\jre\17.0.9-win32-x86_64\bin\java.dll
0x00007ffdf16d0000 - 0x00007ffdf16e8000 	c:\Users\HP\.vscode\extensions\redhat.java-1.25.0-win32-x64\jre\17.0.9-win32-x86_64\bin\zip.dll
0x00007ffdfbc30000 - 0x00007ffdfc361000 	C:\WINDOWS\System32\SHELL32.dll
0x00007ffdf9360000 - 0x00007ffdf9aea000 	C:\WINDOWS\SYSTEM32\windows.storage.dll
0x00007ffdfcec0000 - 0x00007ffdfd214000 	C:\WINDOWS\System32\combase.dll
0x00007ffdfac50000 - 0x00007ffdfac7b000 	C:\WINDOWS\SYSTEM32\Wldp.dll
0x00007ffdfbb50000 - 0x00007ffdfbbfe000 	C:\WINDOWS\System32\SHCORE.dll
0x00007ffdfce60000 - 0x00007ffdfceb5000 	C:\WINDOWS\System32\shlwapi.dll
0x00007ffdfb110000 - 0x00007ffdfb12f000 	C:\WINDOWS\SYSTEM32\profapi.dll
0x00007ffdf0320000 - 0x00007ffdf0339000 	C:\Users\HP\.vscode\extensions\redhat.java-1.25.0-win32-x64\jre\17.0.9-win32-x86_64\bin\net.dll
0x00007ffdf2750000 - 0x00007ffdf2852000 	C:\WINDOWS\SYSTEM32\WINHTTP.dll
0x00007ffdfa9d0000 - 0x00007ffdfaa3a000 	C:\WINDOWS\system32\mswsock.dll
0x00007ffdf0300000 - 0x00007ffdf0316000 	C:\Users\HP\.vscode\extensions\redhat.java-1.25.0-win32-x64\jre\17.0.9-win32-x86_64\bin\nio.dll
0x00007ffdfaba0000 - 0x00007ffdfabb8000 	C:\WINDOWS\SYSTEM32\CRYPTSP.dll
0x00007ffdfa2f0000 - 0x00007ffdfa324000 	C:\WINDOWS\system32\rsaenh.dll
0x00007ffdfb7b0000 - 0x00007ffdfb7d7000 	C:\WINDOWS\System32\bcrypt.dll
0x00007ffdfb090000 - 0x00007ffdfb0be000 	C:\WINDOWS\SYSTEM32\USERENV.dll
0x00007ffdfabc0000 - 0x00007ffdfabcc000 	C:\WINDOWS\SYSTEM32\CRYPTBASE.dll
0x00007ffdfa670000 - 0x00007ffdfa6ab000 	C:\WINDOWS\SYSTEM32\IPHLPAPI.DLL
0x00007ffdfd5d0000 - 0x00007ffdfd5d9000 	C:\WINDOWS\System32\NSI.dll
0x00007ffdf2c90000 - 0x00007ffdf2ca7000 	C:\WINDOWS\SYSTEM32\dhcpcsvc6.DLL
0x00007ffdf30a0000 - 0x00007ffdf30bd000 	C:\WINDOWS\SYSTEM32\dhcpcsvc.DLL
0x00007ffdfa6b0000 - 0x00007ffdfa77a000 	C:\WINDOWS\SYSTEM32\DNSAPI.dll
0x00007ffdf42d0000 - 0x00007ffdf42e0000 	c:\Users\HP\.vscode\extensions\redhat.java-1.25.0-win32-x64\jre\17.0.9-win32-x86_64\bin\verify.dll
0x00007ffdf7130000 - 0x00007ffdf7139000 	C:\Users\HP\.vscode\extensions\redhat.java-1.25.0-win32-x64\jre\17.0.9-win32-x86_64\bin\management.dll
0x00007ffdf7120000 - 0x00007ffdf712b000 	C:\Users\HP\.vscode\extensions\redhat.java-1.25.0-win32-x64\jre\17.0.9-win32-x86_64\bin\management_ext.dll
0x00007ffdfc580000 - 0x00007ffdfc588000 	C:\WINDOWS\System32\PSAPI.DLL
0x00007ffdf7030000 - 0x00007ffdf703e000 	C:\Users\HP\.vscode\extensions\redhat.java-1.25.0-win32-x64\jre\17.0.9-win32-x86_64\bin\sunmscapi.dll
0x00007ffdfb7e0000 - 0x00007ffdfb93c000 	C:\WINDOWS\System32\CRYPT32.dll
0x00007ffdfacc0000 - 0x00007ffdface7000 	C:\WINDOWS\SYSTEM32\ncrypt.dll
0x00007ffdfac80000 - 0x00007ffdfacbb000 	C:\WINDOWS\SYSTEM32\NTASN1.dll
0x00007ffdf3b50000 - 0x00007ffdf3b5a000 	C:\Windows\System32\rasadhlp.dll
0x00007ffdf1ab0000 - 0x00007ffdf1b2f000 	C:\WINDOWS\System32\fwpuclnt.dll

dbghelp: loaded successfully - version: 4.0.5 - missing functions: none
symbol engine: initialized successfully - sym options: 0x614 - pdb path: .;c:\Users\HP\.vscode\extensions\redhat.java-1.25.0-win32-x64\jre\17.0.9-win32-x86_64\bin;C:\WINDOWS\SYSTEM32;C:\WINDOWS\WinSxS\amd64_microsoft.windows.common-controls_6595b64144ccf1df_6.0.19041.1_none_b555e41d4684ddec;c:\Users\HP\.vscode\extensions\redhat.java-1.25.0-win32-x64\jre\17.0.9-win32-x86_64\bin\server

VM Arguments:
jvm_args: -XX:+HeapDumpOnOutOfMemoryError -Xmx1024m -Dsts.lsp.client=vscode -Dsts.log.file=/dev/null -XX:TieredStopAtLevel=1 -Xlog:jni+resolve=off -Dspring.config.location=file:c:\Users\HP\.vscode\extensions\vmware.vscode-spring-boot-1.50.0\language-server\BOOT-INF\classes\application.properties 
java_command: org.springframework.ide.vscode.boot.app.BootLanguageServerBootApp
java_class_path (initial): c:\Users\HP\.vscode\extensions\vmware.vscode-spring-boot-1.50.0\language-server\BOOT-INF\classes;c:\Users\HP\.vscode\extensions\vmware.vscode-spring-boot-1.50.0\language-server\BOOT-INF\lib\annotations-24.0.1.jar;c:\Users\HP\.vscode\extensions\vmware.vscode-spring-boot-1.50.0\language-server\BOOT-INF\lib\antlr-runtime-3.5.3.jar;c:\Users\HP\.vscode\extensions\vmware.vscode-spring-boot-1.50.0\language-server\BOOT-INF\lib\antlr4-4.11.1.jar;c:\Users\HP\.vscode\extensions\vmware.vscode-spring-boot-1.50.0\language-server\BOOT-INF\lib\antlr4-runtime-4.11.1.jar;c:\Users\HP\.vscode\extensions\vmware.vscode-spring-boot-1.50.0\language-server\BOOT-INF\lib\archunit-1.1.0.jar;c:\Users\HP\.vscode\extensions\vmware.vscode-spring-boot-1.50.0\language-server\BOOT-INF\lib\asm-9.5.jar;c:\Users\HP\.vscode\extensions\vmware.vscode-spring-boot-1.50.0\language-server\BOOT-INF\lib\asm-analysis-9.5.jar;c:\Users\HP\.vscode\extensions\vmware.vscode-spring-boot-1.50.0\language-server\BOOT-INF\lib\asm-tree-9.5.jar;c:\Users\HP\.vscode\extensions\vmware.vscode-spring-boot-1.50.0\language-server\BOOT-INF\lib\asm-util-9.5.jar;c:\Users\HP\.vscode\extensions\vmware.vscode-spring-boot-1.50.0\language-server\BOOT-INF\lib\bosh-language-server-1.50.0-SNAPSHOT.jar;c:\Users\HP\.vscode\extensions\vmware.vscode-spring-boot-1.50.0\language-server\BOOT-INF\lib\caffeine-3.1.8.jar;c:\Users\HP\.vscode\extensions\vmware.vscode-spring-boot-1.50.0\language-server\BOOT-INF\lib\checker-qual-3.12.0.jar;c:\Users\HP\.vscode\extensions\vmware.vscode-spring-boot-1.50.0\language-server\BOOT-INF\lib\classgraph-4.8.149.jar;c:\Users\HP\.vscode\extensions\vmware.vscode-spring-boot-1.50.0\language-server\BOOT-INF\lib\commons-codec-1.15.jar;c:\Users\HP\.vscode\extensions\vmware.vscode-spring-boot-1.50.0\language-server\BOOT-INF\lib\commons-compress-1.24.0.jar;c:\Users\HP\.vscode\extensions\vmware.vscode-spring-boot-1.50.0\language-server\BOOT-INF\lib\commons-io-2.4.jar;c:\Users\HP\.vscode\extensions\v
Launcher Type: SUN_STANDARD

[Global flags]
     intx CICompilerCount                          = 3                                         {product} {ergonomic}
     uint ConcGCThreads                            = 1                                         {product} {ergonomic}
     uint G1ConcRefinementThreads                  = 4                                         {product} {ergonomic}
   size_t G1HeapRegionSize                         = 1048576                                   {product} {ergonomic}
    uintx GCDrainStackTargetSize                   = 64                                        {product} {ergonomic}
     bool HeapDumpOnOutOfMemoryError               = true                                   {manageable} {command line}
   size_t InitialHeapSize                          = 65011712                                  {product} {ergonomic}
   size_t MarkStackSize                            = 4194304                                   {product} {ergonomic}
   size_t MaxHeapSize                              = 1073741824                                {product} {command line}
   size_t MaxNewSize                               = 643825664                                 {product} {ergonomic}
   size_t MinHeapDeltaBytes                        = 1048576                                   {product} {ergonomic}
   size_t MinHeapSize                              = 8388608                                   {product} {ergonomic}
    uintx NonProfiledCodeHeapSize                  = 0                                      {pd product} {ergonomic}
     bool ProfileInterpreter                       = false                                  {pd product} {command line}
    uintx ProfiledCodeHeapSize                     = 0                                      {pd product} {ergonomic}
   size_t SoftMaxHeapSize                          = 1073741824                             {manageable} {ergonomic}
     intx TieredStopAtLevel                        = 1                                         {product} {command line}
     bool UseCompressedClassPointers               = true                           {product lp64_product} {ergonomic}
     bool UseCompressedOops                        = true                           {product lp64_product} {ergonomic}
     bool UseG1GC                                  = true                                      {product} {ergonomic}
     bool UseLargePagesIndividualAllocation        = false                                  {pd product} {ergonomic}

Logging:
Log output configuration:
 #0: stdout all=warning,jni+resolve=off uptime,level,tags
 #1: stderr all=off uptime,level,tags

Environment Variables:
JAVA_HOME=C:\Program Files\Java\jdk1.8.0_45
CLASSPATH=%CLASSPATH%;%JUNIT_HOME%\junit-4.13.2.jar;hamcrest-core-1.3.jar;;E:\kiemthunangcao\junit\junit-4.13.2.jar;hamcrest-core-1.3.jar;;E:\kiemthunangcao\junit\junit-4.13.2.jar;hamcrest-core-1.3.jar;
PATH=C:\ProgramData\Oracle\Java\javapath;C:\Program Files (x86)\Common Files\Oracle\Java\javapath;C:\WINDOWS\system32;C:\WINDOWS;C:\WINDOWS\System32\Wbem;C:\WINDOWS\System32\WindowsPowerShell\v1.0\;C:\Users\HP\Downloads\winlibs-x86_64-posix-seh-gcc-11.2.0-llvm-12.0.1-mingw-w64-9.0.0-r1\mingw64\bin;C:\WINDOWS\System32\OpenSSH\;C:\Program Files\Broadcom\Broadcom 802.11\Driver;C:\Program Files\Azure Data Studio\bin;C:\Program Files\Java\jdk1.8.0_45;C:\Program Files\Java\jdbc\sqljdbc42.jar;d:\Program Files(x86)\100\Tools\Binn\;d:\Program Files\100\Tools\Binn\;d:\Program Files\100\DTS\Binn\;C:\Program Files (x86)\Microsoft SQL Server\100\Tools\Binn\;C:\Program Files (x86)\Microsoft SQL Server\100\Tools\Binn\VSShell\Common7\IDE\;C:\Program Files (x86)\Microsoft SQL Server\100\DTS\Binn\;C:\Program Files (x86)\Microsoft SQL Server\110\Tools\Binn\;C:\Program Files (x86)\Microsoft SQL Server\110\DTS\Binn\;C:\Program Files\nodejs\;C:\Program Files (x86)\Microsoft SQL Server\160\Tools\Binn\;C:\Program Files\Microsoft SQL Server\160\Tools\Binn\;C:\Program Files\Microsoft SQL Server\Client SDK\ODBC\170\Tools\Binn\;C:\Program Files\Microsoft SQL Server\160\DTS\Binn\;C:\Program Files (x86)\Microsoft SQL Server\160\DTS\Binn\;C:\Program Files\Java\jdk1.8.0_45\bin;E:\vs\Git\cmd;C:\Users\HP\AppData\Local\Microsoft\WindowsApps;C:\Users\HP\Downloads\winlibs-x86_64-posix-seh-gcc-11.2.0-llvm-12.0.1-mingw-w64-9.0.0-r1\mingw64\bin;;C:\Program Files\Azure Data Studio\bin;E:\vs\Microsoft VS Code\bin;C:\Users\HP\AppData\Roaming\npm
USERNAME=HP
OS=Windows_NT
PROCESSOR_IDENTIFIER=Intel64 Family 6 Model 58 Stepping 9, GenuineIntel
TMP=C:\Users\HP\AppData\Local\Temp
TEMP=D:\



Periodic native trim disabled


---------------  S Y S T E M  ---------------

OS:
 Windows 10 , 64 bit Build 19041 (10.0.19041.1)
OS uptime: 0 days 4:15 hours

CPU: total 4 (initial active 4) (2 cores per cpu, 2 threads per core) family 6 model 58 stepping 9 microcode 0x21, cx8, cmov, fxsr, ht, mmx, sse, sse2, sse3, ssse3, sse4.1, sse4.2, popcnt, tsc, tscinvbit, avx, aes, erms, clmul, vzeroupper, clflush
Processor Information for all 4 processors :
  Max Mhz: 2401, Current Mhz: 2401, Mhz Limit: 2401

Memory: 4k page, system-wide physical 3959M (345M free)
TotalPageFile size 10146M (AvailPageFile size 41M)
current process WorkingSet (physical memory assigned to process): 146M, peak: 233M
current process commit charge ("private bytes"): 243M, peak: 351M

vm_info: OpenJDK 64-Bit Server VM (17.0.9+9) for windows-amd64 JRE (17.0.9+9), built on Oct 26 2023 14:01:42 by "admin" with MS VC++ 16.10 / 16.11 (VS2019)

END.
