#
# There is insufficient memory for the Java Runtime Environment to continue.
# Native memory allocation (mmap) failed to map 65536 bytes for Failed to commit metaspace.
# Possible reasons:
#   The system is out of physical RAM or swap space
#   The process is running with CompressedOops enabled, and the Java Heap may be blocking the growth of the native heap
# Possible solutions:
#   Reduce memory load on the system
#   Increase physical memory or swap space
#   Check if swap backing store is full
#   Decrease Java heap size (-Xmx/-Xms)
#   Decrease number of Java threads
#   Decrease Java thread stack sizes (-Xss)
#   Set larger code cache with -XX:ReservedCodeCacheSize=
#   JVM is running with Unscaled Compressed Oops mode in which the Java heap is
#     placed in the first 4GB address space. The Java Heap base address is the
#     maximum limit for the native heap growth. Please use -XX:HeapBaseMinAddress
#     to set the Java Heap base and to place the Java Heap above 4GB virtual address.
# This output file may be truncated or incomplete.
#
#  Out of Memory Error (virtualSpaceNode.cpp:110), pid=2060, tid=9328
#
# JRE version: OpenJDK Runtime Environment Temurin-17.0.9+9 (17.0.9+9) (build 17.0.9+9)
# Java VM: OpenJDK 64-Bit Server VM Temurin-17.0.9+9 (17.0.9+9, mixed mode, tiered, compressed oops, compressed class ptrs, parallel gc, windows-amd64)
# No core dump will be written. Minidumps are not enabled by default on client versions of Windows
#

---------------  S U M M A R Y ------------

Command Line: --add-modules=ALL-SYSTEM --add-opens=java.base/java.util=ALL-UNNAMED --add-opens=java.base/java.lang=ALL-UNNAMED --add-opens=java.base/sun.nio.fs=ALL-UNNAMED -Declipse.application=org.eclipse.jdt.ls.core.id1 -Dosgi.bundles.defaultStartLevel=4 -Declipse.product=org.eclipse.jdt.ls.core.product -Djava.import.generatesMetadataFilesAtProjectRoot=false -DDetectVMInstallationsJob.disabled=true -Dfile.encoding=utf8 -XX:+UseParallelGC -XX:GCTimeRatio=4 -XX:AdaptiveSizePolicyWeight=90 -Dsun.zip.disableMemoryMapping=true -Xmx1G -Xms100m -Xlog:disable -javaagent:c:\Users\HP\.vscode\extensions\redhat.java-1.25.0-win32-x64\lombok\lombok-1.18.30.jar c:\Users\HP\.vscode\extensions\redhat.java-1.25.0-win32-x64\server\plugins\org.eclipse.equinox.launcher_1.6.600.v20231012-1237.jar -configuration c:\Users\HP\AppData\Roaming\Code\User\globalStorage\redhat.java\1.25.0\config_ss_win -data c:\Users\HP\AppData\Roaming\Code\User\workspaceStorage\7145003809ee5229b52fc69e90d06eaa\redhat.java\ss_ws --stdio

Host: Intel(R) Core(TM) i5-3437U CPU @ 1.90GHz, 4 cores, 3G,  Windows 10 , 64 bit Build 19041 (10.0.19041.1)
Time: Fri Dec  1 16:23:55 2023 SE Asia Standard Time elapsed time: 3.329344 seconds (0d 0h 0m 3s)

---------------  T H R E A D  ---------------

Current thread (0x00000167c4fc83a0):  JavaThread "main" [_thread_in_vm, id=9328, stack(0x0000002c90600000,0x0000002c90700000)]

Stack: [0x0000002c90600000,0x0000002c90700000]
Native frames: (J=compiled Java code, j=interpreted, Vv=VM code, C=native code)
V  [jvm.dll+0x67cf49]
V  [jvm.dll+0x83478a]
V  [jvm.dll+0x83624e]
V  [jvm.dll+0x8368b3]
V  [jvm.dll+0x247f1f]
V  [jvm.dll+0x83044b]
V  [jvm.dll+0x621776]
V  [jvm.dll+0x1c1fee]
V  [jvm.dll+0x6240d1]
V  [jvm.dll+0x622116]
V  [jvm.dll+0x36f2e2]
V  [jvm.dll+0x1e3c8b]
V  [jvm.dll+0x543087]
V  [jvm.dll+0x7ae778]
V  [jvm.dll+0x7ae864]
V  [jvm.dll+0x411165]
V  [jvm.dll+0x4172e9]
C  [java.dll+0x17ec]

Java frames: (J=compiled Java code, j=interpreted, Vv=VM code)
J 1077  java.lang.ClassLoader.defineClass1(Ljava/lang/ClassLoader;Ljava/lang/String;[BIILjava/security/ProtectionDomain;Ljava/lang/String;)Ljava/lang/Class; java.base@17.0.9 (0 bytes) @ 0x00000167d0fda75b [0x00000167d0fda6a0+0x00000000000000bb]
j  java.lang.System$2.defineClass(Ljava/lang/ClassLoader;Ljava/lang/String;[BLjava/security/ProtectionDomain;Ljava/lang/String;)Ljava/lang/Class;+10 java.base@17.0.9
j  jdk.internal.reflect.ClassDefiner.defineClass(Ljava/lang/String;[BIILjava/lang/ClassLoader;)Ljava/lang/Class;+27 java.base@17.0.9
j  jdk.internal.reflect.MethodAccessorGenerator$1.run()Ljdk/internal/reflect/MagicAccessorImpl;+21 java.base@17.0.9
j  jdk.internal.reflect.MethodAccessorGenerator$1.run()Ljava/lang/Object;+1 java.base@17.0.9
j  java.security.AccessController.executePrivileged(Ljava/security/PrivilegedAction;Ljava/security/AccessControlContext;Ljava/lang/Class;)Ljava/lang/Object;+29 java.base@17.0.9
j  java.security.AccessController.doPrivileged(Ljava/security/PrivilegedAction;)Ljava/lang/Object;+5 java.base@17.0.9
j  jdk.internal.reflect.MethodAccessorGenerator.generate(Ljava/lang/Class;Ljava/lang/String;[Ljava/lang/Class;Ljava/lang/Class;[Ljava/lang/Class;IZZLjava/lang/Class;)Ljdk/internal/reflect/MagicAccessorImpl;+755 java.base@17.0.9
j  jdk.internal.reflect.MethodAccessorGenerator.generateConstructor(Ljava/lang/Class;[Ljava/lang/Class;[Ljava/lang/Class;I)Ljdk/internal/reflect/ConstructorAccessor;+14 java.base@17.0.9
j  jdk.internal.reflect.NativeConstructorAccessorImpl.newInstance([Ljava/lang/Object;)Ljava/lang/Object;+87 java.base@17.0.9
J 932 c1 jdk.internal.reflect.DelegatingConstructorAccessorImpl.newInstance([Ljava/lang/Object;)Ljava/lang/Object; java.base@17.0.9 (9 bytes) @ 0x00000167c962e0bc [0x00000167c962dfc0+0x00000000000000fc]
J 926 c1 java.lang.reflect.Constructor.newInstanceWithCaller([Ljava/lang/Object;ZLjava/lang/Class;)Ljava/lang/Object; java.base@17.0.9 (76 bytes) @ 0x00000167c962bfcc [0x00000167c962bd80+0x000000000000024c]
J 1144 c1 java.security.Provider$Service.newInstanceUtil(Ljava/lang/Class;Ljava/lang/Object;)Ljava/lang/Object; java.base@17.0.9 (60 bytes) @ 0x00000167c96a26a4 [0x00000167c96a2460+0x0000000000000244]
J 1143 c1 java.security.Provider$Service.newInstance(Ljava/lang/Object;)Ljava/lang/Object; java.base@17.0.9 (365 bytes) @ 0x00000167c969eb1c [0x00000167c969d8a0+0x000000000000127c]
J 1149 c1 sun.security.jca.GetInstance.getInstance(Ljava/security/Provider$Service;Ljava/lang/Class;)Lsun/security/jca/GetInstance$Instance; java.base@17.0.9 (28 bytes) @ 0x00000167c96a665c [0x00000167c96a65e0+0x000000000000007c]
j  sun.security.jca.GetInstance.getInstance(Ljava/lang/String;Ljava/lang/Class;Ljava/lang/String;)Lsun/security/jca/GetInstance$Instance;+56 java.base@17.0.9
j  java.security.cert.CertificateFactory.getInstance(Ljava/lang/String;)Ljava/security/cert/CertificateFactory;+12 java.base@17.0.9
j  sun.security.pkcs.SignerInfo.getTimestamp()Ljava/security/Timestamp;+81 java.base@17.0.9
j  sun.security.pkcs.SignerInfo.verify(Lsun/security/pkcs/PKCS7;[B)Lsun/security/pkcs/SignerInfo;+3 java.base@17.0.9
j  sun.security.pkcs.PKCS7.verify(Lsun/security/pkcs/SignerInfo;[B)Lsun/security/pkcs/SignerInfo;+3 java.base@17.0.9
j  sun.security.pkcs.PKCS7.verify([B)[Lsun/security/pkcs/SignerInfo;+27 java.base@17.0.9
j  sun.security.util.SignatureFileVerifier.processImpl(Ljava/util/Hashtable;Ljava/util/List;Ljava/lang/String;)V+63 java.base@17.0.9
j  sun.security.util.SignatureFileVerifier.process(Ljava/util/Hashtable;Ljava/util/List;Ljava/lang/String;)V+12 java.base@17.0.9
J 1347 c1 java.util.jar.JarVerifier.processEntry(Lsun/security/util/ManifestEntryVerifier;)V java.base@17.0.9 (440 bytes) @ 0x00000167c9700d24 [0x00000167c96fef60+0x0000000000001dc4]
J 840 c1 java.util.jar.JarVerifier.update(I[BIILsun/security/util/ManifestEntryVerifier;)V java.base@17.0.9 (43 bytes) @ 0x00000167c95fe284 [0x00000167c95fe060+0x0000000000000224]
j  java.util.jar.JarFile.initializeVerifier()V+163 java.base@17.0.9
j  java.util.jar.JarFile.ensureInitialization()V+41 java.base@17.0.9
J 1304 c1 java.net.URLClassLoader.defineClass(Ljava/lang/String;Ljdk/internal/loader/Resource;)Ljava/lang/Class; java.base@17.0.9 (225 bytes) @ 0x00000167c96e678c [0x00000167c96e5fc0+0x00000000000007cc]
j  java.net.URLClassLoader$1.run()Ljava/lang/Class;+43 java.base@17.0.9
J 1298 c1 java.net.URLClassLoader$1.run()Ljava/lang/Object; java.base@17.0.9 (5 bytes) @ 0x00000167c96e48c4 [0x00000167c96e4840+0x0000000000000084]
J 1293 c1 java.security.AccessController.doPrivileged(Ljava/security/PrivilegedExceptionAction;Ljava/security/AccessControlContext;)Ljava/lang/Object; java.base@17.0.9 (26 bytes) @ 0x00000167c96e2474 [0x00000167c96e22a0+0x00000000000001d4]
J 1296 c1 java.net.URLClassLoader.findClass(Ljava/lang/String;)Ljava/lang/Class; java.base@17.0.9 (47 bytes) @ 0x00000167c96e3bec [0x00000167c96e3a80+0x000000000000016c]
J 908 c1 java.lang.ClassLoader.loadClass(Ljava/lang/String;Z)Ljava/lang/Class; java.base@17.0.9 (121 bytes) @ 0x00000167c962365c [0x00000167c96230c0+0x000000000000059c]
J 766 c1 java.lang.ClassLoader.loadClass(Ljava/lang/String;)Ljava/lang/Class; java.base@17.0.9 (7 bytes) @ 0x00000167c95e343c [0x00000167c95e3340+0x00000000000000fc]
v  ~StubRoutines::call_stub
j  java.lang.Class.forName0(Ljava/lang/String;ZLjava/lang/ClassLoader;Ljava/lang/Class;)Ljava/lang/Class;+0 java.base@17.0.9
j  java.lang.Class.forName(Ljava/lang/String;)Ljava/lang/Class;+11 java.base@17.0.9
j  org.eclipse.osgi.storage.FrameworkExtensionInstaller.startExtensionActivator(Lorg/eclipse/osgi/container/ModuleRevision;Lorg/osgi/framework/BundleContext;)V+57
j  org.eclipse.osgi.storage.FrameworkExtensionInstaller.startExtensionActivators(Lorg/osgi/framework/BundleContext;)V+157
j  org.eclipse.osgi.internal.framework.SystemBundleActivator.start(Lorg/osgi/framework/BundleContext;)V+459
j  org.eclipse.osgi.internal.framework.BundleContextImpl$2.run()Ljava/lang/Void;+23
j  org.eclipse.osgi.internal.framework.BundleContextImpl$2.run()Ljava/lang/Object;+1
J 881 c1 java.security.AccessController.executePrivileged(Ljava/security/PrivilegedExceptionAction;Ljava/security/AccessControlContext;Ljava/lang/Class;)Ljava/lang/Object; java.base@17.0.9 (65 bytes) @ 0x00000167c9615434 [0x00000167c96152e0+0x0000000000000154]
j  java.security.AccessController.doPrivileged(Ljava/security/PrivilegedExceptionAction;)Ljava/lang/Object;+9 java.base@17.0.9
j  org.eclipse.osgi.internal.framework.BundleContextImpl.startActivator(Lorg/osgi/framework/BundleActivator;)V+9
j  org.eclipse.osgi.internal.framework.BundleContextImpl.start()V+134
j  org.eclipse.osgi.internal.framework.EquinoxBundle.startWorker0()V+35
j  org.eclipse.osgi.internal.framework.EquinoxBundle$SystemBundle$EquinoxSystemModule.initWorker()V+60
j  org.eclipse.osgi.container.SystemModule.init()V+333
j  org.eclipse.osgi.internal.framework.EquinoxBundle$SystemBundle.init([Lorg/osgi/framework/FrameworkListener;)V+84
j  org.eclipse.osgi.internal.framework.EquinoxBundle$SystemBundle.init()V+2
j  org.eclipse.osgi.launch.Equinox.init()V+4
j  org.eclipse.core.runtime.adaptor.EclipseStarter.startup([Ljava/lang/String;Ljava/lang/Runnable;)Lorg/osgi/framework/BundleContext;+37
j  org.eclipse.core.runtime.adaptor.EclipseStarter.run([Ljava/lang/String;Ljava/lang/Runnable;)Ljava/lang/Object;+21
v  ~StubRoutines::call_stub
j  jdk.internal.reflect.NativeMethodAccessorImpl.invoke0(Ljava/lang/reflect/Method;Ljava/lang/Object;[Ljava/lang/Object;)Ljava/lang/Object;+0 java.base@17.0.9
j  jdk.internal.reflect.NativeMethodAccessorImpl.invoke(Ljava/lang/Object;[Ljava/lang/Object;)Ljava/lang/Object;+133 java.base@17.0.9
j  jdk.internal.reflect.DelegatingMethodAccessorImpl.invoke(Ljava/lang/Object;[Ljava/lang/Object;)Ljava/lang/Object;+6 java.base@17.0.9
j  java.lang.reflect.Method.invoke(Ljava/lang/Object;[Ljava/lang/Object;)Ljava/lang/Object;+59 java.base@17.0.9
j  org.eclipse.equinox.launcher.Main.invokeFramework([Ljava/lang/String;[Ljava/net/URL;)V+201
j  org.eclipse.equinox.launcher.Main.basicRun([Ljava/lang/String;)V+159
j  org.eclipse.equinox.launcher.Main.run([Ljava/lang/String;)I+4
j  org.eclipse.equinox.launcher.Main.main([Ljava/lang/String;)V+10
v  ~StubRoutines::call_stub

Compiled method (n/a)    3360 1077     n 0       java.lang.ClassLoader::defineClass1 (native)
 total in heap  [0x00000167d0fda510,0x00000167d0fda968] = 1112
 relocation     [0x00000167d0fda668,0x00000167d0fda698] = 48
 main code      [0x00000167d0fda6a0,0x00000167d0fda968] = 712

[Constant Pool (empty)]

[MachCode]
[Entry Point]
  # {method} {0x00000167db01de78} 'defineClass1' '(Ljava/lang/ClassLoader;Ljava/lang/String;[BIILjava/security/ProtectionDomain;Ljava/lang/String;)Ljava/lang/Class;' in 'java/lang/ClassLoader'
  # parm0:    rdx:rdx   = 'java/lang/ClassLoader'
  # parm1:    r8:r8     = 'java/lang/String'
  # parm2:    r9:r9     = '[B'
  # parm3:    rdi       = int
  # parm4:    rsi       = int
  # parm5:    rcx:rcx   = 'java/security/ProtectionDomain'
  # parm6:    [sp+0xa0]   = 'java/lang/String'  (sp of caller)
  0x00000167d0fda6a0: 448b 5208 | 49c1 e203 | 493b c20f | 8407 0000 

  0x00000167d0fda6b0: ;   {runtime_call ic_miss_stub}
  0x00000167d0fda6b0: 00e9 ca66 | a4ff 6690 
[Verified Entry Point]
  0x00000167d0fda6b8: 8984 2400 | 90ff ff55 | 488b ec48 | 81ec 9000 | 0000 4881 | 7d10 0000 | 0000 488d | 4510 480f 
  0x00000167d0fda6d8: 4445 1048 | 8944 2440 | 4889 4c24 | 7048 83f9 | 0048 8d44 | 2470 480f | 4444 2470 | 4889 4424 
  0x00000167d0fda6f8: 3848 8974 | 2430 4889 | 7c24 284c | 894c 2458 | 4983 f900 | 488d 4424 | 5848 0f44 | 4424 5848 
  0x00000167d0fda718: 8944 2420 | 4c89 4424 | 5049 83f8 | 004c 8d4c | 2450 4c0f | 444c 2450 | 4889 5424 | 4848 83fa 
  0x00000167d0fda738: 004c 8d44 | 2448 4c0f | 4444 2448 

  0x00000167d0fda744: ;   {oop(a 'java/lang/Class'{0x00000000ec449520} = 'java/lang/ClassLoader')}
  0x00000167d0fda744: 49be 2095 | 44ec 0000 | 0000 4c89 | 7424 784c | 8d74 2478 | 498b d6c5 

  0x00000167d0fda75c: ;   {internal_word}
  0x00000167d0fda75c: f877 49ba | 5ba7 fdd0 | 6701 0000 | 4d89 97a0 | 0200 0049 | 89a7 9802 

  0x00000167d0fda774: ;   {external_word}
  0x00000167d0fda774: 0000 49ba | 2e35 8568 | f97f 0000 | 4180 3a00 | 0f84 5200 | 0000 5241 

  0x00000167d0fda78c: ;   {metadata({method} {0x00000167db01de78} 'defineClass1' '(Ljava/lang/ClassLoader;Ljava/lang/String;[BIILjava/security/ProtectionDomain;Ljava/lang/String;)Ljava/lang/Class;' in 'java/lang/ClassLoader')}
  0x00000167d0fda78c: 5041 5148 | ba70 de01 | db67 0100 | 0049 8bcf | 4883 ec20 | f7c4 0f00 | 0000 0f84 | 1a00 0000 
  0x00000167d0fda7ac: 4883 ec08 

  0x00000167d0fda7b0: ;   {runtime_call}
  0x00000167d0fda7b0: 49ba c02b | 3b68 f97f | 0000 41ff | d248 83c4 | 08e9 0d00 

  0x00000167d0fda7c4: ;   {runtime_call}
  0x00000167d0fda7c4: 0000 49ba | c02b 3b68 | f97f 0000 | 41ff d248 | 83c4 2041 | 5941 585a | 498d 8fb8 | 0200 0041 
  0x00000167d0fda7e4: c787 4803 | 0000 0400 

  0x00000167d0fda7ec: ;   {runtime_call}
  0x00000167d0fda7ec: 0000 49ba | ac16 d287 | f97f 0000 | 41ff d2c5 | f877 41c7 | 8748 0300 | 0005 0000 | 00f0 8344 
  0x00000167d0fda80c: 24c0 0049 | 3baf 5003 | 0000 0f87 | 1100 0000 | 4181 bf38 | 0300 0000 | 0000 000f | 842c 0000 
  0x00000167d0fda82c: 00c5 f877 | 4889 45f8 | 498b cf4c | 8be4 4883 | ec20 4883 

  0x00000167d0fda840: ;   {runtime_call}
  0x00000167d0fda840: e4f0 49ba | f040 4b68 | f97f 0000 | 41ff d249 | 8be4 4d33 | e448 8b45 | f841 c787 | 4803 0000 
  0x00000167d0fda860: 0800 0000 | 4181 bfb8 | 0300 0002 | 0000 000f | 84c5 0000 

  0x00000167d0fda874: ;   {external_word}
  0x00000167d0fda874: 0049 ba2e | 3585 68f9 | 7f00 0041 | 803a 000f | 8450 0000 | 0048 8945 

  0x00000167d0fda88c: ;   {metadata({method} {0x00000167db01de78} 'defineClass1' '(Ljava/lang/ClassLoader;Ljava/lang/String;[BIILjava/security/ProtectionDomain;Ljava/lang/String;)Ljava/lang/Class;' in 'java/lang/ClassLoader')}
  0x00000167d0fda88c: f848 ba70 | de01 db67 | 0100 0049 | 8bcf 4883 | ec20 f7c4 | 0f00 0000 | 0f84 1a00 | 0000 4883 
  0x00000167d0fda8ac: ;   {runtime_call}
  0x00000167d0fda8ac: ec08 49ba | c02b 3b68 | f97f 0000 | 41ff d248 | 83c4 08e9 | 0d00 0000 

  0x00000167d0fda8c4: ;   {runtime_call}
  0x00000167d0fda8c4: 49ba c02b | 3b68 f97f | 0000 41ff | d248 83c4 | 2048 8b45 | f849 c787 | 9802 0000 | 0000 0000 
  0x00000167d0fda8e4: 49c7 87a0 | 0200 0000 | 0000 00c5 | f877 4885 | c00f 8419 | 0000 0048 | f7c0 0100 | 0000 0f84 
  0x00000167d0fda904: 0900 0000 | 488b 40ff | e903 0000 | 0048 8b00 | 498b 8fd8 | 0000 00c7 | 8100 0100 | 0000 0000 
  0x00000167d0fda924: 00c9 4981 | 7f08 0000 | 0000 0f85 | 0100 0000 

  0x00000167d0fda934: ;   {runtime_call StubRoutines (1)}
  0x00000167d0fda934: c3e9 c665 | 9fff c5f8 | 7748 8945 | f84c 8be4 | 4883 ec20 | 4883 e4f0 

  0x00000167d0fda94c: ;   {runtime_call}
  0x00000167d0fda94c: 49ba 505c | 3b68 f97f | 0000 41ff | d249 8be4 | 4d33 e448 | 8b45 f8e9 | 0dff ffff 
[/MachCode]


Compiled method (c1)    3389  932       3       jdk.internal.reflect.DelegatingConstructorAccessorImpl::newInstance (9 bytes)
 total in heap  [0x00000167c962de10,0x00000167c962e210] = 1024
 relocation     [0x00000167c962df68,0x00000167c962dfa8] = 64
 main code      [0x00000167c962dfc0,0x00000167c962e140] = 384
 stub code      [0x00000167c962e140,0x00000167c962e188] = 72
 metadata       [0x00000167c962e188,0x00000167c962e190] = 8
 scopes data    [0x00000167c962e190,0x00000167c962e1a8] = 24
 scopes pcs     [0x00000167c962e1a8,0x00000167c962e1f8] = 80
 dependencies   [0x00000167c962e1f8,0x00000167c962e200] = 8
 nul chk table  [0x00000167c962e200,0x00000167c962e210] = 16

[Constant Pool (empty)]

[MachCode]
[Entry Point]
  # {method} {0x00000167db356ad8} 'newInstance' '([Ljava/lang/Object;)Ljava/lang/Object;' in 'jdk/internal/reflect/DelegatingConstructorAccessorImpl'
  # this:     rdx:rdx   = 'jdk/internal/reflect/DelegatingConstructorAccessorImpl'
  # parm0:    r8:r8     = '[Ljava/lang/Object;'
  #           [sp+0x40]  (sp of caller)
  0x00000167c962dfc0: 448b 5208 | 49c1 e203 

  0x00000167c962dfc8: ;   {runtime_call ic_miss_stub}
  0x00000167c962dfc8: 4c3b d00f | 85af 2d3f | 0766 6666 | 0f1f 8400 | 0000 0000 | 6666 6690 
[Verified Entry Point]
  0x00000167c962dfe0: 8984 2400 | 90ff ff55 | 4883 ec30 

  0x00000167c962dfec: ;   {metadata(method data for {method} {0x00000167db356ad8} 'newInstance' '([Ljava/lang/Object;)Ljava/lang/Object;' in 'jdk/internal/reflect/DelegatingConstructorAccessorImpl')}
  0x00000167c962dfec: 48be 4877 | 9cdb 6701 | 0000 8bbe | cc00 0000 | 83c7 0289 | becc 0000 | 0081 e7fe | 0700 0083 
  0x00000167c962e00c: ff00 0f84 | bb00 0000 | 8b52 0c48 | 3b02 488b 

  0x00000167c962e01c: ;   {metadata(method data for {method} {0x00000167db356ad8} 'newInstance' '([Ljava/lang/Object;)Ljava/lang/Object;' in 'jdk/internal/reflect/DelegatingConstructorAccessorImpl')}
  0x00000167c962e01c: f248 bf48 | 779c db67 | 0100 008b | 7608 48c1 | e603 483b | b720 0100 | 0075 0d48 | 8387 2801 
  0x00000167c962e03c: 0000 01e9 | 6600 0000 | 483b b730 | 0100 0075 | 0d48 8387 | 3801 0000 | 01e9 5000 | 0000 4881 
  0x00000167c962e05c: bf20 0100 | 0000 0000 | 0075 1748 | 89b7 2001 | 0000 48c7 | 8728 0100 | 0001 0000 | 00e9 2c00 
  0x00000167c962e07c: 0000 4881 | bf30 0100 | 0000 0000 | 0075 1748 | 89b7 3001 | 0000 48c7 | 8738 0100 | 0001 0000 
  0x00000167c962e09c: 00e9 0800 | 0000 4883 | 8710 0100 | 0001 6666 | 9048 b8ff | ffff ffff 

  0x00000167c962e0b4: ;   {virtual_call}
  0x00000167c962e0b4: ffff ffe8 

  0x00000167c962e0b8: ; ImmutableOopMap {}
                      ;*invokevirtual newInstance {reexecute=0 rethrow=0 return_oop=0}
                      ; - jdk.internal.reflect.DelegatingConstructorAccessorImpl::newInstance@5
  0x00000167c962e0b8: b4f0 4907 | 4883 c430 

  0x00000167c962e0c0: ;   {poll_return}
  0x00000167c962e0c0: 5d49 3ba7 | 5003 0000 | 0f87 2700 

  0x00000167c962e0cc: ;   {metadata({method} {0x00000167db356ad8} 'newInstance' '([Ljava/lang/Object;)Ljava/lang/Object;' in 'jdk/internal/reflect/DelegatingConstructorAccessorImpl')}
  0x00000167c962e0cc: 0000 c349 | bad0 6a35 | db67 0100 | 004c 8954 | 2408 48c7 | 0424 ffff 

  0x00000167c962e0e4: ;   {runtime_call counter_overflow Runtime1 stub}
  0x00000167c962e0e4: ffff e815 

  0x00000167c962e0e8: ; ImmutableOopMap {rdx=Oop r8=Oop }
                      ;*synchronization entry
                      ; - jdk.internal.reflect.DelegatingConstructorAccessorImpl::newInstance@-1
  0x00000167c962e0e8: c349 07e9 | 24ff ffff 

  0x00000167c962e0f0: ;   {runtime_call throw_null_pointer_exception Runtime1 stub}
  0x00000167c962e0f0: e8ab 9240 

  0x00000167c962e0f4: ; ImmutableOopMap {r8=Oop rdx=Oop }
                      ;*invokevirtual newInstance {reexecute=0 rethrow=0 return_oop=0}
                      ; - jdk.internal.reflect.DelegatingConstructorAccessorImpl::newInstance@5
                      ;   {internal_word}
  0x00000167c962e0f4: 0749 bac1 | e062 c967 | 0100 004d | 8997 6803 

  0x00000167c962e104: ;   {runtime_call SafepointBlob}
  0x00000167c962e104: 0000 e9f5 | 953f 0790 | 9049 8b87 | e003 0000 | 49c7 87e0 | 0300 0000 | 0000 0049 | c787 e803 
  0x00000167c962e124: 0000 0000 | 0000 4883 

  0x00000167c962e12c: ;   {runtime_call unwind_exception Runtime1 stub}
  0x00000167c962e12c: c430 5de9 | 4ca1 4007 | f4f4 f4f4 | f4f4 f4f4 | f4f4 f4f4 
[Stub Code]
  0x00000167c962e140: ;   {no_reloc}
  0x00000167c962e140: 0f1f 4400 

  0x00000167c962e144: ;   {static_stub}
  0x00000167c962e144: 0048 bb00 | 0000 0000 

  0x00000167c962e14c: ;   {runtime_call}
  0x00000167c962e14c: 0000 00e9 | fbff ffff 
[Exception Handler]
  0x00000167c962e154: ;   {runtime_call handle_exception_from_callee Runtime1 stub}
  0x00000167c962e154: e827 7440 

  0x00000167c962e158: ;   {external_word}
  0x00000167c962e158: 0748 b940 | 9a5f 68f9 | 7f00 0048 

  0x00000167c962e164: ;   {runtime_call}
  0x00000167c962e164: 83e4 f049 | ba60 2f28 | 68f9 7f00 | 0041 ffd2 

  0x00000167c962e174: ;   {section_word}
  0x00000167c962e174: f449 ba75 | e162 c967 | 0100 0041 

  0x00000167c962e180: ;   {runtime_call DeoptimizationBlob}
  0x00000167c962e180: 52e9 1a88 | 3f07 f4f4 
[/MachCode]


Compiled method (c1)    3398  926       3       java.lang.reflect.Constructor::newInstanceWithCaller (76 bytes)
 total in heap  [0x00000167c962bb90,0x00000167c962c2c8] = 1848
 relocation     [0x00000167c962bce8,0x00000167c962bd68] = 128
 main code      [0x00000167c962bd80,0x00000167c962c100] = 896
 stub code      [0x00000167c962c100,0x00000167c962c178] = 120
 metadata       [0x00000167c962c178,0x00000167c962c188] = 16
 scopes data    [0x00000167c962c188,0x00000167c962c1f8] = 112
 scopes pcs     [0x00000167c962c1f8,0x00000167c962c2a8] = 176
 dependencies   [0x00000167c962c2a8,0x00000167c962c2b0] = 8
 nul chk table  [0x00000167c962c2b0,0x00000167c962c2c8] = 24

[Constant Pool (empty)]

[MachCode]
[Entry Point]
  # {method} {0x00000167db05fb38} 'newInstanceWithCaller' '([Ljava/lang/Object;ZLjava/lang/Class;)Ljava/lang/Object;' in 'java/lang/reflect/Constructor'
  # this:     rdx:rdx   = 'java/lang/reflect/Constructor'
  # parm0:    r8:r8     = '[Ljava/lang/Object;'
  # parm1:    r9        = boolean
  # parm2:    rdi:rdi   = 'java/lang/Class'
  #           [sp+0x60]  (sp of caller)
  0x00000167c962bd80: 448b 5208 | 49c1 e203 

  0x00000167c962bd88: ;   {runtime_call ic_miss_stub}
  0x00000167c962bd88: 4c3b d00f | 85ef 4f3f | 0766 6666 | 0f1f 8400 | 0000 0000 | 6666 6690 
[Verified Entry Point]
  0x00000167c962bda0: 8984 2400 | 90ff ff55 | 4883 ec50 

  0x00000167c962bdac: ;   {metadata(method data for {method} {0x00000167db05fb38} 'newInstanceWithCaller' '([Ljava/lang/Object;ZLjava/lang/Class;)Ljava/lang/Object;' in 'java/lang/reflect/Constructor')}
  0x00000167c962bdac: 48be 8860 | 9cdb 6701 | 0000 8b9e | cc00 0000 | 83c3 0289 | 9ecc 0000 | 0081 e3fe | 0700 0083 
  0x00000167c962bdcc: fb00 0f84 | 9202 0000 | 4183 f900 

  0x00000167c962bdd8: ;   {metadata(method data for {method} {0x00000167db05fb38} 'newInstanceWithCaller' '([Ljava/lang/Object;ZLjava/lang/Class;)Ljava/lang/Object;' in 'java/lang/reflect/Constructor')}
  0x00000167c962bdd8: 49b9 8860 | 9cdb 6701 | 0000 48be | 1001 0000 | 0000 0000 | 0f84 0a00 | 0000 48be | 2001 0000 
  0x00000167c962bdf8: 0000 0000 | 498b 1c31 | 488d 5b01 | 4989 1c31 | 4c89 4424 | 380f 843e | 0000 008b | 7224 8b5a 
  0x00000167c962be18: 204c 8bca 

  0x00000167c962be1c: ;   {metadata(method data for {method} {0x00000167db05fb38} 'newInstanceWithCaller' '([Ljava/lang/Object;ZLjava/lang/Class;)Ljava/lang/Object;' in 'java/lang/reflect/Constructor')}
  0x00000167c962be1c: 48b8 8860 | 9cdb 6701 | 0000 4883 | 8030 0100 | 0001 4c8b | c74c 8bce | 488b fe48 | 8bf3 488b 
  0x00000167c962be3c: da48 8bd3 | 4889 5c24 

  0x00000167c962be44: ;   {optimized virtual_call}
  0x00000167c962be44: 3066 90e8 

  0x00000167c962be48: ; ImmutableOopMap {[56]=Oop [48]=Oop }
                      ;*invokevirtual checkAccess {reexecute=0 rethrow=0 return_oop=0}
                      ; - java.lang.reflect.Constructor::newInstanceWithCaller@18
  0x00000167c962be48: b40d 0900 | 488b 5424 | 308b 7224 

  0x00000167c962be54: ; implicit exception: dispatches to 0x00000167c962c087
  0x00000167c962be54: 483b 0648 

  0x00000167c962be58: ;   {metadata(method data for {method} {0x00000167db05fb38} 'newInstanceWithCaller' '([Ljava/lang/Object;ZLjava/lang/Class;)Ljava/lang/Object;' in 'java/lang/reflect/Constructor')}
  0x00000167c962be58: 8bfe 48bb | 8860 9cdb | 6701 0000 | 4883 8368 | 0100 0001 | 488b 7610 | 4883 fe00 

  0x00000167c962be74: ;   {metadata({type array byte})}
  0x00000167c962be74: 48bf c007 | 0400 0100 | 0000 480f | 45fe 8b77 | 1081 e600 | 4000 0083 

  0x00000167c962be8c: ;   {metadata(method data for {method} {0x00000167db05fb38} 'newInstanceWithCaller' '([Ljava/lang/Object;ZLjava/lang/Class;)Ljava/lang/Object;' in 'java/lang/reflect/Constructor')}
  0x00000167c962be8c: fe00 48be | 8860 9cdb | 6701 0000 | 48bf b001 | 0000 0000 | 0000 0f85 | 0a00 0000 | 48bf a001 
  0x00000167c962beac: 0000 0000 | 0000 488b | 1c3e 488d | 5b01 4889 | 1c3e 0f85 | 1b01 0000 | 8b72 4048 

  0x00000167c962bec8: ;   {metadata(method data for {method} {0x00000167db05fb38} 'newInstanceWithCaller' '([Ljava/lang/Object;ZLjava/lang/Class;)Ljava/lang/Object;' in 'java/lang/reflect/Constructor')}
  0x00000167c962bec8: 83fe 0048 | bf88 609c | db67 0100 | 0048 bbd0 | 0100 0000 | 0000 000f | 850a 0000 | 0048 bbe0 
  0x00000167c962bee8: 0100 0000 | 0000 0048 | 8b04 1f48 | 8d40 0148 | 8904 1f0f | 851e 0000 | 0048 8bf2 

  0x00000167c962bf04: ;   {metadata(method data for {method} {0x00000167db05fb38} 'newInstanceWithCaller' '([Ljava/lang/Object;ZLjava/lang/Class;)Ljava/lang/Object;' in 'java/lang/reflect/Constructor')}
  0x00000167c962bf04: 48bf 8860 | 9cdb 6701 | 0000 4883 | 87f0 0100 

  0x00000167c962bf14: ;   {optimized virtual_call}
  0x00000167c962bf14: 0001 90e8 

  0x00000167c962bf18: ; ImmutableOopMap {[56]=Oop }
                      ;*invokevirtual acquireConstructorAccessor {reexecute=0 rethrow=0 return_oop=0}
                      ; - java.lang.reflect.Constructor::newInstanceWithCaller@58
  0x00000167c962bf18: f901 0000 | 488b f04c | 8b44 2438 

  0x00000167c962bf24: ; implicit exception: dispatches to 0x00000167c962c08c
  0x00000167c962bf24: 483b 0648 

  0x00000167c962bf28: ;   {metadata(method data for {method} {0x00000167db05fb38} 'newInstanceWithCaller' '([Ljava/lang/Object;ZLjava/lang/Class;)Ljava/lang/Object;' in 'java/lang/reflect/Constructor')}
  0x00000167c962bf28: 8bd6 48bf | 8860 9cdb | 6701 0000 | 8b52 0848 | c1e2 0348 | 3b97 3802 | 0000 750d | 4883 8740 
  0x00000167c962bf48: 0200 0001 | e966 0000 | 0048 3b97 | 4802 0000 | 750d 4883 | 8750 0200 | 0001 e950 | 0000 0048 
  0x00000167c962bf68: 81bf 3802 | 0000 0000 | 0000 7517 | 4889 9738 | 0200 0048 | c787 4002 | 0000 0100 | 0000 e92c 
  0x00000167c962bf88: 0000 0048 | 81bf 4802 | 0000 0000 | 0000 7517 | 4889 9748 | 0200 0048 | c787 5002 | 0000 0100 
  0x00000167c962bfa8: 0000 e908 | 0000 0048 | 8387 2802 | 0000 0148 | 8bd6 6666 | 9048 b838 | 1403 0001 

  0x00000167c962bfc4: ;   {virtual_call}
  0x00000167c962bfc4: 0000 00e8 

  0x00000167c962bfc8: ; ImmutableOopMap {}
                      ;*invokeinterface newInstance {reexecute=0 rethrow=0 return_oop=0}
                      ; - java.lang.reflect.Constructor::newInstanceWithCaller@66
  0x00000167c962bfc8: f41f 0000 | 4883 c450 

  0x00000167c962bfd0: ;   {poll_return}
  0x00000167c962bfd0: 5d49 3ba7 | 5003 0000 | 0f87 b300 | 0000 c390 

  0x00000167c962bfe0: ;   {no_reloc}
  0x00000167c962bfe0: e9d1 0000 | 0000 0000 | 0000 498b | 8708 0100 | 0048 8d78 | 2849 3bbf | 1801 0000 | 0f87 be00 
  0x00000167c962c000: 0000 4989 | bf08 0100 | 0048 c700 | 0100 0000 | 488b ca48 | c1e9 0389 | 4808 4833 | c989 480c 
  0x00000167c962c020: 4833 c948 | 8948 1048 | 8948 1848 | 8948 204c 

  0x00000167c962c030: ;   {metadata(method data for {method} {0x00000167db05fb38} 'newInstanceWithCaller' '([Ljava/lang/Object;ZLjava/lang/Class;)Ljava/lang/Object;' in 'java/lang/reflect/Constructor')}
  0x00000167c962c030: 8bc0 48ba | 8860 9cdb | 6701 0000 | 4883 82c0 | 0100 0001 

  0x00000167c962c044: ;   {oop("Cannot reflectively create enum objects"{0x00000000c0000350})}
  0x00000167c962c044: 49b8 5003 | 00c0 0000 | 0000 488b | d048 8944 

  0x00000167c962c054: ;   {optimized virtual_call}
  0x00000167c962c054: 2440 90e8 

  0x00000167c962c058: ; ImmutableOopMap {[64]=Oop }
                      ;*invokespecial <init> {reexecute=0 rethrow=0 return_oop=0}
                      ; - java.lang.reflect.Constructor::newInstanceWithCaller@42
  0x00000167c962c058: 2450 3f07 | 488b 4424 | 40e9 8600 

  0x00000167c962c064: ;   {metadata({method} {0x00000167db05fb38} 'newInstanceWithCaller' '([Ljava/lang/Object;ZLjava/lang/Class;)Ljava/lang/Object;' in 'java/lang/reflect/Constructor')}
  0x00000167c962c064: 0000 49ba | 30fb 05db | 6701 0000 | 4c89 5424 | 0848 c704 | 24ff ffff 

  0x00000167c962c07c: ;   {runtime_call counter_overflow Runtime1 stub}
  0x00000167c962c07c: ffe8 7ee3 

  0x00000167c962c080: ; ImmutableOopMap {rdx=Oop r8=Oop rdi=Oop }
                      ;*synchronization entry
                      ; - java.lang.reflect.Constructor::newInstanceWithCaller@-1
  0x00000167c962c080: 4907 e94d 

  0x00000167c962c084: ;   {runtime_call throw_null_pointer_exception Runtime1 stub}
  0x00000167c962c084: fdff ffe8 

  0x00000167c962c088: ; ImmutableOopMap {[56]=Oop rdx=Oop rsi=Oop }
                      ;*invokevirtual getModifiers {reexecute=0 rethrow=0 return_oop=0}
                      ; - java.lang.reflect.Constructor::newInstanceWithCaller@25
  0x00000167c962c088: 14b3 4007 

  0x00000167c962c08c: ;   {runtime_call throw_null_pointer_exception Runtime1 stub}
  0x00000167c962c08c: e80f b340 

  0x00000167c962c090: ; ImmutableOopMap {rsi=Oop r8=Oop }
                      ;*invokeinterface newInstance {reexecute=0 rethrow=0 return_oop=0}
                      ; - java.lang.reflect.Constructor::newInstanceWithCaller@66
                      ;   {internal_word}
  0x00000167c962c090: 0749 bad1 | bf62 c967 | 0100 004d | 8997 6803 

  0x00000167c962c0a0: ;   {runtime_call SafepointBlob}
  0x00000167c962c0a0: 0000 e959 

  0x00000167c962c0a4: ;   {metadata(NULL)}
  0x00000167c962c0a4: b63f 0748 | ba00 0000 | 0000 0000 | 00b8 000f 

  0x00000167c962c0b4: ;   {runtime_call load_klass_patching Runtime1 stub}
  0x00000167c962c0b4: 050a e8c5 

  0x00000167c962c0b8: ; ImmutableOopMap {}
                      ;*new {reexecute=1 rethrow=0 return_oop=0}
                      ; - (reexecute) java.lang.reflect.Constructor::newInstanceWithCaller@35
  0x00000167c962c0b8: d249 07e9 | 20ff ffff 

  0x00000167c962c0c0: ;   {runtime_call fast_new_instance Runtime1 stub}
  0x00000167c962c0c0: 488b d2e8 

  0x00000167c962c0c4: ; ImmutableOopMap {}
                      ;*new {reexecute=0 rethrow=0 return_oop=0}
                      ; - java.lang.reflect.Constructor::newInstanceWithCaller@35
  0x00000167c962c0c4: b8a9 4007 | e962 ffff | ff90 9049 | 8b87 e003 | 0000 49c7 | 87e0 0300 | 0000 0000 | 0049 c787 
  0x00000167c962c0e4: e803 0000 | 0000 0000 | 4883 c450 

  0x00000167c962c0f0: ;   {runtime_call unwind_exception Runtime1 stub}
  0x00000167c962c0f0: 5de9 8ac1 | 4007 f4f4 | f4f4 f4f4 | f4f4 f4f4 
[Stub Code]
  0x00000167c962c100: ;   {no_reloc}
  0x00000167c962c100: 0f1f 4400 

  0x00000167c962c104: ;   {static_stub}
  0x00000167c962c104: 0048 bb18 | 1b05 db67 

  0x00000167c962c10c: ;   {runtime_call I2C/C2I adapters}
  0x00000167c962c10c: 0100 00e9 | cb93 3d07 

  0x00000167c962c114: ;   {static_stub}
  0x00000167c962c114: 9048 bb08 | fd05 db67 

  0x00000167c962c11c: ;   {runtime_call I2C/C2I adapters}
  0x00000167c962c11c: 0100 00e9 | 2c99 3f07 

  0x00000167c962c124: ;   {static_stub}
  0x00000167c962c124: 9048 bb00 | 0000 0000 

  0x00000167c962c12c: ;   {runtime_call}
  0x00000167c962c12c: 0000 00e9 | fbff ffff 

  0x00000167c962c134: ;   {static_stub}
  0x00000167c962c134: 9048 bb00 | 0000 0000 

  0x00000167c962c13c: ;   {runtime_call}
  0x00000167c962c13c: 0000 00e9 | fbff ffff 
[Exception Handler]
  0x00000167c962c144: ;   {runtime_call handle_exception_from_callee Runtime1 stub}
  0x00000167c962c144: e837 9440 

  0x00000167c962c148: ;   {external_word}
  0x00000167c962c148: 0748 b940 | 9a5f 68f9 | 7f00 0048 

  0x00000167c962c154: ;   {runtime_call}
  0x00000167c962c154: 83e4 f049 | ba60 2f28 | 68f9 7f00 | 0041 ffd2 

  0x00000167c962c164: ;   {section_word}
  0x00000167c962c164: f449 ba65 | c162 c967 | 0100 0041 

  0x00000167c962c170: ;   {runtime_call DeoptimizationBlob}
  0x00000167c962c170: 52e9 2aa8 | 3f07 f4f4 
[/MachCode]


---------------  P R O C E S S  ---------------

Threads class SMR info:
_java_thread_list=0x00000167e08992d0, length=13, elements={
0x00000167c4fc83a0, 0x00000167c508b4a0, 0x00000167c508ea60, 0x00000167dadc2150,
0x00000167dadc2ee0, 0x00000167dadc5a80, 0x00000167dadc7360, 0x00000167dadc8010,
0x00000167dff2d130, 0x00000167dff31e10, 0x00000167dfff1260, 0x00000167e01bfdb0,
0x00000167e089a1a0
}

Java Threads: ( => current thread )
=>0x00000167c4fc83a0 JavaThread "main" [_thread_in_vm, id=9328, stack(0x0000002c90600000,0x0000002c90700000)]
  0x00000167c508b4a0 JavaThread "Reference Handler" daemon [_thread_blocked, id=5308, stack(0x0000002c90900000,0x0000002c90a00000)]
  0x00000167c508ea60 JavaThread "Finalizer" daemon [_thread_blocked, id=6384, stack(0x0000002c90a00000,0x0000002c90b00000)]
  0x00000167dadc2150 JavaThread "Signal Dispatcher" daemon [_thread_blocked, id=10588, stack(0x0000002c90b00000,0x0000002c90c00000)]
  0x00000167dadc2ee0 JavaThread "Attach Listener" daemon [_thread_blocked, id=2528, stack(0x0000002c90c00000,0x0000002c90d00000)]
  0x00000167dadc5a80 JavaThread "Service Thread" daemon [_thread_blocked, id=2348, stack(0x0000002c90d00000,0x0000002c90e00000)]
  0x00000167dadc7360 JavaThread "Monitor Deflation Thread" daemon [_thread_blocked, id=8372, stack(0x0000002c90e00000,0x0000002c90f00000)]
  0x00000167dadc8010 JavaThread "C2 CompilerThread0" daemon [_thread_blocked, id=1772, stack(0x0000002c90f00000,0x0000002c91000000)]
  0x00000167dff2d130 JavaThread "C1 CompilerThread0" daemon [_thread_blocked, id=2720, stack(0x0000002c91000000,0x0000002c91100000)]
  0x00000167dff31e10 JavaThread "Sweeper thread" daemon [_thread_blocked, id=2684, stack(0x0000002c91100000,0x0000002c91200000)]
  0x00000167dfff1260 JavaThread "Common-Cleaner" daemon [_thread_blocked, id=9860, stack(0x0000002c91200000,0x0000002c91300000)]
  0x00000167e01bfdb0 JavaThread "Notification Thread" daemon [_thread_blocked, id=10956, stack(0x0000002c91300000,0x0000002c91400000)]
  0x00000167e089a1a0 JavaThread "Active Thread: Equinox Container: 91440150-7f6a-4699-8d48-0e22a2c63aca" [_thread_blocked, id=11724, stack(0x0000002c91800000,0x0000002c91900000)]

Other Threads:
  0x00000167dad7c980 VMThread "VM Thread" [stack: 0x0000002c90800000,0x0000002c90900000] [id=7796]
  0x00000167e01c0290 WatcherThread [stack: 0x0000002c91400000,0x0000002c91500000] [id=10972]
  0x00000167c4fd8850 GCTaskThread "GC Thread#0" [stack: 0x0000002c90700000,0x0000002c90800000] [id=10904]
  0x00000167e06ab900 GCTaskThread "GC Thread#1" [stack: 0x0000002c91500000,0x0000002c91600000] [id=4708]
  0x00000167e08ff020 GCTaskThread "GC Thread#2" [stack: 0x0000002c91600000,0x0000002c91700000] [id=5896]
  0x00000167e08ff2e0 GCTaskThread "GC Thread#3" [stack: 0x0000002c91700000,0x0000002c91800000] [id=6904]

Threads with active compile tasks:

VM state: not at safepoint (normal execution)

VM Mutex/Monitor currently owned by a thread:  ([mutex/lock_event])
[0x00000167c4fc4d70] Metaspace_lock - owner thread: 0x00000167c4fc83a0

Heap address: 0x00000000c0000000, size: 1024 MB, Compressed Oops mode: 32-bit

CDS archive(s) not mapped
Compressed class space mapped at: 0x0000000100000000-0x0000000140000000, reserved size: 1073741824
Narrow klass base: 0x0000000000000000, Narrow klass shift: 3, Narrow klass range: 0x140000000

GC Precious Log:
 CPUs: 4 total, 4 available
 Memory: 3959M
 Large Page Support: Disabled
 NUMA Support: Disabled
 Compressed Oops: Enabled (32-bit)
 Alignments: Space 512K, Generation 512K, Heap 2M
 Heap Min Capacity: 100M
 Heap Initial Capacity: 100M
 Heap Max Capacity: 1G
 Pre-touch: Disabled
 Parallel Workers: 4

Heap:
 PSYoungGen      total 29696K, used 19643K [0x00000000eab00000, 0x00000000ecc00000, 0x0000000100000000)
  eden space 25600K, 64% used [0x00000000eab00000,0x00000000ebb17e98,0x00000000ec400000)
  from space 4096K, 77% used [0x00000000ec400000,0x00000000ec717090,0x00000000ec800000)
  to   space 4096K, 0% used [0x00000000ec800000,0x00000000ec800000,0x00000000ecc00000)
 ParOldGen       total 68608K, used 8K [0x00000000c0000000, 0x00000000c4300000, 0x00000000eab00000)
  object space 68608K, 0% used [0x00000000c0000000,0x00000000c0002000,0x00000000c4300000)
 Metaspace       used 13484K, committed 13632K, reserved 1114112K
  class space    used 1334K, committed 1408K, reserved 1048576K

Card table byte_map: [0x00000167d8680000,0x00000167d8890000] _byte_map_base: 0x00000167d8080000

Marking Bits: (ParMarkBitMap*) 0x00007ff96886d0b0
 Begin Bits: [0x00000167d89f0000, 0x00000167d99f0000)
 End Bits:   [0x00000167d99f0000, 0x00000167da9f0000)

Polling page: 0x00000167c4e80000

Metaspace:

Usage:
  Non-class:     11.87 MB used.
      Class:      1.30 MB used.
       Both:     13.17 MB used.

Virtual space:
  Non-class space:       64.00 MB reserved,      11.94 MB ( 19%) committed,  1 nodes.
      Class space:        1.00 GB reserved,       1.38 MB ( <1%) committed,  1 nodes.
             Both:        1.06 GB reserved,      13.31 MB (  1%) committed. 

Chunk freelists:
   Non-Class:  3.53 MB
       Class:  14.50 MB
        Both:  18.03 MB

MaxMetaspaceSize: unlimited
CompressedClassSpaceSize: 1.00 GB
Initial GC threshold: 21.00 MB
Current GC threshold: 21.00 MB
CDS: off
MetaspaceReclaimPolicy: balanced
 - commit_granule_bytes: 65536.
 - commit_granule_words: 8192.
 - virtual_space_node_default_size: 8388608.
 - enlarge_chunks_in_place: 1.
 - new_chunks_are_fully_committed: 0.
 - uncommit_free_chunks: 1.
 - use_allocation_guard: 0.
 - handle_deallocations: 1.


Internal statistics:

num_allocs_failed_limit: 0.
num_arena_births: 54.
num_arena_deaths: 0.
num_vsnodes_births: 2.
num_vsnodes_deaths: 0.
num_space_committed: 213.
num_space_uncommitted: 0.
num_chunks_returned_to_freelist: 0.
num_chunks_taken_from_freelist: 203.
num_chunk_merges: 0.
num_chunk_splits: 141.
num_chunks_enlarged: 115.
num_inconsistent_stats: 0.

CodeHeap 'non-profiled nmethods': size=120000Kb used=586Kb max_used=586Kb free=119413Kb
 bounds [0x00000167d0f70000, 0x00000167d11e0000, 0x00000167d84a0000]
CodeHeap 'profiled nmethods': size=120000Kb used=2505Kb max_used=2505Kb free=117494Kb
 bounds [0x00000167c94a0000, 0x00000167c9720000, 0x00000167d09d0000]
CodeHeap 'non-nmethods': size=5760Kb used=1155Kb max_used=1174Kb free=4604Kb
 bounds [0x00000167d09d0000, 0x00000167d0c40000, 0x00000167d0f70000]
 total_blobs=1828 nmethods=1383 adapters=359
 compilation: enabled
              stopped_count=0, restarted_count=0
 full_count=0

Compilation events (20 events):
Event: 3.310 Thread 0x00000167dff2d130 nmethod 1370 0x00000167d0ffcf10 code [0x00000167d0ffd1e0, 0x00000167d0ffe618]
Event: 3.314 Thread 0x00000167dadc8010 1371       4       java.util.HashMap::<init> (98 bytes)
Event: 3.315 Thread 0x00000167dff2d130 1372       3       java.util.ArrayList::indexOf (11 bytes)
Event: 3.315 Thread 0x00000167dff2d130 nmethod 1372 0x00000167c970e910 code [0x00000167c970eac0, 0x00000167c970ec08]
Event: 3.315 Thread 0x00000167dff2d130 1373       3       java.util.jar.JarFile::verifiableEntry (44 bytes)
Event: 3.316 Thread 0x00000167dff2d130 nmethod 1373 0x00000167c970ed10 code [0x00000167c970ef20, 0x00000167c970f858]
Event: 3.316 Thread 0x00000167dadc8010 nmethod 1371 0x00000167d0ffeb90 code [0x00000167d0ffed00, 0x00000167d0ffee78]
Event: 3.316 Thread 0x00000167dff2d130 1374       3       java.util.jar.JarVerifier$VerifierStream::<init> (80 bytes)
Event: 3.316 Thread 0x00000167dadc8010 1375       4       lombok.patcher.scripts.AddFieldScript::patch (55 bytes)
Event: 3.316 Thread 0x00000167dff2d130 nmethod 1374 0x00000167c970fa10 code [0x00000167c970fc00, 0x00000167c97101b8]
Event: 3.321 Thread 0x00000167dff2d130 1377       3       java.lang.ThreadLocal::getMap (5 bytes)
Event: 3.322 Thread 0x00000167dff2d130 nmethod 1377 0x00000167c9710490 code [0x00000167c9710620, 0x00000167c9710738]
Event: 3.322 Thread 0x00000167dff2d130 1379       3       jdk.internal.util.ArraysSupport::vectorizedMismatch (268 bytes)
Event: 3.323 Thread 0x00000167dff2d130 nmethod 1379 0x00000167c9710810 code [0x00000167c97109e0, 0x00000167c9710e38]
Event: 3.323 Thread 0x00000167dff2d130 1380       3       sun.security.util.ObjectIdentifier::equals (33 bytes)
Event: 3.323 Thread 0x00000167dff2d130 nmethod 1380 0x00000167c9710f90 code [0x00000167c9711160, 0x00000167c9711548]
Event: 3.324 Thread 0x00000167dff2d130 1381       3       java.math.BigInteger::implSquareToLen (154 bytes)
Event: 3.324 Thread 0x00000167dff2d130 nmethod 1381 0x00000167c9711610 code [0x00000167c9711800, 0x00000167c9711ca8]
Event: 3.324 Thread 0x00000167dff2d130 1382       3       java.math.BigInteger::shiftLeftImplWorker (43 bytes)
Event: 3.325 Thread 0x00000167dff2d130 nmethod 1382 0x00000167c9712010 code [0x00000167c97121c0, 0x00000167c97123f8]

GC Heap History (2 events):
Event: 2.120 GC heap before
{Heap before GC invocations=1 (full 0):
 PSYoungGen      total 29696K, used 25600K [0x00000000eab00000, 0x00000000ecc00000, 0x0000000100000000)
  eden space 25600K, 100% used [0x00000000eab00000,0x00000000ec400000,0x00000000ec400000)
  from space 4096K, 0% used [0x00000000ec800000,0x00000000ec800000,0x00000000ecc00000)
  to   space 4096K, 0% used [0x00000000ec400000,0x00000000ec400000,0x00000000ec800000)
 ParOldGen       total 68608K, used 0K [0x00000000c0000000, 0x00000000c4300000, 0x00000000eab00000)
  object space 68608K, 0% used [0x00000000c0000000,0x00000000c0000000,0x00000000c4300000)
 Metaspace       used 11020K, committed 11200K, reserved 1114112K
  class space    used 1098K, committed 1216K, reserved 1048576K
}
Event: 2.132 GC heap after
{Heap after GC invocations=1 (full 0):
 PSYoungGen      total 29696K, used 3164K [0x00000000eab00000, 0x00000000ecc00000, 0x0000000100000000)
  eden space 25600K, 0% used [0x00000000eab00000,0x00000000eab00000,0x00000000ec400000)
  from space 4096K, 77% used [0x00000000ec400000,0x00000000ec717090,0x00000000ec800000)
  to   space 4096K, 0% used [0x00000000ec800000,0x00000000ec800000,0x00000000ecc00000)
 ParOldGen       total 68608K, used 8K [0x00000000c0000000, 0x00000000c4300000, 0x00000000eab00000)
  object space 68608K, 0% used [0x00000000c0000000,0x00000000c0002000,0x00000000c4300000)
 Metaspace       used 11020K, committed 11200K, reserved 1114112K
  class space    used 1098K, committed 1216K, reserved 1048576K
}

Dll operation events (8 events):
Event: 0.012 Loaded shared library c:\Users\HP\.vscode\extensions\redhat.java-1.25.0-win32-x64\jre\17.0.9-win32-x86_64\bin\java.dll
Event: 0.398 Loaded shared library c:\Users\HP\.vscode\extensions\redhat.java-1.25.0-win32-x64\jre\17.0.9-win32-x86_64\bin\zip.dll
Event: 0.402 Loaded shared library C:\Users\HP\.vscode\extensions\redhat.java-1.25.0-win32-x64\jre\17.0.9-win32-x86_64\bin\instrument.dll
Event: 0.448 Loaded shared library C:\Users\HP\.vscode\extensions\redhat.java-1.25.0-win32-x64\jre\17.0.9-win32-x86_64\bin\net.dll
Event: 0.451 Loaded shared library C:\Users\HP\.vscode\extensions\redhat.java-1.25.0-win32-x64\jre\17.0.9-win32-x86_64\bin\nio.dll
Event: 0.464 Loaded shared library C:\Users\HP\.vscode\extensions\redhat.java-1.25.0-win32-x64\jre\17.0.9-win32-x86_64\bin\zip.dll
Event: 0.500 Loaded shared library C:\Users\HP\.vscode\extensions\redhat.java-1.25.0-win32-x64\jre\17.0.9-win32-x86_64\bin\jimage.dll
Event: 0.679 Loaded shared library c:\Users\HP\.vscode\extensions\redhat.java-1.25.0-win32-x64\jre\17.0.9-win32-x86_64\bin\verify.dll

Deoptimization events (20 events):
Event: 2.466 Thread 0x00000167c4fc83a0 Uncommon trap: trap_request=0xffffff45 fr.pc=0x00000167d0fa9a68 relative=0x0000000000000e48
Event: 2.466 Thread 0x00000167c4fc83a0 Uncommon trap: reason=unstable_if action=reinterpret pc=0x00000167d0fa9a68 method=lombok.patcher.PatchScript.classMatches(Ljava/lang/String;Ljava/util/Collection;)Z @ 25 c2
Event: 2.466 Thread 0x00000167c4fc83a0 DEOPT PACKING pc=0x00000167d0fa9a68 sp=0x0000002c906f8230
Event: 2.466 Thread 0x00000167c4fc83a0 DEOPT UNPACKING pc=0x00000167d0a266a3 sp=0x0000002c906f8188 mode 2
Event: 2.507 Thread 0x00000167c4fc83a0 DEOPT PACKING pc=0x00000167c95105d5 sp=0x0000002c906f3aa0
Event: 2.507 Thread 0x00000167c4fc83a0 DEOPT UNPACKING pc=0x00000167d0a26e43 sp=0x0000002c906f2f50 mode 0
Event: 2.519 Thread 0x00000167c4fc83a0 DEOPT PACKING pc=0x00000167c951061c sp=0x0000002c906f3aa0
Event: 2.519 Thread 0x00000167c4fc83a0 DEOPT UNPACKING pc=0x00000167d0a26e43 sp=0x0000002c906f2f50 mode 0
Event: 2.541 Thread 0x00000167c4fc83a0 DEOPT PACKING pc=0x00000167c95105d5 sp=0x0000002c906f3aa0
Event: 2.541 Thread 0x00000167c4fc83a0 DEOPT UNPACKING pc=0x00000167d0a26e43 sp=0x0000002c906f2f50 mode 0
Event: 2.550 Thread 0x00000167c4fc83a0 DEOPT PACKING pc=0x00000167c95105d5 sp=0x0000002c906f75d0
Event: 2.550 Thread 0x00000167c4fc83a0 DEOPT UNPACKING pc=0x00000167d0a26e43 sp=0x0000002c906f6a80 mode 0
Event: 3.214 Thread 0x00000167c4fc83a0 Uncommon trap: trap_request=0xffffffde fr.pc=0x00000167d0fdce20 relative=0x00000000000008e0
Event: 3.214 Thread 0x00000167c4fc83a0 Uncommon trap: reason=class_check action=maybe_recompile pc=0x00000167d0fdce20 method=java.util.HashMap.putVal(ILjava/lang/Object;Ljava/lang/Object;ZZ)Ljava/lang/Object; @ 253 c2
Event: 3.214 Thread 0x00000167c4fc83a0 DEOPT PACKING pc=0x00000167d0fdce20 sp=0x0000002c906fdae0
Event: 3.214 Thread 0x00000167c4fc83a0 DEOPT UNPACKING pc=0x00000167d0a266a3 sp=0x0000002c906fda60 mode 2
Event: 3.220 Thread 0x00000167c4fc83a0 Uncommon trap: trap_request=0xffffffde fr.pc=0x00000167d0fdce20 relative=0x00000000000008e0
Event: 3.220 Thread 0x00000167c4fc83a0 Uncommon trap: reason=class_check action=maybe_recompile pc=0x00000167d0fdce20 method=java.util.HashMap.putVal(ILjava/lang/Object;Ljava/lang/Object;ZZ)Ljava/lang/Object; @ 253 c2
Event: 3.220 Thread 0x00000167c4fc83a0 DEOPT PACKING pc=0x00000167d0fdce20 sp=0x0000002c906fdae0
Event: 3.220 Thread 0x00000167c4fc83a0 DEOPT UNPACKING pc=0x00000167d0a266a3 sp=0x0000002c906fda60 mode 2

Classes unloaded (0 events):
No events

Classes redefined (0 events):
No events

Internal exceptions (20 events):
Event: 1.296 Thread 0x00000167c4fc83a0 Exception <a 'java/io/FileNotFoundException'{0x00000000eb86b588}> (0x00000000eb86b588) 
thrown [s\src\hotspot\share\prims\jni.cpp, line 516]
Event: 1.297 Thread 0x00000167c4fc83a0 Exception <a 'java/io/FileNotFoundException'{0x00000000eb86c238}> (0x00000000eb86c238) 
thrown [s\src\hotspot\share\prims\jni.cpp, line 516]
Event: 1.297 Thread 0x00000167c4fc83a0 Exception <a 'java/io/FileNotFoundException'{0x00000000eb86cee0}> (0x00000000eb86cee0) 
thrown [s\src\hotspot\share\prims\jni.cpp, line 516]
Event: 1.310 Thread 0x00000167c4fc83a0 Exception <a 'java/io/FileNotFoundException'{0x00000000eb8a5f80}> (0x00000000eb8a5f80) 
thrown [s\src\hotspot\share\prims\jni.cpp, line 516]
Event: 1.752 Thread 0x00000167c4fc83a0 Exception <a 'java/lang/ClassNotFoundException'{0x00000000ec0a95c0}: sun/net/www/protocol/c/Handler> (0x00000000ec0a95c0) 
thrown [s\src\hotspot\share\classfile\systemDictionary.cpp, line 256]
Event: 1.753 Thread 0x00000167c4fc83a0 Exception <a 'java/lang/ClassNotFoundException'{0x00000000ec0aa910}: sun/net/www/protocol/e/Handler> (0x00000000ec0aa910) 
thrown [s\src\hotspot\share\classfile\systemDictionary.cpp, line 256]
Event: 1.753 Thread 0x00000167c4fc83a0 Exception <a 'java/lang/ClassNotFoundException'{0x00000000ec0abab0}: sun/net/www/protocol/c/Handler> (0x00000000ec0abab0) 
thrown [s\src\hotspot\share\classfile\systemDictionary.cpp, line 256]
Event: 1.780 Thread 0x00000167c4fc83a0 Exception <a 'java/io/FileNotFoundException'{0x00000000ec0ca8d8}> (0x00000000ec0ca8d8) 
thrown [s\src\hotspot\share\prims\jni.cpp, line 516]
Event: 1.893 Thread 0x00000167c4fc83a0 Implicit null exception at 0x00000167d0fcabfb to 0x00000167d0fcb56c
Event: 1.893 Thread 0x00000167c4fc83a0 Implicit null exception at 0x00000167d0fb75ec to 0x00000167d0fb77cc
Event: 1.893 Thread 0x00000167c4fc83a0 Implicit null exception at 0x00000167d0fb6b0e to 0x00000167d0fb6d54
Event: 1.894 Thread 0x00000167c4fc83a0 Implicit null exception at 0x00000167d0fc3f8f to 0x00000167d0fc4005
Event: 2.052 Thread 0x00000167c4fc83a0 Exception <a 'java/lang/NoSuchMethodError'{0x00000000ec398388}: 'int java.lang.invoke.DirectMethodHandle$Holder.invokeStaticInit(java.lang.Object, java.lang.Object, java.lang.Object, java.lang.Object)'> (0x00000000ec398388) 
thrown [s\src\hotspot\share\interpreter\linkResolver.cpp, line 759]
Event: 2.057 Thread 0x00000167c4fc83a0 Exception <a 'java/lang/NoSuchMethodError'{0x00000000ec3a29f8}: 'java.lang.Object java.lang.invoke.DirectMethodHandle$Holder.invokeInterface(java.lang.Object, java.lang.Object)'> (0x00000000ec3a29f8) 
thrown [s\src\hotspot\share\interpreter\linkResolver.cpp, line 759]
Event: 2.058 Thread 0x00000167c4fc83a0 Exception <a 'java/lang/IncompatibleClassChangeError'{0x00000000ec3a61f0}: Found class java.lang.Object, but interface was expected> (0x00000000ec3a61f0) 
thrown [s\src\hotspot\share\interpreter\linkResolver.cpp, line 826]
Event: 2.061 Thread 0x00000167c4fc83a0 Exception <a 'java/lang/NoSuchMethodError'{0x00000000ec3aa6e8}: 'void java.lang.invoke.DirectMethodHandle$Holder.invokeStatic(java.lang.Object, java.lang.Object)'> (0x00000000ec3aa6e8) 
thrown [s\src\hotspot\share\interpreter\linkResolver.cpp, line 759]
Event: 2.066 Thread 0x00000167c4fc83a0 Exception <a 'java/lang/NoSuchMethodError'{0x00000000ec3adee8}: 'void java.lang.invoke.DirectMethodHandle$Holder.invokeStaticInit(java.lang.Object, java.lang.Object)'> (0x00000000ec3adee8) 
thrown [s\src\hotspot\share\interpreter\linkResolver.cpp, line 759]
Event: 2.068 Thread 0x00000167c4fc83a0 Exception <a 'java/lang/NoSuchMethodError'{0x00000000ec3b5300}: 'int java.lang.invoke.DirectMethodHandle$Holder.invokeStaticInit(java.lang.Object, java.lang.Object)'> (0x00000000ec3b5300) 
thrown [s\src\hotspot\share\interpreter\linkResolver.cpp, line 759]
Event: 2.238 Thread 0x00000167c4fc83a0 Exception <a 'java/lang/NoSuchMethodError'{0x00000000eabdc7f0}: 'void java.lang.invoke.DirectMethodHandle$Holder.invokeSpecial(java.lang.Object, java.lang.Object, java.lang.Object)'> (0x00000000eabdc7f0) 
thrown [s\src\hotspot\share\interpreter\linkResolver.cpp, line 759]
Event: 3.151 Thread 0x00000167c4fc83a0 Exception <a 'java/lang/NoSuchMethodError'{0x00000000eb8476b8}: 'java.lang.Object java.lang.invoke.DirectMethodHandle$Holder.newInvokeSpecial(java.lang.Object, int, java.lang.Object)'> (0x00000000eb8476b8) 
thrown [s\src\hotspot\share\interpreter\linkResolver.cpp, line 759]

VM Operations (20 events):
Event: 1.201 Executing VM operation: HandshakeAllThreads
Event: 1.201 Executing VM operation: HandshakeAllThreads done
Event: 1.201 Executing VM operation: Cleanup
Event: 1.201 Executing VM operation: Cleanup done
Event: 1.246 Executing VM operation: HandshakeAllThreads
Event: 1.246 Executing VM operation: HandshakeAllThreads done
Event: 1.724 Executing VM operation: HandshakeAllThreads
Event: 1.725 Executing VM operation: HandshakeAllThreads done
Event: 2.120 Executing VM operation: ParallelGCFailedAllocation
Event: 2.132 Executing VM operation: ParallelGCFailedAllocation done
Event: 2.983 Executing VM operation: HandshakeAllThreads
Event: 2.983 Executing VM operation: HandshakeAllThreads done
Event: 2.984 Executing VM operation: HandshakeAllThreads
Event: 2.984 Executing VM operation: HandshakeAllThreads done
Event: 2.997 Executing VM operation: HandshakeAllThreads
Event: 2.997 Executing VM operation: HandshakeAllThreads done
Event: 3.139 Executing VM operation: HandshakeAllThreads
Event: 3.139 Executing VM operation: HandshakeAllThreads done
Event: 3.139 Executing VM operation: Cleanup
Event: 3.139 Executing VM operation: Cleanup done

Events (20 events):
Event: 2.970 loading class java/lang/ApplicationShutdownHooks$1
Event: 2.970 loading class java/lang/ApplicationShutdownHooks$1 done
Event: 2.973 loading class java/util/concurrent/locks/AbstractQueuedSynchronizer$ConditionNode
Event: 2.973 loading class java/util/concurrent/locks/AbstractQueuedSynchronizer$ConditionNode done
Event: 2.996 loading class java/util/ArrayList$ListItr
Event: 2.997 loading class java/util/ArrayList$ListItr done
Event: 3.133 loading class java/util/LinkedList
Event: 3.134 loading class java/util/AbstractSequentialList
Event: 3.134 loading class java/util/AbstractSequentialList done
Event: 3.134 loading class java/util/LinkedList done
Event: 3.219 loading class java/util/ConcurrentModificationException
Event: 3.219 loading class java/util/ConcurrentModificationException done
Event: 3.246 loading class java/net/ContentHandlerFactory
Event: 3.246 loading class java/net/ContentHandlerFactory done
Event: 3.253 loading class java/net/ContentHandler
Event: 3.253 loading class java/net/ContentHandler done
Event: 3.307 loading class javax/xml/parsers/ParserConfigurationException
Event: 3.307 loading class javax/xml/parsers/ParserConfigurationException done
Event: 3.313 loading class java/security/KeyStoreException
Event: 3.313 loading class java/security/KeyStoreException done


Dynamic libraries:
0x00007ff745b00000 - 0x00007ff745b0e000 	c:\Users\HP\.vscode\extensions\redhat.java-1.25.0-win32-x64\jre\17.0.9-win32-x86_64\bin\java.exe
0x00007ff9aa410000 - 0x00007ff9aa604000 	C:\WINDOWS\SYSTEM32\ntdll.dll
0x00007ff9a8e50000 - 0x00007ff9a8f0d000 	C:\WINDOWS\System32\KERNEL32.DLL
0x00007ff9a7c50000 - 0x00007ff9a7f17000 	C:\WINDOWS\System32\KERNELBASE.dll
0x00007ff9a7b50000 - 0x00007ff9a7c50000 	C:\WINDOWS\System32\ucrtbase.dll
0x00007ff99b2e0000 - 0x00007ff99b2f7000 	c:\Users\HP\.vscode\extensions\redhat.java-1.25.0-win32-x64\jre\17.0.9-win32-x86_64\bin\jli.dll
0x00007ff9a8c80000 - 0x00007ff9a8e20000 	C:\WINDOWS\System32\USER32.dll
0x00007ff9a83a0000 - 0x00007ff9a83c2000 	C:\WINDOWS\System32\win32u.dll
0x00007ff9a8e20000 - 0x00007ff9a8e4a000 	C:\WINDOWS\System32\GDI32.dll
0x00007ff9a8290000 - 0x00007ff9a839a000 	C:\WINDOWS\System32\gdi32full.dll
0x00007ff9a83d0000 - 0x00007ff9a846d000 	C:\WINDOWS\System32\msvcp_win.dll
0x00007ff992e00000 - 0x00007ff992e1b000 	c:\Users\HP\.vscode\extensions\redhat.java-1.25.0-win32-x64\jre\17.0.9-win32-x86_64\bin\VCRUNTIME140.dll
0x00007ff98fa70000 - 0x00007ff98fd0a000 	C:\WINDOWS\WinSxS\amd64_microsoft.windows.common-controls_6595b64144ccf1df_6.0.19041.1_none_b555e41d4684ddec\COMCTL32.dll
0x00007ff9a9f20000 - 0x00007ff9a9fbe000 	C:\WINDOWS\System32\msvcrt.dll
0x00007ff9aa160000 - 0x00007ff9aa190000 	C:\WINDOWS\System32\IMM32.DLL
0x00007ff9a2e10000 - 0x00007ff9a2e1c000 	c:\Users\HP\.vscode\extensions\redhat.java-1.25.0-win32-x64\jre\17.0.9-win32-x86_64\bin\vcruntime140_1.dll
0x00007ff986b30000 - 0x00007ff986bbd000 	c:\Users\HP\.vscode\extensions\redhat.java-1.25.0-win32-x64\jre\17.0.9-win32-x86_64\bin\msvcp140.dll
0x00007ff967cd0000 - 0x00007ff968931000 	c:\Users\HP\.vscode\extensions\redhat.java-1.25.0-win32-x64\jre\17.0.9-win32-x86_64\bin\server\jvm.dll
0x00007ff9a8f10000 - 0x00007ff9a8fba000 	C:\WINDOWS\System32\ADVAPI32.dll
0x00007ff9a9d10000 - 0x00007ff9a9dab000 	C:\WINDOWS\System32\sechost.dll
0x00007ff9a9fc0000 - 0x00007ff9aa0e3000 	C:\WINDOWS\System32\RPCRT4.dll
0x00007ff9a7160000 - 0x00007ff9a71ab000 	C:\WINDOWS\SYSTEM32\POWRPROF.dll
0x00007ff9a1aa0000 - 0x00007ff9a1aa9000 	C:\WINDOWS\SYSTEM32\WSOCK32.dll
0x00007ff9a8c10000 - 0x00007ff9a8c7b000 	C:\WINDOWS\System32\WS2_32.dll
0x00007ff99f890000 - 0x00007ff99f8b7000 	C:\WINDOWS\SYSTEM32\WINMM.dll
0x00007ff999bb0000 - 0x00007ff999bba000 	C:\WINDOWS\SYSTEM32\VERSION.dll
0x00007ff9a6fd0000 - 0x00007ff9a6fe2000 	C:\WINDOWS\SYSTEM32\UMPDC.dll
0x00007ff9a5ae0000 - 0x00007ff9a5af3000 	C:\WINDOWS\SYSTEM32\kernel.appcore.dll
0x00007ff99b370000 - 0x00007ff99b37a000 	c:\Users\HP\.vscode\extensions\redhat.java-1.25.0-win32-x64\jre\17.0.9-win32-x86_64\bin\jimage.dll
0x00007ff998610000 - 0x00007ff9987f4000 	C:\WINDOWS\SYSTEM32\DBGHELP.DLL
0x00007ff999b80000 - 0x00007ff999bac000 	C:\WINDOWS\SYSTEM32\dbgcore.DLL
0x00007ff9a8030000 - 0x00007ff9a80af000 	C:\WINDOWS\System32\bcryptPrimitives.dll
0x00007ff999de0000 - 0x00007ff999dee000 	c:\Users\HP\.vscode\extensions\redhat.java-1.25.0-win32-x64\jre\17.0.9-win32-x86_64\bin\instrument.dll
0x00007ff987d20000 - 0x00007ff987d45000 	c:\Users\HP\.vscode\extensions\redhat.java-1.25.0-win32-x64\jre\17.0.9-win32-x86_64\bin\java.dll
0x00007ff991cb0000 - 0x00007ff991cc8000 	c:\Users\HP\.vscode\extensions\redhat.java-1.25.0-win32-x64\jre\17.0.9-win32-x86_64\bin\zip.dll
0x00007ff9a84d0000 - 0x00007ff9a8c01000 	C:\WINDOWS\System32\SHELL32.dll
0x00007ff9a5ce0000 - 0x00007ff9a646a000 	C:\WINDOWS\SYSTEM32\windows.storage.dll
0x00007ff9a8fc0000 - 0x00007ff9a9314000 	C:\WINDOWS\System32\combase.dll
0x00007ff9a75d0000 - 0x00007ff9a75fb000 	C:\WINDOWS\SYSTEM32\Wldp.dll
0x00007ff9a9430000 - 0x00007ff9a94de000 	C:\WINDOWS\System32\SHCORE.dll
0x00007ff9a8470000 - 0x00007ff9a84c5000 	C:\WINDOWS\System32\shlwapi.dll
0x00007ff9a7a90000 - 0x00007ff9a7aaf000 	C:\WINDOWS\SYSTEM32\profapi.dll
0x00007ff9906d0000 - 0x00007ff9906e9000 	C:\Users\HP\.vscode\extensions\redhat.java-1.25.0-win32-x64\jre\17.0.9-win32-x86_64\bin\net.dll
0x00007ff99f2e0000 - 0x00007ff99f3e2000 	C:\WINDOWS\SYSTEM32\WINHTTP.dll
0x00007ff9a7350000 - 0x00007ff9a73ba000 	C:\WINDOWS\system32\mswsock.dll
0x00007ff986b10000 - 0x00007ff986b26000 	C:\Users\HP\.vscode\extensions\redhat.java-1.25.0-win32-x64\jre\17.0.9-win32-x86_64\bin\nio.dll
0x00007ff986b00000 - 0x00007ff986b10000 	c:\Users\HP\.vscode\extensions\redhat.java-1.25.0-win32-x64\jre\17.0.9-win32-x86_64\bin\verify.dll

dbghelp: loaded successfully - version: 4.0.5 - missing functions: none
symbol engine: initialized successfully - sym options: 0x614 - pdb path: .;c:\Users\HP\.vscode\extensions\redhat.java-1.25.0-win32-x64\jre\17.0.9-win32-x86_64\bin;C:\WINDOWS\SYSTEM32;C:\WINDOWS\WinSxS\amd64_microsoft.windows.common-controls_6595b64144ccf1df_6.0.19041.1_none_b555e41d4684ddec;c:\Users\HP\.vscode\extensions\redhat.java-1.25.0-win32-x64\jre\17.0.9-win32-x86_64\bin\server

VM Arguments:
jvm_args: --add-modules=ALL-SYSTEM --add-opens=java.base/java.util=ALL-UNNAMED --add-opens=java.base/java.lang=ALL-UNNAMED --add-opens=java.base/sun.nio.fs=ALL-UNNAMED -Declipse.application=org.eclipse.jdt.ls.core.id1 -Dosgi.bundles.defaultStartLevel=4 -Declipse.product=org.eclipse.jdt.ls.core.product -Djava.import.generatesMetadataFilesAtProjectRoot=false -DDetectVMInstallationsJob.disabled=true -Dfile.encoding=utf8 -XX:+UseParallelGC -XX:GCTimeRatio=4 -XX:AdaptiveSizePolicyWeight=90 -Dsun.zip.disableMemoryMapping=true -Xmx1G -Xms100m -Xlog:disable -javaagent:c:\Users\HP\.vscode\extensions\redhat.java-1.25.0-win32-x64\lombok\lombok-1.18.30.jar 
java_command: c:\Users\HP\.vscode\extensions\redhat.java-1.25.0-win32-x64\server\plugins\org.eclipse.equinox.launcher_1.6.600.v20231012-1237.jar -configuration c:\Users\HP\AppData\Roaming\Code\User\globalStorage\redhat.java\1.25.0\config_ss_win -data c:\Users\HP\AppData\Roaming\Code\User\workspaceStorage\7145003809ee5229b52fc69e90d06eaa\redhat.java\ss_ws --stdio
java_class_path (initial): c:\Users\HP\.vscode\extensions\redhat.java-1.25.0-win32-x64\server\plugins\org.eclipse.equinox.launcher_1.6.600.v20231012-1237.jar
Launcher Type: SUN_STANDARD

[Global flags]
    uintx AdaptiveSizePolicyWeight                 = 90                                        {product} {command line}
     intx CICompilerCount                          = 3                                         {product} {ergonomic}
    uintx GCTimeRatio                              = 4                                         {product} {command line}
   size_t InitialHeapSize                          = 104857600                                 {product} {command line}
   size_t MaxHeapSize                              = 1073741824                                {product} {command line}
   size_t MaxNewSize                               = 357564416                                 {product} {ergonomic}
   size_t MinHeapDeltaBytes                        = 524288                                    {product} {ergonomic}
   size_t MinHeapSize                              = 104857600                                 {product} {command line}
   size_t NewSize                                  = 34603008                                  {product} {ergonomic}
    uintx NonNMethodCodeHeapSize                   = 5832780                                {pd product} {ergonomic}
    uintx NonProfiledCodeHeapSize                  = 122912730                              {pd product} {ergonomic}
   size_t OldSize                                  = 70254592                                  {product} {ergonomic}
    uintx ProfiledCodeHeapSize                     = 122912730                              {pd product} {ergonomic}
    uintx ReservedCodeCacheSize                    = 251658240                              {pd product} {ergonomic}
     bool SegmentedCodeCache                       = true                                      {product} {ergonomic}
   size_t SoftMaxHeapSize                          = 1073741824                             {manageable} {ergonomic}
     bool UseCompressedClassPointers               = true                           {product lp64_product} {ergonomic}
     bool UseCompressedOops                        = true                           {product lp64_product} {ergonomic}
     bool UseLargePagesIndividualAllocation        = false                                  {pd product} {ergonomic}
     bool UseParallelGC                            = true                                      {product} {command line}

Logging:
Log output configuration:
 #0: stdout all=off uptime,level,tags
 #1: stderr all=off uptime,level,tags

Environment Variables:
JAVA_HOME=C:\Program Files\Java\jdk1.8.0_45
CLASSPATH=%CLASSPATH%;%JUNIT_HOME%\junit-4.13.2.jar;hamcrest-core-1.3.jar;;E:\kiemthunangcao\junit\junit-4.13.2.jar;hamcrest-core-1.3.jar;;E:\kiemthunangcao\junit\junit-4.13.2.jar;hamcrest-core-1.3.jar;
PATH=C:\ProgramData\Oracle\Java\javapath;C:\Program Files (x86)\Common Files\Oracle\Java\javapath;C:\WINDOWS\system32;C:\WINDOWS;C:\WINDOWS\System32\Wbem;C:\WINDOWS\System32\WindowsPowerShell\v1.0\;C:\Users\HP\Downloads\winlibs-x86_64-posix-seh-gcc-11.2.0-llvm-12.0.1-mingw-w64-9.0.0-r1\mingw64\bin;C:\WINDOWS\System32\OpenSSH\;C:\Program Files\Broadcom\Broadcom 802.11\Driver;C:\Program Files\Azure Data Studio\bin;C:\Program Files\Java\jdk1.8.0_45;C:\Program Files\Java\jdbc\sqljdbc42.jar;d:\Program Files(x86)\100\Tools\Binn\;d:\Program Files\100\Tools\Binn\;d:\Program Files\100\DTS\Binn\;C:\Program Files (x86)\Microsoft SQL Server\100\Tools\Binn\;C:\Program Files (x86)\Microsoft SQL Server\100\Tools\Binn\VSShell\Common7\IDE\;C:\Program Files (x86)\Microsoft SQL Server\100\DTS\Binn\;C:\Program Files (x86)\Microsoft SQL Server\110\Tools\Binn\;C:\Program Files (x86)\Microsoft SQL Server\110\DTS\Binn\;C:\Program Files\nodejs\;C:\Program Files (x86)\Microsoft SQL Server\160\Tools\Binn\;C:\Program Files\Microsoft SQL Server\160\Tools\Binn\;C:\Program Files\Microsoft SQL Server\Client SDK\ODBC\170\Tools\Binn\;C:\Program Files\Microsoft SQL Server\160\DTS\Binn\;C:\Program Files (x86)\Microsoft SQL Server\160\DTS\Binn\;C:\Program Files\Java\jdk1.8.0_45\bin;E:\vs\Git\cmd;C:\Users\HP\AppData\Local\Microsoft\WindowsApps;C:\Users\HP\Downloads\winlibs-x86_64-posix-seh-gcc-11.2.0-llvm-12.0.1-mingw-w64-9.0.0-r1\mingw64\bin;;C:\Program Files\Azure Data Studio\bin;E:\vs\Microsoft VS Code\bin;C:\Users\HP\AppData\Roaming\npm
USERNAME=HP
OS=Windows_NT
PROCESSOR_IDENTIFIER=Intel64 Family 6 Model 58 Stepping 9, GenuineIntel
TMP=C:\Users\HP\AppData\Local\Temp
TEMP=D:\



Periodic native trim disabled


---------------  S Y S T E M  ---------------

OS:
 Windows 10 , 64 bit Build 19041 (10.0.19041.1)
OS uptime: 0 days 1:09 hours

CPU: total 4 (initial active 4) (2 cores per cpu, 2 threads per core) family 6 model 58 stepping 9 microcode 0x21, cx8, cmov, fxsr, ht, mmx, sse, sse2, sse3, ssse3, sse4.1, sse4.2, popcnt, tsc, tscinvbit, avx, aes, erms, clmul, vzeroupper, clflush
Processor Information for all 4 processors :
  Max Mhz: 2401, Current Mhz: 2401, Mhz Limit: 2401

Memory: 4k page, system-wide physical 3959M (916M free)
TotalPageFile size 4137M (AvailPageFile size 192M)
current process WorkingSet (physical memory assigned to process): 80M, peak: 80M
current process commit charge ("private bytes"): 189M, peak: 190M

vm_info: OpenJDK 64-Bit Server VM (17.0.9+9) for windows-amd64 JRE (17.0.9+9), built on Oct 26 2023 14:01:42 by "admin" with MS VC++ 16.10 / 16.11 (VS2019)

END.
