#
# There is insufficient memory for the Java Runtime Environment to continue.
# Native memory allocation (mmap) failed to map 65536 bytes for Failed to commit metaspace.
# Possible reasons:
#   The system is out of physical RAM or swap space
#   The process is running with CompressedOops enabled, and the Java Heap may be blocking the growth of the native heap
# Possible solutions:
#   Reduce memory load on the system
#   Increase physical memory or swap space
#   Check if swap backing store is full
#   Decrease Java heap size (-Xmx/-Xms)
#   Decrease number of Java threads
#   Decrease Java thread stack sizes (-Xss)
#   Set larger code cache with -XX:ReservedCodeCacheSize=
#   JVM is running with Unscaled Compressed Oops mode in which the Java heap is
#     placed in the first 4GB address space. The Java Heap base address is the
#     maximum limit for the native heap growth. Please use -XX:HeapBaseMinAddress
#     to set the Java Heap base and to place the Java Heap above 4GB virtual address.
# This output file may be truncated or incomplete.
#
#  Out of Memory Error (virtualSpaceNode.cpp:110), pid=7228, tid=11476
#
# JRE version: OpenJDK Runtime Environment Temurin-17.0.9+9 (17.0.9+9) (build 17.0.9+9)
# Java VM: OpenJDK 64-Bit Server VM Temurin-17.0.9+9 (17.0.9+9, mixed mode, tiered, compressed oops, compressed class ptrs, parallel gc, windows-amd64)
# No core dump will be written. Minidumps are not enabled by default on client versions of Windows
#

---------------  S U M M A R Y ------------

Command Line: --add-modules=ALL-SYSTEM --add-opens=java.base/java.util=ALL-UNNAMED --add-opens=java.base/java.lang=ALL-UNNAMED --add-opens=java.base/sun.nio.fs=ALL-UNNAMED -Declipse.application=org.eclipse.jdt.ls.core.id1 -Dosgi.bundles.defaultStartLevel=4 -Declipse.product=org.eclipse.jdt.ls.core.product -Djava.import.generatesMetadataFilesAtProjectRoot=false -DDetectVMInstallationsJob.disabled=true -Dfile.encoding=utf8 -XX:+UseParallelGC -XX:GCTimeRatio=4 -XX:AdaptiveSizePolicyWeight=90 -Dsun.zip.disableMemoryMapping=true -Xmx1G -Xms100m -Xlog:disable -javaagent:c:\Users\HP\.vscode\extensions\redhat.java-1.25.0-win32-x64\lombok\lombok-1.18.30.jar c:\Users\HP\.vscode\extensions\redhat.java-1.25.0-win32-x64\server\plugins\org.eclipse.equinox.launcher_1.6.600.v20231012-1237.jar -configuration c:\Users\HP\AppData\Roaming\Code\User\globalStorage\redhat.java\1.25.0\config_ss_win -data c:\Users\HP\AppData\Roaming\Code\User\workspaceStorage\7145003809ee5229b52fc69e90d06eaa\redhat.java\ss_ws --stdio

Host: Intel(R) Core(TM) i5-3437U CPU @ 1.90GHz, 4 cores, 3G,  Windows 10 , 64 bit Build 19041 (10.0.19041.1)
Time: Fri Dec  1 16:17:06 2023 SE Asia Standard Time elapsed time: 5.772250 seconds (0d 0h 0m 5s)

---------------  T H R E A D  ---------------

Current thread (0x00000197b172e3e0):  JavaThread "Start Level: Equinox Container: cef482ee-9f1f-49ab-bdcb-483ee3fc1daf" daemon [_thread_in_vm, id=11476, stack(0x0000006fbab00000,0x0000006fbac00000)]

Stack: [0x0000006fbab00000,0x0000006fbac00000]
Native frames: (J=compiled Java code, j=interpreted, Vv=VM code, C=native code)
V  [jvm.dll+0x67cf49]
V  [jvm.dll+0x83478a]
V  [jvm.dll+0x83624e]
V  [jvm.dll+0x8368b3]
V  [jvm.dll+0x247f1f]
V  [jvm.dll+0x83044b]
V  [jvm.dll+0x621776]
V  [jvm.dll+0x6217da]
V  [jvm.dll+0x62400a]
V  [jvm.dll+0x622116]
V  [jvm.dll+0x1ec48e]
V  [jvm.dll+0x1ecfd0]
V  [jvm.dll+0x1e23d1]
V  [jvm.dll+0x54305e]
V  [jvm.dll+0x7ae778]
V  [jvm.dll+0x7ae864]
V  [jvm.dll+0x411165]
V  [jvm.dll+0x4172e9]
C  [java.dll+0x17ec]

Java frames: (J=compiled Java code, j=interpreted, Vv=VM code)
J 1087  java.lang.ClassLoader.defineClass1(Ljava/lang/ClassLoader;Ljava/lang/String;[BIILjava/security/ProtectionDomain;Ljava/lang/String;)Ljava/lang/Class; java.base@17.0.9 (0 bytes) @ 0x00000197a1ff97db [0x00000197a1ff9720+0x00000000000000bb]
j  java.lang.System$2.defineClass(Ljava/lang/ClassLoader;Ljava/lang/String;[BLjava/security/ProtectionDomain;Ljava/lang/String;)Ljava/lang/Class;+10 java.base@17.0.9
j  java.lang.invoke.ClassSpecializer$Factory.generateConcreteSpeciesCode(Ljava/lang/String;Ljava/lang/invoke/ClassSpecializer$SpeciesData;)Ljava/lang/Class;+63 java.base@17.0.9
j  java.lang.invoke.ClassSpecializer$Factory.loadSpecies(Ljava/lang/invoke/ClassSpecializer$SpeciesData;)Ljava/lang/invoke/ClassSpecializer$SpeciesData;+102 java.base@17.0.9
j  java.lang.invoke.ClassSpecializer.findSpecies(Ljava/lang/Object;)Ljava/lang/invoke/ClassSpecializer$SpeciesData;+53 java.base@17.0.9
j  java.lang.invoke.BoundMethodHandle$SpeciesData.extendWith(B)Ljava/lang/invoke/BoundMethodHandle$SpeciesData;+46 java.base@17.0.9
j  java.lang.invoke.LambdaFormEditor.newSpeciesData(Ljava/lang/invoke/LambdaForm$BasicType;)Ljava/lang/invoke/BoundMethodHandle$SpeciesData;+9 java.base@17.0.9
j  java.lang.invoke.LambdaFormEditor.bindArgumentForm(I)Ljava/lang/invoke/LambdaForm;+78 java.base@17.0.9
j  java.lang.invoke.LambdaFormEditor.bindArgumentI(Ljava/lang/invoke/BoundMethodHandle;II)Ljava/lang/invoke/BoundMethodHandle;+44 java.base@17.0.9
j  java.lang.invoke.BoundMethodHandle.bindArgumentI(II)Ljava/lang/invoke/BoundMethodHandle;+7 java.base@17.0.9
j  java.lang.invoke.MethodHandles.insertArgumentPrimitive(Ljava/lang/invoke/BoundMethodHandle;ILjava/lang/Class;Ljava/lang/Object;)Ljava/lang/invoke/BoundMethodHandle;+118 java.base@17.0.9
j  java.lang.invoke.MethodHandles.insertArguments(Ljava/lang/invoke/MethodHandle;I[Ljava/lang/Object;)Ljava/lang/invoke/MethodHandle;+62 java.base@17.0.9
j  sun.invoke.util.ValueConversions.unbox(Lsun/invoke/util/Wrapper;I)Ljava/lang/invoke/MethodHandle;+165 java.base@17.0.9
j  sun.invoke.util.ValueConversions.unboxWiden(Lsun/invoke/util/Wrapper;)Ljava/lang/invoke/MethodHandle;+2 java.base@17.0.9
j  java.lang.invoke.MethodHandleImpl.valueConversion(Ljava/lang/Class;Ljava/lang/Class;ZZ)Ljava/lang/Object;+233 java.base@17.0.9
j  java.lang.invoke.MethodHandleImpl.computeValueConversions(Ljava/lang/invoke/MethodType;Ljava/lang/invoke/MethodType;ZZ)[Ljava/lang/Object;+108 java.base@17.0.9
j  java.lang.invoke.MethodHandleImpl.makePairwiseConvertByEditor(Ljava/lang/invoke/MethodHandle;Ljava/lang/invoke/MethodType;ZZ)Ljava/lang/invoke/MethodHandle;+10 java.base@17.0.9
j  java.lang.invoke.MethodHandleImpl.makePairwiseConvert(Ljava/lang/invoke/MethodHandle;Ljava/lang/invoke/MethodType;ZZ)Ljava/lang/invoke/MethodHandle;+18 java.base@17.0.9
j  java.lang.invoke.MethodHandleImpl.makePairwiseConvert(Ljava/lang/invoke/MethodHandle;Ljava/lang/invoke/MethodType;Z)Ljava/lang/invoke/MethodHandle;+4 java.base@17.0.9
j  java.lang.invoke.MethodHandle.asTypeUncached(Ljava/lang/invoke/MethodType;)Ljava/lang/invoke/MethodHandle;+51 java.base@17.0.9
j  java.lang.invoke.MethodHandle.asType(Ljava/lang/invoke/MethodType;)Ljava/lang/invoke/MethodHandle;+24 java.base@17.0.9
j  java.lang.invoke.MethodHandle.invokeWithArguments([Ljava/lang/Object;)Ljava/lang/Object;+24 java.base@17.0.9
v  ~StubRoutines::call_stub
j  jdk.internal.reflect.NativeMethodAccessorImpl.invoke0(Ljava/lang/reflect/Method;Ljava/lang/Object;[Ljava/lang/Object;)Ljava/lang/Object;+0 java.base@17.0.9
j  jdk.internal.reflect.NativeMethodAccessorImpl.invoke(Ljava/lang/Object;[Ljava/lang/Object;)Ljava/lang/Object;+133 java.base@17.0.9
J 1231 c1 jdk.internal.reflect.DelegatingMethodAccessorImpl.invoke(Ljava/lang/Object;[Ljava/lang/Object;)Ljava/lang/Object; java.base@17.0.9 (10 bytes) @ 0x000001979a6e763c [0x000001979a6e7540+0x00000000000000fc]
J 1230 c1 java.lang.reflect.Method.invoke(Ljava/lang/Object;[Ljava/lang/Object;)Ljava/lang/Object; java.base@17.0.9 (65 bytes) @ 0x000001979a6e70ac [0x000001979a6e6d80+0x000000000000032c]
j  org.eclipse.osgi.internal.loader.ModuleClassLoader.overrideLoadResult(Ljava/lang/ClassLoader;Ljava/lang/String;Z)Ljava/lang/Class;+587
J 1647 c1 org.eclipse.osgi.internal.loader.ModuleClassLoader.loadClass(Ljava/lang/String;Z)Ljava/lang/Class; (36 bytes) @ 0x000001979a7be3bc [0x000001979a7be0a0+0x000000000000031c]
J 783 c1 java.lang.ClassLoader.loadClass(Ljava/lang/String;)Ljava/lang/Class; java.base@17.0.9 (7 bytes) @ 0x000001979a6075bc [0x000001979a6074c0+0x00000000000000fc]
v  ~StubRoutines::call_stub
j  org.eclipse.core.internal.runtime.Product.addLombokNotesToEclipseAboutDialog(Ljava/lang/String;Ljava/lang/String;)Ljava/lang/String;+0
j  org.eclipse.core.internal.runtime.Product.getProperty(Ljava/lang/String;)Ljava/lang/String;+11
j  org.eclipse.core.internal.preferences.legacy.ProductPreferencesService.initValues()V+102
j  org.eclipse.core.internal.preferences.legacy.ProductPreferencesService.getProductCustomization()Ljava/util/Properties;+1
j  org.eclipse.core.internal.preferences.DefaultPreferences.initializeCustomizations()V+44
j  org.eclipse.core.internal.preferences.DefaultPreferences.load()V+27
j  org.eclipse.core.internal.preferences.EclipsePreferences.create(Lorg/eclipse/core/internal/preferences/EclipsePreferences;Ljava/lang/String;Ljava/lang/Object;)Lorg/eclipse/core/runtime/preferences/IEclipsePreferences;+70
j  org.eclipse.core.internal.preferences.EclipsePreferences.internalNode(Ljava/lang/String;ZLjava/lang/Object;)Lorg/eclipse/core/runtime/preferences/IEclipsePreferences;+91
j  org.eclipse.core.internal.preferences.EclipsePreferences.node(Ljava/lang/String;)Lorg/osgi/service/prefs/Preferences;+4
j  org.eclipse.core.internal.preferences.AbstractScope.getNode(Ljava/lang/String;)Lorg/eclipse/core/runtime/preferences/IEclipsePreferences;+28
j  org.eclipse.core.runtime.preferences.DefaultScope.getNode(Ljava/lang/String;)Lorg/eclipse/core/runtime/preferences/IEclipsePreferences;+2
j  org.eclipse.core.internal.resources.WorkspaceDescription.<init>(Ljava/lang/String;)V+10
j  org.eclipse.core.internal.resources.WorkspacePreferences.<init>()V+3
j  org.eclipse.core.internal.resources.Workspace.open(Lorg/eclipse/core/runtime/IProgressMonitor;)Lorg/eclipse/core/runtime/IStatus;+85
j  org.eclipse.core.resources.ResourcesPlugin$WorkspaceInitCustomizer.addingService(Lorg/osgi/framework/ServiceReference;)Lorg/eclipse/core/internal/resources/Workspace;+45
j  org.eclipse.core.resources.ResourcesPlugin$WorkspaceInitCustomizer.addingService(Lorg/osgi/framework/ServiceReference;)Ljava/lang/Object;+5
j  org.osgi.util.tracker.ServiceTracker$Tracked.customizerAdding(Lorg/osgi/framework/ServiceReference;Lorg/osgi/framework/ServiceEvent;)Ljava/lang/Object;+8
j  org.osgi.util.tracker.ServiceTracker$Tracked.customizerAdding(Ljava/lang/Object;Ljava/lang/Object;)Ljava/lang/Object;+9
j  org.osgi.util.tracker.AbstractTracked.trackAdding(Ljava/lang/Object;Ljava/lang/Object;)V+8
j  org.osgi.util.tracker.AbstractTracked.trackInitial()V+90
j  org.osgi.util.tracker.ServiceTracker.open(Z)V+198
j  org.osgi.util.tracker.ServiceTracker.open()V+2
j  org.eclipse.core.resources.ResourcesPlugin.start(Lorg/osgi/framework/BundleContext;)V+106
j  org.eclipse.osgi.internal.framework.BundleContextImpl$2.run()Ljava/lang/Void;+23
j  org.eclipse.osgi.internal.framework.BundleContextImpl$2.run()Ljava/lang/Object;+1
J 896 c1 java.security.AccessController.executePrivileged(Ljava/security/PrivilegedExceptionAction;Ljava/security/AccessControlContext;Ljava/lang/Class;)Ljava/lang/Object; java.base@17.0.9 (65 bytes) @ 0x000001979a63a6b4 [0x000001979a63a560+0x0000000000000154]
j  java.security.AccessController.doPrivileged(Ljava/security/PrivilegedExceptionAction;)Ljava/lang/Object;+9 java.base@17.0.9
j  org.eclipse.osgi.internal.framework.BundleContextImpl.startActivator(Lorg/osgi/framework/BundleActivator;)V+9
j  org.eclipse.osgi.internal.framework.BundleContextImpl.start()V+134
j  org.eclipse.osgi.internal.framework.EquinoxBundle.startWorker0()V+35
j  org.eclipse.osgi.internal.framework.EquinoxBundle$EquinoxModule.startWorker()V+4
j  org.eclipse.osgi.container.Module.doStart([Lorg/eclipse/osgi/container/Module$StartOptions;)Lorg/eclipse/osgi/container/ModuleContainerAdaptor$ModuleEvent;+190
j  org.eclipse.osgi.container.Module.start([Lorg/eclipse/osgi/container/Module$StartOptions;)V+460
j  org.eclipse.osgi.framework.util.SecureAction.start(Lorg/eclipse/osgi/container/Module;[Lorg/eclipse/osgi/container/Module$StartOptions;)V+8
J 1842 c1 org.eclipse.osgi.internal.hooks.EclipseLazyStarter.postFindLocalClass(Ljava/lang/String;Ljava/lang/Class;Lorg/eclipse/osgi/internal/loader/classpath/ClasspathManager;)V (394 bytes) @ 0x000001979a82655c [0x000001979a8255e0+0x0000000000000f7c]
J 1725 c1 org.eclipse.osgi.internal.loader.classpath.ClasspathManager.findLocalClass(Ljava/lang/String;)Ljava/lang/Class; (210 bytes) @ 0x000001979a7ed054 [0x000001979a7ec0a0+0x0000000000000fb4]
J 1723 c1 org.eclipse.osgi.internal.loader.BundleLoader.findLocalClass(Ljava/lang/String;)Ljava/lang/Class; (152 bytes) @ 0x000001979a7ea1ec [0x000001979a7e99a0+0x000000000000084c]
J 1646 c1 org.eclipse.osgi.internal.loader.BundleLoader.findClass0(Ljava/lang/String;ZZ)Ljava/lang/Class; (466 bytes) @ 0x000001979a7bb294 [0x000001979a7b8ba0+0x00000000000026f4]
J 1645 c1 org.eclipse.osgi.internal.loader.BundleLoader.findClass(Ljava/lang/String;)Ljava/lang/Class; (8 bytes) @ 0x000001979a7b829c [0x000001979a7b8220+0x000000000000007c]
J 1647 c1 org.eclipse.osgi.internal.loader.ModuleClassLoader.loadClass(Ljava/lang/String;Z)Ljava/lang/Class; (36 bytes) @ 0x000001979a7be2bc [0x000001979a7be0a0+0x000000000000021c]
J 783 c1 java.lang.ClassLoader.loadClass(Ljava/lang/String;)Ljava/lang/Class; java.base@17.0.9 (7 bytes) @ 0x000001979a6075bc [0x000001979a6074c0+0x00000000000000fc]
v  ~StubRoutines::call_stub
j  java.lang.Class.getDeclaredConstructors0(Z)[Ljava/lang/reflect/Constructor;+0 java.base@17.0.9
j  java.lang.Class.privateGetDeclaredConstructors(Z)[Ljava/lang/reflect/Constructor;+52 java.base@17.0.9
j  java.lang.Class.getConstructor0([Ljava/lang/Class;I)Ljava/lang/reflect/Constructor;+14 java.base@17.0.9
j  java.lang.Class.getConstructor([Ljava/lang/Class;)Ljava/lang/reflect/Constructor;+24 java.base@17.0.9
j  org.eclipse.osgi.internal.framework.BundleContextImpl.loadBundleActivator()Lorg/osgi/framework/BundleActivator;+105
j  org.eclipse.osgi.internal.framework.BundleContextImpl.start()V+18
j  org.eclipse.osgi.internal.framework.EquinoxBundle.startWorker0()V+35
j  org.eclipse.osgi.internal.framework.EquinoxBundle$EquinoxModule.startWorker()V+4
j  org.eclipse.osgi.container.Module.doStart([Lorg/eclipse/osgi/container/Module$StartOptions;)Lorg/eclipse/osgi/container/ModuleContainerAdaptor$ModuleEvent;+190
j  org.eclipse.osgi.container.Module.start([Lorg/eclipse/osgi/container/Module$StartOptions;)V+460
j  org.eclipse.osgi.container.ModuleContainer$ContainerStartLevel$2.run()V+71
j  org.eclipse.osgi.internal.framework.EquinoxContainerAdaptor$1$1.execute(Ljava/lang/Runnable;)V+1
j  org.eclipse.osgi.container.ModuleContainer$ContainerStartLevel.incStartLevel(ILjava/util/List;Z)V+192
j  org.eclipse.osgi.container.ModuleContainer$ContainerStartLevel.incStartLevel(ILjava/util/List;Ljava/util/List;Ljava/util/List;Ljava/util/List;)V+19
j  org.eclipse.osgi.container.ModuleContainer$ContainerStartLevel.doContainerStartLevel(Lorg/eclipse/osgi/container/Module;I[Lorg/osgi/framework/FrameworkListener;)V+349
j  org.eclipse.osgi.container.ModuleContainer$ContainerStartLevel.dispatchEvent(Lorg/eclipse/osgi/container/Module;[Lorg/osgi/framework/FrameworkListener;ILjava/lang/Integer;)V+32
j  org.eclipse.osgi.container.ModuleContainer$ContainerStartLevel.dispatchEvent(Ljava/lang/Object;Ljava/lang/Object;ILjava/lang/Object;)V+15
j  org.eclipse.osgi.framework.eventmgr.EventManager.dispatchEvent(Ljava/util/Set;Lorg/eclipse/osgi/framework/eventmgr/EventDispatcher;ILjava/lang/Object;)V+48
j  org.eclipse.osgi.framework.eventmgr.EventManager$EventThread.run()V+26
v  ~StubRoutines::call_stub

Compiled method (n/a)    5825 1087     n 0       java.lang.ClassLoader::defineClass1 (native)
 total in heap  [0x00000197a1ff9590,0x00000197a1ff99e8] = 1112
 relocation     [0x00000197a1ff96e8,0x00000197a1ff9718] = 48
 main code      [0x00000197a1ff9720,0x00000197a1ff99e8] = 712

[Constant Pool (empty)]

[MachCode]
[Entry Point]
  # {method} {0x00000197ac01de78} 'defineClass1' '(Ljava/lang/ClassLoader;Ljava/lang/String;[BIILjava/security/ProtectionDomain;Ljava/lang/String;)Ljava/lang/Class;' in 'java/lang/ClassLoader'
  # parm0:    rdx:rdx   = 'java/lang/ClassLoader'
  # parm1:    r8:r8     = 'java/lang/String'
  # parm2:    r9:r9     = '[B'
  # parm3:    rdi       = int
  # parm4:    rsi       = int
  # parm5:    rcx:rcx   = 'java/security/ProtectionDomain'
  # parm6:    [sp+0xa0]   = 'java/lang/String'  (sp of caller)
  0x00000197a1ff9720: 448b 5208 | 49c1 e203 | 493b c20f | 8407 0000 

  0x00000197a1ff9730: ;   {runtime_call ic_miss_stub}
  0x00000197a1ff9730: 00e9 4a76 | a4ff 6690 
[Verified Entry Point]
  0x00000197a1ff9738: 8984 2400 | 90ff ff55 | 488b ec48 | 81ec 9000 | 0000 4881 | 7d10 0000 | 0000 488d | 4510 480f 
  0x00000197a1ff9758: 4445 1048 | 8944 2440 | 4889 4c24 | 7048 83f9 | 0048 8d44 | 2470 480f | 4444 2470 | 4889 4424 
  0x00000197a1ff9778: 3848 8974 | 2430 4889 | 7c24 284c | 894c 2458 | 4983 f900 | 488d 4424 | 5848 0f44 | 4424 5848 
  0x00000197a1ff9798: 8944 2420 | 4c89 4424 | 5049 83f8 | 004c 8d4c | 2450 4c0f | 444c 2450 | 4889 5424 | 4848 83fa 
  0x00000197a1ff97b8: 004c 8d44 | 2448 4c0f | 4444 2448 

  0x00000197a1ff97c4: ;   {oop(a 'java/lang/Class'{0x00000000c00042c0} = 'java/lang/ClassLoader')}
  0x00000197a1ff97c4: 49be c042 | 00c0 0000 | 0000 4c89 | 7424 784c | 8d74 2478 | 498b d6c5 

  0x00000197a1ff97dc: ;   {internal_word}
  0x00000197a1ff97dc: f877 49ba | db97 ffa1 | 9701 0000 | 4d89 97a0 | 0200 0049 | 89a7 9802 

  0x00000197a1ff97f4: ;   {external_word}
  0x00000197a1ff97f4: 0000 49ba | 2e35 c663 | f97f 0000 | 4180 3a00 | 0f84 5200 | 0000 5241 

  0x00000197a1ff980c: ;   {metadata({method} {0x00000197ac01de78} 'defineClass1' '(Ljava/lang/ClassLoader;Ljava/lang/String;[BIILjava/security/ProtectionDomain;Ljava/lang/String;)Ljava/lang/Class;' in 'java/lang/ClassLoader')}
  0x00000197a1ff980c: 5041 5148 | ba70 de01 | ac97 0100 | 0049 8bcf | 4883 ec20 | f7c4 0f00 | 0000 0f84 | 1a00 0000 
  0x00000197a1ff982c: 4883 ec08 

  0x00000197a1ff9830: ;   {runtime_call}
  0x00000197a1ff9830: 49ba c02b | 7c63 f97f | 0000 41ff | d248 83c4 | 08e9 0d00 

  0x00000197a1ff9844: ;   {runtime_call}
  0x00000197a1ff9844: 0000 49ba | c02b 7c63 | f97f 0000 | 41ff d248 | 83c4 2041 | 5941 585a | 498d 8fb8 | 0200 0041 
  0x00000197a1ff9864: c787 4803 | 0000 0400 

  0x00000197a1ff986c: ;   {runtime_call}
  0x00000197a1ff986c: 0000 49ba | ac16 cd91 | f97f 0000 | 41ff d2c5 | f877 41c7 | 8748 0300 | 0005 0000 | 00f0 8344 
  0x00000197a1ff988c: 24c0 0049 | 3baf 5003 | 0000 0f87 | 1100 0000 | 4181 bf38 | 0300 0000 | 0000 000f | 842c 0000 
  0x00000197a1ff98ac: 00c5 f877 | 4889 45f8 | 498b cf4c | 8be4 4883 | ec20 4883 

  0x00000197a1ff98c0: ;   {runtime_call}
  0x00000197a1ff98c0: e4f0 49ba | f040 8c63 | f97f 0000 | 41ff d249 | 8be4 4d33 | e448 8b45 | f841 c787 | 4803 0000 
  0x00000197a1ff98e0: 0800 0000 | 4181 bfb8 | 0300 0002 | 0000 000f | 84c5 0000 

  0x00000197a1ff98f4: ;   {external_word}
  0x00000197a1ff98f4: 0049 ba2e | 35c6 63f9 | 7f00 0041 | 803a 000f | 8450 0000 | 0048 8945 

  0x00000197a1ff990c: ;   {metadata({method} {0x00000197ac01de78} 'defineClass1' '(Ljava/lang/ClassLoader;Ljava/lang/String;[BIILjava/security/ProtectionDomain;Ljava/lang/String;)Ljava/lang/Class;' in 'java/lang/ClassLoader')}
  0x00000197a1ff990c: f848 ba70 | de01 ac97 | 0100 0049 | 8bcf 4883 | ec20 f7c4 | 0f00 0000 | 0f84 1a00 | 0000 4883 
  0x00000197a1ff992c: ;   {runtime_call}
  0x00000197a1ff992c: ec08 49ba | c02b 7c63 | f97f 0000 | 41ff d248 | 83c4 08e9 | 0d00 0000 

  0x00000197a1ff9944: ;   {runtime_call}
  0x00000197a1ff9944: 49ba c02b | 7c63 f97f | 0000 41ff | d248 83c4 | 2048 8b45 | f849 c787 | 9802 0000 | 0000 0000 
  0x00000197a1ff9964: 49c7 87a0 | 0200 0000 | 0000 00c5 | f877 4885 | c00f 8419 | 0000 0048 | f7c0 0100 | 0000 0f84 
  0x00000197a1ff9984: 0900 0000 | 488b 40ff | e903 0000 | 0048 8b00 | 498b 8fd8 | 0000 00c7 | 8100 0100 | 0000 0000 
  0x00000197a1ff99a4: 00c9 4981 | 7f08 0000 | 0000 0f85 | 0100 0000 

  0x00000197a1ff99b4: ;   {runtime_call StubRoutines (1)}
  0x00000197a1ff99b4: c3e9 4675 | 9fff c5f8 | 7748 8945 | f84c 8be4 | 4883 ec20 | 4883 e4f0 

  0x00000197a1ff99cc: ;   {runtime_call}
  0x00000197a1ff99cc: 49ba 505c | 7c63 f97f | 0000 41ff | d249 8be4 | 4d33 e448 | 8b45 f8e9 | 0dff ffff 
[/MachCode]


Compiled method (c1)    5836 1231       3       jdk.internal.reflect.DelegatingMethodAccessorImpl::invoke (10 bytes)
 total in heap  [0x000001979a6e7390,0x000001979a6e7798] = 1032
 relocation     [0x000001979a6e74e8,0x000001979a6e7528] = 64
 main code      [0x000001979a6e7540,0x000001979a6e76c0] = 384
 stub code      [0x000001979a6e76c0,0x000001979a6e7708] = 72
 metadata       [0x000001979a6e7708,0x000001979a6e7710] = 8
 scopes data    [0x000001979a6e7710,0x000001979a6e7730] = 32
 scopes pcs     [0x000001979a6e7730,0x000001979a6e7780] = 80
 dependencies   [0x000001979a6e7780,0x000001979a6e7788] = 8
 nul chk table  [0x000001979a6e7788,0x000001979a6e7798] = 16

[Constant Pool (empty)]

[MachCode]
[Entry Point]
  # {method} {0x00000197ac2bcf68} 'invoke' '(Ljava/lang/Object;[Ljava/lang/Object;)Ljava/lang/Object;' in 'jdk/internal/reflect/DelegatingMethodAccessorImpl'
  # this:     rdx:rdx   = 'jdk/internal/reflect/DelegatingMethodAccessorImpl'
  # parm0:    r8:r8     = 'java/lang/Object'
  # parm1:    r9:r9     = '[Ljava/lang/Object;'
  #           [sp+0x40]  (sp of caller)
  0x000001979a6e7540: 448b 5208 | 49c1 e203 

  0x000001979a6e7548: ;   {runtime_call ic_miss_stub}
  0x000001979a6e7548: 4c3b d00f | 852f 9835 | 0766 6666 | 0f1f 8400 | 0000 0000 | 6666 6690 
[Verified Entry Point]
  0x000001979a6e7560: 8984 2400 | 90ff ff55 | 4883 ec30 

  0x000001979a6e756c: ;   {metadata(method data for {method} {0x00000197ac2bcf68} 'invoke' '(Ljava/lang/Object;[Ljava/lang/Object;)Ljava/lang/Object;' in 'jdk/internal/reflect/DelegatingMethodAccessorImpl')}
  0x000001979a6e756c: 48be 08f1 | b2ac 9701 | 0000 8bbe | cc00 0000 | 83c7 0289 | becc 0000 | 0081 e7fe | 0700 0083 
  0x000001979a6e758c: ff00 0f84 | bb00 0000 | 8b52 0c48 | 3b02 488b 

  0x000001979a6e759c: ;   {metadata(method data for {method} {0x00000197ac2bcf68} 'invoke' '(Ljava/lang/Object;[Ljava/lang/Object;)Ljava/lang/Object;' in 'jdk/internal/reflect/DelegatingMethodAccessorImpl')}
  0x000001979a6e759c: f248 bf08 | f1b2 ac97 | 0100 008b | 7608 48c1 | e603 483b | b720 0100 | 0075 0d48 | 8387 2801 
  0x000001979a6e75bc: 0000 01e9 | 6600 0000 | 483b b730 | 0100 0075 | 0d48 8387 | 3801 0000 | 01e9 5000 | 0000 4881 
  0x000001979a6e75dc: bf20 0100 | 0000 0000 | 0075 1748 | 89b7 2001 | 0000 48c7 | 8728 0100 | 0001 0000 | 00e9 2c00 
  0x000001979a6e75fc: 0000 4881 | bf30 0100 | 0000 0000 | 0075 1748 | 89b7 3001 | 0000 48c7 | 8738 0100 | 0001 0000 
  0x000001979a6e761c: 00e9 0800 | 0000 4883 | 8710 0100 | 0001 6666 | 9048 b8ff | ffff ffff 

  0x000001979a6e7634: ;   {virtual_call}
  0x000001979a6e7634: ffff ffe8 

  0x000001979a6e7638: ; ImmutableOopMap {}
                      ;*invokevirtual invoke {reexecute=0 rethrow=0 return_oop=0}
                      ; - jdk.internal.reflect.DelegatingMethodAccessorImpl::invoke@6
  0x000001979a6e7638: e413 4007 | 4883 c430 

  0x000001979a6e7640: ;   {poll_return}
  0x000001979a6e7640: 5d49 3ba7 | 5003 0000 | 0f87 2700 

  0x000001979a6e764c: ;   {metadata({method} {0x00000197ac2bcf68} 'invoke' '(Ljava/lang/Object;[Ljava/lang/Object;)Ljava/lang/Object;' in 'jdk/internal/reflect/DelegatingMethodAccessorImpl')}
  0x000001979a6e764c: 0000 c349 | ba60 cf2b | ac97 0100 | 004c 8954 | 2408 48c7 | 0424 ffff 

  0x000001979a6e7664: ;   {runtime_call counter_overflow Runtime1 stub}
  0x000001979a6e7664: ffff e815 

  0x000001979a6e7668: ; ImmutableOopMap {rdx=Oop r8=Oop r9=Oop }
                      ;*synchronization entry
                      ; - jdk.internal.reflect.DelegatingMethodAccessorImpl::invoke@-1
  0x000001979a6e7668: 0340 07e9 | 24ff ffff 

  0x000001979a6e7670: ;   {runtime_call throw_null_pointer_exception Runtime1 stub}
  0x000001979a6e7670: e82b b23f 

  0x000001979a6e7674: ; ImmutableOopMap {r8=Oop r9=Oop rdx=Oop }
                      ;*invokevirtual invoke {reexecute=0 rethrow=0 return_oop=0}
                      ; - jdk.internal.reflect.DelegatingMethodAccessorImpl::invoke@6
                      ;   {internal_word}
  0x000001979a6e7674: 0749 ba41 | 766e 9a97 | 0100 004d | 8997 6803 

  0x000001979a6e7684: ;   {runtime_call SafepointBlob}
  0x000001979a6e7684: 0000 e975 | 0036 0790 | 9049 8b87 | e003 0000 | 49c7 87e0 | 0300 0000 | 0000 0049 | c787 e803 
  0x000001979a6e76a4: 0000 0000 | 0000 4883 

  0x000001979a6e76ac: ;   {runtime_call unwind_exception Runtime1 stub}
  0x000001979a6e76ac: c430 5de9 | 4cd2 3607 | f4f4 f4f4 | f4f4 f4f4 | f4f4 f4f4 
[Stub Code]
  0x000001979a6e76c0: ;   {no_reloc}
  0x000001979a6e76c0: 0f1f 4400 

  0x000001979a6e76c4: ;   {static_stub}
  0x000001979a6e76c4: 0048 bb00 | 0000 0000 

  0x000001979a6e76cc: ;   {runtime_call}
  0x000001979a6e76cc: 0000 00e9 | fbff ffff 
[Exception Handler]
  0x000001979a6e76d4: ;   {runtime_call handle_exception_from_callee Runtime1 stub}
  0x000001979a6e76d4: e8a7 cf3f 

  0x000001979a6e76d8: ;   {external_word}
  0x000001979a6e76d8: 0748 b940 | 9aa0 63f9 | 7f00 0048 

  0x000001979a6e76e4: ;   {runtime_call}
  0x000001979a6e76e4: 83e4 f049 | ba60 2f69 | 63f9 7f00 | 0041 ffd2 

  0x000001979a6e76f4: ;   {section_word}
  0x000001979a6e76f4: f449 baf5 | 766e 9a97 | 0100 0041 

  0x000001979a6e7700: ;   {runtime_call DeoptimizationBlob}
  0x000001979a6e7700: 52e9 9af2 | 3507 f4f4 
[/MachCode]


Compiled method (c1)    5846 1230       3       java.lang.reflect.Method::invoke (65 bytes)
 total in heap  [0x000001979a6e6b90,0x000001979a6e7328] = 1944
 relocation     [0x000001979a6e6ce8,0x000001979a6e6d68] = 128
 main code      [0x000001979a6e6d80,0x000001979a6e7160] = 992
 stub code      [0x000001979a6e7160,0x000001979a6e71d8] = 120
 metadata       [0x000001979a6e71d8,0x000001979a6e71f0] = 24
 scopes data    [0x000001979a6e71f0,0x000001979a6e7268] = 120
 scopes pcs     [0x000001979a6e7268,0x000001979a6e7308] = 160
 dependencies   [0x000001979a6e7308,0x000001979a6e7310] = 8
 nul chk table  [0x000001979a6e7310,0x000001979a6e7328] = 24

[Constant Pool (empty)]

[MachCode]
[Entry Point]
  # {method} {0x00000197ac059810} 'invoke' '(Ljava/lang/Object;[Ljava/lang/Object;)Ljava/lang/Object;' in 'java/lang/reflect/Method'
  # this:     rdx:rdx   = 'java/lang/reflect/Method'
  # parm0:    r8:r8     = 'java/lang/Object'
  # parm1:    r9:r9     = '[Ljava/lang/Object;'
  #           [sp+0x80]  (sp of caller)
  0x000001979a6e6d80: 448b 5208 | 49c1 e203 

  0x000001979a6e6d88: ;   {runtime_call ic_miss_stub}
  0x000001979a6e6d88: 4c3b d00f | 85ef 9f35 | 0766 6666 | 0f1f 8400 | 0000 0000 | 6666 6690 
[Verified Entry Point]
  0x000001979a6e6da0: 8984 2400 | 90ff ff55 | 4883 ec70 | 4889 5424 | 484c 8944 

  0x000001979a6e6db4: ;   {metadata(method data for {method} {0x00000197ac059810} 'invoke' '(Ljava/lang/Object;[Ljava/lang/Object;)Ljava/lang/Object;' in 'java/lang/reflect/Method')}
  0x000001979a6e6db4: 2450 48be | e0eb b2ac | 9701 0000 | 8bbe cc00 | 0000 83c7 | 0289 becc | 0000 0081 | e7fe 0700 
  0x000001979a6e6dd4: 0083 ff00 | 0f84 e102 | 0000 0fbe | 720c 83fe 

  0x000001979a6e6de4: ;   {metadata(method data for {method} {0x00000197ac059810} 'invoke' '(Ljava/lang/Object;[Ljava/lang/Object;)Ljava/lang/Object;' in 'java/lang/reflect/Method')}
  0x000001979a6e6de4: 0048 bee0 | ebb2 ac97 | 0100 0048 | bf10 0100 | 0000 0000 | 000f 850a | 0000 0048 | bf20 0100 
  0x000001979a6e6e04: 0000 0000 | 0048 8b1c | 3e48 8d5b | 0148 891c | 3e4c 894c | 2458 0f85 | 7901 0000 

  0x000001979a6e6e20: ;   {metadata(method data for {method} {0x00000197ac059810} 'invoke' '(Ljava/lang/Object;[Ljava/lang/Object;)Ljava/lang/Object;' in 'java/lang/reflect/Method')}
  0x000001979a6e6e20: 48be e0eb | b2ac 9701 | 0000 4883 | 8630 0100 | 0001 0f1f 

  0x000001979a6e6e34: ;   {static_call}
  0x000001979a6e6e34: 4400 00e8 

  0x000001979a6e6e38: ; ImmutableOopMap {[72]=Oop [88]=Oop [80]=Oop }
                      ;*invokestatic getCallerClass {reexecute=0 rethrow=0 return_oop=0}
                      ; - java.lang.reflect.Method::invoke@7
  0x000001979a6e6e38: fc91 8d07 | 488b 5424 | 4844 8b4a | 248b 7220 

  0x000001979a6e6e48: ;   {metadata(method data for {method} {0x00000197ac059810} 'invoke' '(Ljava/lang/Object;[Ljava/lang/Object;)Ljava/lang/Object;' in 'java/lang/reflect/Method')}
  0x000001979a6e6e48: 49b8 e0eb | b2ac 9701 | 0000 4983 | 8040 0100 

  0x000001979a6e6e58: ;   {metadata(method data for {method} {0x00000197ac20af58} 'isStatic' '(I)Z' in 'java/lang/reflect/Modifier')}
  0x000001979a6e6e58: 0001 49b8 | 708e 9cac | 9701 0000 | 418b b8cc | 0000 0083 | c702 4189 | b8cc 0000 | 0081 e7fe 
  0x000001979a6e6e78: ff1f 0083 | ff00 0f84 | 5c02 0000 | 4c8b c641 | 83e0 0841 

  0x000001979a6e6e8c: ;   {metadata(method data for {method} {0x00000197ac20af58} 'isStatic' '(I)Z' in 'java/lang/reflect/Modifier')}
  0x000001979a6e6e8c: 83f8 0049 | b870 8e9c | ac97 0100 | 0048 bf10 | 0100 0000 | 0000 000f | 840a 0000 | 0048 bf20 
  0x000001979a6e6eac: 0100 0000 | 0000 0049 | 8b1c 3848 | 8d5b 0149 | 891c 380f | 841c 0000 

  0x000001979a6e6ec4: ;   {metadata(method data for {method} {0x00000197ac20af58} 'isStatic' '(I)Z' in 'java/lang/reflect/Modifier')}
  0x000001979a6e6ec4: 0049 b870 | 8e9c ac97 | 0100 0041 | ff80 3001 | 0000 41b8 | 0100 0000 | e906 0000 | 0041 b800 
  0x000001979a6e6ee4: 0000 0041 | 83e0 0141 

  0x000001979a6e6eec: ;   {metadata(method data for {method} {0x00000197ac059810} 'invoke' '(Ljava/lang/Object;[Ljava/lang/Object;)Ljava/lang/Object;' in 'java/lang/reflect/Method')}
  0x000001979a6e6eec: 83f8 0049 | b8e0 ebb2 | ac97 0100 | 0048 bf50 | 0100 0000 | 0000 000f | 840a 0000 | 0048 bf60 
  0x000001979a6e6f0c: 0100 0000 | 0000 0049 | 8b1c 3848 | 8d5b 0149 | 891c 380f | 8420 0000 

  0x000001979a6e6f24: ;   {metadata(method data for {method} {0x00000197ac059810} 'invoke' '(Ljava/lang/Object;[Ljava/lang/Object;)Ljava/lang/Object;' in 'java/lang/reflect/Method')}
  0x000001979a6e6f24: 0049 b8e0 | ebb2 ac97 | 0100 0041 | ff80 7001 

  0x000001979a6e6f34: ;   {oop(NULL)}
  0x000001979a6e6f34: 0000 48bf | 0000 0000 | 0000 0000 | e92c 0000 | 004c 8b44 | 2450 493b | 0049 8bf8 

  0x000001979a6e6f50: ;   {metadata(method data for {method} {0x00000197ac059810} 'invoke' '(Ljava/lang/Object;[Ljava/lang/Object;)Ljava/lang/Object;' in 'java/lang/reflect/Method')}
  0x000001979a6e6f50: 48bb e0eb | b2ac 9701 | 0000 4883 | 8388 0100 | 0001 418b | 7808 48c1 | e703 488b | 7f70 488b 
  0x000001979a6e6f70: 3f48 8bda 

  0x000001979a6e6f74: ;   {metadata(method data for {method} {0x00000197ac059810} 'invoke' '(Ljava/lang/Object;[Ljava/lang/Object;)Ljava/lang/Object;' in 'java/lang/reflect/Method')}
  0x000001979a6e6f74: 48b9 e0eb | b2ac 9701 | 0000 4883 | 81c0 0100 | 0001 4c8b | c048 8bc2 

  0x000001979a6e6f8c: ;   {optimized virtual_call}
  0x000001979a6e6f8c: 488b d0e8 

  0x000001979a6e6f90: ; ImmutableOopMap {[88]=Oop [72]=Oop [80]=Oop }
                      ;*invokevirtual checkAccess {reexecute=0 rethrow=0 return_oop=0}
                      ; - java.lang.reflect.Method::invoke@39
  0x000001979a6e6f90: ecb4 ffff | 488b 5424 | 488b 724c | 4883 fe00 

  0x000001979a6e6fa0: ;   {metadata(method data for {method} {0x00000197ac059810} 'invoke' '(Ljava/lang/Object;[Ljava/lang/Object;)Ljava/lang/Object;' in 'java/lang/reflect/Method')}
  0x000001979a6e6fa0: 48bf e0eb | b2ac 9701 | 0000 48bb | f801 0000 | 0000 0000 | 0f85 0a00 | 0000 48bb | 0802 0000 
  0x000001979a6e6fc0: 0000 0000 | 488b 041f | 488d 4001 | 4889 041f | 0f85 2100 | 0000 488b 

  0x000001979a6e6fd8: ;   {metadata(method data for {method} {0x00000197ac059810} 'invoke' '(Ljava/lang/Object;[Ljava/lang/Object;)Ljava/lang/Object;' in 'java/lang/reflect/Method')}
  0x000001979a6e6fd8: f248 bfe0 | ebb2 ac97 | 0100 0048 | 8387 1802 | 0000 010f 

  0x000001979a6e6fec: ;   {optimized virtual_call}
  0x000001979a6e6fec: 1f40 00e8 

  0x000001979a6e6ff0: ; ImmutableOopMap {[88]=Oop [80]=Oop }
                      ;*invokevirtual acquireMethodAccessor {reexecute=0 rethrow=0 return_oop=0}
                      ; - java.lang.reflect.Method::invoke@52
  0x000001979a6e6ff0: 9101 0000 | 488b f04c | 8b4c 2458 | 4c8b 4424 | 5048 3b06 

  0x000001979a6e7004: ;   {metadata(method data for {method} {0x00000197ac059810} 'invoke' '(Ljava/lang/Object;[Ljava/lang/Object;)Ljava/lang/Object;' in 'java/lang/reflect/Method')}
  0x000001979a6e7004: 488b d648 | bfe0 ebb2 | ac97 0100 | 008b 5208 | 48c1 e203 | 483b 9760 | 0200 0075 | 0d48 8387 
  0x000001979a6e7024: 6802 0000 | 01e9 6600 | 0000 483b | 9770 0200 | 0075 0d48 | 8387 7802 | 0000 01e9 | 5000 0000 
  0x000001979a6e7044: 4881 bf60 | 0200 0000 | 0000 0075 | 1748 8997 | 6002 0000 | 48c7 8768 | 0200 0001 | 0000 00e9 
  0x000001979a6e7064: 2c00 0000 | 4881 bf70 | 0200 0000 | 0000 0075 | 1748 8997 | 7002 0000 | 48c7 8778 | 0200 0001 
  0x000001979a6e7084: 0000 00e9 | 0800 0000 | 4883 8750 | 0200 0001 | 488b d666 | 0f1f 4400 | 0048 b8e8 | 5602 0001 
  0x000001979a6e70a4: ;   {virtual_call}
  0x000001979a6e70a4: 0000 00e8 

  0x000001979a6e70a8: ; ImmutableOopMap {}
                      ;*invokeinterface invoke {reexecute=0 rethrow=0 return_oop=0}
                      ; - java.lang.reflect.Method::invoke@59
  0x000001979a6e70a8: 9404 0000 | 4883 c470 

  0x000001979a6e70b0: ;   {poll_return}
  0x000001979a6e70b0: 5d49 3ba7 | 5003 0000 | 0f87 4d00 

  0x000001979a6e70bc: ;   {metadata({method} {0x00000197ac059810} 'invoke' '(Ljava/lang/Object;[Ljava/lang/Object;)Ljava/lang/Object;' in 'java/lang/reflect/Method')}
  0x000001979a6e70bc: 0000 c349 | ba08 9805 | ac97 0100 | 004c 8954 | 2408 48c7 | 0424 ffff 

  0x000001979a6e70d4: ;   {runtime_call counter_overflow Runtime1 stub}
  0x000001979a6e70d4: ffff e8a5 

  0x000001979a6e70d8: ; ImmutableOopMap {rdx=Oop [72]=Oop r8=Oop [80]=Oop r9=Oop }
                      ;*synchronization entry
                      ; - java.lang.reflect.Method::invoke@-1
  0x000001979a6e70d8: 0840 07e9 | fefc ffff 

  0x000001979a6e70e0: ;   {metadata({method} {0x00000197ac20af58} 'isStatic' '(I)Z' in 'java/lang/reflect/Modifier')}
  0x000001979a6e70e0: 49ba 50af | 20ac 9701 | 0000 4c89 | 5424 0848 | c704 24ff 

  0x000001979a6e70f4: ;   {runtime_call counter_overflow Runtime1 stub}
  0x000001979a6e70f4: ffff ffe8 

  0x000001979a6e70f8: ; ImmutableOopMap {[88]=Oop [80]=Oop rax=Oop rdx=Oop [72]=Oop r9=Oop }
                      ;*synchronization entry
                      ; - java.lang.reflect.Modifier::isStatic@-1
                      ; - java.lang.reflect.Method::invoke@21
  0x000001979a6e70f8: 8408 4007 | e983 fdff 

  0x000001979a6e7100: ;   {runtime_call throw_null_pointer_exception Runtime1 stub}
  0x000001979a6e7100: ffe8 9ab7 

  0x000001979a6e7104: ; ImmutableOopMap {[88]=Oop rax=Oop rdx=Oop [72]=Oop r9=Oop r8=Oop [80]=Oop }
                      ;*invokevirtual getClass {reexecute=0 rethrow=0 return_oop=0}
                      ; - java.lang.reflect.Method::invoke@32
                      ;   {runtime_call throw_null_pointer_exception Runtime1 stub}
  0x000001979a6e7104: 3f07 e895 

  0x000001979a6e7108: ; ImmutableOopMap {rsi=Oop r8=Oop [80]=Oop r9=Oop }
                      ;*invokeinterface invoke {reexecute=0 rethrow=0 return_oop=0}
                      ; - java.lang.reflect.Method::invoke@59
                      ;   {internal_word}
  0x000001979a6e7108: b73f 0749 | bab1 706e | 9a97 0100 | 004d 8997 | 6803 0000 

  0x000001979a6e711c: ;   {runtime_call SafepointBlob}
  0x000001979a6e711c: e9df 0536 | 0790 9049 | 8b87 e003 | 0000 49c7 | 87e0 0300 | 0000 0000 | 0049 c787 | e803 0000 
  0x000001979a6e713c: 0000 0000 | 4883 c470 

  0x000001979a6e7144: ;   {runtime_call unwind_exception Runtime1 stub}
  0x000001979a6e7144: 5de9 b6d7 | 3607 f4f4 | f4f4 f4f4 | f4f4 f4f4 | f4f4 f4f4 | f4f4 f4f4 | f4f4 f4f4 
[Stub Code]
  0x000001979a6e7160: ;   {no_reloc}
  0x000001979a6e7160: 0f1f 4400 

  0x000001979a6e7164: ;   {static_stub}
  0x000001979a6e7164: 0048 bb00 | 0000 0000 

  0x000001979a6e716c: ;   {runtime_call}
  0x000001979a6e716c: 0000 00e9 | fbff ffff 

  0x000001979a6e7174: ;   {static_stub}
  0x000001979a6e7174: 9048 bb00 | 0000 0000 

  0x000001979a6e717c: ;   {runtime_call}
  0x000001979a6e717c: 0000 00e9 | fbff ffff 

  0x000001979a6e7184: ;   {static_stub}
  0x000001979a6e7184: 9048 bb38 | 9b05 ac97 

  0x000001979a6e718c: ;   {runtime_call I2C/C2I adapters}
  0x000001979a6e718c: 0100 00e9 | bce8 3507 

  0x000001979a6e7194: ;   {static_stub}
  0x000001979a6e7194: 9048 bb00 | 0000 0000 

  0x000001979a6e719c: ;   {runtime_call}
  0x000001979a6e719c: 0000 00e9 | fbff ffff 
[Exception Handler]
  0x000001979a6e71a4: ;   {runtime_call handle_exception_from_callee Runtime1 stub}
  0x000001979a6e71a4: e8d7 d43f 

  0x000001979a6e71a8: ;   {external_word}
  0x000001979a6e71a8: 0748 b940 | 9aa0 63f9 | 7f00 0048 

  0x000001979a6e71b4: ;   {runtime_call}
  0x000001979a6e71b4: 83e4 f049 | ba60 2f69 | 63f9 7f00 | 0041 ffd2 

  0x000001979a6e71c4: ;   {section_word}
  0x000001979a6e71c4: f449 bac5 | 716e 9a97 | 0100 0041 

  0x000001979a6e71d0: ;   {runtime_call DeoptimizationBlob}
  0x000001979a6e71d0: 52e9 caf7 | 3507 f4f4 
[/MachCode]


---------------  P R O C E S S  ---------------

Threads class SMR info:
_java_thread_list=0x00000197b17a0560, length=18, elements={
0x0000019797818b70, 0x00000197978d8b60, 0x00000197978dae00, 0x00000197ab681150,
0x00000197ab681ee0, 0x00000197ab684a80, 0x00000197ab6864c0, 0x00000197ab6870c0,
0x00000197ab6882b0, 0x00000197b08a7f90, 0x00000197b09c0520, 0x00000197b0c40fc0,
0x00000197b1390ba0, 0x00000197b103e8a0, 0x00000197b172e3e0, 0x00000197b15b0080,
0x00000197b16b9380, 0x00000197b144ea80
}

Java Threads: ( => current thread )
  0x0000019797818b70 JavaThread "main" [_thread_blocked, id=2916, stack(0x0000006fb9700000,0x0000006fb9800000)]
  0x00000197978d8b60 JavaThread "Reference Handler" daemon [_thread_blocked, id=11628, stack(0x0000006fb9a00000,0x0000006fb9b00000)]
  0x00000197978dae00 JavaThread "Finalizer" daemon [_thread_blocked, id=11344, stack(0x0000006fb9b00000,0x0000006fb9c00000)]
  0x00000197ab681150 JavaThread "Signal Dispatcher" daemon [_thread_blocked, id=3644, stack(0x0000006fb9c00000,0x0000006fb9d00000)]
  0x00000197ab681ee0 JavaThread "Attach Listener" daemon [_thread_blocked, id=6928, stack(0x0000006fb9d00000,0x0000006fb9e00000)]
  0x00000197ab684a80 JavaThread "Service Thread" daemon [_thread_blocked, id=3788, stack(0x0000006fb9e00000,0x0000006fb9f00000)]
  0x00000197ab6864c0 JavaThread "Monitor Deflation Thread" daemon [_thread_blocked, id=8036, stack(0x0000006fb9f00000,0x0000006fba000000)]
  0x00000197ab6870c0 JavaThread "C2 CompilerThread0" daemon [_thread_blocked, id=10464, stack(0x0000006fba000000,0x0000006fba100000)]
  0x00000197ab6882b0 JavaThread "C1 CompilerThread0" daemon [_thread_in_vm, id=9124, stack(0x0000006fba100000,0x0000006fba200000)]
  0x00000197b08a7f90 JavaThread "Sweeper thread" daemon [_thread_blocked, id=8356, stack(0x0000006fba200000,0x0000006fba300000)]
  0x00000197b09c0520 JavaThread "Common-Cleaner" daemon [_thread_blocked, id=11872, stack(0x0000006fba300000,0x0000006fba400000)]
  0x00000197b0c40fc0 JavaThread "Notification Thread" daemon [_thread_blocked, id=7060, stack(0x0000006fba500000,0x0000006fba600000)]
  0x00000197b1390ba0 JavaThread "Active Thread: Equinox Container: cef482ee-9f1f-49ab-bdcb-483ee3fc1daf" [_thread_blocked, id=9192, stack(0x0000006fbaa00000,0x0000006fbab00000)]
  0x00000197b103e8a0 JavaThread "Framework Event Dispatcher: Equinox Container: cef482ee-9f1f-49ab-bdcb-483ee3fc1daf" daemon [_thread_blocked, id=7388, stack(0x0000006fba900000,0x0000006fbaa00000)]
=>0x00000197b172e3e0 JavaThread "Start Level: Equinox Container: cef482ee-9f1f-49ab-bdcb-483ee3fc1daf" daemon [_thread_in_vm, id=11476, stack(0x0000006fbab00000,0x0000006fbac00000)]
  0x00000197b15b0080 JavaThread "SCR Component Actor" daemon [_thread_blocked, id=11332, stack(0x0000006fbad00000,0x0000006fbae00000)]
  0x00000197b16b9380 JavaThread "SCR Component Registry" daemon [_thread_blocked, id=11572, stack(0x0000006fbac00000,0x0000006fbad00000)]
  0x00000197b144ea80 JavaThread "Worker-JM" [_thread_blocked, id=10192, stack(0x0000006fbae00000,0x0000006fbaf00000)]

Other Threads:
  0x00000197ab64c150 VMThread "VM Thread" [stack: 0x0000006fb9900000,0x0000006fb9a00000] [id=11844]
  0x00000197b0c414a0 WatcherThread [stack: 0x0000006fba600000,0x0000006fba700000] [id=1280]
  0x000001979782e6d0 GCTaskThread "GC Thread#0" [stack: 0x0000006fb9800000,0x0000006fb9900000] [id=7568]
  0x00000197b1196300 GCTaskThread "GC Thread#1" [stack: 0x0000006fba400000,0x0000006fba500000] [id=8024]
  0x00000197b13c0240 GCTaskThread "GC Thread#2" [stack: 0x0000006fba700000,0x0000006fba800000] [id=10320]
  0x00000197b13c0500 GCTaskThread "GC Thread#3" [stack: 0x0000006fba800000,0x0000006fba900000] [id=11664]

Threads with active compile tasks:
C1 CompilerThread0     5880 1976       3       java.lang.Class::reflectionData (43 bytes)

VM state: not at safepoint (normal execution)

VM Mutex/Monitor currently owned by a thread:  ([mutex/lock_event])
[0x0000019797813380] Metaspace_lock - owner thread: 0x00000197b172e3e0
[0x0000019797815470] MethodData_lock - owner thread: 0x00000197ab6882b0

Heap address: 0x00000000c0000000, size: 1024 MB, Compressed Oops mode: 32-bit

CDS archive(s) not mapped
Compressed class space mapped at: 0x0000000100000000-0x0000000140000000, reserved size: 1073741824
Narrow klass base: 0x0000000000000000, Narrow klass shift: 3, Narrow klass range: 0x140000000

GC Precious Log:
 CPUs: 4 total, 4 available
 Memory: 3959M
 Large Page Support: Disabled
 NUMA Support: Disabled
 Compressed Oops: Enabled (32-bit)
 Alignments: Space 512K, Generation 512K, Heap 2M
 Heap Min Capacity: 100M
 Heap Initial Capacity: 100M
 Heap Max Capacity: 1G
 Pre-touch: Disabled
 Parallel Workers: 4

Heap:
 PSYoungGen      total 29696K, used 23433K [0x00000000eab00000, 0x00000000ecc00000, 0x0000000100000000)
  eden space 25600K, 75% used [0x00000000eab00000,0x00000000ebde8480,0x00000000ec400000)
  from space 4096K, 99% used [0x00000000ec800000,0x00000000ecbfa128,0x00000000ecc00000)
  to   space 4096K, 0% used [0x00000000ec400000,0x00000000ec400000,0x00000000ec800000)
 ParOldGen       total 68608K, used 748K [0x00000000c0000000, 0x00000000c4300000, 0x00000000eab00000)
  object space 68608K, 1% used [0x00000000c0000000,0x00000000c00bb350,0x00000000c4300000)
 Metaspace       used 19081K, committed 19392K, reserved 1114112K
  class space    used 1951K, committed 2112K, reserved 1048576K

Card table byte_map: [0x00000197971c0000,0x00000197973d0000] _byte_map_base: 0x0000019796bc0000

Marking Bits: (ParMarkBitMap*) 0x00007ff963c7d0b0
 Begin Bits: [0x00000197a94c0000, 0x00000197aa4c0000)
 End Bits:   [0x00000197aa4c0000, 0x00000197ab4c0000)

Polling page: 0x0000019795660000

Metaspace:

Usage:
  Non-class:     16.73 MB used.
      Class:      1.91 MB used.
       Both:     18.63 MB used.

Virtual space:
  Non-class space:       64.00 MB reserved,      16.88 MB ( 26%) committed,  1 nodes.
      Class space:        1.00 GB reserved,       2.06 MB ( <1%) committed,  1 nodes.
             Both:        1.06 GB reserved,      18.94 MB (  2%) committed. 

Chunk freelists:
   Non-Class:  14.70 MB
       Class:  13.89 MB
        Both:  28.59 MB

MaxMetaspaceSize: unlimited
CompressedClassSpaceSize: 1.00 GB
Initial GC threshold: 21.00 MB
Current GC threshold: 21.00 MB
CDS: off
MetaspaceReclaimPolicy: balanced
 - commit_granule_bytes: 65536.
 - commit_granule_words: 8192.
 - virtual_space_node_default_size: 8388608.
 - enlarge_chunks_in_place: 1.
 - new_chunks_are_fully_committed: 0.
 - uncommit_free_chunks: 1.
 - use_allocation_guard: 0.
 - handle_deallocations: 1.


Internal statistics:

num_allocs_failed_limit: 0.
num_arena_births: 188.
num_arena_deaths: 0.
num_vsnodes_births: 2.
num_vsnodes_deaths: 0.
num_space_committed: 303.
num_space_uncommitted: 0.
num_chunks_returned_to_freelist: 0.
num_chunks_taken_from_freelist: 589.
num_chunk_merges: 0.
num_chunk_splits: 376.
num_chunks_enlarged: 267.
num_inconsistent_stats: 0.

CodeHeap 'non-profiled nmethods': size=120000Kb used=761Kb max_used=761Kb free=119238Kb
 bounds [0x00000197a1f90000, 0x00000197a2200000, 0x00000197a94c0000]
CodeHeap 'profiled nmethods': size=120000Kb used=3828Kb max_used=3828Kb free=116171Kb
 bounds [0x000001979a4c0000, 0x000001979a880000, 0x00000197a19f0000]
CodeHeap 'non-nmethods': size=5760Kb used=1177Kb max_used=1195Kb free=4582Kb
 bounds [0x00000197a19f0000, 0x00000197a1c60000, 0x00000197a1f90000]
 total_blobs=2467 nmethods=1988 adapters=393
 compilation: enabled
              stopped_count=0, restarted_count=0
 full_count=0

Compilation events (20 events):
Event: 5.728 Thread 0x00000197ab6882b0 nmethod 1964 0x000001979a867a90 code [0x000001979a867c80, 0x000001979a868148]
Event: 5.731 Thread 0x00000197ab6882b0 1965       3       org.eclipse.osgi.internal.framework.FilterImpl$Parser::parse_filter (125 bytes)
Event: 5.733 Thread 0x00000197ab6882b0 nmethod 1965 0x000001979a868310 code [0x000001979a868600, 0x000001979a8692f8]
Event: 5.733 Thread 0x00000197ab6882b0 1966       3       org.eclipse.osgi.internal.framework.FilterImpl::<init> (5 bytes)
Event: 5.733 Thread 0x00000197ab6882b0 nmethod 1966 0x000001979a869910 code [0x000001979a869aa0, 0x000001979a869bf8]
Event: 5.733 Thread 0x00000197ab6882b0 1967       3       org.eclipse.osgi.internal.framework.FilterImpl$Equal::compare_String (25 bytes)
Event: 5.733 Thread 0x00000197ab6882b0 nmethod 1967 0x000001979a869c90 code [0x000001979a869e40, 0x000001979a86a108]
Event: 5.735 Thread 0x00000197ab6882b0 1968       3       java.util.regex.Pattern$BitClass::is (22 bytes)
Event: 5.736 Thread 0x00000197ab6882b0 nmethod 1968 0x000001979a86a210 code [0x000001979a86a3a0, 0x000001979a86a578]
Event: 5.736 Thread 0x00000197ab6882b0 1969       3       java.util.regex.Pattern$CharPredicate$$Lambda$22/0x000000010008f0c8::is (11 bytes)
Event: 5.736 Thread 0x00000197ab6882b0 nmethod 1969 0x000001979a86a690 code [0x000001979a86a840, 0x000001979a86ab88]
Event: 5.736 Thread 0x00000197ab6882b0 1970       3       java.util.regex.Pattern$CharPredicate::lambda$negate$3 (16 bytes)
Event: 5.736 Thread 0x00000197ab6882b0 nmethod 1970 0x000001979a86ac90 code [0x000001979a86ae40, 0x000001979a86b068]
Event: 5.737 Thread 0x00000197ab6882b0 1971       3       sun.net.www.protocol.file.Handler::parseURL (18 bytes)
Event: 5.738 Thread 0x00000197ab6882b0 nmethod 1971 0x000001979a86b110 code [0x000001979a86b2c0, 0x000001979a86b478]
Event: 5.738 Thread 0x00000197ab6882b0 1973       3       java.net.URL::getDefaultPort (8 bytes)
Event: 5.738 Thread 0x00000197ab6882b0 nmethod 1973 0x000001979a86b590 code [0x000001979a86b740, 0x000001979a86b908]
Event: 5.738 Thread 0x00000197ab6882b0 1972       3       java.net.URLStreamHandler::parseURL (1201 bytes)
Event: 5.758 Thread 0x00000197ab6870c0 nmethod 1958 0x00000197a204ac10 code [0x00000197a204ae20, 0x00000197a204bf48]
Event: 5.758 Thread 0x00000197ab6870c0 1975       4       lombok.patcher.MethodTarget::typeMatches (14 bytes)

GC Heap History (4 events):
Event: 3.032 GC heap before
{Heap before GC invocations=1 (full 0):
 PSYoungGen      total 29696K, used 25600K [0x00000000eab00000, 0x00000000ecc00000, 0x0000000100000000)
  eden space 25600K, 100% used [0x00000000eab00000,0x00000000ec400000,0x00000000ec400000)
  from space 4096K, 0% used [0x00000000ec800000,0x00000000ec800000,0x00000000ecc00000)
  to   space 4096K, 0% used [0x00000000ec400000,0x00000000ec400000,0x00000000ec800000)
 ParOldGen       total 68608K, used 0K [0x00000000c0000000, 0x00000000c4300000, 0x00000000eab00000)
  object space 68608K, 0% used [0x00000000c0000000,0x00000000c0000000,0x00000000c4300000)
 Metaspace       used 11062K, committed 11264K, reserved 1114112K
  class space    used 1101K, committed 1216K, reserved 1048576K
}
Event: 3.058 GC heap after
{Heap after GC invocations=1 (full 0):
 PSYoungGen      total 29696K, used 3155K [0x00000000eab00000, 0x00000000ecc00000, 0x0000000100000000)
  eden space 25600K, 0% used [0x00000000eab00000,0x00000000eab00000,0x00000000ec400000)
  from space 4096K, 77% used [0x00000000ec400000,0x00000000ec714c18,0x00000000ec800000)
  to   space 4096K, 0% used [0x00000000ec800000,0x00000000ec800000,0x00000000ecc00000)
 ParOldGen       total 68608K, used 0K [0x00000000c0000000, 0x00000000c4300000, 0x00000000eab00000)
  object space 68608K, 0% used [0x00000000c0000000,0x00000000c0000000,0x00000000c4300000)
 Metaspace       used 11062K, committed 11264K, reserved 1114112K
  class space    used 1101K, committed 1216K, reserved 1048576K
}
Event: 4.657 GC heap before
{Heap before GC invocations=2 (full 0):
 PSYoungGen      total 29696K, used 28755K [0x00000000eab00000, 0x00000000ecc00000, 0x0000000100000000)
  eden space 25600K, 100% used [0x00000000eab00000,0x00000000ec400000,0x00000000ec400000)
  from space 4096K, 77% used [0x00000000ec400000,0x00000000ec714c18,0x00000000ec800000)
  to   space 4096K, 0% used [0x00000000ec800000,0x00000000ec800000,0x00000000ecc00000)
 ParOldGen       total 68608K, used 0K [0x00000000c0000000, 0x00000000c4300000, 0x00000000eab00000)
  object space 68608K, 0% used [0x00000000c0000000,0x00000000c0000000,0x00000000c4300000)
 Metaspace       used 15255K, committed 15488K, reserved 1114112K
  class space    used 1548K, committed 1664K, reserved 1048576K
}
Event: 4.665 GC heap after
{Heap after GC invocations=2 (full 0):
 PSYoungGen      total 29696K, used 4072K [0x00000000eab00000, 0x00000000ecc00000, 0x0000000100000000)
  eden space 25600K, 0% used [0x00000000eab00000,0x00000000eab00000,0x00000000ec400000)
  from space 4096K, 99% used [0x00000000ec800000,0x00000000ecbfa128,0x00000000ecc00000)
  to   space 4096K, 0% used [0x00000000ec400000,0x00000000ec400000,0x00000000ec800000)
 ParOldGen       total 68608K, used 748K [0x00000000c0000000, 0x00000000c4300000, 0x00000000eab00000)
  object space 68608K, 1% used [0x00000000c0000000,0x00000000c00bb350,0x00000000c4300000)
 Metaspace       used 15255K, committed 15488K, reserved 1114112K
  class space    used 1548K, committed 1664K, reserved 1048576K
}

Dll operation events (9 events):
Event: 0.020 Loaded shared library c:\Users\HP\.vscode\extensions\redhat.java-1.25.0-win32-x64\jre\17.0.9-win32-x86_64\bin\java.dll
Event: 1.014 Loaded shared library c:\Users\HP\.vscode\extensions\redhat.java-1.25.0-win32-x64\jre\17.0.9-win32-x86_64\bin\zip.dll
Event: 1.053 Loaded shared library C:\Users\HP\.vscode\extensions\redhat.java-1.25.0-win32-x64\jre\17.0.9-win32-x86_64\bin\instrument.dll
Event: 1.082 Loaded shared library C:\Users\HP\.vscode\extensions\redhat.java-1.25.0-win32-x64\jre\17.0.9-win32-x86_64\bin\net.dll
Event: 1.087 Loaded shared library C:\Users\HP\.vscode\extensions\redhat.java-1.25.0-win32-x64\jre\17.0.9-win32-x86_64\bin\nio.dll
Event: 1.108 Loaded shared library C:\Users\HP\.vscode\extensions\redhat.java-1.25.0-win32-x64\jre\17.0.9-win32-x86_64\bin\zip.dll
Event: 1.143 Loaded shared library C:\Users\HP\.vscode\extensions\redhat.java-1.25.0-win32-x64\jre\17.0.9-win32-x86_64\bin\jimage.dll
Event: 1.277 Loaded shared library c:\Users\HP\.vscode\extensions\redhat.java-1.25.0-win32-x64\jre\17.0.9-win32-x86_64\bin\verify.dll
Event: 4.325 Loaded shared library C:\Users\HP\AppData\Roaming\Code\User\globalStorage\redhat.java\1.25.0\config_ss_win\org.eclipse.equinox.launcher\org.eclipse.equinox.launcher.win32.win32.x86_64_1.2.800.v20231003-1442\eclipse_11802.dll

Deoptimization events (20 events):
Event: 5.498 Thread 0x00000197b172e3e0 Uncommon trap: trap_request=0xffffffc6 fr.pc=0x00000197a203d13c relative=0x0000000000000d7c
Event: 5.498 Thread 0x00000197b172e3e0 Uncommon trap: reason=bimorphic_or_optimized_type_check action=maybe_recompile pc=0x00000197a203d13c method=java.io.DataInputStream.readInt()I @ 6 c2
Event: 5.498 Thread 0x00000197b172e3e0 DEOPT PACKING pc=0x00000197a203d13c sp=0x0000006fbabf8c80
Event: 5.498 Thread 0x00000197b172e3e0 DEOPT UNPACKING pc=0x00000197a1a466a3 sp=0x0000006fbabf8c38 mode 2
Event: 5.498 Thread 0x00000197b172e3e0 Uncommon trap: trap_request=0xffffffc6 fr.pc=0x00000197a203d13c relative=0x0000000000000d7c
Event: 5.498 Thread 0x00000197b172e3e0 Uncommon trap: reason=bimorphic_or_optimized_type_check action=maybe_recompile pc=0x00000197a203d13c method=java.io.DataInputStream.readInt()I @ 6 c2
Event: 5.498 Thread 0x00000197b172e3e0 DEOPT PACKING pc=0x00000197a203d13c sp=0x0000006fbabf8c10
Event: 5.498 Thread 0x00000197b172e3e0 DEOPT UNPACKING pc=0x00000197a1a466a3 sp=0x0000006fbabf8bc8 mode 2
Event: 5.498 Thread 0x00000197b172e3e0 Uncommon trap: trap_request=0xffffffc6 fr.pc=0x00000197a203d13c relative=0x0000000000000d7c
Event: 5.498 Thread 0x00000197b172e3e0 Uncommon trap: reason=bimorphic_or_optimized_type_check action=maybe_recompile pc=0x00000197a203d13c method=java.io.DataInputStream.readInt()I @ 6 c2
Event: 5.498 Thread 0x00000197b172e3e0 DEOPT PACKING pc=0x00000197a203d13c sp=0x0000006fbabf8c80
Event: 5.498 Thread 0x00000197b172e3e0 DEOPT UNPACKING pc=0x00000197a1a466a3 sp=0x0000006fbabf8c38 mode 2
Event: 5.498 Thread 0x00000197b172e3e0 Uncommon trap: trap_request=0xffffffc6 fr.pc=0x00000197a203d13c relative=0x0000000000000d7c
Event: 5.498 Thread 0x00000197b172e3e0 Uncommon trap: reason=bimorphic_or_optimized_type_check action=maybe_recompile pc=0x00000197a203d13c method=java.io.DataInputStream.readInt()I @ 6 c2
Event: 5.498 Thread 0x00000197b172e3e0 DEOPT PACKING pc=0x00000197a203d13c sp=0x0000006fbabf8c10
Event: 5.498 Thread 0x00000197b172e3e0 DEOPT UNPACKING pc=0x00000197a1a466a3 sp=0x0000006fbabf8bc8 mode 2
Event: 5.725 Thread 0x00000197b172e3e0 Uncommon trap: trap_request=0xffffff45 fr.pc=0x00000197a1fc77b8 relative=0x0000000000000e18
Event: 5.725 Thread 0x00000197b172e3e0 Uncommon trap: reason=unstable_if action=reinterpret pc=0x00000197a1fc77b8 method=lombok.patcher.PatchScript.classMatches(Ljava/lang/String;Ljava/util/Collection;)Z @ 25 c2
Event: 5.725 Thread 0x00000197b172e3e0 DEOPT PACKING pc=0x00000197a1fc77b8 sp=0x0000006fbabf7170
Event: 5.725 Thread 0x00000197b172e3e0 DEOPT UNPACKING pc=0x00000197a1a466a3 sp=0x0000006fbabf7130 mode 2

Classes unloaded (0 events):
No events

Classes redefined (0 events):
No events

Internal exceptions (20 events):
Event: 2.991 Thread 0x0000019797818b70 Exception <a 'java/lang/IncompatibleClassChangeError'{0x00000000ec38b738}: Found class java.lang.Object, but interface was expected> (0x00000000ec38b738) 
thrown [s\src\hotspot\share\interpreter\linkResolver.cpp, line 826]
Event: 2.993 Thread 0x0000019797818b70 Exception <a 'java/lang/NoSuchMethodError'{0x00000000ec38fc30}: 'void java.lang.invoke.DirectMethodHandle$Holder.invokeStatic(java.lang.Object, java.lang.Object)'> (0x00000000ec38fc30) 
thrown [s\src\hotspot\share\interpreter\linkResolver.cpp, line 759]
Event: 2.995 Thread 0x0000019797818b70 Exception <a 'java/lang/NoSuchMethodError'{0x00000000ec393430}: 'void java.lang.invoke.DirectMethodHandle$Holder.invokeStaticInit(java.lang.Object, java.lang.Object)'> (0x00000000ec393430) 
thrown [s\src\hotspot\share\interpreter\linkResolver.cpp, line 759]
Event: 2.996 Thread 0x0000019797818b70 Exception <a 'java/lang/NoSuchMethodError'{0x00000000ec39a848}: 'int java.lang.invoke.DirectMethodHandle$Holder.invokeStaticInit(java.lang.Object, java.lang.Object)'> (0x00000000ec39a848) 
thrown [s\src\hotspot\share\interpreter\linkResolver.cpp, line 759]
Event: 3.103 Thread 0x0000019797818b70 Exception <a 'java/lang/NoSuchMethodError'{0x00000000eabc17a0}: 'void java.lang.invoke.DirectMethodHandle$Holder.invokeSpecial(java.lang.Object, java.lang.Object, java.lang.Object)'> (0x00000000eabc17a0) 
thrown [s\src\hotspot\share\interpreter\linkResolver.cpp, line 759]
Event: 3.897 Thread 0x0000019797818b70 Exception <a 'java/lang/NoSuchMethodError'{0x00000000eb827b08}: 'java.lang.Object java.lang.invoke.DirectMethodHandle$Holder.newInvokeSpecial(java.lang.Object, int, java.lang.Object)'> (0x00000000eb827b08) 
thrown [s\src\hotspot\share\interpreter\linkResolver.cpp, line 759]
Event: 4.317 Thread 0x0000019797818b70 Exception <a 'java/lang/UnsatisfiedLinkError'{0x00000000ebd59d58}: 'void org.eclipse.equinox.launcher.JNIBridge._update_splash()'> (0x00000000ebd59d58) 
thrown [s\src\hotspot\share\prims\nativeLookup.cpp, line 543]
Event: 4.446 Thread 0x00000197b172e3e0 Exception <a 'java/lang/NoSuchMethodError'{0x00000000ec005cb0}: 'java.lang.Object java.lang.invoke.DirectMethodHandle$Holder.invokeStaticInit(java.lang.Object)'> (0x00000000ec005cb0) 
thrown [s\src\hotspot\share\interpreter\linkResolver.cpp, line 759]
Event: 5.140 Thread 0x00000197b172e3e0 Exception <a 'java/io/FileNotFoundException'{0x00000000eb3160c0}> (0x00000000eb3160c0) 
thrown [s\src\hotspot\share\prims\jni.cpp, line 516]
Event: 5.180 Thread 0x00000197b172e3e0 Exception <a 'java/lang/NullPointerException'{0x00000000eb3941e8}> (0x00000000eb3941e8) 
thrown [s\src\hotspot\share\interpreter\linkResolver.cpp, line 1350]
Event: 5.180 Thread 0x00000197b172e3e0 Exception <a 'java/lang/NullPointerException'{0x00000000eb394a10}> (0x00000000eb394a10) 
thrown [s\src\hotspot\share\interpreter\linkResolver.cpp, line 1350]
Event: 5.304 Thread 0x00000197b172e3e0 Exception <a 'java/lang/NoSuchMethodError'{0x00000000eb4c6a90}: 'java.lang.Object java.lang.invoke.Invokers$Holder.invokeExact_MT(java.lang.Object, java.lang.Object, java.lang.Object, java.lang.Object, java.lang.Object, java.lang.Object)'> (0x00000000eb4c6a90) 
thrown [s\src\hotspot\share\interpreter\linkResolver.cpp, line 759]
Event: 5.396 Thread 0x00000197b172e3e0 Exception <a 'java/lang/NoSuchMethodError'{0x00000000eb5de8e8}: 'java.lang.Object java.lang.invoke.Invokers$Holder.linkToTargetMethod(java.lang.Object, long, java.lang.Object)'> (0x00000000eb5de8e8) 
thrown [s\src\hotspot\share\interpreter\linkResolver.cpp, line 759]
Event: 5.575 Thread 0x00000197b172e3e0 Exception <a 'java/lang/NoSuchMethodError'{0x00000000eb964d58}: 'void java.lang.invoke.DirectMethodHandle$Holder.invokeInterface(java.lang.Object, java.lang.Object, java.lang.Object)'> (0x00000000eb964d58) 
thrown [s\src\hotspot\share\interpreter\linkResolver.cpp, line 759]
Event: 5.756 Thread 0x00000197b172e3e0 Exception <a 'java/lang/NoSuchMethodError'{0x00000000ebd80990}: 'java.lang.Object java.lang.invoke.DirectMethodHandle$Holder.invokeStatic(java.lang.Object, java.lang.Object, int)'> (0x00000000ebd80990) 
thrown [s\src\hotspot\share\interpreter\linkResolver.cpp, line 759]
Event: 5.757 Thread 0x00000197b172e3e0 Exception <a 'java/lang/NoSuchMethodError'{0x00000000ebd85540}: 'void java.lang.invoke.DirectMethodHandle$Holder.invokeStatic(java.lang.Object, java.lang.Object, int, java.lang.Object)'> (0x00000000ebd85540) 
thrown [s\src\hotspot\share\interpreter\linkResolver.cpp, line 759]
Event: 5.758 Thread 0x00000197b172e3e0 Exception <a 'java/lang/NoSuchMethodError'{0x00000000ebd8ceb0}: 'void java.lang.invoke.DelegatingMethodHandle$Holder.delegate(java.lang.Object, java.lang.Object, int, java.lang.Object)'> (0x00000000ebd8ceb0) 
thrown [s\src\hotspot\share\interpreter\linkResolver.cpp, line 759]
Event: 5.759 Thread 0x00000197b172e3e0 Exception <a 'java/lang/NoSuchMethodError'{0x00000000ebd91298}: 'int java.lang.invoke.DirectMethodHandle$Holder.invokeSpecial(java.lang.Object, java.lang.Object, java.lang.Object)'> (0x00000000ebd91298) 
thrown [s\src\hotspot\share\interpreter\linkResolver.cpp, line 759]
Event: 5.762 Thread 0x00000197b172e3e0 Exception <a 'java/lang/NoSuchMethodError'{0x00000000ebda27b0}: 'int java.lang.invoke.DirectMethodHandle$Holder.invokeStatic(java.lang.Object, java.lang.Object, int)'> (0x00000000ebda27b0) 
thrown [s\src\hotspot\share\interpreter\linkResolver.cpp, line 759]
Event: 5.762 Thread 0x00000197b172e3e0 Exception <a 'java/lang/NoSuchMethodError'{0x00000000ebda67d8}: 'int java.lang.invoke.DirectMethodHandle$Holder.invokeSpecial(java.lang.Object, java.lang.Object, java.lang.Object, int)'> (0x00000000ebda67d8) 
thrown [s\src\hotspot\share\interpreter\linkResolver.cpp, line 759]

VM Operations (20 events):
Event: 3.777 Executing VM operation: HandshakeAllThreads
Event: 3.794 Executing VM operation: HandshakeAllThreads done
Event: 3.796 Executing VM operation: HandshakeAllThreads
Event: 3.796 Executing VM operation: HandshakeAllThreads done
Event: 3.828 Executing VM operation: HandshakeAllThreads
Event: 3.828 Executing VM operation: HandshakeAllThreads done
Event: 3.859 Executing VM operation: HandshakeAllThreads
Event: 3.859 Executing VM operation: HandshakeAllThreads done
Event: 4.528 Executing VM operation: HandshakeAllThreads
Event: 4.528 Executing VM operation: HandshakeAllThreads done
Event: 4.528 Executing VM operation: Cleanup
Event: 4.528 Executing VM operation: Cleanup done
Event: 4.657 Executing VM operation: ParallelGCFailedAllocation
Event: 4.665 Executing VM operation: ParallelGCFailedAllocation done
Event: 5.499 Executing VM operation: HandshakeAllThreads
Event: 5.499 Executing VM operation: HandshakeAllThreads done
Event: 5.755 Executing VM operation: HandshakeAllThreads
Event: 5.755 Executing VM operation: HandshakeAllThreads done
Event: 5.755 Executing VM operation: Cleanup
Event: 5.756 Executing VM operation: Cleanup done

Events (20 events):
Event: 5.753 loading class java/lang/invoke/MethodHandleImpl$LoopClauses
Event: 5.753 loading class java/lang/invoke/MethodHandleImpl$LoopClauses done
Event: 5.753 loading class java/lang/invoke/MethodHandleImpl$ArrayAccess
Event: 5.754 loading class java/lang/invoke/MethodHandleImpl$ArrayAccess done
Event: 5.754 loading class java/lang/invoke/MethodHandleImpl$2
Event: 5.754 loading class java/lang/invoke/MethodHandleImpl$2 done
Event: 5.754 loading class java/lang/invoke/MethodHandleImpl$ArrayAccessor
Event: 5.755 loading class java/lang/invoke/MethodHandleImpl$ArrayAccessor done
Event: 5.755 loading class java/lang/invoke/MethodHandleImpl$ArrayAccessor$1
Event: 5.755 loading class java/lang/invoke/MethodHandleImpl$ArrayAccessor$1 done
Event: 5.755 loading class java/lang/ClassValue$ClassValueMap
Event: 5.755 loading class java/lang/ClassValue$ClassValueMap done
Event: 5.761 loading class sun/invoke/util/ValueConversions$WrapperCache
Event: 5.761 loading class sun/invoke/util/ValueConversions$WrapperCache done
Event: 5.761 loading class sun/invoke/util/ValueConversions$1
Event: 5.761 loading class sun/invoke/util/ValueConversions$1 done
Event: 5.763 loading class java/lang/invoke/BoundMethodHandle$Species_LI
Event: 5.763 loading class java/lang/invoke/BoundMethodHandle$Species_LI done
Event: 5.763 loading class java/lang/invoke/ClassSpecializer$Factory$1Var
Event: 5.763 loading class java/lang/invoke/ClassSpecializer$Factory$1Var done


Dynamic libraries:
0x00007ff745b00000 - 0x00007ff745b0e000 	c:\Users\HP\.vscode\extensions\redhat.java-1.25.0-win32-x64\jre\17.0.9-win32-x86_64\bin\java.exe
0x00007ff9aa410000 - 0x00007ff9aa604000 	C:\WINDOWS\SYSTEM32\ntdll.dll
0x00007ff9a8e50000 - 0x00007ff9a8f0d000 	C:\WINDOWS\System32\KERNEL32.DLL
0x00007ff9a7c50000 - 0x00007ff9a7f17000 	C:\WINDOWS\System32\KERNELBASE.dll
0x00007ff9a7b50000 - 0x00007ff9a7c50000 	C:\WINDOWS\System32\ucrtbase.dll
0x00007ff9a2e00000 - 0x00007ff9a2e17000 	c:\Users\HP\.vscode\extensions\redhat.java-1.25.0-win32-x64\jre\17.0.9-win32-x86_64\bin\jli.dll
0x00007ff9a8c80000 - 0x00007ff9a8e20000 	C:\WINDOWS\System32\USER32.dll
0x00007ff9a83a0000 - 0x00007ff9a83c2000 	C:\WINDOWS\System32\win32u.dll
0x00007ff9a8e20000 - 0x00007ff9a8e4a000 	C:\WINDOWS\System32\GDI32.dll
0x00007ff9a8290000 - 0x00007ff9a839a000 	C:\WINDOWS\System32\gdi32full.dll
0x00007ff9a83d0000 - 0x00007ff9a846d000 	C:\WINDOWS\System32\msvcp_win.dll
0x00007ff992e30000 - 0x00007ff992e4b000 	c:\Users\HP\.vscode\extensions\redhat.java-1.25.0-win32-x64\jre\17.0.9-win32-x86_64\bin\VCRUNTIME140.dll
0x00007ff98fa70000 - 0x00007ff98fd0a000 	C:\WINDOWS\WinSxS\amd64_microsoft.windows.common-controls_6595b64144ccf1df_6.0.19041.1_none_b555e41d4684ddec\COMCTL32.dll
0x00007ff9a9f20000 - 0x00007ff9a9fbe000 	C:\WINDOWS\System32\msvcrt.dll
0x00007ff9aa160000 - 0x00007ff9aa190000 	C:\WINDOWS\System32\IMM32.DLL
0x00007ff9a2df0000 - 0x00007ff9a2dfc000 	c:\Users\HP\.vscode\extensions\redhat.java-1.25.0-win32-x64\jre\17.0.9-win32-x86_64\bin\vcruntime140_1.dll
0x00007ff986ce0000 - 0x00007ff986d6d000 	c:\Users\HP\.vscode\extensions\redhat.java-1.25.0-win32-x64\jre\17.0.9-win32-x86_64\bin\msvcp140.dll
0x00007ff9630e0000 - 0x00007ff963d41000 	c:\Users\HP\.vscode\extensions\redhat.java-1.25.0-win32-x64\jre\17.0.9-win32-x86_64\bin\server\jvm.dll
0x00007ff9a8f10000 - 0x00007ff9a8fba000 	C:\WINDOWS\System32\ADVAPI32.dll
0x00007ff9a9d10000 - 0x00007ff9a9dab000 	C:\WINDOWS\System32\sechost.dll
0x00007ff9a9fc0000 - 0x00007ff9aa0e3000 	C:\WINDOWS\System32\RPCRT4.dll
0x00007ff9a7160000 - 0x00007ff9a71ab000 	C:\WINDOWS\SYSTEM32\POWRPROF.dll
0x00007ff9a1e50000 - 0x00007ff9a1e59000 	C:\WINDOWS\SYSTEM32\WSOCK32.dll
0x00007ff9a8c10000 - 0x00007ff9a8c7b000 	C:\WINDOWS\System32\WS2_32.dll
0x00007ff99f890000 - 0x00007ff99f8b7000 	C:\WINDOWS\SYSTEM32\WINMM.dll
0x00007ff999bb0000 - 0x00007ff999bba000 	C:\WINDOWS\SYSTEM32\VERSION.dll
0x00007ff9a6fd0000 - 0x00007ff9a6fe2000 	C:\WINDOWS\SYSTEM32\UMPDC.dll
0x00007ff9a5ae0000 - 0x00007ff9a5af3000 	C:\WINDOWS\SYSTEM32\kernel.appcore.dll
0x00007ff999de0000 - 0x00007ff999dea000 	c:\Users\HP\.vscode\extensions\redhat.java-1.25.0-win32-x64\jre\17.0.9-win32-x86_64\bin\jimage.dll
0x00007ff998610000 - 0x00007ff9987f4000 	C:\WINDOWS\SYSTEM32\DBGHELP.DLL
0x00007ff999b80000 - 0x00007ff999bac000 	C:\WINDOWS\SYSTEM32\dbgcore.DLL
0x00007ff9a8030000 - 0x00007ff9a80af000 	C:\WINDOWS\System32\bcryptPrimitives.dll
0x00007ff992e20000 - 0x00007ff992e2e000 	c:\Users\HP\.vscode\extensions\redhat.java-1.25.0-win32-x64\jre\17.0.9-win32-x86_64\bin\instrument.dll
0x00007ff991cd0000 - 0x00007ff991cf5000 	c:\Users\HP\.vscode\extensions\redhat.java-1.25.0-win32-x64\jre\17.0.9-win32-x86_64\bin\java.dll
0x00007ff992e00000 - 0x00007ff992e18000 	c:\Users\HP\.vscode\extensions\redhat.java-1.25.0-win32-x64\jre\17.0.9-win32-x86_64\bin\zip.dll
0x00007ff9a84d0000 - 0x00007ff9a8c01000 	C:\WINDOWS\System32\SHELL32.dll
0x00007ff9a5ce0000 - 0x00007ff9a646a000 	C:\WINDOWS\SYSTEM32\windows.storage.dll
0x00007ff9a8fc0000 - 0x00007ff9a9314000 	C:\WINDOWS\System32\combase.dll
0x00007ff9a75d0000 - 0x00007ff9a75fb000 	C:\WINDOWS\SYSTEM32\Wldp.dll
0x00007ff9a9430000 - 0x00007ff9a94de000 	C:\WINDOWS\System32\SHCORE.dll
0x00007ff9a8470000 - 0x00007ff9a84c5000 	C:\WINDOWS\System32\shlwapi.dll
0x00007ff9a7a90000 - 0x00007ff9a7aaf000 	C:\WINDOWS\SYSTEM32\profapi.dll
0x00007ff991cb0000 - 0x00007ff991cc9000 	C:\Users\HP\.vscode\extensions\redhat.java-1.25.0-win32-x64\jre\17.0.9-win32-x86_64\bin\net.dll
0x00007ff99f2e0000 - 0x00007ff99f3e2000 	C:\WINDOWS\SYSTEM32\WINHTTP.dll
0x00007ff9a7350000 - 0x00007ff9a73ba000 	C:\WINDOWS\system32\mswsock.dll
0x00007ff986cc0000 - 0x00007ff986cd6000 	C:\Users\HP\.vscode\extensions\redhat.java-1.25.0-win32-x64\jre\17.0.9-win32-x86_64\bin\nio.dll
0x00007ff989540000 - 0x00007ff989550000 	c:\Users\HP\.vscode\extensions\redhat.java-1.25.0-win32-x64\jre\17.0.9-win32-x86_64\bin\verify.dll
0x00007ff986c80000 - 0x00007ff986cbe000 	C:\Users\HP\AppData\Roaming\Code\User\globalStorage\redhat.java\1.25.0\config_ss_win\org.eclipse.equinox.launcher\org.eclipse.equinox.launcher.win32.win32.x86_64_1.2.800.v20231003-1442\eclipse_11802.dll
0x00007ff9aa2a0000 - 0x00007ff9aa3cb000 	C:\WINDOWS\System32\ole32.dll

dbghelp: loaded successfully - version: 4.0.5 - missing functions: none
symbol engine: initialized successfully - sym options: 0x614 - pdb path: .;c:\Users\HP\.vscode\extensions\redhat.java-1.25.0-win32-x64\jre\17.0.9-win32-x86_64\bin;C:\WINDOWS\SYSTEM32;C:\WINDOWS\WinSxS\amd64_microsoft.windows.common-controls_6595b64144ccf1df_6.0.19041.1_none_b555e41d4684ddec;c:\Users\HP\.vscode\extensions\redhat.java-1.25.0-win32-x64\jre\17.0.9-win32-x86_64\bin\server;C:\Users\HP\AppData\Roaming\Code\User\globalStorage\redhat.java\1.25.0\config_ss_win\org.eclipse.equinox.launcher\org.eclipse.equinox.launcher.win32.win32.x86_64_1.2.800.v20231003-1442

VM Arguments:
jvm_args: --add-modules=ALL-SYSTEM --add-opens=java.base/java.util=ALL-UNNAMED --add-opens=java.base/java.lang=ALL-UNNAMED --add-opens=java.base/sun.nio.fs=ALL-UNNAMED -Declipse.application=org.eclipse.jdt.ls.core.id1 -Dosgi.bundles.defaultStartLevel=4 -Declipse.product=org.eclipse.jdt.ls.core.product -Djava.import.generatesMetadataFilesAtProjectRoot=false -DDetectVMInstallationsJob.disabled=true -Dfile.encoding=utf8 -XX:+UseParallelGC -XX:GCTimeRatio=4 -XX:AdaptiveSizePolicyWeight=90 -Dsun.zip.disableMemoryMapping=true -Xmx1G -Xms100m -Xlog:disable -javaagent:c:\Users\HP\.vscode\extensions\redhat.java-1.25.0-win32-x64\lombok\lombok-1.18.30.jar 
java_command: c:\Users\HP\.vscode\extensions\redhat.java-1.25.0-win32-x64\server\plugins\org.eclipse.equinox.launcher_1.6.600.v20231012-1237.jar -configuration c:\Users\HP\AppData\Roaming\Code\User\globalStorage\redhat.java\1.25.0\config_ss_win -data c:\Users\HP\AppData\Roaming\Code\User\workspaceStorage\7145003809ee5229b52fc69e90d06eaa\redhat.java\ss_ws --stdio
java_class_path (initial): c:\Users\HP\.vscode\extensions\redhat.java-1.25.0-win32-x64\server\plugins\org.eclipse.equinox.launcher_1.6.600.v20231012-1237.jar
Launcher Type: SUN_STANDARD

[Global flags]
    uintx AdaptiveSizePolicyWeight                 = 90                                        {product} {command line}
     intx CICompilerCount                          = 3                                         {product} {ergonomic}
    uintx GCTimeRatio                              = 4                                         {product} {command line}
   size_t InitialHeapSize                          = 104857600                                 {product} {command line}
   size_t MaxHeapSize                              = 1073741824                                {product} {command line}
   size_t MaxNewSize                               = 357564416                                 {product} {ergonomic}
   size_t MinHeapDeltaBytes                        = 524288                                    {product} {ergonomic}
   size_t MinHeapSize                              = 104857600                                 {product} {command line}
   size_t NewSize                                  = 34603008                                  {product} {ergonomic}
    uintx NonNMethodCodeHeapSize                   = 5832780                                {pd product} {ergonomic}
    uintx NonProfiledCodeHeapSize                  = 122912730                              {pd product} {ergonomic}
   size_t OldSize                                  = 70254592                                  {product} {ergonomic}
    uintx ProfiledCodeHeapSize                     = 122912730                              {pd product} {ergonomic}
    uintx ReservedCodeCacheSize                    = 251658240                              {pd product} {ergonomic}
     bool SegmentedCodeCache                       = true                                      {product} {ergonomic}
   size_t SoftMaxHeapSize                          = 1073741824                             {manageable} {ergonomic}
     bool UseCompressedClassPointers               = true                           {product lp64_product} {ergonomic}
     bool UseCompressedOops                        = true                           {product lp64_product} {ergonomic}
     bool UseLargePagesIndividualAllocation        = false                                  {pd product} {ergonomic}
     bool UseParallelGC                            = true                                      {product} {command line}

Logging:
Log output configuration:
 #0: stdout all=off uptime,level,tags
 #1: stderr all=off uptime,level,tags

Environment Variables:
JAVA_HOME=C:\Program Files\Java\jdk1.8.0_45
CLASSPATH=%CLASSPATH%;%JUNIT_HOME%\junit-4.13.2.jar;hamcrest-core-1.3.jar;;E:\kiemthunangcao\junit\junit-4.13.2.jar;hamcrest-core-1.3.jar;;E:\kiemthunangcao\junit\junit-4.13.2.jar;hamcrest-core-1.3.jar;
PATH=C:\ProgramData\Oracle\Java\javapath;C:\Program Files (x86)\Common Files\Oracle\Java\javapath;C:\WINDOWS\system32;C:\WINDOWS;C:\WINDOWS\System32\Wbem;C:\WINDOWS\System32\WindowsPowerShell\v1.0\;C:\Users\HP\Downloads\winlibs-x86_64-posix-seh-gcc-11.2.0-llvm-12.0.1-mingw-w64-9.0.0-r1\mingw64\bin;C:\WINDOWS\System32\OpenSSH\;C:\Program Files\Broadcom\Broadcom 802.11\Driver;C:\Program Files\Azure Data Studio\bin;C:\Program Files\Java\jdk1.8.0_45;C:\Program Files\Java\jdbc\sqljdbc42.jar;d:\Program Files(x86)\100\Tools\Binn\;d:\Program Files\100\Tools\Binn\;d:\Program Files\100\DTS\Binn\;C:\Program Files (x86)\Microsoft SQL Server\100\Tools\Binn\;C:\Program Files (x86)\Microsoft SQL Server\100\Tools\Binn\VSShell\Common7\IDE\;C:\Program Files (x86)\Microsoft SQL Server\100\DTS\Binn\;C:\Program Files (x86)\Microsoft SQL Server\110\Tools\Binn\;C:\Program Files (x86)\Microsoft SQL Server\110\DTS\Binn\;C:\Program Files\nodejs\;C:\Program Files (x86)\Microsoft SQL Server\160\Tools\Binn\;C:\Program Files\Microsoft SQL Server\160\Tools\Binn\;C:\Program Files\Microsoft SQL Server\Client SDK\ODBC\170\Tools\Binn\;C:\Program Files\Microsoft SQL Server\160\DTS\Binn\;C:\Program Files (x86)\Microsoft SQL Server\160\DTS\Binn\;C:\Program Files\Java\jdk1.8.0_45\bin;E:\vs\Git\cmd;C:\Users\HP\AppData\Local\Microsoft\WindowsApps;C:\Users\HP\Downloads\winlibs-x86_64-posix-seh-gcc-11.2.0-llvm-12.0.1-mingw-w64-9.0.0-r1\mingw64\bin;;C:\Program Files\Azure Data Studio\bin;E:\vs\Microsoft VS Code\bin;C:\Users\HP\AppData\Roaming\npm
USERNAME=HP
OS=Windows_NT
PROCESSOR_IDENTIFIER=Intel64 Family 6 Model 58 Stepping 9, GenuineIntel
TMP=C:\Users\HP\AppData\Local\Temp
TEMP=D:\



Periodic native trim disabled


---------------  S Y S T E M  ---------------

OS:
 Windows 10 , 64 bit Build 19041 (10.0.19041.1)
OS uptime: 0 days 1:03 hours

CPU: total 4 (initial active 4) (2 cores per cpu, 2 threads per core) family 6 model 58 stepping 9 microcode 0x21, cx8, cmov, fxsr, ht, mmx, sse, sse2, sse3, ssse3, sse4.1, sse4.2, popcnt, tsc, tscinvbit, avx, aes, erms, clmul, vzeroupper, clflush
Processor Information for all 4 processors :
  Max Mhz: 2401, Current Mhz: 2401, Mhz Limit: 2401

Memory: 4k page, system-wide physical 3959M (559M free)
TotalPageFile size 4137M (AvailPageFile size 10M)
current process WorkingSet (physical memory assigned to process): 97M, peak: 97M
current process commit charge ("private bytes"): 200M, peak: 200M

vm_info: OpenJDK 64-Bit Server VM (17.0.9+9) for windows-amd64 JRE (17.0.9+9), built on Oct 26 2023 14:01:42 by "admin" with MS VC++ 16.10 / 16.11 (VS2019)

END.
