#
# There is insufficient memory for the Java Runtime Environment to continue.
# Native memory allocation (mmap) failed to map 65536 bytes for Failed to commit metaspace.
# Possible reasons:
#   The system is out of physical RAM or swap space
#   The process is running with CompressedOops enabled, and the Java Heap may be blocking the growth of the native heap
# Possible solutions:
#   Reduce memory load on the system
#   Increase physical memory or swap space
#   Check if swap backing store is full
#   Decrease Java heap size (-Xmx/-Xms)
#   Decrease number of Java threads
#   Decrease Java thread stack sizes (-Xss)
#   Set larger code cache with -XX:ReservedCodeCacheSize=
#   JVM is running with Unscaled Compressed Oops mode in which the Java heap is
#     placed in the first 4GB address space. The Java Heap base address is the
#     maximum limit for the native heap growth. Please use -XX:HeapBaseMinAddress
#     to set the Java Heap base and to place the Java Heap above 4GB virtual address.
# This output file may be truncated or incomplete.
#
#  Out of Memory Error (virtualSpaceNode.cpp:110), pid=3668, tid=2456
#
# JRE version: OpenJDK Runtime Environment Temurin-17.0.9+9 (17.0.9+9) (build 17.0.9+9)
# Java VM: OpenJDK 64-Bit Server VM Temurin-17.0.9+9 (17.0.9+9, mixed mode, tiered, compressed oops, compressed class ptrs, parallel gc, windows-amd64)
# No core dump will be written. Minidumps are not enabled by default on client versions of Windows
#

---------------  S U M M A R Y ------------

Command Line: --add-modules=ALL-SYSTEM --add-opens=java.base/java.util=ALL-UNNAMED --add-opens=java.base/java.lang=ALL-UNNAMED --add-opens=java.base/sun.nio.fs=ALL-UNNAMED -Declipse.application=org.eclipse.jdt.ls.core.id1 -Dosgi.bundles.defaultStartLevel=4 -Declipse.product=org.eclipse.jdt.ls.core.product -Djava.import.generatesMetadataFilesAtProjectRoot=false -DDetectVMInstallationsJob.disabled=true -Dfile.encoding=utf8 -XX:+UseParallelGC -XX:GCTimeRatio=4 -XX:AdaptiveSizePolicyWeight=90 -Dsun.zip.disableMemoryMapping=true -Xmx1G -Xms100m -Xlog:disable -javaagent:c:\Users\HP\.vscode\extensions\redhat.java-1.25.0-win32-x64\lombok\lombok-1.18.30.jar -XX:+HeapDumpOnOutOfMemoryError -XX:HeapDumpPath=c:\Users\HP\AppData\Roaming\Code\User\workspaceStorage\7145003809ee5229b52fc69e90d06eaa\redhat.java -Daether.dependencyCollector.impl=bf c:\Users\HP\.vscode\extensions\redhat.java-1.25.0-win32-x64\server\plugins\org.eclipse.equinox.launcher_1.6.600.v20231012-1237.jar -configuration c:\Users\HP\AppData\Roaming\Code\User\globalStorage\redhat.java\1.25.0\config_win -data c:\Users\HP\AppData\Roaming\Code\User\workspaceStorage\7145003809ee5229b52fc69e90d06eaa\redhat.java\jdt_ws --stdio

Host: Intel(R) Core(TM) i5-3437U CPU @ 1.90GHz, 4 cores, 3G,  Windows 10 , 64 bit Build 19041 (10.0.19041.1)
Time: Fri Dec  1 16:23:55 2023 SE Asia Standard Time elapsed time: 2.664895 seconds (0d 0h 0m 2s)

---------------  T H R E A D  ---------------

Current thread (0x00000260d258e440):  JavaThread "main" [_thread_in_vm, id=2456, stack(0x00000096c1b00000,0x00000096c1c00000)]

Stack: [0x00000096c1b00000,0x00000096c1c00000]
Native frames: (J=compiled Java code, j=interpreted, Vv=VM code, C=native code)
V  [jvm.dll+0x67cf49]
V  [jvm.dll+0x83478a]
V  [jvm.dll+0x83624e]
V  [jvm.dll+0x8368b3]
V  [jvm.dll+0x247f1f]
V  [jvm.dll+0x83044b]
V  [jvm.dll+0x621776]
V  [jvm.dll+0x1c1fee]
V  [jvm.dll+0x6240d1]
V  [jvm.dll+0x622116]
V  [jvm.dll+0x62c007]
V  [jvm.dll+0x1ebfdb]
V  [jvm.dll+0x1ec515]
V  [jvm.dll+0x1ecfd0]
V  [jvm.dll+0x1e23d1]
V  [jvm.dll+0x54305e]
V  [jvm.dll+0x7ae778]
V  [jvm.dll+0x7ae864]
V  [jvm.dll+0x411165]
V  [jvm.dll+0x4172e9]
C  [java.dll+0x17ec]

Java frames: (J=compiled Java code, j=interpreted, Vv=VM code)
j  java.lang.ClassLoader.defineClass1(Ljava/lang/ClassLoader;Ljava/lang/String;[BIILjava/security/ProtectionDomain;Ljava/lang/String;)Ljava/lang/Class;+0 java.base@17.0.9
j  java.lang.ClassLoader.defineClass(Ljava/lang/String;[BIILjava/security/ProtectionDomain;)Ljava/lang/Class;+27 java.base@17.0.9
j  java.security.SecureClassLoader.defineClass(Ljava/lang/String;[BIILjava/security/CodeSource;)Ljava/lang/Class;+12 java.base@17.0.9
j  java.net.URLClassLoader.defineClass(Ljava/lang/String;Ljdk/internal/loader/Resource;)Ljava/lang/Class;+221 java.base@17.0.9
j  java.net.URLClassLoader$1.run()Ljava/lang/Class;+43 java.base@17.0.9
j  java.net.URLClassLoader$1.run()Ljava/lang/Object;+1 java.base@17.0.9
J 877 c1 java.security.AccessController.executePrivileged(Ljava/security/PrivilegedExceptionAction;Ljava/security/AccessControlContext;Ljava/lang/Class;)Ljava/lang/Object; java.base@17.0.9 (65 bytes) @ 0x00000260d6b78f34 [0x00000260d6b78de0+0x0000000000000154]
j  java.security.AccessController.doPrivileged(Ljava/security/PrivilegedExceptionAction;Ljava/security/AccessControlContext;)Ljava/lang/Object;+13 java.base@17.0.9
j  java.net.URLClassLoader.findClass(Ljava/lang/String;)Ljava/lang/Class;+13 java.base@17.0.9
j  java.lang.ClassLoader.loadClass(Ljava/lang/String;Z)Ljava/lang/Class;+69 java.base@17.0.9
J 773 c1 java.lang.ClassLoader.loadClass(Ljava/lang/String;)Ljava/lang/Class; java.base@17.0.9 (7 bytes) @ 0x00000260d6b4743c [0x00000260d6b47340+0x00000000000000fc]
v  ~StubRoutines::call_stub
j  org.eclipse.osgi.internal.framework.EquinoxContainer.<init>(Ljava/util/Map;Lorg/osgi/framework/connect/ModuleConnector;)V+145
j  org.eclipse.osgi.launch.Equinox.<init>(Ljava/util/Map;Lorg/osgi/framework/connect/ModuleConnector;)V+10
j  org.eclipse.osgi.launch.Equinox.<init>(Ljava/util/Map;)V+3
j  org.eclipse.core.runtime.adaptor.EclipseStarter.startup([Ljava/lang/String;Ljava/lang/Runnable;)Lorg/osgi/framework/BundleContext;+28
j  org.eclipse.core.runtime.adaptor.EclipseStarter.run([Ljava/lang/String;Ljava/lang/Runnable;)Ljava/lang/Object;+21
v  ~StubRoutines::call_stub
j  jdk.internal.reflect.NativeMethodAccessorImpl.invoke0(Ljava/lang/reflect/Method;Ljava/lang/Object;[Ljava/lang/Object;)Ljava/lang/Object;+0 java.base@17.0.9
j  jdk.internal.reflect.NativeMethodAccessorImpl.invoke(Ljava/lang/Object;[Ljava/lang/Object;)Ljava/lang/Object;+133 java.base@17.0.9
j  jdk.internal.reflect.DelegatingMethodAccessorImpl.invoke(Ljava/lang/Object;[Ljava/lang/Object;)Ljava/lang/Object;+6 java.base@17.0.9
j  java.lang.reflect.Method.invoke(Ljava/lang/Object;[Ljava/lang/Object;)Ljava/lang/Object;+59 java.base@17.0.9
j  org.eclipse.equinox.launcher.Main.invokeFramework([Ljava/lang/String;[Ljava/net/URL;)V+201
j  org.eclipse.equinox.launcher.Main.basicRun([Ljava/lang/String;)V+159
j  org.eclipse.equinox.launcher.Main.run([Ljava/lang/String;)I+4
j  org.eclipse.equinox.launcher.Main.main([Ljava/lang/String;)V+10
v  ~StubRoutines::call_stub

Compiled method (c1)    2692  877       3       java.security.AccessController::executePrivileged (65 bytes)
 total in heap  [0x00000260d6b78c10,0x00000260d6b791f8] = 1512
 relocation     [0x00000260d6b78d68,0x00000260d6b78dc8] = 96
 main code      [0x00000260d6b78de0,0x00000260d6b79080] = 672
 stub code      [0x00000260d6b79080,0x00000260d6b790d8] = 88
 metadata       [0x00000260d6b790d8,0x00000260d6b790e8] = 16
 scopes data    [0x00000260d6b790e8,0x00000260d6b79160] = 120
 scopes pcs     [0x00000260d6b79160,0x00000260d6b791e0] = 128
 dependencies   [0x00000260d6b791e0,0x00000260d6b791e8] = 8
 nul chk table  [0x00000260d6b791e8,0x00000260d6b791f8] = 16

[Constant Pool (empty)]

[MachCode]
[Verified Entry Point]
  # {method} {0x00000260e9030fe8} 'executePrivileged' '(Ljava/security/PrivilegedExceptionAction;Ljava/security/AccessControlContext;Ljava/lang/Class;)Ljava/lang/Object;' in 'java/security/AccessController'
  # parm0:    rdx:rdx   = 'java/security/PrivilegedExceptionAction'
  # parm1:    r8:r8     = 'java/security/AccessControlContext'
  # parm2:    r9:r9     = 'java/lang/Class'
  #           [sp+0x50]  (sp of caller)
  0x00000260d6b78de0: 8984 2400 | 90ff ff55 | 4883 ec40 | 4c89 4424 

  0x00000260d6b78df0: ;   {metadata(method data for {method} {0x00000260e9030fe8} 'executePrivileged' '(Ljava/security/PrivilegedExceptionAction;Ljava/security/AccessControlContext;Ljava/lang/Class;)Ljava/lang/Object;' in 'java/security/AccessController')}
  0x00000260d6b78df0: 3048 beb0 | 129b e960 | 0200 008b | becc 0000 | 0083 c702 | 89be cc00 | 0000 81e7 | fe07 0000 
  0x00000260d6b78e10: 83ff 000f | 84b7 0100 | 0049 83f8 

  0x00000260d6b78e1c: ;   {metadata(method data for {method} {0x00000260e9030fe8} 'executePrivileged' '(Ljava/security/PrivilegedExceptionAction;Ljava/security/AccessControlContext;Ljava/lang/Class;)Ljava/lang/Object;' in 'java/security/AccessController')}
  0x00000260d6b78e1c: 0048 beb0 | 129b e960 | 0200 0048 | bf10 0100 | 0000 0000 | 000f 840a | 0000 0048 | bf20 0100 
  0x00000260d6b78e3c: 0000 0000 | 0048 8b1c | 3e48 8d5b | 0148 891c | 3e4c 894c | 2428 4889 | 5424 200f | 841f 0000 
  0x00000260d6b78e5c: ;   {metadata(method data for {method} {0x00000260e9030fe8} 'executePrivileged' '(Ljava/security/PrivilegedExceptionAction;Ljava/security/AccessControlContext;Ljava/lang/Class;)Ljava/lang/Object;' in 'java/security/AccessController')}
  0x00000260d6b78e5c: 0048 beb0 | 129b e960 | 0200 0048 | 8386 3001 | 0000 0149 | 8bd0 0f1f 

  0x00000260d6b78e74: ;   {static_call}
  0x00000260d6b78e74: 4400 00e8 

  0x00000260d6b78e78: ; ImmutableOopMap {[32]=Oop [40]=Oop [48]=Oop }
                      ;*invokestatic ensureMaterializedForStackWalk {reexecute=0 rethrow=0 return_oop=0}
                      ; - java.security.AccessController::executePrivileged@5
  0x00000260d6b78e78: 0902 0000 

  0x00000260d6b78e7c: ;   {metadata(method data for {method} {0x00000260e9030fe8} 'executePrivileged' '(Ljava/security/PrivilegedExceptionAction;Ljava/security/AccessControlContext;Ljava/lang/Class;)Ljava/lang/Object;' in 'java/security/AccessController')}
  0x00000260d6b78e7c: 48ba b012 | 9be9 6002 | 0000 ff82 | 4001 0000 | 488b 5424 | 2048 3b02 

  0x00000260d6b78e94: ;   {metadata(method data for {method} {0x00000260e9030fe8} 'executePrivileged' '(Ljava/security/PrivilegedExceptionAction;Ljava/security/AccessControlContext;Ljava/lang/Class;)Ljava/lang/Object;' in 'java/security/AccessController')}
  0x00000260d6b78e94: 488b f248 | bfb0 129b | e960 0200 | 008b 7608 | 48c1 e603 | 483b b7b0 | 0100 0075 | 0d48 8387 
  0x00000260d6b78eb4: b801 0000 | 01e9 6600 | 0000 483b | b7c0 0100 | 0075 0d48 | 8387 c801 | 0000 01e9 | 5000 0000 
  0x00000260d6b78ed4: 4881 bfb0 | 0100 0000 | 0000 0075 | 1748 89b7 | b001 0000 | 48c7 87b8 | 0100 0001 | 0000 00e9 
  0x00000260d6b78ef4: 2c00 0000 | 4881 bfc0 | 0100 0000 | 0000 0075 | 1748 89b7 | c001 0000 | 48c7 87c8 | 0100 0001 
  0x00000260d6b78f14: 0000 00e9 | 0800 0000 | 4883 87a0 | 0100 0001 | 9048 b8ff | ffff ffff 

  0x00000260d6b78f2c: ;   {virtual_call}
  0x00000260d6b78f2c: ffff ffe8 

  0x00000260d6b78f30: ; ImmutableOopMap {[40]=Oop [48]=Oop }
                      ;*invokeinterface run {reexecute=0 rethrow=0 return_oop=0}
                      ; - java.security.AccessController::executePrivileged@29
  0x00000260d6b78f30: ec66 4007 

  0x00000260d6b78f34: ;   {metadata(method data for {method} {0x00000260e9030fe8} 'executePrivileged' '(Ljava/security/PrivilegedExceptionAction;Ljava/security/AccessControlContext;Ljava/lang/Class;)Ljava/lang/Object;' in 'java/security/AccessController')}
  0x00000260d6b78f34: 48be b012 | 9be9 6002 | 0000 ff86 | d801 0000 | 4c8b 4c24 

  0x00000260d6b78f48: ;   {metadata(method data for {method} {0x00000260e9030fe8} 'executePrivileged' '(Ljava/security/PrivilegedExceptionAction;Ljava/security/AccessControlContext;Ljava/lang/Class;)Ljava/lang/Object;' in 'java/security/AccessController')}
  0x00000260d6b78f48: 2848 beb0 | 129b e960 | 0200 0048 | 8386 3802 

  0x00000260d6b78f58: ;   {metadata(method data for {method} {0x00000260e9035da8} 'reachabilityFence' '(Ljava/lang/Object;)V' in 'java/lang/ref/Reference')}
  0x00000260d6b78f58: 0000 0148 | be98 5a5e | e960 0200 | 008b becc | 0000 0083 | c702 89be | cc00 0000 | 81e7 feff 
  0x00000260d6b78f78: 1f00 83ff | 000f 8473 

  0x00000260d6b78f80: ;   {metadata(method data for {method} {0x00000260e9030fe8} 'executePrivileged' '(Ljava/security/PrivilegedExceptionAction;Ljava/security/AccessControlContext;Ljava/lang/Class;)Ljava/lang/Object;' in 'java/security/AccessController')}
  0x00000260d6b78f80: 0000 0048 | beb0 129b | e960 0200 | 0048 8386 | 4802 0000 

  0x00000260d6b78f94: ;   {metadata(method data for {method} {0x00000260e9035da8} 'reachabilityFence' '(Ljava/lang/Object;)V' in 'java/lang/ref/Reference')}
  0x00000260d6b78f94: 0148 be98 | 5a5e e960 | 0200 008b | becc 0000 | 0083 c702 | 89be cc00 | 0000 81e7 | feff 1f00 
  0x00000260d6b78fb4: 83ff 000f | 845a 0000 | 0048 83c4 

  0x00000260d6b78fc0: ;   {poll_return}
  0x00000260d6b78fc0: 405d 493b | a750 0300 | 000f 8766 | 0000 00c3 

  0x00000260d6b78fd0: ;   {metadata({method} {0x00000260e9030fe8} 'executePrivileged' '(Ljava/security/PrivilegedExceptionAction;Ljava/security/AccessControlContext;Ljava/lang/Class;)Ljava/lang/Object;' in 'java/security/AccessController')}
  0x00000260d6b78fd0: 49ba e00f | 03e9 6002 | 0000 4c89 | 5424 0848 | c704 24ff 

  0x00000260d6b78fe4: ;   {runtime_call counter_overflow Runtime1 stub}
  0x00000260d6b78fe4: ffff ffe8 

  0x00000260d6b78fe8: ; ImmutableOopMap {rdx=Oop r8=Oop [48]=Oop r9=Oop }
                      ;*synchronization entry
                      ; - java.security.AccessController::executePrivileged@-1
  0x00000260d6b78fe8: 14ed 4a07 | e928 feff 

  0x00000260d6b78ff0: ;   {runtime_call throw_null_pointer_exception Runtime1 stub}
  0x00000260d6b78ff0: ffe8 aae9 

  0x00000260d6b78ff4: ; ImmutableOopMap {[40]=Oop rdx=Oop [48]=Oop }
                      ;*invokeinterface run {reexecute=0 rethrow=0 return_oop=0}
                      ; - java.security.AccessController::executePrivileged@29
                      ;   {metadata({method} {0x00000260e9035da8} 'reachabilityFence' '(Ljava/lang/Object;)V' in 'java/lang/ref/Reference')}
  0x00000260d6b78ff4: 4107 49ba | a05d 03e9 | 6002 0000 | 4c89 5424 | 0848 c704 | 24ff ffff 

  0x00000260d6b7900c: ;   {runtime_call counter_overflow Runtime1 stub}
  0x00000260d6b7900c: ffe8 eeec 

  0x00000260d6b79010: ; ImmutableOopMap {rax=Oop r9=Oop }
                      ;*synchronization entry
                      ; - java.lang.ref.Reference::reachabilityFence@-1
                      ; - java.security.AccessController::executePrivileged@56
  0x00000260d6b79010: 4a07 e96c 

  0x00000260d6b79014: ;   {metadata({method} {0x00000260e9035da8} 'reachabilityFence' '(Ljava/lang/Object;)V' in 'java/lang/ref/Reference')}
  0x00000260d6b79014: ffff ff49 | baa0 5d03 | e960 0200 | 004c 8954 | 2408 48c7 | 0424 ffff 

  0x00000260d6b7902c: ;   {runtime_call counter_overflow Runtime1 stub}
  0x00000260d6b7902c: ffff e8cd 

  0x00000260d6b79030: ; ImmutableOopMap {rax=Oop }
                      ;*synchronization entry
                      ; - java.lang.ref.Reference::reachabilityFence@-1
                      ; - java.security.AccessController::executePrivileged@60
  0x00000260d6b79030: ec4a 07eb 

  0x00000260d6b79034: ;   {internal_word}
  0x00000260d6b79034: 8849 bac2 | 8fb7 d660 | 0200 004d | 8997 6803 

  0x00000260d6b79044: ;   {runtime_call SafepointBlob}
  0x00000260d6b79044: 0000 e9b5 | e640 0790 | 9049 8b87 | e003 0000 | 49c7 87e0 | 0300 0000 | 0000 0049 | c787 e803 
  0x00000260d6b79064: 0000 0000 | 0000 4883 

  0x00000260d6b7906c: ;   {runtime_call unwind_exception Runtime1 stub}
  0x00000260d6b7906c: c440 5de9 | 8cdd 4a07 | f4f4 f4f4 | f4f4 f4f4 | f4f4 f4f4 
[Stub Code]
  0x00000260d6b79080: ;   {no_reloc}
  0x00000260d6b79080: 0f1f 4400 

  0x00000260d6b79084: ;   {static_stub}
  0x00000260d6b79084: 0048 bb58 | 0d03 e960 

  0x00000260d6b7908c: ;   {runtime_call I2C/C2I adapters}
  0x00000260d6b7908c: 0200 00e9 | bcc9 4007 

  0x00000260d6b79094: ;   {static_stub}
  0x00000260d6b79094: 9048 bb00 | 0000 0000 

  0x00000260d6b7909c: ;   {runtime_call}
  0x00000260d6b7909c: 0000 00e9 | fbff ffff 
[Exception Handler]
  0x00000260d6b790a4: ;   {runtime_call handle_exception_from_callee Runtime1 stub}
  0x00000260d6b790a4: e8d7 ca41 

  0x00000260d6b790a8: ;   {external_word}
  0x00000260d6b790a8: 0748 b940 | 9a5f 68f9 | 7f00 0048 

  0x00000260d6b790b4: ;   {runtime_call}
  0x00000260d6b790b4: 83e4 f049 | ba60 2f28 | 68f9 7f00 | 0041 ffd2 

  0x00000260d6b790c4: ;   {section_word}
  0x00000260d6b790c4: f449 bac5 | 90b7 d660 | 0200 0041 

  0x00000260d6b790d0: ;   {runtime_call DeoptimizationBlob}
  0x00000260d6b790d0: 52e9 cad8 | 4007 f4f4 
[/MachCode]


Compiled method (c1)    2720  773       3       java.lang.ClassLoader::loadClass (7 bytes)
 total in heap  [0x00000260d6b47190,0x00000260d6b47570] = 992
 relocation     [0x00000260d6b472e8,0x00000260d6b47328] = 64
 main code      [0x00000260d6b47340,0x00000260d6b474c0] = 384
 stub code      [0x00000260d6b474c0,0x00000260d6b47508] = 72
 metadata       [0x00000260d6b47508,0x00000260d6b47510] = 8
 scopes data    [0x00000260d6b47510,0x00000260d6b47528] = 24
 scopes pcs     [0x00000260d6b47528,0x00000260d6b47568] = 64
 dependencies   [0x00000260d6b47568,0x00000260d6b47570] = 8

[Constant Pool (empty)]

[MachCode]
[Entry Point]
  # {method} {0x00000260e901d380} 'loadClass' '(Ljava/lang/String;)Ljava/lang/Class;' in 'java/lang/ClassLoader'
  # this:     rdx:rdx   = 'java/lang/ClassLoader'
  # parm0:    r8:r8     = 'java/lang/String'
  #           [sp+0x40]  (sp of caller)
  0x00000260d6b47340: 448b 5208 | 49c1 e203 

  0x00000260d6b47348: ;   {runtime_call ic_miss_stub}
  0x00000260d6b47348: 4c3b d00f | 852f 9a43 | 0766 6666 | 0f1f 8400 | 0000 0000 | 6666 6690 
[Verified Entry Point]
  0x00000260d6b47360: 8984 2400 | 90ff ff55 | 4883 ec30 

  0x00000260d6b4736c: ;   {metadata(method data for {method} {0x00000260e901d380} 'loadClass' '(Ljava/lang/String;)Ljava/lang/Class;' in 'java/lang/ClassLoader')}
  0x00000260d6b4736c: 49b9 f87e | 96e9 6002 | 0000 418b | b1cc 0000 | 0083 c602 | 4189 b1cc | 0000 0081 | e6fe 0700 
  0x00000260d6b4738c: 0083 fe00 | 0f84 b900 | 0000 4c8b 

  0x00000260d6b47398: ;   {metadata(method data for {method} {0x00000260e901d380} 'loadClass' '(Ljava/lang/String;)Ljava/lang/Class;' in 'java/lang/ClassLoader')}
  0x00000260d6b47398: ca48 bef8 | 7e96 e960 | 0200 0045 | 8b49 0849 | c1e1 034c | 3b8e 2001 | 0000 750d | 4883 8628 
  0x00000260d6b473b8: 0100 0001 | e966 0000 | 004c 3b8e | 3001 0000 | 750d 4883 | 8638 0100 | 0001 e950 | 0000 0048 
  0x00000260d6b473d8: 81be 2001 | 0000 0000 | 0000 7517 | 4c89 8e20 | 0100 0048 | c786 2801 | 0000 0100 | 0000 e92c 
  0x00000260d6b473f8: 0000 0048 | 81be 3001 | 0000 0000 | 0000 7517 | 4c89 8e30 | 0100 0048 | c786 3801 | 0000 0100 
  0x00000260d6b47418: 0000 e908 | 0000 0048 | 8386 1001 | 0000 0141 | b900 0000 | 0048 b8ff | ffff ffff 

  0x00000260d6b47434: ;   {virtual_call}
  0x00000260d6b47434: ffff ffe8 

  0x00000260d6b47438: ; ImmutableOopMap {}
                      ;*invokevirtual loadClass {reexecute=0 rethrow=0 return_oop=0}
                      ; - java.lang.ClassLoader::loadClass@3
  0x00000260d6b47438: 6476 4307 | 4883 c430 

  0x00000260d6b47440: ;   {poll_return}
  0x00000260d6b47440: 5d49 3ba7 | 5003 0000 | 0f87 2200 

  0x00000260d6b4744c: ;   {metadata({method} {0x00000260e901d380} 'loadClass' '(Ljava/lang/String;)Ljava/lang/Class;' in 'java/lang/ClassLoader')}
  0x00000260d6b4744c: 0000 c349 | ba78 d301 | e960 0200 | 004c 8954 | 2408 48c7 | 0424 ffff 

  0x00000260d6b47464: ;   {runtime_call counter_overflow Runtime1 stub}
  0x00000260d6b47464: ffff e895 

  0x00000260d6b47468: ; ImmutableOopMap {rdx=Oop r8=Oop }
                      ;*synchronization entry
                      ; - java.lang.ClassLoader::loadClass@-1
  0x00000260d6b47468: 084e 07e9 | 26ff ffff 

  0x00000260d6b47470: ;   {internal_word}
  0x00000260d6b47470: 49ba 4174 | b4d6 6002 | 0000 4d89 | 9768 0300 

  0x00000260d6b47480: ;   {runtime_call SafepointBlob}
  0x00000260d6b47480: 00e9 7a02 | 4407 9090 | 498b 87e0 | 0300 0049 | c787 e003 | 0000 0000 | 0000 49c7 | 87e8 0300 
  0x00000260d6b474a0: 0000 0000 | 0048 83c4 

  0x00000260d6b474a8: ;   {runtime_call unwind_exception Runtime1 stub}
  0x00000260d6b474a8: 305d e951 | f94d 07f4 | f4f4 f4f4 | f4f4 f4f4 | f4f4 f4f4 | f4f4 f4f4 
[Stub Code]
  0x00000260d6b474c0: ;   {no_reloc}
  0x00000260d6b474c0: 0f1f 4400 

  0x00000260d6b474c4: ;   {static_stub}
  0x00000260d6b474c4: 0048 bb00 | 0000 0000 

  0x00000260d6b474cc: ;   {runtime_call}
  0x00000260d6b474cc: 0000 00e9 | fbff ffff 
[Exception Handler]
  0x00000260d6b474d4: ;   {runtime_call handle_exception_from_callee Runtime1 stub}
  0x00000260d6b474d4: e8a7 e644 

  0x00000260d6b474d8: ;   {external_word}
  0x00000260d6b474d8: 0748 b940 | 9a5f 68f9 | 7f00 0048 

  0x00000260d6b474e4: ;   {runtime_call}
  0x00000260d6b474e4: 83e4 f049 | ba60 2f28 | 68f9 7f00 | 0041 ffd2 

  0x00000260d6b474f4: ;   {section_word}
  0x00000260d6b474f4: f449 baf5 | 74b4 d660 | 0200 0041 

  0x00000260d6b47500: ;   {runtime_call DeoptimizationBlob}
  0x00000260d6b47500: 52e9 9af4 | 4307 f4f4 
[/MachCode]


---------------  P R O C E S S  ---------------

Threads class SMR info:
_java_thread_list=0x00000260edb702c0, length=12, elements={
0x00000260d258e440, 0x00000260d264a3c0, 0x00000260d264de10, 0x00000260e8343030,
0x00000260e8343dc0, 0x00000260e8344b50, 0x00000260e83485a0, 0x00000260e83491a0,
0x00000260ed56dc20, 0x00000260ed58c570, 0x00000260ed617df0, 0x00000260ed7f6120
}

Java Threads: ( => current thread )
=>0x00000260d258e440 JavaThread "main" [_thread_in_vm, id=2456, stack(0x00000096c1b00000,0x00000096c1c00000)]
  0x00000260d264a3c0 JavaThread "Reference Handler" daemon [_thread_blocked, id=2944, stack(0x00000096c1e00000,0x00000096c1f00000)]
  0x00000260d264de10 JavaThread "Finalizer" daemon [_thread_blocked, id=2964, stack(0x00000096c1f00000,0x00000096c2000000)]
  0x00000260e8343030 JavaThread "Signal Dispatcher" daemon [_thread_blocked, id=3096, stack(0x00000096c2000000,0x00000096c2100000)]
  0x00000260e8343dc0 JavaThread "Attach Listener" daemon [_thread_blocked, id=9912, stack(0x00000096c2100000,0x00000096c2200000)]
  0x00000260e8344b50 JavaThread "Service Thread" daemon [_thread_blocked, id=10364, stack(0x00000096c2200000,0x00000096c2300000)]
  0x00000260e83485a0 JavaThread "Monitor Deflation Thread" daemon [_thread_blocked, id=3112, stack(0x00000096c2300000,0x00000096c2400000)]
  0x00000260e83491a0 JavaThread "C2 CompilerThread0" daemon [_thread_blocked, id=3148, stack(0x00000096c2400000,0x00000096c2500000)]
  0x00000260ed56dc20 JavaThread "C1 CompilerThread0" daemon [_thread_blocked, id=3948, stack(0x00000096c2500000,0x00000096c2600000)]
  0x00000260ed58c570 JavaThread "Sweeper thread" daemon [_thread_blocked, id=3784, stack(0x00000096c2600000,0x00000096c2700000)]
  0x00000260ed617df0 JavaThread "Common-Cleaner" daemon [_thread_blocked, id=4296, stack(0x00000096c2700000,0x00000096c2800000)]
  0x00000260ed7f6120 JavaThread "Notification Thread" daemon [_thread_blocked, id=5728, stack(0x00000096c2800000,0x00000096c2900000)]

Other Threads:
  0x00000260d2642ff0 VMThread "VM Thread" [stack: 0x00000096c1d00000,0x00000096c1e00000] [id=3652]
  0x00000260ed7f6600 WatcherThread [stack: 0x00000096c2900000,0x00000096c2a00000] [id=6476]
  0x00000260d259c8e0 GCTaskThread "GC Thread#0" [stack: 0x00000096c1c00000,0x00000096c1d00000] [id=3756]

Threads with active compile tasks:

VM state: not at safepoint (normal execution)

VM Mutex/Monitor currently owned by a thread:  ([mutex/lock_event])
[0x00000260d2589790] Metaspace_lock - owner thread: 0x00000260d258e440

Heap address: 0x00000000c0000000, size: 1024 MB, Compressed Oops mode: 32-bit

CDS archive(s) not mapped
Compressed class space mapped at: 0x0000000100000000-0x0000000140000000, reserved size: 1073741824
Narrow klass base: 0x0000000000000000, Narrow klass shift: 3, Narrow klass range: 0x140000000

GC Precious Log:
 CPUs: 4 total, 4 available
 Memory: 3959M
 Large Page Support: Disabled
 NUMA Support: Disabled
 Compressed Oops: Enabled (32-bit)
 Alignments: Space 512K, Generation 512K, Heap 2M
 Heap Min Capacity: 100M
 Heap Initial Capacity: 100M
 Heap Max Capacity: 1G
 Pre-touch: Disabled
 Parallel Workers: 4

Heap:
 PSYoungGen      total 29696K, used 24493K [0x00000000eab00000, 0x00000000ecc00000, 0x0000000100000000)
  eden space 25600K, 95% used [0x00000000eab00000,0x00000000ec2eb568,0x00000000ec400000)
  from space 4096K, 0% used [0x00000000ec800000,0x00000000ec800000,0x00000000ecc00000)
  to   space 4096K, 0% used [0x00000000ec400000,0x00000000ec400000,0x00000000ec800000)
 ParOldGen       total 68608K, used 0K [0x00000000c0000000, 0x00000000c4300000, 0x00000000eab00000)
  object space 68608K, 0% used [0x00000000c0000000,0x00000000c0000000,0x00000000c4300000)
 Metaspace       used 10655K, committed 10752K, reserved 1114112K
  class space    used 1059K, committed 1088K, reserved 1048576K

Card table byte_map: [0x00000260e5bf0000,0x00000260e5e00000] _byte_map_base: 0x00000260e55f0000

Marking Bits: (ParMarkBitMap*) 0x00007ff96886d0b0
 Begin Bits: [0x00000260e5f60000, 0x00000260e6f60000)
 End Bits:   [0x00000260e6f60000, 0x00000260e7f60000)

Polling page: 0x00000260d69e0000

Metaspace:

Usage:
  Non-class:      9.37 MB used.
      Class:      1.03 MB used.
       Both:     10.41 MB used.

Virtual space:
  Non-class space:       64.00 MB reserved,       9.44 MB ( 15%) committed,  1 nodes.
      Class space:        1.00 GB reserved,       1.06 MB ( <1%) committed,  1 nodes.
             Both:        1.06 GB reserved,      10.50 MB ( <1%) committed. 

Chunk freelists:
   Non-Class:  6.30 MB
       Class:  14.95 MB
        Both:  21.25 MB

MaxMetaspaceSize: unlimited
CompressedClassSpaceSize: 1.00 GB
Initial GC threshold: 21.00 MB
Current GC threshold: 21.00 MB
CDS: off
MetaspaceReclaimPolicy: balanced
 - commit_granule_bytes: 65536.
 - commit_granule_words: 8192.
 - virtual_space_node_default_size: 8388608.
 - enlarge_chunks_in_place: 1.
 - new_chunks_are_fully_committed: 0.
 - uncommit_free_chunks: 1.
 - use_allocation_guard: 0.
 - handle_deallocations: 1.


Internal statistics:

num_allocs_failed_limit: 0.
num_arena_births: 14.
num_arena_deaths: 0.
num_vsnodes_births: 2.
num_vsnodes_deaths: 0.
num_space_committed: 168.
num_space_uncommitted: 0.
num_chunks_returned_to_freelist: 0.
num_chunks_taken_from_freelist: 81.
num_chunk_merges: 0.
num_chunk_splits: 53.
num_chunks_enlarged: 45.
num_inconsistent_stats: 0.

CodeHeap 'non-profiled nmethods': size=120000Kb used=359Kb max_used=359Kb free=119640Kb
 bounds [0x00000260de4d0000, 0x00000260de740000, 0x00000260e5a00000]
CodeHeap 'profiled nmethods': size=120000Kb used=1526Kb max_used=1526Kb free=118473Kb
 bounds [0x00000260d6a00000, 0x00000260d6c70000, 0x00000260ddf30000]
CodeHeap 'non-nmethods': size=5760Kb used=1139Kb max_used=1158Kb free=4620Kb
 bounds [0x00000260ddf30000, 0x00000260de1a0000, 0x00000260de4d0000]
 total_blobs=1319 nmethods=889 adapters=345
 compilation: enabled
              stopped_count=0, restarted_count=0
 full_count=0

Compilation events (20 events):
Event: 2.628 Thread 0x00000260ed56dc20  881       3       java.util.jar.JarVerifier$VerifierStream::read (107 bytes)
Event: 2.629 Thread 0x00000260ed56dc20 nmethod 881 0x00000260d6b79690 code [0x00000260d6b79880, 0x00000260d6b79e18]
Event: 2.629 Thread 0x00000260ed56dc20  882       3       java.lang.ref.PhantomReference::<init> (7 bytes)
Event: 2.629 Thread 0x00000260ed56dc20 nmethod 882 0x00000260d6b7a010 code [0x00000260d6b7a1c0, 0x00000260d6b7a418]
Event: 2.629 Thread 0x00000260ed56dc20  883       3       jdk.internal.ref.PhantomCleanable::<init> (49 bytes)
Event: 2.630 Thread 0x00000260ed56dc20 nmethod 883 0x00000260d6b7a510 code [0x00000260d6b7a740, 0x00000260d6b7b0d8]
Event: 2.630 Thread 0x00000260ed56dc20  884   !   3       jdk.internal.ref.PhantomCleanable::insert (53 bytes)
Event: 2.631 Thread 0x00000260ed56dc20 nmethod 884 0x00000260d6b7b410 code [0x00000260d6b7b5a0, 0x00000260d6b7b7f8]
Event: 2.646 Thread 0x00000260ed56dc20  885       3       jdk.internal.ref.CleanerFactory::cleaner (4 bytes)
Event: 2.646 Thread 0x00000260ed56dc20 nmethod 885 0x00000260d6b7b990 code [0x00000260d6b7bb20, 0x00000260d6b7bc18]
Event: 2.648 Thread 0x00000260ed56dc20  886       3       java.security.MessageDigest::isEqual (100 bytes)
Event: 2.648 Thread 0x00000260ed56dc20 nmethod 886 0x00000260d6b7bc90 code [0x00000260d6b7be60, 0x00000260d6b7c278]
Event: 2.650 Thread 0x00000260ed56dc20  887       3       java.security.MessageDigestSpi::<init> (5 bytes)
Event: 2.650 Thread 0x00000260ed56dc20 nmethod 887 0x00000260d6b7c390 code [0x00000260d6b7c520, 0x00000260d6b7c678]
Event: 2.650 Thread 0x00000260ed56dc20  888       3       sun.security.provider.ByteArrayAccess::i2bBig4 (10 bytes)
Event: 2.651 Thread 0x00000260ed56dc20 nmethod 888 0x00000260d6b7c710 code [0x00000260d6b7c940, 0x00000260d6b7d078]
Event: 2.652 Thread 0x00000260ed56dc20  889       3       java.util.concurrent.ConcurrentHashMap::sumCount (60 bytes)
Event: 2.652 Thread 0x00000260ed56dc20 nmethod 889 0x00000260d6b7d390 code [0x00000260d6b7d540, 0x00000260d6b7d798]
Event: 2.654 Thread 0x00000260ed56dc20  890       1       sun.security.provider.certpath.X509CertPath::getCertificates (5 bytes)
Event: 2.654 Thread 0x00000260ed56dc20 nmethod 890 0x00000260de529a10 code [0x00000260de529ba0, 0x00000260de529c78]

GC Heap History (0 events):
No events

Dll operation events (8 events):
Event: 0.015 Loaded shared library c:\Users\HP\.vscode\extensions\redhat.java-1.25.0-win32-x64\jre\17.0.9-win32-x86_64\bin\java.dll
Event: 0.461 Loaded shared library c:\Users\HP\.vscode\extensions\redhat.java-1.25.0-win32-x64\jre\17.0.9-win32-x86_64\bin\zip.dll
Event: 0.477 Loaded shared library C:\Users\HP\.vscode\extensions\redhat.java-1.25.0-win32-x64\jre\17.0.9-win32-x86_64\bin\instrument.dll
Event: 0.510 Loaded shared library C:\Users\HP\.vscode\extensions\redhat.java-1.25.0-win32-x64\jre\17.0.9-win32-x86_64\bin\net.dll
Event: 0.514 Loaded shared library C:\Users\HP\.vscode\extensions\redhat.java-1.25.0-win32-x64\jre\17.0.9-win32-x86_64\bin\nio.dll
Event: 0.561 Loaded shared library C:\Users\HP\.vscode\extensions\redhat.java-1.25.0-win32-x64\jre\17.0.9-win32-x86_64\bin\zip.dll
Event: 0.600 Loaded shared library C:\Users\HP\.vscode\extensions\redhat.java-1.25.0-win32-x64\jre\17.0.9-win32-x86_64\bin\jimage.dll
Event: 0.855 Loaded shared library c:\Users\HP\.vscode\extensions\redhat.java-1.25.0-win32-x64\jre\17.0.9-win32-x86_64\bin\verify.dll

Deoptimization events (20 events):
Event: 2.435 Thread 0x00000260d258e440 Uncommon trap: trap_request=0xffffffc6 fr.pc=0x00000260de4fbca8 relative=0x0000000000000288
Event: 2.435 Thread 0x00000260d258e440 Uncommon trap: reason=bimorphic_or_optimized_type_check action=maybe_recompile pc=0x00000260de4fbca8 method=java.util.Collections$UnmodifiableCollection$1.next()Ljava/lang/Object; @ 4 c2
Event: 2.435 Thread 0x00000260d258e440 DEOPT PACKING pc=0x00000260de4fbca8 sp=0x00000096c1bfe4e0
Event: 2.435 Thread 0x00000260d258e440 DEOPT UNPACKING pc=0x00000260ddf866a3 sp=0x00000096c1bfe490 mode 2
Event: 2.612 Thread 0x00000260d258e440 Uncommon trap: trap_request=0xffffff45 fr.pc=0x00000260de50fe40 relative=0x0000000000000a20
Event: 2.612 Thread 0x00000260d258e440 Uncommon trap: reason=unstable_if action=reinterpret pc=0x00000260de50fe40 method=java.util.HashMap.hash(Ljava/lang/Object;)I @ 1 c2
Event: 2.612 Thread 0x00000260d258e440 DEOPT PACKING pc=0x00000260de50fe40 sp=0x00000096c1bfe340
Event: 2.612 Thread 0x00000260d258e440 DEOPT UNPACKING pc=0x00000260ddf866a3 sp=0x00000096c1bfe2b0 mode 2
Event: 2.612 Thread 0x00000260d258e440 Uncommon trap: trap_request=0xffffff45 fr.pc=0x00000260de51fbec relative=0x000000000000024c
Event: 2.612 Thread 0x00000260d258e440 Uncommon trap: reason=unstable_if action=reinterpret pc=0x00000260de51fbec method=java.util.HashMap.hash(Ljava/lang/Object;)I @ 1 c2
Event: 2.612 Thread 0x00000260d258e440 DEOPT PACKING pc=0x00000260de51fbec sp=0x00000096c1bfe270
Event: 2.612 Thread 0x00000260d258e440 DEOPT UNPACKING pc=0x00000260ddf866a3 sp=0x00000096c1bfe108 mode 2
Event: 2.612 Thread 0x00000260d258e440 Uncommon trap: trap_request=0xffffff45 fr.pc=0x00000260de512bdc relative=0x000000000000029c
Event: 2.612 Thread 0x00000260d258e440 Uncommon trap: reason=unstable_if action=reinterpret pc=0x00000260de512bdc method=java.util.HashMap.hash(Ljava/lang/Object;)I @ 1 c2
Event: 2.612 Thread 0x00000260d258e440 DEOPT PACKING pc=0x00000260de512bdc sp=0x00000096c1bfe300
Event: 2.612 Thread 0x00000260d258e440 DEOPT UNPACKING pc=0x00000260ddf866a3 sp=0x00000096c1bfe218 mode 2
Event: 2.612 Thread 0x00000260d258e440 Uncommon trap: trap_request=0xffffff45 fr.pc=0x00000260de522314 relative=0x0000000000000094
Event: 2.612 Thread 0x00000260d258e440 Uncommon trap: reason=unstable_if action=reinterpret pc=0x00000260de522314 method=java.util.HashMap.hash(Ljava/lang/Object;)I @ 1 c2
Event: 2.612 Thread 0x00000260d258e440 DEOPT PACKING pc=0x00000260de522314 sp=0x00000096c1bfe170
Event: 2.612 Thread 0x00000260d258e440 DEOPT UNPACKING pc=0x00000260ddf866a3 sp=0x00000096c1bfe108 mode 2

Classes unloaded (0 events):
No events

Classes redefined (0 events):
No events

Internal exceptions (17 events):
Event: 0.382 Thread 0x00000260d258e440 Exception <a 'java/lang/NoSuchMethodError'{0x00000000eacb27b0}: 'void java.lang.invoke.DirectMethodHandle$Holder.invokeStatic(java.lang.Object, java.lang.Object, java.lang.Object)'> (0x00000000eacb27b0) 
thrown [s\src\hotspot\share\interpreter\linkResolver.cpp, line 759]
Event: 1.016 Thread 0x00000260d258e440 Exception <a 'java/lang/reflect/InvocationTargetException'{0x00000000eafe2db8}> (0x00000000eafe2db8) 
thrown [s\src\hotspot\share\runtime\reflection.cpp, line 1121]
Event: 1.762 Thread 0x00000260d258e440 Exception <a 'java/lang/ClassNotFoundException'{0x00000000eb856f68}: sun/net/www/protocol/c/Handler> (0x00000000eb856f68) 
thrown [s\src\hotspot\share\classfile\systemDictionary.cpp, line 256]
Event: 1.768 Thread 0x00000260d258e440 Exception <a 'java/io/FileNotFoundException'{0x00000000eb871d30}> (0x00000000eb871d30) 
thrown [s\src\hotspot\share\prims\jni.cpp, line 516]
Event: 1.768 Thread 0x00000260d258e440 Exception <a 'java/io/FileNotFoundException'{0x00000000eb872a00}> (0x00000000eb872a00) 
thrown [s\src\hotspot\share\prims\jni.cpp, line 516]
Event: 1.769 Thread 0x00000260d258e440 Exception <a 'java/io/FileNotFoundException'{0x00000000eb8736b0}> (0x00000000eb8736b0) 
thrown [s\src\hotspot\share\prims\jni.cpp, line 516]
Event: 1.769 Thread 0x00000260d258e440 Exception <a 'java/io/FileNotFoundException'{0x00000000eb874358}> (0x00000000eb874358) 
thrown [s\src\hotspot\share\prims\jni.cpp, line 516]
Event: 1.799 Thread 0x00000260d258e440 Implicit null exception at 0x00000260de4f45f2 to 0x00000260de4f4ae4
Event: 1.810 Thread 0x00000260d258e440 Exception <a 'java/io/FileNotFoundException'{0x00000000eb8ad3e0}> (0x00000000eb8ad3e0) 
thrown [s\src\hotspot\share\prims\jni.cpp, line 516]
Event: 2.418 Thread 0x00000260d258e440 Exception <a 'java/lang/ClassNotFoundException'{0x00000000ec0b1df0}: sun/net/www/protocol/c/Handler> (0x00000000ec0b1df0) 
thrown [s\src\hotspot\share\classfile\systemDictionary.cpp, line 256]
Event: 2.421 Thread 0x00000260d258e440 Exception <a 'java/lang/ClassNotFoundException'{0x00000000ec0b3140}: sun/net/www/protocol/e/Handler> (0x00000000ec0b3140) 
thrown [s\src\hotspot\share\classfile\systemDictionary.cpp, line 256]
Event: 2.422 Thread 0x00000260d258e440 Exception <a 'java/lang/ClassNotFoundException'{0x00000000ec0b42e0}: sun/net/www/protocol/c/Handler> (0x00000000ec0b42e0) 
thrown [s\src\hotspot\share\classfile\systemDictionary.cpp, line 256]
Event: 2.435 Thread 0x00000260d258e440 Exception <a 'java/io/FileNotFoundException'{0x00000000ec0dacd8}> (0x00000000ec0dacd8) 
thrown [s\src\hotspot\share\prims\jni.cpp, line 516]
Event: 2.612 Thread 0x00000260d258e440 Implicit null exception at 0x00000260de50f45b to 0x00000260de50fe28
Event: 2.612 Thread 0x00000260d258e440 Implicit null exception at 0x00000260de51f9ec to 0x00000260de51fbd4
Event: 2.612 Thread 0x00000260d258e440 Implicit null exception at 0x00000260de512991 to 0x00000260de512bc4
Event: 2.612 Thread 0x00000260d258e440 Implicit null exception at 0x00000260de52228f to 0x00000260de522305

VM Operations (10 events):
Event: 0.395 Executing VM operation: HandshakeAllThreads
Event: 0.395 Executing VM operation: HandshakeAllThreads done
Event: 0.671 Executing VM operation: HandshakeAllThreads
Event: 0.671 Executing VM operation: HandshakeAllThreads done
Event: 1.676 Executing VM operation: Cleanup
Event: 1.676 Executing VM operation: Cleanup done
Event: 1.682 Executing VM operation: HandshakeAllThreads
Event: 1.682 Executing VM operation: HandshakeAllThreads done
Event: 1.754 Executing VM operation: HandshakeAllThreads
Event: 1.754 Executing VM operation: HandshakeAllThreads done

Events (20 events):
Event: 2.567 loading class java/util/concurrent/locks/ReentrantReadWriteLock
Event: 2.568 loading class java/util/concurrent/locks/ReadWriteLock
Event: 2.568 loading class java/util/concurrent/locks/ReadWriteLock done
Event: 2.568 loading class java/util/concurrent/locks/ReentrantReadWriteLock done
Event: 2.568 loading class java/util/concurrent/locks/ReentrantReadWriteLock$NonfairSync
Event: 2.568 loading class java/util/concurrent/locks/ReentrantReadWriteLock$Sync
Event: 2.568 loading class java/util/concurrent/locks/ReentrantReadWriteLock$Sync done
Event: 2.568 loading class java/util/concurrent/locks/ReentrantReadWriteLock$NonfairSync done
Event: 2.568 loading class java/util/concurrent/locks/ReentrantReadWriteLock$Sync$ThreadLocalHoldCounter
Event: 2.568 loading class java/util/concurrent/locks/ReentrantReadWriteLock$Sync$ThreadLocalHoldCounter done
Event: 2.568 loading class java/util/concurrent/locks/ReentrantReadWriteLock$ReadLock
Event: 2.569 loading class java/util/concurrent/locks/ReentrantReadWriteLock$ReadLock done
Event: 2.569 loading class java/util/concurrent/locks/ReentrantReadWriteLock$WriteLock
Event: 2.569 loading class java/util/concurrent/locks/ReentrantReadWriteLock$WriteLock done
Event: 2.614 loading class java/net/URLClassLoader$3
Event: 2.614 loading class java/net/URLClassLoader$3 done
Event: 2.614 loading class java/net/URLClassLoader$3$1
Event: 2.614 loading class java/net/URLClassLoader$3$1 done
Event: 2.614 loading class jdk/internal/loader/URLClassPath$FileLoader
Event: 2.614 loading class jdk/internal/loader/URLClassPath$FileLoader done


Dynamic libraries:
0x00007ff745b00000 - 0x00007ff745b0e000 	c:\Users\HP\.vscode\extensions\redhat.java-1.25.0-win32-x64\jre\17.0.9-win32-x86_64\bin\java.exe
0x00007ff9aa410000 - 0x00007ff9aa604000 	C:\WINDOWS\SYSTEM32\ntdll.dll
0x00007ff9a8e50000 - 0x00007ff9a8f0d000 	C:\WINDOWS\System32\KERNEL32.DLL
0x00007ff9a7c50000 - 0x00007ff9a7f17000 	C:\WINDOWS\System32\KERNELBASE.dll
0x00007ff9a7b50000 - 0x00007ff9a7c50000 	C:\WINDOWS\System32\ucrtbase.dll
0x00007ff99b2e0000 - 0x00007ff99b2f7000 	c:\Users\HP\.vscode\extensions\redhat.java-1.25.0-win32-x64\jre\17.0.9-win32-x86_64\bin\jli.dll
0x00007ff9a8c80000 - 0x00007ff9a8e20000 	C:\WINDOWS\System32\USER32.dll
0x00007ff9a83a0000 - 0x00007ff9a83c2000 	C:\WINDOWS\System32\win32u.dll
0x00007ff9a8e20000 - 0x00007ff9a8e4a000 	C:\WINDOWS\System32\GDI32.dll
0x00007ff9a8290000 - 0x00007ff9a839a000 	C:\WINDOWS\System32\gdi32full.dll
0x00007ff9a83d0000 - 0x00007ff9a846d000 	C:\WINDOWS\System32\msvcp_win.dll
0x00007ff992e00000 - 0x00007ff992e1b000 	c:\Users\HP\.vscode\extensions\redhat.java-1.25.0-win32-x64\jre\17.0.9-win32-x86_64\bin\VCRUNTIME140.dll
0x00007ff98fa70000 - 0x00007ff98fd0a000 	C:\WINDOWS\WinSxS\amd64_microsoft.windows.common-controls_6595b64144ccf1df_6.0.19041.1_none_b555e41d4684ddec\COMCTL32.dll
0x00007ff9a9f20000 - 0x00007ff9a9fbe000 	C:\WINDOWS\System32\msvcrt.dll
0x00007ff9aa160000 - 0x00007ff9aa190000 	C:\WINDOWS\System32\IMM32.DLL
0x00007ff9a2e10000 - 0x00007ff9a2e1c000 	c:\Users\HP\.vscode\extensions\redhat.java-1.25.0-win32-x64\jre\17.0.9-win32-x86_64\bin\vcruntime140_1.dll
0x00007ff986b30000 - 0x00007ff986bbd000 	c:\Users\HP\.vscode\extensions\redhat.java-1.25.0-win32-x64\jre\17.0.9-win32-x86_64\bin\msvcp140.dll
0x00007ff967cd0000 - 0x00007ff968931000 	c:\Users\HP\.vscode\extensions\redhat.java-1.25.0-win32-x64\jre\17.0.9-win32-x86_64\bin\server\jvm.dll
0x00007ff9a8f10000 - 0x00007ff9a8fba000 	C:\WINDOWS\System32\ADVAPI32.dll
0x00007ff9a9d10000 - 0x00007ff9a9dab000 	C:\WINDOWS\System32\sechost.dll
0x00007ff9a9fc0000 - 0x00007ff9aa0e3000 	C:\WINDOWS\System32\RPCRT4.dll
0x00007ff9a7160000 - 0x00007ff9a71ab000 	C:\WINDOWS\SYSTEM32\POWRPROF.dll
0x00007ff9a1aa0000 - 0x00007ff9a1aa9000 	C:\WINDOWS\SYSTEM32\WSOCK32.dll
0x00007ff9a8c10000 - 0x00007ff9a8c7b000 	C:\WINDOWS\System32\WS2_32.dll
0x00007ff99f890000 - 0x00007ff99f8b7000 	C:\WINDOWS\SYSTEM32\WINMM.dll
0x00007ff999bb0000 - 0x00007ff999bba000 	C:\WINDOWS\SYSTEM32\VERSION.dll
0x00007ff9a6fd0000 - 0x00007ff9a6fe2000 	C:\WINDOWS\SYSTEM32\UMPDC.dll
0x00007ff9a5ae0000 - 0x00007ff9a5af3000 	C:\WINDOWS\SYSTEM32\kernel.appcore.dll
0x00007ff99b370000 - 0x00007ff99b37a000 	c:\Users\HP\.vscode\extensions\redhat.java-1.25.0-win32-x64\jre\17.0.9-win32-x86_64\bin\jimage.dll
0x00007ff998610000 - 0x00007ff9987f4000 	C:\WINDOWS\SYSTEM32\DBGHELP.DLL
0x00007ff999b80000 - 0x00007ff999bac000 	C:\WINDOWS\SYSTEM32\dbgcore.DLL
0x00007ff9a8030000 - 0x00007ff9a80af000 	C:\WINDOWS\System32\bcryptPrimitives.dll
0x00007ff999de0000 - 0x00007ff999dee000 	c:\Users\HP\.vscode\extensions\redhat.java-1.25.0-win32-x64\jre\17.0.9-win32-x86_64\bin\instrument.dll
0x00007ff987d20000 - 0x00007ff987d45000 	c:\Users\HP\.vscode\extensions\redhat.java-1.25.0-win32-x64\jre\17.0.9-win32-x86_64\bin\java.dll
0x00007ff991cb0000 - 0x00007ff991cc8000 	c:\Users\HP\.vscode\extensions\redhat.java-1.25.0-win32-x64\jre\17.0.9-win32-x86_64\bin\zip.dll
0x00007ff9a84d0000 - 0x00007ff9a8c01000 	C:\WINDOWS\System32\SHELL32.dll
0x00007ff9a5ce0000 - 0x00007ff9a646a000 	C:\WINDOWS\SYSTEM32\windows.storage.dll
0x00007ff9a8fc0000 - 0x00007ff9a9314000 	C:\WINDOWS\System32\combase.dll
0x00007ff9a75d0000 - 0x00007ff9a75fb000 	C:\WINDOWS\SYSTEM32\Wldp.dll
0x00007ff9a9430000 - 0x00007ff9a94de000 	C:\WINDOWS\System32\SHCORE.dll
0x00007ff9a8470000 - 0x00007ff9a84c5000 	C:\WINDOWS\System32\shlwapi.dll
0x00007ff9a7a90000 - 0x00007ff9a7aaf000 	C:\WINDOWS\SYSTEM32\profapi.dll
0x00007ff9906d0000 - 0x00007ff9906e9000 	C:\Users\HP\.vscode\extensions\redhat.java-1.25.0-win32-x64\jre\17.0.9-win32-x86_64\bin\net.dll
0x00007ff99f2e0000 - 0x00007ff99f3e2000 	C:\WINDOWS\SYSTEM32\WINHTTP.dll
0x00007ff9a7350000 - 0x00007ff9a73ba000 	C:\WINDOWS\system32\mswsock.dll
0x00007ff986b10000 - 0x00007ff986b26000 	C:\Users\HP\.vscode\extensions\redhat.java-1.25.0-win32-x64\jre\17.0.9-win32-x86_64\bin\nio.dll
0x00007ff986b00000 - 0x00007ff986b10000 	c:\Users\HP\.vscode\extensions\redhat.java-1.25.0-win32-x64\jre\17.0.9-win32-x86_64\bin\verify.dll

dbghelp: loaded successfully - version: 4.0.5 - missing functions: none
symbol engine: initialized successfully - sym options: 0x614 - pdb path: .;c:\Users\HP\.vscode\extensions\redhat.java-1.25.0-win32-x64\jre\17.0.9-win32-x86_64\bin;C:\WINDOWS\SYSTEM32;C:\WINDOWS\WinSxS\amd64_microsoft.windows.common-controls_6595b64144ccf1df_6.0.19041.1_none_b555e41d4684ddec;c:\Users\HP\.vscode\extensions\redhat.java-1.25.0-win32-x64\jre\17.0.9-win32-x86_64\bin\server

VM Arguments:
jvm_args: --add-modules=ALL-SYSTEM --add-opens=java.base/java.util=ALL-UNNAMED --add-opens=java.base/java.lang=ALL-UNNAMED --add-opens=java.base/sun.nio.fs=ALL-UNNAMED -Declipse.application=org.eclipse.jdt.ls.core.id1 -Dosgi.bundles.defaultStartLevel=4 -Declipse.product=org.eclipse.jdt.ls.core.product -Djava.import.generatesMetadataFilesAtProjectRoot=false -DDetectVMInstallationsJob.disabled=true -Dfile.encoding=utf8 -XX:+UseParallelGC -XX:GCTimeRatio=4 -XX:AdaptiveSizePolicyWeight=90 -Dsun.zip.disableMemoryMapping=true -Xmx1G -Xms100m -Xlog:disable -javaagent:c:\Users\HP\.vscode\extensions\redhat.java-1.25.0-win32-x64\lombok\lombok-1.18.30.jar -XX:+HeapDumpOnOutOfMemoryError -XX:HeapDumpPath=c:\Users\HP\AppData\Roaming\Code\User\workspaceStorage\7145003809ee5229b52fc69e90d06eaa\redhat.java -Daether.dependencyCollector.impl=bf 
java_command: c:\Users\HP\.vscode\extensions\redhat.java-1.25.0-win32-x64\server\plugins\org.eclipse.equinox.launcher_1.6.600.v20231012-1237.jar -configuration c:\Users\HP\AppData\Roaming\Code\User\globalStorage\redhat.java\1.25.0\config_win -data c:\Users\HP\AppData\Roaming\Code\User\workspaceStorage\7145003809ee5229b52fc69e90d06eaa\redhat.java\jdt_ws --stdio
java_class_path (initial): c:\Users\HP\.vscode\extensions\redhat.java-1.25.0-win32-x64\server\plugins\org.eclipse.equinox.launcher_1.6.600.v20231012-1237.jar
Launcher Type: SUN_STANDARD

[Global flags]
    uintx AdaptiveSizePolicyWeight                 = 90                                        {product} {command line}
     intx CICompilerCount                          = 3                                         {product} {ergonomic}
    uintx GCTimeRatio                              = 4                                         {product} {command line}
     bool HeapDumpOnOutOfMemoryError               = true                                   {manageable} {command line}
    ccstr HeapDumpPath                             = c:\Users\HP\AppData\Roaming\Code\User\workspaceStorage\7145003809ee5229b52fc69e90d06eaa\redhat.java         {manageable} {command line}
   size_t InitialHeapSize                          = 104857600                                 {product} {command line}
   size_t MaxHeapSize                              = 1073741824                                {product} {command line}
   size_t MaxNewSize                               = 357564416                                 {product} {ergonomic}
   size_t MinHeapDeltaBytes                        = 524288                                    {product} {ergonomic}
   size_t MinHeapSize                              = 104857600                                 {product} {command line}
   size_t NewSize                                  = 34603008                                  {product} {ergonomic}
    uintx NonNMethodCodeHeapSize                   = 5832780                                {pd product} {ergonomic}
    uintx NonProfiledCodeHeapSize                  = 122912730                              {pd product} {ergonomic}
   size_t OldSize                                  = 70254592                                  {product} {ergonomic}
    uintx ProfiledCodeHeapSize                     = 122912730                              {pd product} {ergonomic}
    uintx ReservedCodeCacheSize                    = 251658240                              {pd product} {ergonomic}
     bool SegmentedCodeCache                       = true                                      {product} {ergonomic}
   size_t SoftMaxHeapSize                          = 1073741824                             {manageable} {ergonomic}
     bool UseCompressedClassPointers               = true                           {product lp64_product} {ergonomic}
     bool UseCompressedOops                        = true                           {product lp64_product} {ergonomic}
     bool UseLargePagesIndividualAllocation        = false                                  {pd product} {ergonomic}
     bool UseParallelGC                            = true                                      {product} {command line}

Logging:
Log output configuration:
 #0: stdout all=off uptime,level,tags
 #1: stderr all=off uptime,level,tags

Environment Variables:
JAVA_HOME=C:\Program Files\Java\jdk1.8.0_45
CLASSPATH=%CLASSPATH%;%JUNIT_HOME%\junit-4.13.2.jar;hamcrest-core-1.3.jar;;E:\kiemthunangcao\junit\junit-4.13.2.jar;hamcrest-core-1.3.jar;;E:\kiemthunangcao\junit\junit-4.13.2.jar;hamcrest-core-1.3.jar;
PATH=C:\ProgramData\Oracle\Java\javapath;C:\Program Files (x86)\Common Files\Oracle\Java\javapath;C:\WINDOWS\system32;C:\WINDOWS;C:\WINDOWS\System32\Wbem;C:\WINDOWS\System32\WindowsPowerShell\v1.0\;C:\Users\HP\Downloads\winlibs-x86_64-posix-seh-gcc-11.2.0-llvm-12.0.1-mingw-w64-9.0.0-r1\mingw64\bin;C:\WINDOWS\System32\OpenSSH\;C:\Program Files\Broadcom\Broadcom 802.11\Driver;C:\Program Files\Azure Data Studio\bin;C:\Program Files\Java\jdk1.8.0_45;C:\Program Files\Java\jdbc\sqljdbc42.jar;d:\Program Files(x86)\100\Tools\Binn\;d:\Program Files\100\Tools\Binn\;d:\Program Files\100\DTS\Binn\;C:\Program Files (x86)\Microsoft SQL Server\100\Tools\Binn\;C:\Program Files (x86)\Microsoft SQL Server\100\Tools\Binn\VSShell\Common7\IDE\;C:\Program Files (x86)\Microsoft SQL Server\100\DTS\Binn\;C:\Program Files (x86)\Microsoft SQL Server\110\Tools\Binn\;C:\Program Files (x86)\Microsoft SQL Server\110\DTS\Binn\;C:\Program Files\nodejs\;C:\Program Files (x86)\Microsoft SQL Server\160\Tools\Binn\;C:\Program Files\Microsoft SQL Server\160\Tools\Binn\;C:\Program Files\Microsoft SQL Server\Client SDK\ODBC\170\Tools\Binn\;C:\Program Files\Microsoft SQL Server\160\DTS\Binn\;C:\Program Files (x86)\Microsoft SQL Server\160\DTS\Binn\;C:\Program Files\Java\jdk1.8.0_45\bin;E:\vs\Git\cmd;C:\Users\HP\AppData\Local\Microsoft\WindowsApps;C:\Users\HP\Downloads\winlibs-x86_64-posix-seh-gcc-11.2.0-llvm-12.0.1-mingw-w64-9.0.0-r1\mingw64\bin;;C:\Program Files\Azure Data Studio\bin;E:\vs\Microsoft VS Code\bin;C:\Users\HP\AppData\Roaming\npm
USERNAME=HP
OS=Windows_NT
PROCESSOR_IDENTIFIER=Intel64 Family 6 Model 58 Stepping 9, GenuineIntel
TMP=C:\Users\HP\AppData\Local\Temp
TEMP=D:\



Periodic native trim disabled


---------------  S Y S T E M  ---------------

OS:
 Windows 10 , 64 bit Build 19041 (10.0.19041.1)
OS uptime: 0 days 1:09 hours

CPU: total 4 (initial active 4) (2 cores per cpu, 2 threads per core) family 6 model 58 stepping 9 microcode 0x21, cx8, cmov, fxsr, ht, mmx, sse, sse2, sse3, ssse3, sse4.1, sse4.2, popcnt, tsc, tscinvbit, avx, aes, erms, clmul, vzeroupper, clflush
Processor Information for all 4 processors :
  Max Mhz: 2401, Current Mhz: 2401, Mhz Limit: 2401

Memory: 4k page, system-wide physical 3959M (876M free)
TotalPageFile size 4137M (AvailPageFile size 0M)
current process WorkingSet (physical memory assigned to process): 69M, peak: 69M
current process commit charge ("private bytes"): 185M, peak: 185M

vm_info: OpenJDK 64-Bit Server VM (17.0.9+9) for windows-amd64 JRE (17.0.9+9), built on Oct 26 2023 14:01:42 by "admin" with MS VC++ 16.10 / 16.11 (VS2019)

END.
