#
# There is insufficient memory for the Java Runtime Environment to continue.
# Native memory allocation (mmap) failed to map 65536 bytes for Failed to commit metaspace.
# Possible reasons:
#   The system is out of physical RAM or swap space
#   The process is running with CompressedOops enabled, and the Java Heap may be blocking the growth of the native heap
# Possible solutions:
#   Reduce memory load on the system
#   Increase physical memory or swap space
#   Check if swap backing store is full
#   Decrease Java heap size (-Xmx/-Xms)
#   Decrease number of Java threads
#   Decrease Java thread stack sizes (-Xss)
#   Set larger code cache with -XX:ReservedCodeCacheSize=
#   JVM is running with Unscaled Compressed Oops mode in which the Java heap is
#     placed in the first 4GB address space. The Java Heap base address is the
#     maximum limit for the native heap growth. Please use -XX:HeapBaseMinAddress
#     to set the Java Heap base and to place the Java Heap above 4GB virtual address.
# This output file may be truncated or incomplete.
#
#  Out of Memory Error (virtualSpaceNode.cpp:110), pid=10080, tid=10828
#
# JRE version: OpenJDK Runtime Environment Temurin-17.0.9+9 (17.0.9+9) (build 17.0.9+9)
# Java VM: OpenJDK 64-Bit Server VM Temurin-17.0.9+9 (17.0.9+9, mixed mode, tiered, compressed oops, compressed class ptrs, parallel gc, windows-amd64)
# No core dump will be written. Minidumps are not enabled by default on client versions of Windows
#

---------------  S U M M A R Y ------------

Command Line: --add-modules=ALL-SYSTEM --add-opens=java.base/java.util=ALL-UNNAMED --add-opens=java.base/java.lang=ALL-UNNAMED --add-opens=java.base/sun.nio.fs=ALL-UNNAMED -Declipse.application=org.eclipse.jdt.ls.core.id1 -Dosgi.bundles.defaultStartLevel=4 -Declipse.product=org.eclipse.jdt.ls.core.product -Djava.import.generatesMetadataFilesAtProjectRoot=false -DDetectVMInstallationsJob.disabled=true -Dfile.encoding=utf8 -XX:+UseParallelGC -XX:GCTimeRatio=4 -XX:AdaptiveSizePolicyWeight=90 -Dsun.zip.disableMemoryMapping=true -Xmx1G -Xms100m -Xlog:disable -javaagent:c:\Users\HP\.vscode\extensions\redhat.java-1.25.0-win32-x64\lombok\lombok-1.18.30.jar c:\Users\HP\.vscode\extensions\redhat.java-1.25.0-win32-x64\server\plugins\org.eclipse.equinox.launcher_1.6.600.v20231012-1237.jar -configuration c:\Users\HP\AppData\Roaming\Code\User\globalStorage\redhat.java\1.25.0\config_ss_win -data c:\Users\HP\AppData\Roaming\Code\User\workspaceStorage\7145003809ee5229b52fc69e90d06eaa\redhat.java\ss_ws --stdio

Host: Intel(R) Core(TM) i5-3437U CPU @ 1.90GHz, 4 cores, 3G,  Windows 10 , 64 bit Build 19041 (10.0.19041.1)
Time: Fri Dec  1 16:25:16 2023 SE Asia Standard Time elapsed time: 2.715041 seconds (0d 0h 0m 2s)

---------------  T H R E A D  ---------------

Current thread (0x00000245a3d17770):  JavaThread "main" [_thread_in_vm, id=10828, stack(0x000000ee7cc00000,0x000000ee7cd00000)]

Stack: [0x000000ee7cc00000,0x000000ee7cd00000]
Native frames: (J=compiled Java code, j=interpreted, Vv=VM code, C=native code)
V  [jvm.dll+0x67cf49]
V  [jvm.dll+0x83478a]
V  [jvm.dll+0x83624e]
V  [jvm.dll+0x8368b3]
V  [jvm.dll+0x247f1f]
V  [jvm.dll+0x83044b]
V  [jvm.dll+0x621776]
V  [jvm.dll+0x1c1fee]
V  [jvm.dll+0x6240d1]
V  [jvm.dll+0x622116]
V  [jvm.dll+0x36f2e2]
V  [jvm.dll+0x1e3c8b]
V  [jvm.dll+0x543087]
V  [jvm.dll+0x1f2e27]
V  [jvm.dll+0x7adb8b]
V  [jvm.dll+0x7aef5c]
V  [jvm.dll+0x7af7d3]
V  [jvm.dll+0x1ea786]
V  [jvm.dll+0x1ecf0c]
V  [jvm.dll+0x1e23d1]
V  [jvm.dll+0x54305e]
V  [jvm.dll+0x1f2e27]
V  [jvm.dll+0x7adb8b]
V  [jvm.dll+0x7aef5c]
V  [jvm.dll+0x7af2a8]
V  [jvm.dll+0x2401ee]
V  [jvm.dll+0x382e4e]
C  0x00000245af71ad9b

The last pc belongs to new (printed below).
Java frames: (J=compiled Java code, j=interpreted, Vv=VM code)
j  java.util.concurrent.locks.ReentrantLock$Sync.newCondition()Ljava/util/concurrent/locks/AbstractQueuedSynchronizer$ConditionObject;+0 java.base@17.0.9
j  java.util.concurrent.locks.ReentrantLock.newCondition()Ljava/util/concurrent/locks/Condition;+4 java.base@17.0.9
j  org.eclipse.osgi.storage.bundlefile.MRUBundleFileList.<init>(ILorg/eclipse/osgi/internal/debug/Debug;)V+40
j  org.eclipse.osgi.storage.Storage.<init>(Lorg/eclipse/osgi/internal/framework/EquinoxContainer;[Ljava/lang/String;)V+227
j  org.eclipse.osgi.storage.Storage.createStorage(Lorg/eclipse/osgi/internal/framework/EquinoxContainer;)Lorg/eclipse/osgi/storage/Storage;+11
j  org.eclipse.osgi.internal.framework.EquinoxContainer.<init>(Ljava/util/Map;Lorg/osgi/framework/connect/ModuleConnector;)V+145
j  org.eclipse.osgi.launch.Equinox.<init>(Ljava/util/Map;Lorg/osgi/framework/connect/ModuleConnector;)V+10
j  org.eclipse.osgi.launch.Equinox.<init>(Ljava/util/Map;)V+3
j  org.eclipse.core.runtime.adaptor.EclipseStarter.startup([Ljava/lang/String;Ljava/lang/Runnable;)Lorg/osgi/framework/BundleContext;+28
j  org.eclipse.core.runtime.adaptor.EclipseStarter.run([Ljava/lang/String;Ljava/lang/Runnable;)Ljava/lang/Object;+21
v  ~StubRoutines::call_stub
j  jdk.internal.reflect.NativeMethodAccessorImpl.invoke0(Ljava/lang/reflect/Method;Ljava/lang/Object;[Ljava/lang/Object;)Ljava/lang/Object;+0 java.base@17.0.9
j  jdk.internal.reflect.NativeMethodAccessorImpl.invoke(Ljava/lang/Object;[Ljava/lang/Object;)Ljava/lang/Object;+133 java.base@17.0.9
j  jdk.internal.reflect.DelegatingMethodAccessorImpl.invoke(Ljava/lang/Object;[Ljava/lang/Object;)Ljava/lang/Object;+6 java.base@17.0.9
j  java.lang.reflect.Method.invoke(Ljava/lang/Object;[Ljava/lang/Object;)Ljava/lang/Object;+59 java.base@17.0.9
j  org.eclipse.equinox.launcher.Main.invokeFramework([Ljava/lang/String;[Ljava/net/URL;)V+201
j  org.eclipse.equinox.launcher.Main.basicRun([Ljava/lang/String;)V+159
j  org.eclipse.equinox.launcher.Main.run([Ljava/lang/String;)I+4
j  org.eclipse.equinox.launcher.Main.main([Ljava/lang/String;)V+10
v  ~StubRoutines::call_stub
new  187 new  [0x00000245af71ac00, 0x00000245af71ae20]  544 bytes
[MachCode]
  0x00000245af71ac00: 4883 ec08 | c5fa 1104 | 24eb 1f48 | 83ec 10c5 | fb11 0424 | eb14 4883 | ec10 4889 | 0424 48c7 
  0x00000245af71ac20: 4424 0800 | 0000 00eb | 0150 410f | b755 010f | cac1 ea10 | 488b 4de8 | 488b 4908 | 488b 4908 
  0x00000245af71ac40: 488b 4108 | 807c 1004 | 070f 85d6 | 0000 0066 | 8b54 d148 | 488b 4928 | 488b 4cd1 | 0851 80b9 
  0x00000245af71ac60: 3301 0000 | 040f 85b9 | 0000 008b | 5108 f7c2 | 0100 0000 | 0f85 aa00 | 0000 498b | 8708 0100 
  0x00000245af71ac80: 0048 8d1c | 1049 3b9f | 1801 0000 | 0f87 9200 | 0000 4989 | 9f08 0100 | 00e9 0000 | 0000 4883 
  0x00000245af71aca0: ea10 0f84 | 0f00 0000 | 33c9 c1ea | 0348 894c | d008 48ff | ca75 f648 | c700 0100 | 0000 5933 
  0x00000245af71acc0: f689 700c | 48c1 e903 | 8948 0849 | ba2f 3570 | 79f9 7f00 | 0041 803a | 000f 8440 | 0000 0050 
  0x00000245af71ace0: 488b c848 | 83ec 20f7 | c40f 0000 | 000f 841a | 0000 0048 | 83ec 0849 | bae0 2b26 | 79f9 7f00 
  0x00000245af71ad00: 0041 ffd2 | 4883 c408 | e90d 0000 | 0049 bae0 | 2b26 79f9 | 7f00 0041 | ffd2 4883 | c420 58e9 
  0x00000245af71ad20: cd00 0000 | 5948 8b55 | e848 8b52 | 0848 8b52 | 0845 0fb7 | 4501 410f | c841 c1e8 | 10e8 0500 
  0x00000245af71ad40: 0000 e9aa | 0000 0048 | 8d44 2408 | 4c89 6dc0 | 498b cfc5 | f877 4989 | afa8 0200 | 0049 8987 
  0x00000245af71ad60: 9802 0000 | 4883 ec20 | f7c4 0f00 | 0000 0f84 | 1a00 0000 | 4883 ec08 | 49ba 002e | f078 f97f 
  0x00000245af71ad80: 0000 41ff | d248 83c4 | 08e9 0d00 | 0000 49ba | 002e f078 | f97f 0000 | 41ff d248 | 83c4 2049 
  0x00000245af71ada0: c787 9802 | 0000 0000 | 0000 49c7 | 87a8 0200 | 0000 0000 | 0049 c787 | a002 0000 | 0000 0000 
  0x00000245af71adc0: c5f8 7749 | 817f 0800 | 0000 000f | 8405 0000 | 00e9 2a61 | feff 498b | 87f0 0200 | 0049 c787 
  0x00000245af71ade0: f002 0000 | 0000 0000 | 4c8b 6dc0 | 4c8b 75c8 | c341 0fb6 | 5d03 4983 | c503 49ba | 909a 7279 
  0x00000245af71ae00: f97f 0000 | 41ff 24da | 0000 0000 | 0000 0000 | 0000 0000 | 0000 0000 | 0000 0000 | 0000 0000 
[/MachCode]

---------------  P R O C E S S  ---------------

Threads class SMR info:
_java_thread_list=0x00000245bf148460, length=12, elements={
0x00000245a3d17770, 0x00000245a3ddaa20, 0x00000245a3ddb8f0, 0x00000245b9ae3160,
0x00000245b9ae3ef0, 0x00000245b9ae6a90, 0x00000245b9ae88d0, 0x00000245b9ae94d0,
0x00000245beceead0, 0x00000245becf17a0, 0x00000245bee08cb0, 0x00000245bef71140
}

Java Threads: ( => current thread )
=>0x00000245a3d17770 JavaThread "main" [_thread_in_vm, id=10828, stack(0x000000ee7cc00000,0x000000ee7cd00000)]
  0x00000245a3ddaa20 JavaThread "Reference Handler" daemon [_thread_blocked, id=11916, stack(0x000000ee7cf00000,0x000000ee7d000000)]
  0x00000245a3ddb8f0 JavaThread "Finalizer" daemon [_thread_blocked, id=9124, stack(0x000000ee7d000000,0x000000ee7d100000)]
  0x00000245b9ae3160 JavaThread "Signal Dispatcher" daemon [_thread_blocked, id=12064, stack(0x000000ee7d100000,0x000000ee7d200000)]
  0x00000245b9ae3ef0 JavaThread "Attach Listener" daemon [_thread_blocked, id=4216, stack(0x000000ee7d200000,0x000000ee7d300000)]
  0x00000245b9ae6a90 JavaThread "Service Thread" daemon [_thread_blocked, id=8764, stack(0x000000ee7d300000,0x000000ee7d400000)]
  0x00000245b9ae88d0 JavaThread "Monitor Deflation Thread" daemon [_thread_blocked, id=8132, stack(0x000000ee7d400000,0x000000ee7d500000)]
  0x00000245b9ae94d0 JavaThread "C2 CompilerThread0" daemon [_thread_blocked, id=1376, stack(0x000000ee7d500000,0x000000ee7d600000)]
  0x00000245beceead0 JavaThread "C1 CompilerThread0" daemon [_thread_blocked, id=7608, stack(0x000000ee7d600000,0x000000ee7d700000)]
  0x00000245becf17a0 JavaThread "Sweeper thread" daemon [_thread_blocked, id=8664, stack(0x000000ee7d700000,0x000000ee7d800000)]
  0x00000245bee08cb0 JavaThread "Common-Cleaner" daemon [_thread_blocked, id=6160, stack(0x000000ee7d800000,0x000000ee7d900000)]
  0x00000245bef71140 JavaThread "Notification Thread" daemon [_thread_blocked, id=9676, stack(0x000000ee7d900000,0x000000ee7da00000)]

Other Threads:
  0x00000245a3dd1df0 VMThread "VM Thread" [stack: 0x000000ee7ce00000,0x000000ee7cf00000] [id=12176]
  0x00000245bef78de0 WatcherThread [stack: 0x000000ee7da00000,0x000000ee7db00000] [id=11324]
  0x00000245a3d2cf70 GCTaskThread "GC Thread#0" [stack: 0x000000ee7cd00000,0x000000ee7ce00000] [id=7224]

Threads with active compile tasks:

VM state: not at safepoint (normal execution)

VM Mutex/Monitor currently owned by a thread:  ([mutex/lock_event])
[0x00000245a3d14770] Metaspace_lock - owner thread: 0x00000245a3d17770

Heap address: 0x00000000c0000000, size: 1024 MB, Compressed Oops mode: 32-bit

CDS archive(s) not mapped
Compressed class space mapped at: 0x0000000100000000-0x0000000140000000, reserved size: 1073741824
Narrow klass base: 0x0000000000000000, Narrow klass shift: 3, Narrow klass range: 0x140000000

GC Precious Log:
 CPUs: 4 total, 4 available
 Memory: 3959M
 Large Page Support: Disabled
 NUMA Support: Disabled
 Compressed Oops: Enabled (32-bit)
 Alignments: Space 512K, Generation 512K, Heap 2M
 Heap Min Capacity: 100M
 Heap Initial Capacity: 100M
 Heap Max Capacity: 1G
 Pre-touch: Disabled
 Parallel Workers: 4

Heap:
 PSYoungGen      total 29696K, used 24739K [0x00000000eab00000, 0x00000000ecc00000, 0x0000000100000000)
  eden space 25600K, 96% used [0x00000000eab00000,0x00000000ec328c48,0x00000000ec400000)
  from space 4096K, 0% used [0x00000000ec800000,0x00000000ec800000,0x00000000ecc00000)
  to   space 4096K, 0% used [0x00000000ec400000,0x00000000ec400000,0x00000000ec800000)
 ParOldGen       total 68608K, used 0K [0x00000000c0000000, 0x00000000c4300000, 0x00000000eab00000)
  object space 68608K, 0% used [0x00000000c0000000,0x00000000c0000000,0x00000000c4300000)
 Metaspace       used 10805K, committed 10880K, reserved 1114112K
  class space    used 1071K, committed 1088K, reserved 1048576K

Card table byte_map: [0x00000245b73b0000,0x00000245b75c0000] _byte_map_base: 0x00000245b6db0000

Marking Bits: (ParMarkBitMap*) 0x00007ff97971d0b0
 Begin Bits: [0x00000245b7720000, 0x00000245b8720000)
 End Bits:   [0x00000245b8720000, 0x00000245b9720000)

Polling page: 0x00000245a3b40000

Metaspace:

Usage:
  Non-class:      9.51 MB used.
      Class:      1.05 MB used.
       Both:     10.55 MB used.

Virtual space:
  Non-class space:       64.00 MB reserved,       9.56 MB ( 15%) committed,  1 nodes.
      Class space:        1.00 GB reserved,       1.06 MB ( <1%) committed,  1 nodes.
             Both:        1.06 GB reserved,      10.62 MB ( <1%) committed. 

Chunk freelists:
   Non-Class:  6.19 MB
       Class:  14.69 MB
        Both:  20.88 MB

MaxMetaspaceSize: unlimited
CompressedClassSpaceSize: 1.00 GB
Initial GC threshold: 21.00 MB
Current GC threshold: 21.00 MB
CDS: off
MetaspaceReclaimPolicy: balanced
 - commit_granule_bytes: 65536.
 - commit_granule_words: 8192.
 - virtual_space_node_default_size: 8388608.
 - enlarge_chunks_in_place: 1.
 - new_chunks_are_fully_committed: 0.
 - uncommit_free_chunks: 1.
 - use_allocation_guard: 0.
 - handle_deallocations: 1.


Internal statistics:

num_allocs_failed_limit: 0.
num_arena_births: 14.
num_arena_deaths: 0.
num_vsnodes_births: 2.
num_vsnodes_deaths: 0.
num_space_committed: 170.
num_space_uncommitted: 0.
num_chunks_returned_to_freelist: 0.
num_chunks_taken_from_freelist: 85.
num_chunk_merges: 0.
num_chunk_splits: 56.
num_chunks_enlarged: 50.
num_inconsistent_stats: 0.

CodeHeap 'non-profiled nmethods': size=120000Kb used=392Kb max_used=392Kb free=119607Kb
 bounds [0x00000245afca0000, 0x00000245aff10000, 0x00000245b71d0000]
CodeHeap 'profiled nmethods': size=120000Kb used=1565Kb max_used=1565Kb free=118434Kb
 bounds [0x00000245a81d0000, 0x00000245a8440000, 0x00000245af700000]
CodeHeap 'non-nmethods': size=5760Kb used=1137Kb max_used=1173Kb free=4623Kb
 bounds [0x00000245af700000, 0x00000245af970000, 0x00000245afca0000]
 total_blobs=1350 nmethods=920 adapters=345
 compilation: enabled
              stopped_count=0, restarted_count=0
 full_count=0

Compilation events (20 events):
Event: 2.707 Thread 0x00000245beceead0  910       3       java.util.jar.JarFile::getJarEntry (9 bytes)
Event: 2.707 Thread 0x00000245beceead0 nmethod 910 0x00000245a8354f10 code [0x00000245a83550c0, 0x00000245a8355368]
Event: 2.707 Thread 0x00000245beceead0  912       1       java.util.zip.ZipEntry::getCrc (5 bytes)
Event: 2.707 Thread 0x00000245beceead0 nmethod 912 0x00000245afd01a90 code [0x00000245afd01c20, 0x00000245afd01cf8]
Event: 2.708 Thread 0x00000245beceead0  913       3       java.nio.ByteBuffer::position (8 bytes)
Event: 2.708 Thread 0x00000245beceead0 nmethod 913 0x00000245a8355410 code [0x00000245a83555a0, 0x00000245a83556e8]
Event: 2.709 Thread 0x00000245beceead0  914       3       java.io.RandomAccessFile::readFully (45 bytes)
Event: 2.709 Thread 0x00000245beceead0 nmethod 914 0x00000245a8355790 code [0x00000245a8355960, 0x00000245a8355cd8]
Event: 2.709 Thread 0x00000245beceead0  915       1       java.security.MessageDigest::getAlgorithm (5 bytes)
Event: 2.709 Thread 0x00000245beceead0 nmethod 915 0x00000245afd01d90 code [0x00000245afd01f20, 0x00000245afd01ff8]
Event: 2.710 Thread 0x00000245beceead0  916       3       java.lang.System::checkKey (34 bytes)
Event: 2.711 Thread 0x00000245beceead0 nmethod 916 0x00000245a8355e90 code [0x00000245a8356060, 0x00000245a8356418]
Event: 2.711 Thread 0x00000245beceead0  919       3       java.util.jar.Attributes::get (11 bytes)
Event: 2.711 Thread 0x00000245beceead0 nmethod 919 0x00000245a8356590 code [0x00000245a8356740, 0x00000245a8356908]
Event: 2.711 Thread 0x00000245beceead0  918       3       java.util.jar.Attributes::getValue (9 bytes)
Event: 2.711 Thread 0x00000245beceead0 nmethod 918 0x00000245a8356a10 code [0x00000245a8356bc0, 0x00000245a8356ec8]
Event: 2.711 Thread 0x00000245beceead0  917       3       java.net.URL::<init> (8 bytes)
Event: 2.712 Thread 0x00000245beceead0 nmethod 917 0x00000245a8357010 code [0x00000245a83571c0, 0x00000245a8357308]
Event: 2.712 Thread 0x00000245beceead0  920       3       jdk.internal.perf.PerfCounter::addElapsedTimeFrom (10 bytes)
Event: 2.712 Thread 0x00000245beceead0 nmethod 920 0x00000245a8357390 code [0x00000245a8357540, 0x00000245a83576c8]

GC Heap History (0 events):
No events

Dll operation events (8 events):
Event: 0.101 Loaded shared library c:\Users\HP\.vscode\extensions\redhat.java-1.25.0-win32-x64\jre\17.0.9-win32-x86_64\bin\java.dll
Event: 0.459 Loaded shared library c:\Users\HP\.vscode\extensions\redhat.java-1.25.0-win32-x64\jre\17.0.9-win32-x86_64\bin\zip.dll
Event: 0.473 Loaded shared library C:\Users\HP\.vscode\extensions\redhat.java-1.25.0-win32-x64\jre\17.0.9-win32-x86_64\bin\instrument.dll
Event: 0.571 Loaded shared library C:\Users\HP\.vscode\extensions\redhat.java-1.25.0-win32-x64\jre\17.0.9-win32-x86_64\bin\net.dll
Event: 0.641 Loaded shared library C:\Users\HP\.vscode\extensions\redhat.java-1.25.0-win32-x64\jre\17.0.9-win32-x86_64\bin\nio.dll
Event: 0.653 Loaded shared library C:\Users\HP\.vscode\extensions\redhat.java-1.25.0-win32-x64\jre\17.0.9-win32-x86_64\bin\zip.dll
Event: 0.681 Loaded shared library C:\Users\HP\.vscode\extensions\redhat.java-1.25.0-win32-x64\jre\17.0.9-win32-x86_64\bin\jimage.dll
Event: 0.921 Loaded shared library c:\Users\HP\.vscode\extensions\redhat.java-1.25.0-win32-x64\jre\17.0.9-win32-x86_64\bin\verify.dll

Deoptimization events (20 events):
Event: 2.665 Thread 0x00000245a3d17770 Uncommon trap: trap_request=0xffffffde fr.pc=0x00000245afcda668 relative=0x0000000000000508
Event: 2.665 Thread 0x00000245a3d17770 Uncommon trap: reason=class_check action=maybe_recompile pc=0x00000245afcda668 method=java.util.Collections$UnmodifiableCollection$1.<init>(Ljava/util/Collections$UnmodifiableCollection;)V @ 17 c2
Event: 2.665 Thread 0x00000245a3d17770 DEOPT PACKING pc=0x00000245afcda668 sp=0x000000ee7ccfe440
Event: 2.665 Thread 0x00000245a3d17770 DEOPT UNPACKING pc=0x00000245af7566a3 sp=0x000000ee7ccfe388 mode 2
Event: 2.665 Thread 0x00000245a3d17770 Uncommon trap: trap_request=0xffffff45 fr.pc=0x00000245afceeee0 relative=0x0000000000000240
Event: 2.665 Thread 0x00000245a3d17770 Uncommon trap: reason=unstable_if action=reinterpret pc=0x00000245afceeee0 method=java.util.HashMap.hash(Ljava/lang/Object;)I @ 1 c2
Event: 2.665 Thread 0x00000245a3d17770 DEOPT PACKING pc=0x00000245afceeee0 sp=0x000000ee7ccfe3f0
Event: 2.665 Thread 0x00000245a3d17770 DEOPT UNPACKING pc=0x00000245af7566a3 sp=0x000000ee7ccfe288 mode 2
Event: 2.665 Thread 0x00000245a3d17770 Uncommon trap: trap_request=0xffffff45 fr.pc=0x00000245afcee260 relative=0x0000000000000240
Event: 2.665 Thread 0x00000245a3d17770 Uncommon trap: reason=unstable_if action=reinterpret pc=0x00000245afcee260 method=java.util.HashMap.hash(Ljava/lang/Object;)I @ 1 c2
Event: 2.665 Thread 0x00000245a3d17770 DEOPT PACKING pc=0x00000245afcee260 sp=0x000000ee7ccfe490
Event: 2.665 Thread 0x00000245a3d17770 DEOPT UNPACKING pc=0x00000245af7566a3 sp=0x000000ee7ccfe398 mode 2
Event: 2.666 Thread 0x00000245a3d17770 Uncommon trap: trap_request=0xffffffde fr.pc=0x00000245afcda668 relative=0x0000000000000508
Event: 2.666 Thread 0x00000245a3d17770 Uncommon trap: reason=class_check action=maybe_recompile pc=0x00000245afcda668 method=java.util.Collections$UnmodifiableCollection$1.<init>(Ljava/util/Collections$UnmodifiableCollection;)V @ 17 c2
Event: 2.666 Thread 0x00000245a3d17770 DEOPT PACKING pc=0x00000245afcda668 sp=0x000000ee7ccfe440
Event: 2.666 Thread 0x00000245a3d17770 DEOPT UNPACKING pc=0x00000245af7566a3 sp=0x000000ee7ccfe388 mode 2
Event: 2.666 Thread 0x00000245a3d17770 Uncommon trap: trap_request=0xffffff45 fr.pc=0x00000245afcf5214 relative=0x0000000000000094
Event: 2.666 Thread 0x00000245a3d17770 Uncommon trap: reason=unstable_if action=reinterpret pc=0x00000245afcf5214 method=java.util.HashMap.hash(Ljava/lang/Object;)I @ 1 c2
Event: 2.666 Thread 0x00000245a3d17770 DEOPT PACKING pc=0x00000245afcf5214 sp=0x000000ee7ccfe2f0
Event: 2.666 Thread 0x00000245a3d17770 DEOPT UNPACKING pc=0x00000245af7566a3 sp=0x000000ee7ccfe288 mode 2

Classes unloaded (0 events):
No events

Classes redefined (0 events):
No events

Internal exceptions (18 events):
Event: 0.413 Thread 0x00000245a3d17770 Exception <a 'java/lang/NoSuchMethodError'{0x00000000eacb26c0}: 'void java.lang.invoke.DirectMethodHandle$Holder.invokeStatic(java.lang.Object, java.lang.Object, java.lang.Object)'> (0x00000000eacb26c0) 
thrown [s\src\hotspot\share\interpreter\linkResolver.cpp, line 759]
Event: 0.963 Thread 0x00000245a3d17770 Exception <a 'java/lang/reflect/InvocationTargetException'{0x00000000eafd1740}> (0x00000000eafd1740) 
thrown [s\src\hotspot\share\runtime\reflection.cpp, line 1121]
Event: 1.663 Thread 0x00000245a3d17770 Exception <a 'java/lang/ClassNotFoundException'{0x00000000eb847a30}: sun/net/www/protocol/c/Handler> (0x00000000eb847a30) 
thrown [s\src\hotspot\share\classfile\systemDictionary.cpp, line 256]
Event: 1.729 Thread 0x00000245a3d17770 Exception <a 'java/io/FileNotFoundException'{0x00000000eb85b7c0}> (0x00000000eb85b7c0) 
thrown [s\src\hotspot\share\prims\jni.cpp, line 516]
Event: 1.730 Thread 0x00000245a3d17770 Exception <a 'java/io/FileNotFoundException'{0x00000000eb85c490}> (0x00000000eb85c490) 
thrown [s\src\hotspot\share\prims\jni.cpp, line 516]
Event: 1.731 Thread 0x00000245a3d17770 Exception <a 'java/io/FileNotFoundException'{0x00000000eb85d140}> (0x00000000eb85d140) 
thrown [s\src\hotspot\share\prims\jni.cpp, line 516]
Event: 1.731 Thread 0x00000245a3d17770 Exception <a 'java/io/FileNotFoundException'{0x00000000eb85dde8}> (0x00000000eb85dde8) 
thrown [s\src\hotspot\share\prims\jni.cpp, line 516]
Event: 1.737 Thread 0x00000245a3d17770 Implicit null exception at 0x00000245afcc33f2 to 0x00000245afcc38e4
Event: 1.737 Thread 0x00000245a3d17770 Implicit null exception at 0x00000245afcc3f72 to 0x00000245afcc447c
Event: 1.742 Thread 0x00000245a3d17770 Exception <a 'java/io/FileNotFoundException'{0x00000000eb896c30}> (0x00000000eb896c30) 
thrown [s\src\hotspot\share\prims\jni.cpp, line 516]
Event: 2.588 Thread 0x00000245a3d17770 Exception <a 'java/lang/ClassNotFoundException'{0x00000000ec09a250}: sun/net/www/protocol/c/Handler> (0x00000000ec09a250) 
thrown [s\src\hotspot\share\classfile\systemDictionary.cpp, line 256]
Event: 2.589 Thread 0x00000245a3d17770 Exception <a 'java/lang/ClassNotFoundException'{0x00000000ec09b5a0}: sun/net/www/protocol/e/Handler> (0x00000000ec09b5a0) 
thrown [s\src\hotspot\share\classfile\systemDictionary.cpp, line 256]
Event: 2.589 Thread 0x00000245a3d17770 Exception <a 'java/lang/ClassNotFoundException'{0x00000000ec09c740}: sun/net/www/protocol/c/Handler> (0x00000000ec09c740) 
thrown [s\src\hotspot\share\classfile\systemDictionary.cpp, line 256]
Event: 2.607 Thread 0x00000245a3d17770 Exception <a 'java/io/FileNotFoundException'{0x00000000ec0bb538}> (0x00000000ec0bb538) 
thrown [s\src\hotspot\share\prims\jni.cpp, line 516]
Event: 2.665 Thread 0x00000245a3d17770 Implicit null exception at 0x00000245afcfccfb to 0x00000245afcfd714
Event: 2.665 Thread 0x00000245a3d17770 Implicit null exception at 0x00000245afceecec to 0x00000245afceeec8
Event: 2.665 Thread 0x00000245a3d17770 Implicit null exception at 0x00000245afcee06c to 0x00000245afcee248
Event: 2.666 Thread 0x00000245a3d17770 Implicit null exception at 0x00000245afcf518f to 0x00000245afcf5205

VM Operations (12 events):
Event: 0.422 Executing VM operation: HandshakeAllThreads
Event: 0.423 Executing VM operation: HandshakeAllThreads done
Event: 0.746 Executing VM operation: HandshakeAllThreads
Event: 0.746 Executing VM operation: HandshakeAllThreads done
Event: 1.609 Executing VM operation: HandshakeAllThreads
Event: 1.609 Executing VM operation: HandshakeAllThreads done
Event: 1.609 Executing VM operation: Cleanup
Event: 1.609 Executing VM operation: Cleanup done
Event: 1.655 Executing VM operation: HandshakeAllThreads
Event: 1.655 Executing VM operation: HandshakeAllThreads done
Event: 2.537 Executing VM operation: HandshakeAllThreads
Event: 2.537 Executing VM operation: HandshakeAllThreads done

Events (20 events):
Event: 2.642 loading class java/util/concurrent/locks/ReentrantReadWriteLock$Sync
Event: 2.643 loading class java/util/concurrent/locks/ReentrantReadWriteLock$Sync done
Event: 2.643 loading class java/util/concurrent/locks/ReentrantReadWriteLock$NonfairSync done
Event: 2.643 loading class java/util/concurrent/locks/ReentrantReadWriteLock$Sync$ThreadLocalHoldCounter
Event: 2.643 loading class java/util/concurrent/locks/ReentrantReadWriteLock$Sync$ThreadLocalHoldCounter done
Event: 2.643 loading class java/util/concurrent/locks/ReentrantReadWriteLock$ReadLock
Event: 2.643 loading class java/util/concurrent/locks/ReentrantReadWriteLock$ReadLock done
Event: 2.643 loading class java/util/concurrent/locks/ReentrantReadWriteLock$WriteLock
Event: 2.643 loading class java/util/concurrent/locks/ReentrantReadWriteLock$WriteLock done
Event: 2.643 Thread 0x00000245bf3a6990 Thread exited: 0x00000245bf3a6990
Event: 2.667 loading class java/net/URLClassLoader$3
Event: 2.667 loading class java/net/URLClassLoader$3 done
Event: 2.667 loading class java/net/URLClassLoader$3$1
Event: 2.668 loading class java/net/URLClassLoader$3$1 done
Event: 2.668 loading class jdk/internal/loader/URLClassPath$FileLoader
Event: 2.668 loading class jdk/internal/loader/URLClassPath$FileLoader done
Event: 2.700 loading class java/lang/NoSuchFieldError
Event: 2.700 loading class java/lang/NoSuchFieldError done
Event: 2.713 loading class java/util/concurrent/locks/AbstractQueuedSynchronizer$ConditionObject
Event: 2.713 loading class java/util/concurrent/locks/Condition


Dynamic libraries:
0x00007ff745b00000 - 0x00007ff745b0e000 	c:\Users\HP\.vscode\extensions\redhat.java-1.25.0-win32-x64\jre\17.0.9-win32-x86_64\bin\java.exe
0x00007ff9aa410000 - 0x00007ff9aa604000 	C:\WINDOWS\SYSTEM32\ntdll.dll
0x00007ff9a8e50000 - 0x00007ff9a8f0d000 	C:\WINDOWS\System32\KERNEL32.DLL
0x00007ff9a7c50000 - 0x00007ff9a7f17000 	C:\WINDOWS\System32\KERNELBASE.dll
0x00007ff9a7b50000 - 0x00007ff9a7c50000 	C:\WINDOWS\System32\ucrtbase.dll
0x00007ff9906d0000 - 0x00007ff9906e7000 	c:\Users\HP\.vscode\extensions\redhat.java-1.25.0-win32-x64\jre\17.0.9-win32-x86_64\bin\jli.dll
0x00007ff9a8c80000 - 0x00007ff9a8e20000 	C:\WINDOWS\System32\USER32.dll
0x00007ff9a83a0000 - 0x00007ff9a83c2000 	C:\WINDOWS\System32\win32u.dll
0x00007ff9a8e20000 - 0x00007ff9a8e4a000 	C:\WINDOWS\System32\GDI32.dll
0x00007ff9a8290000 - 0x00007ff9a839a000 	C:\WINDOWS\System32\gdi32full.dll
0x00007ff9a83d0000 - 0x00007ff9a846d000 	C:\WINDOWS\System32\msvcp_win.dll
0x00007ff988a50000 - 0x00007ff988a6b000 	c:\Users\HP\.vscode\extensions\redhat.java-1.25.0-win32-x64\jre\17.0.9-win32-x86_64\bin\VCRUNTIME140.dll
0x00007ff98fa70000 - 0x00007ff98fd0a000 	C:\WINDOWS\WinSxS\amd64_microsoft.windows.common-controls_6595b64144ccf1df_6.0.19041.1_none_b555e41d4684ddec\COMCTL32.dll
0x00007ff9a9f20000 - 0x00007ff9a9fbe000 	C:\WINDOWS\System32\msvcrt.dll
0x00007ff9aa160000 - 0x00007ff9aa190000 	C:\WINDOWS\System32\IMM32.DLL
0x00007ff9a1aa0000 - 0x00007ff9a1aac000 	c:\Users\HP\.vscode\extensions\redhat.java-1.25.0-win32-x64\jre\17.0.9-win32-x86_64\bin\vcruntime140_1.dll
0x00007ff9797f0000 - 0x00007ff97987d000 	c:\Users\HP\.vscode\extensions\redhat.java-1.25.0-win32-x64\jre\17.0.9-win32-x86_64\bin\msvcp140.dll
0x00007ff978b80000 - 0x00007ff9797e1000 	c:\Users\HP\.vscode\extensions\redhat.java-1.25.0-win32-x64\jre\17.0.9-win32-x86_64\bin\server\jvm.dll
0x00007ff9a8f10000 - 0x00007ff9a8fba000 	C:\WINDOWS\System32\ADVAPI32.dll
0x00007ff9a9d10000 - 0x00007ff9a9dab000 	C:\WINDOWS\System32\sechost.dll
0x00007ff9a9fc0000 - 0x00007ff9aa0e3000 	C:\WINDOWS\System32\RPCRT4.dll
0x00007ff9a7160000 - 0x00007ff9a71ab000 	C:\WINDOWS\SYSTEM32\POWRPROF.dll
0x00007ff9a0ec0000 - 0x00007ff9a0ec9000 	C:\WINDOWS\SYSTEM32\WSOCK32.dll
0x00007ff9a8c10000 - 0x00007ff9a8c7b000 	C:\WINDOWS\System32\WS2_32.dll
0x00007ff99f890000 - 0x00007ff99f8b7000 	C:\WINDOWS\SYSTEM32\WINMM.dll
0x00007ff999bb0000 - 0x00007ff999bba000 	C:\WINDOWS\SYSTEM32\VERSION.dll
0x00007ff9a6fd0000 - 0x00007ff9a6fe2000 	C:\WINDOWS\SYSTEM32\UMPDC.dll
0x00007ff9a5ae0000 - 0x00007ff9a5af3000 	C:\WINDOWS\SYSTEM32\kernel.appcore.dll
0x00007ff99b3a0000 - 0x00007ff99b3aa000 	c:\Users\HP\.vscode\extensions\redhat.java-1.25.0-win32-x64\jre\17.0.9-win32-x86_64\bin\jimage.dll
0x00007ff998610000 - 0x00007ff9987f4000 	C:\WINDOWS\SYSTEM32\DBGHELP.DLL
0x00007ff999b80000 - 0x00007ff999bac000 	C:\WINDOWS\SYSTEM32\dbgcore.DLL
0x00007ff9a8030000 - 0x00007ff9a80af000 	C:\WINDOWS\System32\bcryptPrimitives.dll
0x00007ff99b310000 - 0x00007ff99b31e000 	c:\Users\HP\.vscode\extensions\redhat.java-1.25.0-win32-x64\jre\17.0.9-win32-x86_64\bin\instrument.dll
0x00007ff987d20000 - 0x00007ff987d45000 	c:\Users\HP\.vscode\extensions\redhat.java-1.25.0-win32-x64\jre\17.0.9-win32-x86_64\bin\java.dll
0x00007ff986d50000 - 0x00007ff986d68000 	c:\Users\HP\.vscode\extensions\redhat.java-1.25.0-win32-x64\jre\17.0.9-win32-x86_64\bin\zip.dll
0x00007ff9a84d0000 - 0x00007ff9a8c01000 	C:\WINDOWS\System32\SHELL32.dll
0x00007ff9a5ce0000 - 0x00007ff9a646a000 	C:\WINDOWS\SYSTEM32\windows.storage.dll
0x00007ff9a8fc0000 - 0x00007ff9a9314000 	C:\WINDOWS\System32\combase.dll
0x00007ff9a75d0000 - 0x00007ff9a75fb000 	C:\WINDOWS\SYSTEM32\Wldp.dll
0x00007ff9a9430000 - 0x00007ff9a94de000 	C:\WINDOWS\System32\SHCORE.dll
0x00007ff9a8470000 - 0x00007ff9a84c5000 	C:\WINDOWS\System32\shlwapi.dll
0x00007ff9a7a90000 - 0x00007ff9a7aaf000 	C:\WINDOWS\SYSTEM32\profapi.dll
0x00007ff97f670000 - 0x00007ff97f689000 	C:\Users\HP\.vscode\extensions\redhat.java-1.25.0-win32-x64\jre\17.0.9-win32-x86_64\bin\net.dll
0x00007ff99f2e0000 - 0x00007ff99f3e2000 	C:\WINDOWS\SYSTEM32\WINHTTP.dll
0x00007ff9a7350000 - 0x00007ff9a73ba000 	C:\WINDOWS\system32\mswsock.dll
0x00007ff97f610000 - 0x00007ff97f626000 	C:\Users\HP\.vscode\extensions\redhat.java-1.25.0-win32-x64\jre\17.0.9-win32-x86_64\bin\nio.dll
0x00007ff986a20000 - 0x00007ff986a30000 	c:\Users\HP\.vscode\extensions\redhat.java-1.25.0-win32-x64\jre\17.0.9-win32-x86_64\bin\verify.dll

dbghelp: loaded successfully - version: 4.0.5 - missing functions: none
symbol engine: initialized successfully - sym options: 0x614 - pdb path: .;c:\Users\HP\.vscode\extensions\redhat.java-1.25.0-win32-x64\jre\17.0.9-win32-x86_64\bin;C:\WINDOWS\SYSTEM32;C:\WINDOWS\WinSxS\amd64_microsoft.windows.common-controls_6595b64144ccf1df_6.0.19041.1_none_b555e41d4684ddec;c:\Users\HP\.vscode\extensions\redhat.java-1.25.0-win32-x64\jre\17.0.9-win32-x86_64\bin\server

VM Arguments:
jvm_args: --add-modules=ALL-SYSTEM --add-opens=java.base/java.util=ALL-UNNAMED --add-opens=java.base/java.lang=ALL-UNNAMED --add-opens=java.base/sun.nio.fs=ALL-UNNAMED -Declipse.application=org.eclipse.jdt.ls.core.id1 -Dosgi.bundles.defaultStartLevel=4 -Declipse.product=org.eclipse.jdt.ls.core.product -Djava.import.generatesMetadataFilesAtProjectRoot=false -DDetectVMInstallationsJob.disabled=true -Dfile.encoding=utf8 -XX:+UseParallelGC -XX:GCTimeRatio=4 -XX:AdaptiveSizePolicyWeight=90 -Dsun.zip.disableMemoryMapping=true -Xmx1G -Xms100m -Xlog:disable -javaagent:c:\Users\HP\.vscode\extensions\redhat.java-1.25.0-win32-x64\lombok\lombok-1.18.30.jar 
java_command: c:\Users\HP\.vscode\extensions\redhat.java-1.25.0-win32-x64\server\plugins\org.eclipse.equinox.launcher_1.6.600.v20231012-1237.jar -configuration c:\Users\HP\AppData\Roaming\Code\User\globalStorage\redhat.java\1.25.0\config_ss_win -data c:\Users\HP\AppData\Roaming\Code\User\workspaceStorage\7145003809ee5229b52fc69e90d06eaa\redhat.java\ss_ws --stdio
java_class_path (initial): c:\Users\HP\.vscode\extensions\redhat.java-1.25.0-win32-x64\server\plugins\org.eclipse.equinox.launcher_1.6.600.v20231012-1237.jar
Launcher Type: SUN_STANDARD

[Global flags]
    uintx AdaptiveSizePolicyWeight                 = 90                                        {product} {command line}
     intx CICompilerCount                          = 3                                         {product} {ergonomic}
    uintx GCTimeRatio                              = 4                                         {product} {command line}
   size_t InitialHeapSize                          = 104857600                                 {product} {command line}
   size_t MaxHeapSize                              = 1073741824                                {product} {command line}
   size_t MaxNewSize                               = 357564416                                 {product} {ergonomic}
   size_t MinHeapDeltaBytes                        = 524288                                    {product} {ergonomic}
   size_t MinHeapSize                              = 104857600                                 {product} {command line}
   size_t NewSize                                  = 34603008                                  {product} {ergonomic}
    uintx NonNMethodCodeHeapSize                   = 5832780                                {pd product} {ergonomic}
    uintx NonProfiledCodeHeapSize                  = 122912730                              {pd product} {ergonomic}
   size_t OldSize                                  = 70254592                                  {product} {ergonomic}
    uintx ProfiledCodeHeapSize                     = 122912730                              {pd product} {ergonomic}
    uintx ReservedCodeCacheSize                    = 251658240                              {pd product} {ergonomic}
     bool SegmentedCodeCache                       = true                                      {product} {ergonomic}
   size_t SoftMaxHeapSize                          = 1073741824                             {manageable} {ergonomic}
     bool UseCompressedClassPointers               = true                           {product lp64_product} {ergonomic}
     bool UseCompressedOops                        = true                           {product lp64_product} {ergonomic}
     bool UseLargePagesIndividualAllocation        = false                                  {pd product} {ergonomic}
     bool UseParallelGC                            = true                                      {product} {command line}

Logging:
Log output configuration:
 #0: stdout all=off uptime,level,tags
 #1: stderr all=off uptime,level,tags

Environment Variables:
JAVA_HOME=C:\Program Files\Java\jdk1.8.0_45
CLASSPATH=%CLASSPATH%;%JUNIT_HOME%\junit-4.13.2.jar;hamcrest-core-1.3.jar;;E:\kiemthunangcao\junit\junit-4.13.2.jar;hamcrest-core-1.3.jar;;E:\kiemthunangcao\junit\junit-4.13.2.jar;hamcrest-core-1.3.jar;
PATH=C:\ProgramData\Oracle\Java\javapath;C:\Program Files (x86)\Common Files\Oracle\Java\javapath;C:\WINDOWS\system32;C:\WINDOWS;C:\WINDOWS\System32\Wbem;C:\WINDOWS\System32\WindowsPowerShell\v1.0\;C:\Users\HP\Downloads\winlibs-x86_64-posix-seh-gcc-11.2.0-llvm-12.0.1-mingw-w64-9.0.0-r1\mingw64\bin;C:\WINDOWS\System32\OpenSSH\;C:\Program Files\Broadcom\Broadcom 802.11\Driver;C:\Program Files\Azure Data Studio\bin;C:\Program Files\Java\jdk1.8.0_45;C:\Program Files\Java\jdbc\sqljdbc42.jar;d:\Program Files(x86)\100\Tools\Binn\;d:\Program Files\100\Tools\Binn\;d:\Program Files\100\DTS\Binn\;C:\Program Files (x86)\Microsoft SQL Server\100\Tools\Binn\;C:\Program Files (x86)\Microsoft SQL Server\100\Tools\Binn\VSShell\Common7\IDE\;C:\Program Files (x86)\Microsoft SQL Server\100\DTS\Binn\;C:\Program Files (x86)\Microsoft SQL Server\110\Tools\Binn\;C:\Program Files (x86)\Microsoft SQL Server\110\DTS\Binn\;C:\Program Files\nodejs\;C:\Program Files (x86)\Microsoft SQL Server\160\Tools\Binn\;C:\Program Files\Microsoft SQL Server\160\Tools\Binn\;C:\Program Files\Microsoft SQL Server\Client SDK\ODBC\170\Tools\Binn\;C:\Program Files\Microsoft SQL Server\160\DTS\Binn\;C:\Program Files (x86)\Microsoft SQL Server\160\DTS\Binn\;C:\Program Files\Java\jdk1.8.0_45\bin;E:\vs\Git\cmd;C:\Users\HP\AppData\Local\Microsoft\WindowsApps;C:\Users\HP\Downloads\winlibs-x86_64-posix-seh-gcc-11.2.0-llvm-12.0.1-mingw-w64-9.0.0-r1\mingw64\bin;;C:\Program Files\Azure Data Studio\bin;E:\vs\Microsoft VS Code\bin;C:\Users\HP\AppData\Roaming\npm
USERNAME=HP
OS=Windows_NT
PROCESSOR_IDENTIFIER=Intel64 Family 6 Model 58 Stepping 9, GenuineIntel
TMP=C:\Users\HP\AppData\Local\Temp
TEMP=D:\



Periodic native trim disabled


---------------  S Y S T E M  ---------------

OS:
 Windows 10 , 64 bit Build 19041 (10.0.19041.1)
OS uptime: 0 days 1:11 hours

CPU: total 4 (initial active 4) (2 cores per cpu, 2 threads per core) family 6 model 58 stepping 9 microcode 0x21, cx8, cmov, fxsr, ht, mmx, sse, sse2, sse3, ssse3, sse4.1, sse4.2, popcnt, tsc, tscinvbit, avx, aes, erms, clmul, vzeroupper, clflush
Processor Information for all 4 processors :
  Max Mhz: 2401, Current Mhz: 2401, Mhz Limit: 2401

Memory: 4k page, system-wide physical 3959M (720M free)
TotalPageFile size 4137M (AvailPageFile size 24M)
current process WorkingSet (physical memory assigned to process): 71M, peak: 71M
current process commit charge ("private bytes"): 188M, peak: 188M

vm_info: OpenJDK 64-Bit Server VM (17.0.9+9) for windows-amd64 JRE (17.0.9+9), built on Oct 26 2023 14:01:42 by "admin" with MS VC++ 16.10 / 16.11 (VS2019)

END.
